ARM GAS  C:\Users\Rolando\AppData\Local\Temp\ccjl7QvS.s 			page 1


   1              		.syntax unified
   2              		.cpu cortex-m3
   3              		.fpu softvfp
   4              		.eabi_attribute 20, 1
   5              		.eabi_attribute 21, 1
   6              		.eabi_attribute 23, 3
   7              		.eabi_attribute 24, 1
   8              		.eabi_attribute 25, 1
   9              		.eabi_attribute 26, 1
  10              		.eabi_attribute 30, 6
  11              		.eabi_attribute 34, 1
  12              		.eabi_attribute 18, 4
  13              		.thumb
  14              		.file	"ADC_2_PM.c"
  15              		.text
  16              	.Ltext0:
  17              		.cfi_sections	.debug_frame
  18              		.bss
  19              		.align	2
  20              	ADC_2_backup:
  21 0000 00       		.space	1
  22 0001 000000   		.section	.text.ADC_2_SaveConfig,"ax",%progbits
  23              		.align	2
  24              		.global	ADC_2_SaveConfig
  25              		.thumb
  26              		.thumb_func
  27              		.type	ADC_2_SaveConfig, %function
  28              	ADC_2_SaveConfig:
  29              	.LFB0:
  30              		.file 1 ".\\Generated_Source\\PSoC5\\ADC_2_PM.c"
   1:.\Generated_Source\PSoC5/ADC_2_PM.c **** /*******************************************************************************
   2:.\Generated_Source\PSoC5/ADC_2_PM.c **** * File Name: ADC_2_PM.c
   3:.\Generated_Source\PSoC5/ADC_2_PM.c **** * Version 2.10
   4:.\Generated_Source\PSoC5/ADC_2_PM.c **** *
   5:.\Generated_Source\PSoC5/ADC_2_PM.c **** * Description:
   6:.\Generated_Source\PSoC5/ADC_2_PM.c **** *  This file provides Sleep/WakeUp APIs functionality.
   7:.\Generated_Source\PSoC5/ADC_2_PM.c **** *
   8:.\Generated_Source\PSoC5/ADC_2_PM.c **** * Note:
   9:.\Generated_Source\PSoC5/ADC_2_PM.c **** *
  10:.\Generated_Source\PSoC5/ADC_2_PM.c **** ********************************************************************************
  11:.\Generated_Source\PSoC5/ADC_2_PM.c **** * Copyright 2008-2013, Cypress Semiconductor Corporation.  All rights reserved.
  12:.\Generated_Source\PSoC5/ADC_2_PM.c **** * You may use this file only in accordance with the license, terms, conditions,
  13:.\Generated_Source\PSoC5/ADC_2_PM.c **** * disclaimers, and limitations in the end user license agreement accompanying
  14:.\Generated_Source\PSoC5/ADC_2_PM.c **** * the software package with which this file was provided.
  15:.\Generated_Source\PSoC5/ADC_2_PM.c **** *******************************************************************************/
  16:.\Generated_Source\PSoC5/ADC_2_PM.c **** 
  17:.\Generated_Source\PSoC5/ADC_2_PM.c **** #include "ADC_2.h"
  18:.\Generated_Source\PSoC5/ADC_2_PM.c **** 
  19:.\Generated_Source\PSoC5/ADC_2_PM.c **** 
  20:.\Generated_Source\PSoC5/ADC_2_PM.c **** /***************************************
  21:.\Generated_Source\PSoC5/ADC_2_PM.c **** * Local data allocation
  22:.\Generated_Source\PSoC5/ADC_2_PM.c **** ***************************************/
  23:.\Generated_Source\PSoC5/ADC_2_PM.c **** 
  24:.\Generated_Source\PSoC5/ADC_2_PM.c **** static ADC_2_BACKUP_STRUCT  ADC_2_backup =
  25:.\Generated_Source\PSoC5/ADC_2_PM.c **** {
  26:.\Generated_Source\PSoC5/ADC_2_PM.c ****     ADC_2_DISABLED
  27:.\Generated_Source\PSoC5/ADC_2_PM.c **** };
ARM GAS  C:\Users\Rolando\AppData\Local\Temp\ccjl7QvS.s 			page 2


  28:.\Generated_Source\PSoC5/ADC_2_PM.c **** 
  29:.\Generated_Source\PSoC5/ADC_2_PM.c **** 
  30:.\Generated_Source\PSoC5/ADC_2_PM.c **** /*******************************************************************************
  31:.\Generated_Source\PSoC5/ADC_2_PM.c **** * Function Name: ADC_2_SaveConfig
  32:.\Generated_Source\PSoC5/ADC_2_PM.c **** ********************************************************************************
  33:.\Generated_Source\PSoC5/ADC_2_PM.c **** *
  34:.\Generated_Source\PSoC5/ADC_2_PM.c **** * Summary:
  35:.\Generated_Source\PSoC5/ADC_2_PM.c **** *  Saves the current user configuration.
  36:.\Generated_Source\PSoC5/ADC_2_PM.c **** *
  37:.\Generated_Source\PSoC5/ADC_2_PM.c **** * Parameters:
  38:.\Generated_Source\PSoC5/ADC_2_PM.c **** *  None.
  39:.\Generated_Source\PSoC5/ADC_2_PM.c **** *
  40:.\Generated_Source\PSoC5/ADC_2_PM.c **** * Return:
  41:.\Generated_Source\PSoC5/ADC_2_PM.c **** *  None.
  42:.\Generated_Source\PSoC5/ADC_2_PM.c **** *
  43:.\Generated_Source\PSoC5/ADC_2_PM.c **** *******************************************************************************/
  44:.\Generated_Source\PSoC5/ADC_2_PM.c **** void ADC_2_SaveConfig(void)
  45:.\Generated_Source\PSoC5/ADC_2_PM.c **** {
  31              		.loc 1 45 0
  32              		.cfi_startproc
  33              		@ args = 0, pretend = 0, frame = 0
  34              		@ frame_needed = 1, uses_anonymous_args = 0
  35              		@ link register save eliminated.
  36 0000 80B4     		push	{r7}
  37              		.cfi_def_cfa_offset 4
  38              		.cfi_offset 7, -4
  39 0002 00AF     		add	r7, sp, #0
  40              		.cfi_def_cfa_register 7
  46:.\Generated_Source\PSoC5/ADC_2_PM.c ****     /* All configuration registers are marked as [reset_all_retention] */
  47:.\Generated_Source\PSoC5/ADC_2_PM.c **** }
  41              		.loc 1 47 0
  42 0004 BD46     		mov	sp, r7
  43              		.cfi_def_cfa_register 13
  44              		@ sp needed
  45 0006 5DF8047B 		ldr	r7, [sp], #4
  46              		.cfi_restore 7
  47              		.cfi_def_cfa_offset 0
  48 000a 7047     		bx	lr
  49              		.cfi_endproc
  50              	.LFE0:
  51              		.size	ADC_2_SaveConfig, .-ADC_2_SaveConfig
  52              		.section	.text.ADC_2_RestoreConfig,"ax",%progbits
  53              		.align	2
  54              		.global	ADC_2_RestoreConfig
  55              		.thumb
  56              		.thumb_func
  57              		.type	ADC_2_RestoreConfig, %function
  58              	ADC_2_RestoreConfig:
  59              	.LFB1:
  48:.\Generated_Source\PSoC5/ADC_2_PM.c **** 
  49:.\Generated_Source\PSoC5/ADC_2_PM.c **** 
  50:.\Generated_Source\PSoC5/ADC_2_PM.c **** /*******************************************************************************
  51:.\Generated_Source\PSoC5/ADC_2_PM.c **** * Function Name: ADC_2_RestoreConfig
  52:.\Generated_Source\PSoC5/ADC_2_PM.c **** ********************************************************************************
  53:.\Generated_Source\PSoC5/ADC_2_PM.c **** *
  54:.\Generated_Source\PSoC5/ADC_2_PM.c **** * Summary:
  55:.\Generated_Source\PSoC5/ADC_2_PM.c **** *  Restores the current user configuration.
ARM GAS  C:\Users\Rolando\AppData\Local\Temp\ccjl7QvS.s 			page 3


  56:.\Generated_Source\PSoC5/ADC_2_PM.c **** *
  57:.\Generated_Source\PSoC5/ADC_2_PM.c **** * Parameters:
  58:.\Generated_Source\PSoC5/ADC_2_PM.c **** *  None.
  59:.\Generated_Source\PSoC5/ADC_2_PM.c **** *
  60:.\Generated_Source\PSoC5/ADC_2_PM.c **** * Return:
  61:.\Generated_Source\PSoC5/ADC_2_PM.c **** *  None.
  62:.\Generated_Source\PSoC5/ADC_2_PM.c **** *
  63:.\Generated_Source\PSoC5/ADC_2_PM.c **** *******************************************************************************/
  64:.\Generated_Source\PSoC5/ADC_2_PM.c **** void ADC_2_RestoreConfig(void)
  65:.\Generated_Source\PSoC5/ADC_2_PM.c **** {
  60              		.loc 1 65 0
  61              		.cfi_startproc
  62              		@ args = 0, pretend = 0, frame = 0
  63              		@ frame_needed = 1, uses_anonymous_args = 0
  64              		@ link register save eliminated.
  65 0000 80B4     		push	{r7}
  66              		.cfi_def_cfa_offset 4
  67              		.cfi_offset 7, -4
  68 0002 00AF     		add	r7, sp, #0
  69              		.cfi_def_cfa_register 7
  66:.\Generated_Source\PSoC5/ADC_2_PM.c ****     /* All congiguration registers are marked as [reset_all_retention] */
  67:.\Generated_Source\PSoC5/ADC_2_PM.c **** }
  70              		.loc 1 67 0
  71 0004 BD46     		mov	sp, r7
  72              		.cfi_def_cfa_register 13
  73              		@ sp needed
  74 0006 5DF8047B 		ldr	r7, [sp], #4
  75              		.cfi_restore 7
  76              		.cfi_def_cfa_offset 0
  77 000a 7047     		bx	lr
  78              		.cfi_endproc
  79              	.LFE1:
  80              		.size	ADC_2_RestoreConfig, .-ADC_2_RestoreConfig
  81              		.section	.text.ADC_2_Sleep,"ax",%progbits
  82              		.align	2
  83              		.global	ADC_2_Sleep
  84              		.thumb
  85              		.thumb_func
  86              		.type	ADC_2_Sleep, %function
  87              	ADC_2_Sleep:
  88              	.LFB2:
  68:.\Generated_Source\PSoC5/ADC_2_PM.c **** 
  69:.\Generated_Source\PSoC5/ADC_2_PM.c **** 
  70:.\Generated_Source\PSoC5/ADC_2_PM.c **** /*******************************************************************************
  71:.\Generated_Source\PSoC5/ADC_2_PM.c **** * Function Name: ADC_2_Sleep
  72:.\Generated_Source\PSoC5/ADC_2_PM.c **** ********************************************************************************
  73:.\Generated_Source\PSoC5/ADC_2_PM.c **** *
  74:.\Generated_Source\PSoC5/ADC_2_PM.c **** * Summary:
  75:.\Generated_Source\PSoC5/ADC_2_PM.c **** *  This is the preferred routine to prepare the component for sleep.
  76:.\Generated_Source\PSoC5/ADC_2_PM.c **** *  The ADC_2_Sleep() routine saves the current component state,
  77:.\Generated_Source\PSoC5/ADC_2_PM.c **** *  then it calls the ADC_Stop() function.
  78:.\Generated_Source\PSoC5/ADC_2_PM.c **** *
  79:.\Generated_Source\PSoC5/ADC_2_PM.c **** * Parameters:
  80:.\Generated_Source\PSoC5/ADC_2_PM.c **** *  None.
  81:.\Generated_Source\PSoC5/ADC_2_PM.c **** *
  82:.\Generated_Source\PSoC5/ADC_2_PM.c **** * Return:
  83:.\Generated_Source\PSoC5/ADC_2_PM.c **** *  None.
ARM GAS  C:\Users\Rolando\AppData\Local\Temp\ccjl7QvS.s 			page 4


  84:.\Generated_Source\PSoC5/ADC_2_PM.c **** *
  85:.\Generated_Source\PSoC5/ADC_2_PM.c **** * Global Variables:
  86:.\Generated_Source\PSoC5/ADC_2_PM.c **** *  ADC_2_backup - modified.
  87:.\Generated_Source\PSoC5/ADC_2_PM.c **** *
  88:.\Generated_Source\PSoC5/ADC_2_PM.c **** *******************************************************************************/
  89:.\Generated_Source\PSoC5/ADC_2_PM.c **** void ADC_2_Sleep(void)
  90:.\Generated_Source\PSoC5/ADC_2_PM.c **** {
  89              		.loc 1 90 0
  90              		.cfi_startproc
  91              		@ args = 0, pretend = 0, frame = 0
  92              		@ frame_needed = 1, uses_anonymous_args = 0
  93 0000 80B5     		push	{r7, lr}
  94              		.cfi_def_cfa_offset 8
  95              		.cfi_offset 7, -8
  96              		.cfi_offset 14, -4
  97 0002 00AF     		add	r7, sp, #0
  98              		.cfi_def_cfa_register 7
  91:.\Generated_Source\PSoC5/ADC_2_PM.c ****     if((ADC_2_PWRMGR_SAR_REG  & ADC_2_ACT_PWR_SAR_EN) != 0u)
  99              		.loc 1 91 0
 100 0004 0D4B     		ldr	r3, .L8
 101 0006 1B78     		ldrb	r3, [r3]
 102 0008 DBB2     		uxtb	r3, r3
 103 000a 03F00103 		and	r3, r3, #1
 104 000e 002B     		cmp	r3, #0
 105 0010 10D0     		beq	.L4
  92:.\Generated_Source\PSoC5/ADC_2_PM.c ****     {
  93:.\Generated_Source\PSoC5/ADC_2_PM.c ****         if((ADC_2_SAR_CSR0_REG & ADC_2_SAR_SOF_START_CONV) != 0u)
 106              		.loc 1 93 0
 107 0012 0B4B     		ldr	r3, .L8+4
 108 0014 1B78     		ldrb	r3, [r3]
 109 0016 DBB2     		uxtb	r3, r3
 110 0018 03F00103 		and	r3, r3, #1
 111 001c 002B     		cmp	r3, #0
 112 001e 03D0     		beq	.L5
  94:.\Generated_Source\PSoC5/ADC_2_PM.c ****         {
  95:.\Generated_Source\PSoC5/ADC_2_PM.c ****             ADC_2_backup.enableState = ADC_2_ENABLED | ADC_2_STARTED;
 113              		.loc 1 95 0
 114 0020 084B     		ldr	r3, .L8+8
 115 0022 0322     		movs	r2, #3
 116 0024 1A70     		strb	r2, [r3]
 117 0026 02E0     		b	.L6
 118              	.L5:
  96:.\Generated_Source\PSoC5/ADC_2_PM.c ****         }
  97:.\Generated_Source\PSoC5/ADC_2_PM.c ****         else
  98:.\Generated_Source\PSoC5/ADC_2_PM.c ****         {
  99:.\Generated_Source\PSoC5/ADC_2_PM.c ****             ADC_2_backup.enableState = ADC_2_ENABLED;
 119              		.loc 1 99 0
 120 0028 064B     		ldr	r3, .L8+8
 121 002a 0122     		movs	r2, #1
 122 002c 1A70     		strb	r2, [r3]
 123              	.L6:
 100:.\Generated_Source\PSoC5/ADC_2_PM.c ****         }
 101:.\Generated_Source\PSoC5/ADC_2_PM.c ****         ADC_2_Stop();
 124              		.loc 1 101 0
 125 002e FFF7FEFF 		bl	ADC_2_Stop
 126 0032 02E0     		b	.L3
 127              	.L4:
ARM GAS  C:\Users\Rolando\AppData\Local\Temp\ccjl7QvS.s 			page 5


 102:.\Generated_Source\PSoC5/ADC_2_PM.c ****     }
 103:.\Generated_Source\PSoC5/ADC_2_PM.c ****     else
 104:.\Generated_Source\PSoC5/ADC_2_PM.c ****     {
 105:.\Generated_Source\PSoC5/ADC_2_PM.c ****         ADC_2_backup.enableState = ADC_2_DISABLED;
 128              		.loc 1 105 0
 129 0034 034B     		ldr	r3, .L8+8
 130 0036 0022     		movs	r2, #0
 131 0038 1A70     		strb	r2, [r3]
 132              	.L3:
 106:.\Generated_Source\PSoC5/ADC_2_PM.c ****     }
 107:.\Generated_Source\PSoC5/ADC_2_PM.c **** }
 133              		.loc 1 107 0
 134 003a 80BD     		pop	{r7, pc}
 135              	.L9:
 136              		.align	2
 137              	.L8:
 138 003c AB430040 		.word	1073759147
 139 0040 00590040 		.word	1073764608
 140 0044 00000000 		.word	ADC_2_backup
 141              		.cfi_endproc
 142              	.LFE2:
 143              		.size	ADC_2_Sleep, .-ADC_2_Sleep
 144              		.section	.text.ADC_2_Wakeup,"ax",%progbits
 145              		.align	2
 146              		.global	ADC_2_Wakeup
 147              		.thumb
 148              		.thumb_func
 149              		.type	ADC_2_Wakeup, %function
 150              	ADC_2_Wakeup:
 151              	.LFB3:
 108:.\Generated_Source\PSoC5/ADC_2_PM.c **** 
 109:.\Generated_Source\PSoC5/ADC_2_PM.c **** 
 110:.\Generated_Source\PSoC5/ADC_2_PM.c **** /*******************************************************************************
 111:.\Generated_Source\PSoC5/ADC_2_PM.c **** * Function Name: ADC_2_Wakeup
 112:.\Generated_Source\PSoC5/ADC_2_PM.c **** ********************************************************************************
 113:.\Generated_Source\PSoC5/ADC_2_PM.c **** *
 114:.\Generated_Source\PSoC5/ADC_2_PM.c **** * Summary:
 115:.\Generated_Source\PSoC5/ADC_2_PM.c **** *  This is the preferred routine to restore the component to the state when
 116:.\Generated_Source\PSoC5/ADC_2_PM.c **** *  ADC_2_Sleep() was called. If the component was enabled before the
 117:.\Generated_Source\PSoC5/ADC_2_PM.c **** *  ADC_2_Sleep() function was called, the
 118:.\Generated_Source\PSoC5/ADC_2_PM.c **** *  ADC_2_Wakeup() function also re-enables the component.
 119:.\Generated_Source\PSoC5/ADC_2_PM.c **** *
 120:.\Generated_Source\PSoC5/ADC_2_PM.c **** * Parameters:
 121:.\Generated_Source\PSoC5/ADC_2_PM.c **** *  None.
 122:.\Generated_Source\PSoC5/ADC_2_PM.c **** *
 123:.\Generated_Source\PSoC5/ADC_2_PM.c **** * Return:
 124:.\Generated_Source\PSoC5/ADC_2_PM.c **** *  None.
 125:.\Generated_Source\PSoC5/ADC_2_PM.c **** *
 126:.\Generated_Source\PSoC5/ADC_2_PM.c **** * Global Variables:
 127:.\Generated_Source\PSoC5/ADC_2_PM.c **** *  ADC_2_backup - used to check enabable state.
 128:.\Generated_Source\PSoC5/ADC_2_PM.c **** *
 129:.\Generated_Source\PSoC5/ADC_2_PM.c **** *******************************************************************************/
 130:.\Generated_Source\PSoC5/ADC_2_PM.c **** void ADC_2_Wakeup(void)
 131:.\Generated_Source\PSoC5/ADC_2_PM.c **** {
 152              		.loc 1 131 0
 153              		.cfi_startproc
 154              		@ args = 0, pretend = 0, frame = 0
ARM GAS  C:\Users\Rolando\AppData\Local\Temp\ccjl7QvS.s 			page 6


 155              		@ frame_needed = 1, uses_anonymous_args = 0
 156 0000 80B5     		push	{r7, lr}
 157              		.cfi_def_cfa_offset 8
 158              		.cfi_offset 7, -8
 159              		.cfi_offset 14, -4
 160 0002 00AF     		add	r7, sp, #0
 161              		.cfi_def_cfa_register 7
 132:.\Generated_Source\PSoC5/ADC_2_PM.c ****     if(ADC_2_backup.enableState != ADC_2_DISABLED)
 162              		.loc 1 132 0
 163 0004 074B     		ldr	r3, .L12
 164 0006 1B78     		ldrb	r3, [r3]	@ zero_extendqisi2
 165 0008 002B     		cmp	r3, #0
 166 000a 09D0     		beq	.L10
 133:.\Generated_Source\PSoC5/ADC_2_PM.c ****     {
 134:.\Generated_Source\PSoC5/ADC_2_PM.c ****         ADC_2_Enable();
 167              		.loc 1 134 0
 168 000c FFF7FEFF 		bl	ADC_2_Enable
 135:.\Generated_Source\PSoC5/ADC_2_PM.c ****         #if(ADC_2_DEFAULT_CONV_MODE != ADC_2__HARDWARE_TRIGGER)
 136:.\Generated_Source\PSoC5/ADC_2_PM.c ****             if((ADC_2_backup.enableState & ADC_2_STARTED) != 0u)
 169              		.loc 1 136 0
 170 0010 044B     		ldr	r3, .L12
 171 0012 1B78     		ldrb	r3, [r3]	@ zero_extendqisi2
 172 0014 03F00203 		and	r3, r3, #2
 173 0018 002B     		cmp	r3, #0
 174 001a 01D0     		beq	.L10
 137:.\Generated_Source\PSoC5/ADC_2_PM.c ****             {
 138:.\Generated_Source\PSoC5/ADC_2_PM.c ****                 ADC_2_StartConvert();
 175              		.loc 1 138 0
 176 001c FFF7FEFF 		bl	ADC_2_StartConvert
 177              	.L10:
 139:.\Generated_Source\PSoC5/ADC_2_PM.c ****             }
 140:.\Generated_Source\PSoC5/ADC_2_PM.c ****         #endif /* End ADC_2_DEFAULT_CONV_MODE != ADC_2__HARDWARE_TRIGGER */
 141:.\Generated_Source\PSoC5/ADC_2_PM.c ****     }
 142:.\Generated_Source\PSoC5/ADC_2_PM.c **** }
 178              		.loc 1 142 0
 179 0020 80BD     		pop	{r7, pc}
 180              	.L13:
 181 0022 00BF     		.align	2
 182              	.L12:
 183 0024 00000000 		.word	ADC_2_backup
 184              		.cfi_endproc
 185              	.LFE3:
 186              		.size	ADC_2_Wakeup, .-ADC_2_Wakeup
 187              		.text
 188              	.Letext0:
 189              		.file 2 ".\\Generated_Source\\PSoC5\\cytypes.h"
 190              		.file 3 ".\\Generated_Source\\PSoC5\\ADC_2.h"
 191              		.section	.debug_info,"",%progbits
 192              	.Ldebug_info0:
 193 0000 0D010000 		.4byte	0x10d
 194 0004 0400     		.2byte	0x4
 195 0006 00000000 		.4byte	.Ldebug_abbrev0
 196 000a 04       		.byte	0x4
 197 000b 01       		.uleb128 0x1
 198 000c 14000000 		.4byte	.LASF19
 199 0010 01       		.byte	0x1
 200 0011 36010000 		.4byte	.LASF20
ARM GAS  C:\Users\Rolando\AppData\Local\Temp\ccjl7QvS.s 			page 7


 201 0015 E0000000 		.4byte	.LASF21
 202 0019 00000000 		.4byte	.Ldebug_ranges0+0
 203 001d 00000000 		.4byte	0
 204 0021 00000000 		.4byte	.Ldebug_line0
 205 0025 02       		.uleb128 0x2
 206 0026 01       		.byte	0x1
 207 0027 06       		.byte	0x6
 208 0028 F4010000 		.4byte	.LASF0
 209 002c 02       		.uleb128 0x2
 210 002d 01       		.byte	0x1
 211 002e 08       		.byte	0x8
 212 002f A8000000 		.4byte	.LASF1
 213 0033 02       		.uleb128 0x2
 214 0034 02       		.byte	0x2
 215 0035 05       		.byte	0x5
 216 0036 BB010000 		.4byte	.LASF2
 217 003a 02       		.uleb128 0x2
 218 003b 02       		.byte	0x2
 219 003c 07       		.byte	0x7
 220 003d CD000000 		.4byte	.LASF3
 221 0041 02       		.uleb128 0x2
 222 0042 04       		.byte	0x4
 223 0043 05       		.byte	0x5
 224 0044 DF010000 		.4byte	.LASF4
 225 0048 02       		.uleb128 0x2
 226 0049 04       		.byte	0x4
 227 004a 07       		.byte	0x7
 228 004b BB000000 		.4byte	.LASF5
 229 004f 02       		.uleb128 0x2
 230 0050 08       		.byte	0x8
 231 0051 05       		.byte	0x5
 232 0052 9B010000 		.4byte	.LASF6
 233 0056 02       		.uleb128 0x2
 234 0057 08       		.byte	0x8
 235 0058 07       		.byte	0x7
 236 0059 67010000 		.4byte	.LASF7
 237 005d 03       		.uleb128 0x3
 238 005e 04       		.byte	0x4
 239 005f 05       		.byte	0x5
 240 0060 696E7400 		.ascii	"int\000"
 241 0064 02       		.uleb128 0x2
 242 0065 04       		.byte	0x4
 243 0066 07       		.byte	0x7
 244 0067 5A010000 		.4byte	.LASF8
 245 006b 04       		.uleb128 0x4
 246 006c C5010000 		.4byte	.LASF12
 247 0070 02       		.byte	0x2
 248 0071 5B       		.byte	0x5b
 249 0072 2C000000 		.4byte	0x2c
 250 0076 02       		.uleb128 0x2
 251 0077 04       		.byte	0x4
 252 0078 04       		.byte	0x4
 253 0079 A2000000 		.4byte	.LASF9
 254 007d 02       		.uleb128 0x2
 255 007e 08       		.byte	0x8
 256 007f 04       		.byte	0x4
 257 0080 2F010000 		.4byte	.LASF10
ARM GAS  C:\Users\Rolando\AppData\Local\Temp\ccjl7QvS.s 			page 8


 258 0084 02       		.uleb128 0x2
 259 0085 01       		.byte	0x1
 260 0086 08       		.byte	0x8
 261 0087 A9010000 		.4byte	.LASF11
 262 008b 04       		.uleb128 0x4
 263 008c B6000000 		.4byte	.LASF13
 264 0090 02       		.byte	0x2
 265 0091 F0       		.byte	0xf0
 266 0092 96000000 		.4byte	0x96
 267 0096 05       		.uleb128 0x5
 268 0097 6B000000 		.4byte	0x6b
 269 009b 06       		.uleb128 0x6
 270 009c 01       		.byte	0x1
 271 009d 03       		.byte	0x3
 272 009e 2A       		.byte	0x2a
 273 009f B0000000 		.4byte	0xb0
 274 00a3 07       		.uleb128 0x7
 275 00a4 E8010000 		.4byte	.LASF22
 276 00a8 03       		.byte	0x3
 277 00a9 2C       		.byte	0x2c
 278 00aa 6B000000 		.4byte	0x6b
 279 00ae 00       		.byte	0
 280 00af 00       		.byte	0
 281 00b0 04       		.uleb128 0x4
 282 00b1 CB010000 		.4byte	.LASF14
 283 00b5 03       		.byte	0x3
 284 00b6 2D       		.byte	0x2d
 285 00b7 9B000000 		.4byte	0x9b
 286 00bb 08       		.uleb128 0x8
 287 00bc 8A010000 		.4byte	.LASF15
 288 00c0 01       		.byte	0x1
 289 00c1 2C       		.byte	0x2c
 290 00c2 00000000 		.4byte	.LFB0
 291 00c6 0C000000 		.4byte	.LFE0-.LFB0
 292 00ca 01       		.uleb128 0x1
 293 00cb 9C       		.byte	0x9c
 294 00cc 08       		.uleb128 0x8
 295 00cd 00000000 		.4byte	.LASF16
 296 00d1 01       		.byte	0x1
 297 00d2 40       		.byte	0x40
 298 00d3 00000000 		.4byte	.LFB1
 299 00d7 0C000000 		.4byte	.LFE1-.LFB1
 300 00db 01       		.uleb128 0x1
 301 00dc 9C       		.byte	0x9c
 302 00dd 09       		.uleb128 0x9
 303 00de 7E010000 		.4byte	.LASF17
 304 00e2 01       		.byte	0x1
 305 00e3 59       		.byte	0x59
 306 00e4 00000000 		.4byte	.LFB2
 307 00e8 48000000 		.4byte	.LFE2-.LFB2
 308 00ec 01       		.uleb128 0x1
 309 00ed 9C       		.byte	0x9c
 310 00ee 09       		.uleb128 0x9
 311 00ef 00020000 		.4byte	.LASF18
 312 00f3 01       		.byte	0x1
 313 00f4 82       		.byte	0x82
 314 00f5 00000000 		.4byte	.LFB3
ARM GAS  C:\Users\Rolando\AppData\Local\Temp\ccjl7QvS.s 			page 9


 315 00f9 28000000 		.4byte	.LFE3-.LFB3
 316 00fd 01       		.uleb128 0x1
 317 00fe 9C       		.byte	0x9c
 318 00ff 0A       		.uleb128 0xa
 319 0100 AE010000 		.4byte	.LASF23
 320 0104 01       		.byte	0x1
 321 0105 18       		.byte	0x18
 322 0106 B0000000 		.4byte	0xb0
 323 010a 05       		.uleb128 0x5
 324 010b 03       		.byte	0x3
 325 010c 00000000 		.4byte	ADC_2_backup
 326 0110 00       		.byte	0
 327              		.section	.debug_abbrev,"",%progbits
 328              	.Ldebug_abbrev0:
 329 0000 01       		.uleb128 0x1
 330 0001 11       		.uleb128 0x11
 331 0002 01       		.byte	0x1
 332 0003 25       		.uleb128 0x25
 333 0004 0E       		.uleb128 0xe
 334 0005 13       		.uleb128 0x13
 335 0006 0B       		.uleb128 0xb
 336 0007 03       		.uleb128 0x3
 337 0008 0E       		.uleb128 0xe
 338 0009 1B       		.uleb128 0x1b
 339 000a 0E       		.uleb128 0xe
 340 000b 55       		.uleb128 0x55
 341 000c 17       		.uleb128 0x17
 342 000d 11       		.uleb128 0x11
 343 000e 01       		.uleb128 0x1
 344 000f 10       		.uleb128 0x10
 345 0010 17       		.uleb128 0x17
 346 0011 00       		.byte	0
 347 0012 00       		.byte	0
 348 0013 02       		.uleb128 0x2
 349 0014 24       		.uleb128 0x24
 350 0015 00       		.byte	0
 351 0016 0B       		.uleb128 0xb
 352 0017 0B       		.uleb128 0xb
 353 0018 3E       		.uleb128 0x3e
 354 0019 0B       		.uleb128 0xb
 355 001a 03       		.uleb128 0x3
 356 001b 0E       		.uleb128 0xe
 357 001c 00       		.byte	0
 358 001d 00       		.byte	0
 359 001e 03       		.uleb128 0x3
 360 001f 24       		.uleb128 0x24
 361 0020 00       		.byte	0
 362 0021 0B       		.uleb128 0xb
 363 0022 0B       		.uleb128 0xb
 364 0023 3E       		.uleb128 0x3e
 365 0024 0B       		.uleb128 0xb
 366 0025 03       		.uleb128 0x3
 367 0026 08       		.uleb128 0x8
 368 0027 00       		.byte	0
 369 0028 00       		.byte	0
 370 0029 04       		.uleb128 0x4
 371 002a 16       		.uleb128 0x16
ARM GAS  C:\Users\Rolando\AppData\Local\Temp\ccjl7QvS.s 			page 10


 372 002b 00       		.byte	0
 373 002c 03       		.uleb128 0x3
 374 002d 0E       		.uleb128 0xe
 375 002e 3A       		.uleb128 0x3a
 376 002f 0B       		.uleb128 0xb
 377 0030 3B       		.uleb128 0x3b
 378 0031 0B       		.uleb128 0xb
 379 0032 49       		.uleb128 0x49
 380 0033 13       		.uleb128 0x13
 381 0034 00       		.byte	0
 382 0035 00       		.byte	0
 383 0036 05       		.uleb128 0x5
 384 0037 35       		.uleb128 0x35
 385 0038 00       		.byte	0
 386 0039 49       		.uleb128 0x49
 387 003a 13       		.uleb128 0x13
 388 003b 00       		.byte	0
 389 003c 00       		.byte	0
 390 003d 06       		.uleb128 0x6
 391 003e 13       		.uleb128 0x13
 392 003f 01       		.byte	0x1
 393 0040 0B       		.uleb128 0xb
 394 0041 0B       		.uleb128 0xb
 395 0042 3A       		.uleb128 0x3a
 396 0043 0B       		.uleb128 0xb
 397 0044 3B       		.uleb128 0x3b
 398 0045 0B       		.uleb128 0xb
 399 0046 01       		.uleb128 0x1
 400 0047 13       		.uleb128 0x13
 401 0048 00       		.byte	0
 402 0049 00       		.byte	0
 403 004a 07       		.uleb128 0x7
 404 004b 0D       		.uleb128 0xd
 405 004c 00       		.byte	0
 406 004d 03       		.uleb128 0x3
 407 004e 0E       		.uleb128 0xe
 408 004f 3A       		.uleb128 0x3a
 409 0050 0B       		.uleb128 0xb
 410 0051 3B       		.uleb128 0x3b
 411 0052 0B       		.uleb128 0xb
 412 0053 49       		.uleb128 0x49
 413 0054 13       		.uleb128 0x13
 414 0055 38       		.uleb128 0x38
 415 0056 0B       		.uleb128 0xb
 416 0057 00       		.byte	0
 417 0058 00       		.byte	0
 418 0059 08       		.uleb128 0x8
 419 005a 2E       		.uleb128 0x2e
 420 005b 00       		.byte	0
 421 005c 3F       		.uleb128 0x3f
 422 005d 19       		.uleb128 0x19
 423 005e 03       		.uleb128 0x3
 424 005f 0E       		.uleb128 0xe
 425 0060 3A       		.uleb128 0x3a
 426 0061 0B       		.uleb128 0xb
 427 0062 3B       		.uleb128 0x3b
 428 0063 0B       		.uleb128 0xb
ARM GAS  C:\Users\Rolando\AppData\Local\Temp\ccjl7QvS.s 			page 11


 429 0064 27       		.uleb128 0x27
 430 0065 19       		.uleb128 0x19
 431 0066 11       		.uleb128 0x11
 432 0067 01       		.uleb128 0x1
 433 0068 12       		.uleb128 0x12
 434 0069 06       		.uleb128 0x6
 435 006a 40       		.uleb128 0x40
 436 006b 18       		.uleb128 0x18
 437 006c 9742     		.uleb128 0x2117
 438 006e 19       		.uleb128 0x19
 439 006f 00       		.byte	0
 440 0070 00       		.byte	0
 441 0071 09       		.uleb128 0x9
 442 0072 2E       		.uleb128 0x2e
 443 0073 00       		.byte	0
 444 0074 3F       		.uleb128 0x3f
 445 0075 19       		.uleb128 0x19
 446 0076 03       		.uleb128 0x3
 447 0077 0E       		.uleb128 0xe
 448 0078 3A       		.uleb128 0x3a
 449 0079 0B       		.uleb128 0xb
 450 007a 3B       		.uleb128 0x3b
 451 007b 0B       		.uleb128 0xb
 452 007c 27       		.uleb128 0x27
 453 007d 19       		.uleb128 0x19
 454 007e 11       		.uleb128 0x11
 455 007f 01       		.uleb128 0x1
 456 0080 12       		.uleb128 0x12
 457 0081 06       		.uleb128 0x6
 458 0082 40       		.uleb128 0x40
 459 0083 18       		.uleb128 0x18
 460 0084 9642     		.uleb128 0x2116
 461 0086 19       		.uleb128 0x19
 462 0087 00       		.byte	0
 463 0088 00       		.byte	0
 464 0089 0A       		.uleb128 0xa
 465 008a 34       		.uleb128 0x34
 466 008b 00       		.byte	0
 467 008c 03       		.uleb128 0x3
 468 008d 0E       		.uleb128 0xe
 469 008e 3A       		.uleb128 0x3a
 470 008f 0B       		.uleb128 0xb
 471 0090 3B       		.uleb128 0x3b
 472 0091 0B       		.uleb128 0xb
 473 0092 49       		.uleb128 0x49
 474 0093 13       		.uleb128 0x13
 475 0094 02       		.uleb128 0x2
 476 0095 18       		.uleb128 0x18
 477 0096 00       		.byte	0
 478 0097 00       		.byte	0
 479 0098 00       		.byte	0
 480              		.section	.debug_aranges,"",%progbits
 481 0000 34000000 		.4byte	0x34
 482 0004 0200     		.2byte	0x2
 483 0006 00000000 		.4byte	.Ldebug_info0
 484 000a 04       		.byte	0x4
 485 000b 00       		.byte	0
ARM GAS  C:\Users\Rolando\AppData\Local\Temp\ccjl7QvS.s 			page 12


 486 000c 0000     		.2byte	0
 487 000e 0000     		.2byte	0
 488 0010 00000000 		.4byte	.LFB0
 489 0014 0C000000 		.4byte	.LFE0-.LFB0
 490 0018 00000000 		.4byte	.LFB1
 491 001c 0C000000 		.4byte	.LFE1-.LFB1
 492 0020 00000000 		.4byte	.LFB2
 493 0024 48000000 		.4byte	.LFE2-.LFB2
 494 0028 00000000 		.4byte	.LFB3
 495 002c 28000000 		.4byte	.LFE3-.LFB3
 496 0030 00000000 		.4byte	0
 497 0034 00000000 		.4byte	0
 498              		.section	.debug_ranges,"",%progbits
 499              	.Ldebug_ranges0:
 500 0000 00000000 		.4byte	.LFB0
 501 0004 0C000000 		.4byte	.LFE0
 502 0008 00000000 		.4byte	.LFB1
 503 000c 0C000000 		.4byte	.LFE1
 504 0010 00000000 		.4byte	.LFB2
 505 0014 48000000 		.4byte	.LFE2
 506 0018 00000000 		.4byte	.LFB3
 507 001c 28000000 		.4byte	.LFE3
 508 0020 00000000 		.4byte	0
 509 0024 00000000 		.4byte	0
 510              		.section	.debug_line,"",%progbits
 511              	.Ldebug_line0:
 512 0000 A5000000 		.section	.debug_str,"MS",%progbits,1
 512      02005200 
 512      00000201 
 512      FB0E0D00 
 512      01010101 
 513              	.LASF16:
 514 0000 4144435F 		.ascii	"ADC_2_RestoreConfig\000"
 514      325F5265 
 514      73746F72 
 514      65436F6E 
 514      66696700 
 515              	.LASF19:
 516 0014 474E5520 		.ascii	"GNU C 4.9.3 20150303 (release) [ARM/embedded-4_9-br"
 516      4320342E 
 516      392E3320 
 516      32303135 
 516      30333033 
 517 0047 616E6368 		.ascii	"anch revision 221220] -mcpu=cortex-m3 -mthumb -g -O"
 517      20726576 
 517      6973696F 
 517      6E203232 
 517      31323230 
 518 007a 30202D66 		.ascii	"0 -ffunction-sections -ffat-lto-objects\000"
 518      66756E63 
 518      74696F6E 
 518      2D736563 
 518      74696F6E 
 519              	.LASF9:
 520 00a2 666C6F61 		.ascii	"float\000"
 520      7400
 521              	.LASF1:
ARM GAS  C:\Users\Rolando\AppData\Local\Temp\ccjl7QvS.s 			page 13


 522 00a8 756E7369 		.ascii	"unsigned char\000"
 522      676E6564 
 522      20636861 
 522      7200
 523              	.LASF13:
 524 00b6 72656738 		.ascii	"reg8\000"
 524      00
 525              	.LASF5:
 526 00bb 6C6F6E67 		.ascii	"long unsigned int\000"
 526      20756E73 
 526      69676E65 
 526      6420696E 
 526      7400
 527              	.LASF3:
 528 00cd 73686F72 		.ascii	"short unsigned int\000"
 528      7420756E 
 528      7369676E 
 528      65642069 
 528      6E7400
 529              	.LASF21:
 530 00e0 473A5C44 		.ascii	"G:\\Documentos\\PSoC Creator\\voltageDisplay_SAR_AD"
 530      6F63756D 
 530      656E746F 
 530      735C5053 
 530      6F432043 
 531 0110 435C566F 		.ascii	"C\\VoltageDisplay_SAR_ADC.cydsn\000"
 531      6C746167 
 531      65446973 
 531      706C6179 
 531      5F534152 
 532              	.LASF10:
 533 012f 646F7562 		.ascii	"double\000"
 533      6C6500
 534              	.LASF20:
 535 0136 2E5C4765 		.ascii	".\\Generated_Source\\PSoC5\\ADC_2_PM.c\000"
 535      6E657261 
 535      7465645F 
 535      536F7572 
 535      63655C50 
 536              	.LASF8:
 537 015a 756E7369 		.ascii	"unsigned int\000"
 537      676E6564 
 537      20696E74 
 537      00
 538              	.LASF7:
 539 0167 6C6F6E67 		.ascii	"long long unsigned int\000"
 539      206C6F6E 
 539      6720756E 
 539      7369676E 
 539      65642069 
 540              	.LASF17:
 541 017e 4144435F 		.ascii	"ADC_2_Sleep\000"
 541      325F536C 
 541      65657000 
 542              	.LASF15:
 543 018a 4144435F 		.ascii	"ADC_2_SaveConfig\000"
 543      325F5361 
ARM GAS  C:\Users\Rolando\AppData\Local\Temp\ccjl7QvS.s 			page 14


 543      7665436F 
 543      6E666967 
 543      00
 544              	.LASF6:
 545 019b 6C6F6E67 		.ascii	"long long int\000"
 545      206C6F6E 
 545      6720696E 
 545      7400
 546              	.LASF11:
 547 01a9 63686172 		.ascii	"char\000"
 547      00
 548              	.LASF23:
 549 01ae 4144435F 		.ascii	"ADC_2_backup\000"
 549      325F6261 
 549      636B7570 
 549      00
 550              	.LASF2:
 551 01bb 73686F72 		.ascii	"short int\000"
 551      7420696E 
 551      7400
 552              	.LASF12:
 553 01c5 75696E74 		.ascii	"uint8\000"
 553      3800
 554              	.LASF14:
 555 01cb 4144435F 		.ascii	"ADC_2_BACKUP_STRUCT\000"
 555      325F4241 
 555      434B5550 
 555      5F535452 
 555      55435400 
 556              	.LASF4:
 557 01df 6C6F6E67 		.ascii	"long int\000"
 557      20696E74 
 557      00
 558              	.LASF22:
 559 01e8 656E6162 		.ascii	"enableState\000"
 559      6C655374 
 559      61746500 
 560              	.LASF0:
 561 01f4 7369676E 		.ascii	"signed char\000"
 561      65642063 
 561      68617200 
 562              	.LASF18:
 563 0200 4144435F 		.ascii	"ADC_2_Wakeup\000"
 563      325F5761 
 563      6B657570 
 563      00
 564              		.ident	"GCC: (GNU Tools for ARM Embedded Processors) 4.9.3 20150303 (release) [ARM/embedded-4_9-br
