ARM GAS  C:\Users\Rolando\AppData\Local\Temp\cc0u731r.s 			page 1


   1              		.syntax unified
   2              		.cpu cortex-m3
   3              		.fpu softvfp
   4              		.eabi_attribute 20, 1
   5              		.eabi_attribute 21, 1
   6              		.eabi_attribute 23, 3
   7              		.eabi_attribute 24, 1
   8              		.eabi_attribute 25, 1
   9              		.eabi_attribute 26, 1
  10              		.eabi_attribute 30, 6
  11              		.eabi_attribute 34, 1
  12              		.eabi_attribute 18, 4
  13              		.thumb
  14              		.file	"Control_Reg_1_PM.c"
  15              		.text
  16              	.Ltext0:
  17              		.cfi_sections	.debug_frame
  18              		.bss
  19              		.align	2
  20              	Control_Reg_1_backup:
  21 0000 00       		.space	1
  22 0001 000000   		.section	.text.Control_Reg_1_SaveConfig,"ax",%progbits
  23              		.align	2
  24              		.global	Control_Reg_1_SaveConfig
  25              		.thumb
  26              		.thumb_func
  27              		.type	Control_Reg_1_SaveConfig, %function
  28              	Control_Reg_1_SaveConfig:
  29              	.LFB0:
  30              		.file 1 ".\\Generated_Source\\PSoC5\\Control_Reg_1_PM.c"
   1:.\Generated_Source\PSoC5/Control_Reg_1_PM.c **** /*******************************************************************************
   2:.\Generated_Source\PSoC5/Control_Reg_1_PM.c **** * File Name: Control_Reg_1_PM.c
   3:.\Generated_Source\PSoC5/Control_Reg_1_PM.c **** * Version 1.80
   4:.\Generated_Source\PSoC5/Control_Reg_1_PM.c **** *
   5:.\Generated_Source\PSoC5/Control_Reg_1_PM.c **** * Description:
   6:.\Generated_Source\PSoC5/Control_Reg_1_PM.c **** *  This file contains the setup, control, and status commands to support 
   7:.\Generated_Source\PSoC5/Control_Reg_1_PM.c **** *  the component operation in the low power mode. 
   8:.\Generated_Source\PSoC5/Control_Reg_1_PM.c **** *
   9:.\Generated_Source\PSoC5/Control_Reg_1_PM.c **** * Note:
  10:.\Generated_Source\PSoC5/Control_Reg_1_PM.c **** *
  11:.\Generated_Source\PSoC5/Control_Reg_1_PM.c **** ********************************************************************************
  12:.\Generated_Source\PSoC5/Control_Reg_1_PM.c **** * Copyright 2015, Cypress Semiconductor Corporation.  All rights reserved.
  13:.\Generated_Source\PSoC5/Control_Reg_1_PM.c **** * You may use this file only in accordance with the license, terms, conditions, 
  14:.\Generated_Source\PSoC5/Control_Reg_1_PM.c **** * disclaimers, and limitations in the end user license agreement accompanying 
  15:.\Generated_Source\PSoC5/Control_Reg_1_PM.c **** * the software package with which this file was provided.
  16:.\Generated_Source\PSoC5/Control_Reg_1_PM.c **** *******************************************************************************/
  17:.\Generated_Source\PSoC5/Control_Reg_1_PM.c **** 
  18:.\Generated_Source\PSoC5/Control_Reg_1_PM.c **** #include "Control_Reg_1.h"
  19:.\Generated_Source\PSoC5/Control_Reg_1_PM.c **** 
  20:.\Generated_Source\PSoC5/Control_Reg_1_PM.c **** /* Check for removal by optimization */
  21:.\Generated_Source\PSoC5/Control_Reg_1_PM.c **** #if !defined(Control_Reg_1_Sync_ctrl_reg__REMOVED)
  22:.\Generated_Source\PSoC5/Control_Reg_1_PM.c **** 
  23:.\Generated_Source\PSoC5/Control_Reg_1_PM.c **** static Control_Reg_1_BACKUP_STRUCT  Control_Reg_1_backup = {0u};
  24:.\Generated_Source\PSoC5/Control_Reg_1_PM.c **** 
  25:.\Generated_Source\PSoC5/Control_Reg_1_PM.c ****     
  26:.\Generated_Source\PSoC5/Control_Reg_1_PM.c **** /*******************************************************************************
  27:.\Generated_Source\PSoC5/Control_Reg_1_PM.c **** * Function Name: Control_Reg_1_SaveConfig
ARM GAS  C:\Users\Rolando\AppData\Local\Temp\cc0u731r.s 			page 2


  28:.\Generated_Source\PSoC5/Control_Reg_1_PM.c **** ********************************************************************************
  29:.\Generated_Source\PSoC5/Control_Reg_1_PM.c **** *
  30:.\Generated_Source\PSoC5/Control_Reg_1_PM.c **** * Summary:
  31:.\Generated_Source\PSoC5/Control_Reg_1_PM.c **** *  Saves the control register value.
  32:.\Generated_Source\PSoC5/Control_Reg_1_PM.c **** *
  33:.\Generated_Source\PSoC5/Control_Reg_1_PM.c **** * Parameters:
  34:.\Generated_Source\PSoC5/Control_Reg_1_PM.c **** *  None
  35:.\Generated_Source\PSoC5/Control_Reg_1_PM.c **** *
  36:.\Generated_Source\PSoC5/Control_Reg_1_PM.c **** * Return:
  37:.\Generated_Source\PSoC5/Control_Reg_1_PM.c **** *  None
  38:.\Generated_Source\PSoC5/Control_Reg_1_PM.c **** *
  39:.\Generated_Source\PSoC5/Control_Reg_1_PM.c **** *******************************************************************************/
  40:.\Generated_Source\PSoC5/Control_Reg_1_PM.c **** void Control_Reg_1_SaveConfig(void) 
  41:.\Generated_Source\PSoC5/Control_Reg_1_PM.c **** {
  31              		.loc 1 41 0
  32              		.cfi_startproc
  33              		@ args = 0, pretend = 0, frame = 0
  34              		@ frame_needed = 1, uses_anonymous_args = 0
  35              		@ link register save eliminated.
  36 0000 80B4     		push	{r7}
  37              		.cfi_def_cfa_offset 4
  38              		.cfi_offset 7, -4
  39 0002 00AF     		add	r7, sp, #0
  40              		.cfi_def_cfa_register 7
  42:.\Generated_Source\PSoC5/Control_Reg_1_PM.c ****     Control_Reg_1_backup.controlState = Control_Reg_1_Control;
  41              		.loc 1 42 0
  42 0004 044B     		ldr	r3, .L2
  43 0006 1B78     		ldrb	r3, [r3]
  44 0008 DAB2     		uxtb	r2, r3
  45 000a 044B     		ldr	r3, .L2+4
  46 000c 1A70     		strb	r2, [r3]
  43:.\Generated_Source\PSoC5/Control_Reg_1_PM.c **** }
  47              		.loc 1 43 0
  48 000e BD46     		mov	sp, r7
  49              		.cfi_def_cfa_register 13
  50              		@ sp needed
  51 0010 5DF8047B 		ldr	r7, [sp], #4
  52              		.cfi_restore 7
  53              		.cfi_def_cfa_offset 0
  54 0014 7047     		bx	lr
  55              	.L3:
  56 0016 00BF     		.align	2
  57              	.L2:
  58 0018 7B640040 		.word	1073767547
  59 001c 00000000 		.word	Control_Reg_1_backup
  60              		.cfi_endproc
  61              	.LFE0:
  62              		.size	Control_Reg_1_SaveConfig, .-Control_Reg_1_SaveConfig
  63              		.section	.text.Control_Reg_1_RestoreConfig,"ax",%progbits
  64              		.align	2
  65              		.global	Control_Reg_1_RestoreConfig
  66              		.thumb
  67              		.thumb_func
  68              		.type	Control_Reg_1_RestoreConfig, %function
  69              	Control_Reg_1_RestoreConfig:
  70              	.LFB1:
  44:.\Generated_Source\PSoC5/Control_Reg_1_PM.c **** 
ARM GAS  C:\Users\Rolando\AppData\Local\Temp\cc0u731r.s 			page 3


  45:.\Generated_Source\PSoC5/Control_Reg_1_PM.c **** 
  46:.\Generated_Source\PSoC5/Control_Reg_1_PM.c **** /*******************************************************************************
  47:.\Generated_Source\PSoC5/Control_Reg_1_PM.c **** * Function Name: Control_Reg_1_RestoreConfig
  48:.\Generated_Source\PSoC5/Control_Reg_1_PM.c **** ********************************************************************************
  49:.\Generated_Source\PSoC5/Control_Reg_1_PM.c **** *
  50:.\Generated_Source\PSoC5/Control_Reg_1_PM.c **** * Summary:
  51:.\Generated_Source\PSoC5/Control_Reg_1_PM.c **** *  Restores the control register value.
  52:.\Generated_Source\PSoC5/Control_Reg_1_PM.c **** *
  53:.\Generated_Source\PSoC5/Control_Reg_1_PM.c **** * Parameters:
  54:.\Generated_Source\PSoC5/Control_Reg_1_PM.c **** *  None
  55:.\Generated_Source\PSoC5/Control_Reg_1_PM.c **** *
  56:.\Generated_Source\PSoC5/Control_Reg_1_PM.c **** * Return:
  57:.\Generated_Source\PSoC5/Control_Reg_1_PM.c **** *  None
  58:.\Generated_Source\PSoC5/Control_Reg_1_PM.c **** *
  59:.\Generated_Source\PSoC5/Control_Reg_1_PM.c **** *
  60:.\Generated_Source\PSoC5/Control_Reg_1_PM.c **** *******************************************************************************/
  61:.\Generated_Source\PSoC5/Control_Reg_1_PM.c **** void Control_Reg_1_RestoreConfig(void) 
  62:.\Generated_Source\PSoC5/Control_Reg_1_PM.c **** {
  71              		.loc 1 62 0
  72              		.cfi_startproc
  73              		@ args = 0, pretend = 0, frame = 0
  74              		@ frame_needed = 1, uses_anonymous_args = 0
  75              		@ link register save eliminated.
  76 0000 80B4     		push	{r7}
  77              		.cfi_def_cfa_offset 4
  78              		.cfi_offset 7, -4
  79 0002 00AF     		add	r7, sp, #0
  80              		.cfi_def_cfa_register 7
  63:.\Generated_Source\PSoC5/Control_Reg_1_PM.c ****      Control_Reg_1_Control = Control_Reg_1_backup.controlState;
  81              		.loc 1 63 0
  82 0004 034B     		ldr	r3, .L5
  83 0006 044A     		ldr	r2, .L5+4
  84 0008 1278     		ldrb	r2, [r2]	@ zero_extendqisi2
  85 000a 1A70     		strb	r2, [r3]
  64:.\Generated_Source\PSoC5/Control_Reg_1_PM.c **** }
  86              		.loc 1 64 0
  87 000c BD46     		mov	sp, r7
  88              		.cfi_def_cfa_register 13
  89              		@ sp needed
  90 000e 5DF8047B 		ldr	r7, [sp], #4
  91              		.cfi_restore 7
  92              		.cfi_def_cfa_offset 0
  93 0012 7047     		bx	lr
  94              	.L6:
  95              		.align	2
  96              	.L5:
  97 0014 7B640040 		.word	1073767547
  98 0018 00000000 		.word	Control_Reg_1_backup
  99              		.cfi_endproc
 100              	.LFE1:
 101              		.size	Control_Reg_1_RestoreConfig, .-Control_Reg_1_RestoreConfig
 102              		.section	.text.Control_Reg_1_Sleep,"ax",%progbits
 103              		.align	2
 104              		.global	Control_Reg_1_Sleep
 105              		.thumb
 106              		.thumb_func
 107              		.type	Control_Reg_1_Sleep, %function
ARM GAS  C:\Users\Rolando\AppData\Local\Temp\cc0u731r.s 			page 4


 108              	Control_Reg_1_Sleep:
 109              	.LFB2:
  65:.\Generated_Source\PSoC5/Control_Reg_1_PM.c **** 
  66:.\Generated_Source\PSoC5/Control_Reg_1_PM.c **** 
  67:.\Generated_Source\PSoC5/Control_Reg_1_PM.c **** /*******************************************************************************
  68:.\Generated_Source\PSoC5/Control_Reg_1_PM.c **** * Function Name: Control_Reg_1_Sleep
  69:.\Generated_Source\PSoC5/Control_Reg_1_PM.c **** ********************************************************************************
  70:.\Generated_Source\PSoC5/Control_Reg_1_PM.c **** *
  71:.\Generated_Source\PSoC5/Control_Reg_1_PM.c **** * Summary:
  72:.\Generated_Source\PSoC5/Control_Reg_1_PM.c **** *  Prepares the component for entering the low power mode.
  73:.\Generated_Source\PSoC5/Control_Reg_1_PM.c **** *
  74:.\Generated_Source\PSoC5/Control_Reg_1_PM.c **** * Parameters:
  75:.\Generated_Source\PSoC5/Control_Reg_1_PM.c **** *  None
  76:.\Generated_Source\PSoC5/Control_Reg_1_PM.c **** *
  77:.\Generated_Source\PSoC5/Control_Reg_1_PM.c **** * Return:
  78:.\Generated_Source\PSoC5/Control_Reg_1_PM.c **** *  None
  79:.\Generated_Source\PSoC5/Control_Reg_1_PM.c **** *
  80:.\Generated_Source\PSoC5/Control_Reg_1_PM.c **** *******************************************************************************/
  81:.\Generated_Source\PSoC5/Control_Reg_1_PM.c **** void Control_Reg_1_Sleep(void) 
  82:.\Generated_Source\PSoC5/Control_Reg_1_PM.c **** {
 110              		.loc 1 82 0
 111              		.cfi_startproc
 112              		@ args = 0, pretend = 0, frame = 0
 113              		@ frame_needed = 1, uses_anonymous_args = 0
 114 0000 80B5     		push	{r7, lr}
 115              		.cfi_def_cfa_offset 8
 116              		.cfi_offset 7, -8
 117              		.cfi_offset 14, -4
 118 0002 00AF     		add	r7, sp, #0
 119              		.cfi_def_cfa_register 7
  83:.\Generated_Source\PSoC5/Control_Reg_1_PM.c ****     Control_Reg_1_SaveConfig();
 120              		.loc 1 83 0
 121 0004 FFF7FEFF 		bl	Control_Reg_1_SaveConfig
  84:.\Generated_Source\PSoC5/Control_Reg_1_PM.c **** }
 122              		.loc 1 84 0
 123 0008 80BD     		pop	{r7, pc}
 124              		.cfi_endproc
 125              	.LFE2:
 126              		.size	Control_Reg_1_Sleep, .-Control_Reg_1_Sleep
 127 000a 00BF     		.section	.text.Control_Reg_1_Wakeup,"ax",%progbits
 128              		.align	2
 129              		.global	Control_Reg_1_Wakeup
 130              		.thumb
 131              		.thumb_func
 132              		.type	Control_Reg_1_Wakeup, %function
 133              	Control_Reg_1_Wakeup:
 134              	.LFB3:
  85:.\Generated_Source\PSoC5/Control_Reg_1_PM.c **** 
  86:.\Generated_Source\PSoC5/Control_Reg_1_PM.c **** 
  87:.\Generated_Source\PSoC5/Control_Reg_1_PM.c **** /*******************************************************************************
  88:.\Generated_Source\PSoC5/Control_Reg_1_PM.c **** * Function Name: Control_Reg_1_Wakeup
  89:.\Generated_Source\PSoC5/Control_Reg_1_PM.c **** ********************************************************************************
  90:.\Generated_Source\PSoC5/Control_Reg_1_PM.c **** *
  91:.\Generated_Source\PSoC5/Control_Reg_1_PM.c **** * Summary:
  92:.\Generated_Source\PSoC5/Control_Reg_1_PM.c **** *  Restores the component after waking up from the low power mode.
  93:.\Generated_Source\PSoC5/Control_Reg_1_PM.c **** *
  94:.\Generated_Source\PSoC5/Control_Reg_1_PM.c **** * Parameters:
ARM GAS  C:\Users\Rolando\AppData\Local\Temp\cc0u731r.s 			page 5


  95:.\Generated_Source\PSoC5/Control_Reg_1_PM.c **** *  None
  96:.\Generated_Source\PSoC5/Control_Reg_1_PM.c **** *
  97:.\Generated_Source\PSoC5/Control_Reg_1_PM.c **** * Return:
  98:.\Generated_Source\PSoC5/Control_Reg_1_PM.c **** *  None
  99:.\Generated_Source\PSoC5/Control_Reg_1_PM.c **** *
 100:.\Generated_Source\PSoC5/Control_Reg_1_PM.c **** *******************************************************************************/
 101:.\Generated_Source\PSoC5/Control_Reg_1_PM.c **** void Control_Reg_1_Wakeup(void)  
 102:.\Generated_Source\PSoC5/Control_Reg_1_PM.c **** {
 135              		.loc 1 102 0
 136              		.cfi_startproc
 137              		@ args = 0, pretend = 0, frame = 0
 138              		@ frame_needed = 1, uses_anonymous_args = 0
 139 0000 80B5     		push	{r7, lr}
 140              		.cfi_def_cfa_offset 8
 141              		.cfi_offset 7, -8
 142              		.cfi_offset 14, -4
 143 0002 00AF     		add	r7, sp, #0
 144              		.cfi_def_cfa_register 7
 103:.\Generated_Source\PSoC5/Control_Reg_1_PM.c ****     Control_Reg_1_RestoreConfig();
 145              		.loc 1 103 0
 146 0004 FFF7FEFF 		bl	Control_Reg_1_RestoreConfig
 104:.\Generated_Source\PSoC5/Control_Reg_1_PM.c **** }
 147              		.loc 1 104 0
 148 0008 80BD     		pop	{r7, pc}
 149              		.cfi_endproc
 150              	.LFE3:
 151              		.size	Control_Reg_1_Wakeup, .-Control_Reg_1_Wakeup
 152 000a 00BF     		.text
 153              	.Letext0:
 154              		.file 2 ".\\Generated_Source\\PSoC5\\cytypes.h"
 155              		.file 3 ".\\Generated_Source\\PSoC5\\Control_Reg_1.h"
 156              		.section	.debug_info,"",%progbits
 157              	.Ldebug_info0:
 158 0000 0D010000 		.4byte	0x10d
 159 0004 0400     		.2byte	0x4
 160 0006 00000000 		.4byte	.Ldebug_abbrev0
 161 000a 04       		.byte	0x4
 162 000b 01       		.uleb128 0x1
 163 000c 73000000 		.4byte	.LASF19
 164 0010 01       		.byte	0x1
 165 0011 A2010000 		.4byte	.LASF20
 166 0015 3F010000 		.4byte	.LASF21
 167 0019 00000000 		.4byte	.Ldebug_ranges0+0
 168 001d 00000000 		.4byte	0
 169 0021 00000000 		.4byte	.Ldebug_line0
 170 0025 02       		.uleb128 0x2
 171 0026 01       		.byte	0x1
 172 0027 06       		.byte	0x6
 173 0028 3A020000 		.4byte	.LASF0
 174 002c 02       		.uleb128 0x2
 175 002d 01       		.byte	0x1
 176 002e 08       		.byte	0x8
 177 002f 07010000 		.4byte	.LASF1
 178 0033 02       		.uleb128 0x2
 179 0034 02       		.byte	0x2
 180 0035 05       		.byte	0x5
 181 0036 05020000 		.4byte	.LASF2
ARM GAS  C:\Users\Rolando\AppData\Local\Temp\cc0u731r.s 			page 6


 182 003a 02       		.uleb128 0x2
 183 003b 02       		.byte	0x2
 184 003c 07       		.byte	0x7
 185 003d 2C010000 		.4byte	.LASF3
 186 0041 02       		.uleb128 0x2
 187 0042 04       		.byte	0x4
 188 0043 05       		.byte	0x5
 189 0044 31020000 		.4byte	.LASF4
 190 0048 02       		.uleb128 0x2
 191 0049 04       		.byte	0x4
 192 004a 07       		.byte	0x7
 193 004b 1A010000 		.4byte	.LASF5
 194 004f 02       		.uleb128 0x2
 195 0050 08       		.byte	0x8
 196 0051 05       		.byte	0x5
 197 0052 F2010000 		.4byte	.LASF6
 198 0056 02       		.uleb128 0x2
 199 0057 08       		.byte	0x8
 200 0058 07       		.byte	0x7
 201 0059 DB010000 		.4byte	.LASF7
 202 005d 03       		.uleb128 0x3
 203 005e 04       		.byte	0x4
 204 005f 05       		.byte	0x5
 205 0060 696E7400 		.ascii	"int\000"
 206 0064 02       		.uleb128 0x2
 207 0065 04       		.byte	0x4
 208 0066 07       		.byte	0x7
 209 0067 CE010000 		.4byte	.LASF8
 210 006b 04       		.uleb128 0x4
 211 006c 0F020000 		.4byte	.LASF12
 212 0070 02       		.byte	0x2
 213 0071 5B       		.byte	0x5b
 214 0072 2C000000 		.4byte	0x2c
 215 0076 02       		.uleb128 0x2
 216 0077 04       		.byte	0x4
 217 0078 04       		.byte	0x4
 218 0079 01010000 		.4byte	.LASF9
 219 007d 02       		.uleb128 0x2
 220 007e 08       		.byte	0x8
 221 007f 04       		.byte	0x4
 222 0080 9B010000 		.4byte	.LASF10
 223 0084 02       		.uleb128 0x2
 224 0085 01       		.byte	0x1
 225 0086 08       		.byte	0x8
 226 0087 00020000 		.4byte	.LASF11
 227 008b 04       		.uleb128 0x4
 228 008c 15010000 		.4byte	.LASF13
 229 0090 02       		.byte	0x2
 230 0091 F0       		.byte	0xf0
 231 0092 96000000 		.4byte	0x96
 232 0096 05       		.uleb128 0x5
 233 0097 6B000000 		.4byte	0x6b
 234 009b 06       		.uleb128 0x6
 235 009c 01       		.byte	0x1
 236 009d 03       		.byte	0x3
 237 009e 1C       		.byte	0x1c
 238 009f B0000000 		.4byte	0xb0
ARM GAS  C:\Users\Rolando\AppData\Local\Temp\cc0u731r.s 			page 7


 239 00a3 07       		.uleb128 0x7
 240 00a4 8E010000 		.4byte	.LASF22
 241 00a8 03       		.byte	0x3
 242 00a9 1E       		.byte	0x1e
 243 00aa 6B000000 		.4byte	0x6b
 244 00ae 00       		.byte	0
 245 00af 00       		.byte	0
 246 00b0 04       		.uleb128 0x4
 247 00b1 15020000 		.4byte	.LASF14
 248 00b5 03       		.byte	0x3
 249 00b6 20       		.byte	0x20
 250 00b7 9B000000 		.4byte	0x9b
 251 00bb 08       		.uleb128 0x8
 252 00bc 46000000 		.4byte	.LASF15
 253 00c0 01       		.byte	0x1
 254 00c1 28       		.byte	0x28
 255 00c2 00000000 		.4byte	.LFB0
 256 00c6 20000000 		.4byte	.LFE0-.LFB0
 257 00ca 01       		.uleb128 0x1
 258 00cb 9C       		.byte	0x9c
 259 00cc 08       		.uleb128 0x8
 260 00cd 15000000 		.4byte	.LASF16
 261 00d1 01       		.byte	0x1
 262 00d2 3D       		.byte	0x3d
 263 00d3 00000000 		.4byte	.LFB1
 264 00d7 1C000000 		.4byte	.LFE1-.LFB1
 265 00db 01       		.uleb128 0x1
 266 00dc 9C       		.byte	0x9c
 267 00dd 09       		.uleb128 0x9
 268 00de 5F000000 		.4byte	.LASF17
 269 00e2 01       		.byte	0x1
 270 00e3 51       		.byte	0x51
 271 00e4 00000000 		.4byte	.LFB2
 272 00e8 0A000000 		.4byte	.LFE2-.LFB2
 273 00ec 01       		.uleb128 0x1
 274 00ed 9C       		.byte	0x9c
 275 00ee 09       		.uleb128 0x9
 276 00ef 31000000 		.4byte	.LASF18
 277 00f3 01       		.byte	0x1
 278 00f4 65       		.byte	0x65
 279 00f5 00000000 		.4byte	.LFB3
 280 00f9 0A000000 		.4byte	.LFE3-.LFB3
 281 00fd 01       		.uleb128 0x1
 282 00fe 9C       		.byte	0x9c
 283 00ff 0A       		.uleb128 0xa
 284 0100 00000000 		.4byte	.LASF23
 285 0104 01       		.byte	0x1
 286 0105 17       		.byte	0x17
 287 0106 B0000000 		.4byte	0xb0
 288 010a 05       		.uleb128 0x5
 289 010b 03       		.byte	0x3
 290 010c 00000000 		.4byte	Control_Reg_1_backup
 291 0110 00       		.byte	0
 292              		.section	.debug_abbrev,"",%progbits
 293              	.Ldebug_abbrev0:
 294 0000 01       		.uleb128 0x1
 295 0001 11       		.uleb128 0x11
ARM GAS  C:\Users\Rolando\AppData\Local\Temp\cc0u731r.s 			page 8


 296 0002 01       		.byte	0x1
 297 0003 25       		.uleb128 0x25
 298 0004 0E       		.uleb128 0xe
 299 0005 13       		.uleb128 0x13
 300 0006 0B       		.uleb128 0xb
 301 0007 03       		.uleb128 0x3
 302 0008 0E       		.uleb128 0xe
 303 0009 1B       		.uleb128 0x1b
 304 000a 0E       		.uleb128 0xe
 305 000b 55       		.uleb128 0x55
 306 000c 17       		.uleb128 0x17
 307 000d 11       		.uleb128 0x11
 308 000e 01       		.uleb128 0x1
 309 000f 10       		.uleb128 0x10
 310 0010 17       		.uleb128 0x17
 311 0011 00       		.byte	0
 312 0012 00       		.byte	0
 313 0013 02       		.uleb128 0x2
 314 0014 24       		.uleb128 0x24
 315 0015 00       		.byte	0
 316 0016 0B       		.uleb128 0xb
 317 0017 0B       		.uleb128 0xb
 318 0018 3E       		.uleb128 0x3e
 319 0019 0B       		.uleb128 0xb
 320 001a 03       		.uleb128 0x3
 321 001b 0E       		.uleb128 0xe
 322 001c 00       		.byte	0
 323 001d 00       		.byte	0
 324 001e 03       		.uleb128 0x3
 325 001f 24       		.uleb128 0x24
 326 0020 00       		.byte	0
 327 0021 0B       		.uleb128 0xb
 328 0022 0B       		.uleb128 0xb
 329 0023 3E       		.uleb128 0x3e
 330 0024 0B       		.uleb128 0xb
 331 0025 03       		.uleb128 0x3
 332 0026 08       		.uleb128 0x8
 333 0027 00       		.byte	0
 334 0028 00       		.byte	0
 335 0029 04       		.uleb128 0x4
 336 002a 16       		.uleb128 0x16
 337 002b 00       		.byte	0
 338 002c 03       		.uleb128 0x3
 339 002d 0E       		.uleb128 0xe
 340 002e 3A       		.uleb128 0x3a
 341 002f 0B       		.uleb128 0xb
 342 0030 3B       		.uleb128 0x3b
 343 0031 0B       		.uleb128 0xb
 344 0032 49       		.uleb128 0x49
 345 0033 13       		.uleb128 0x13
 346 0034 00       		.byte	0
 347 0035 00       		.byte	0
 348 0036 05       		.uleb128 0x5
 349 0037 35       		.uleb128 0x35
 350 0038 00       		.byte	0
 351 0039 49       		.uleb128 0x49
 352 003a 13       		.uleb128 0x13
ARM GAS  C:\Users\Rolando\AppData\Local\Temp\cc0u731r.s 			page 9


 353 003b 00       		.byte	0
 354 003c 00       		.byte	0
 355 003d 06       		.uleb128 0x6
 356 003e 13       		.uleb128 0x13
 357 003f 01       		.byte	0x1
 358 0040 0B       		.uleb128 0xb
 359 0041 0B       		.uleb128 0xb
 360 0042 3A       		.uleb128 0x3a
 361 0043 0B       		.uleb128 0xb
 362 0044 3B       		.uleb128 0x3b
 363 0045 0B       		.uleb128 0xb
 364 0046 01       		.uleb128 0x1
 365 0047 13       		.uleb128 0x13
 366 0048 00       		.byte	0
 367 0049 00       		.byte	0
 368 004a 07       		.uleb128 0x7
 369 004b 0D       		.uleb128 0xd
 370 004c 00       		.byte	0
 371 004d 03       		.uleb128 0x3
 372 004e 0E       		.uleb128 0xe
 373 004f 3A       		.uleb128 0x3a
 374 0050 0B       		.uleb128 0xb
 375 0051 3B       		.uleb128 0x3b
 376 0052 0B       		.uleb128 0xb
 377 0053 49       		.uleb128 0x49
 378 0054 13       		.uleb128 0x13
 379 0055 38       		.uleb128 0x38
 380 0056 0B       		.uleb128 0xb
 381 0057 00       		.byte	0
 382 0058 00       		.byte	0
 383 0059 08       		.uleb128 0x8
 384 005a 2E       		.uleb128 0x2e
 385 005b 00       		.byte	0
 386 005c 3F       		.uleb128 0x3f
 387 005d 19       		.uleb128 0x19
 388 005e 03       		.uleb128 0x3
 389 005f 0E       		.uleb128 0xe
 390 0060 3A       		.uleb128 0x3a
 391 0061 0B       		.uleb128 0xb
 392 0062 3B       		.uleb128 0x3b
 393 0063 0B       		.uleb128 0xb
 394 0064 27       		.uleb128 0x27
 395 0065 19       		.uleb128 0x19
 396 0066 11       		.uleb128 0x11
 397 0067 01       		.uleb128 0x1
 398 0068 12       		.uleb128 0x12
 399 0069 06       		.uleb128 0x6
 400 006a 40       		.uleb128 0x40
 401 006b 18       		.uleb128 0x18
 402 006c 9742     		.uleb128 0x2117
 403 006e 19       		.uleb128 0x19
 404 006f 00       		.byte	0
 405 0070 00       		.byte	0
 406 0071 09       		.uleb128 0x9
 407 0072 2E       		.uleb128 0x2e
 408 0073 00       		.byte	0
 409 0074 3F       		.uleb128 0x3f
ARM GAS  C:\Users\Rolando\AppData\Local\Temp\cc0u731r.s 			page 10


 410 0075 19       		.uleb128 0x19
 411 0076 03       		.uleb128 0x3
 412 0077 0E       		.uleb128 0xe
 413 0078 3A       		.uleb128 0x3a
 414 0079 0B       		.uleb128 0xb
 415 007a 3B       		.uleb128 0x3b
 416 007b 0B       		.uleb128 0xb
 417 007c 27       		.uleb128 0x27
 418 007d 19       		.uleb128 0x19
 419 007e 11       		.uleb128 0x11
 420 007f 01       		.uleb128 0x1
 421 0080 12       		.uleb128 0x12
 422 0081 06       		.uleb128 0x6
 423 0082 40       		.uleb128 0x40
 424 0083 18       		.uleb128 0x18
 425 0084 9642     		.uleb128 0x2116
 426 0086 19       		.uleb128 0x19
 427 0087 00       		.byte	0
 428 0088 00       		.byte	0
 429 0089 0A       		.uleb128 0xa
 430 008a 34       		.uleb128 0x34
 431 008b 00       		.byte	0
 432 008c 03       		.uleb128 0x3
 433 008d 0E       		.uleb128 0xe
 434 008e 3A       		.uleb128 0x3a
 435 008f 0B       		.uleb128 0xb
 436 0090 3B       		.uleb128 0x3b
 437 0091 0B       		.uleb128 0xb
 438 0092 49       		.uleb128 0x49
 439 0093 13       		.uleb128 0x13
 440 0094 02       		.uleb128 0x2
 441 0095 18       		.uleb128 0x18
 442 0096 00       		.byte	0
 443 0097 00       		.byte	0
 444 0098 00       		.byte	0
 445              		.section	.debug_aranges,"",%progbits
 446 0000 34000000 		.4byte	0x34
 447 0004 0200     		.2byte	0x2
 448 0006 00000000 		.4byte	.Ldebug_info0
 449 000a 04       		.byte	0x4
 450 000b 00       		.byte	0
 451 000c 0000     		.2byte	0
 452 000e 0000     		.2byte	0
 453 0010 00000000 		.4byte	.LFB0
 454 0014 20000000 		.4byte	.LFE0-.LFB0
 455 0018 00000000 		.4byte	.LFB1
 456 001c 1C000000 		.4byte	.LFE1-.LFB1
 457 0020 00000000 		.4byte	.LFB2
 458 0024 0A000000 		.4byte	.LFE2-.LFB2
 459 0028 00000000 		.4byte	.LFB3
 460 002c 0A000000 		.4byte	.LFE3-.LFB3
 461 0030 00000000 		.4byte	0
 462 0034 00000000 		.4byte	0
 463              		.section	.debug_ranges,"",%progbits
 464              	.Ldebug_ranges0:
 465 0000 00000000 		.4byte	.LFB0
 466 0004 20000000 		.4byte	.LFE0
ARM GAS  C:\Users\Rolando\AppData\Local\Temp\cc0u731r.s 			page 11


 467 0008 00000000 		.4byte	.LFB1
 468 000c 1C000000 		.4byte	.LFE1
 469 0010 00000000 		.4byte	.LFB2
 470 0014 0A000000 		.4byte	.LFE2
 471 0018 00000000 		.4byte	.LFB3
 472 001c 0A000000 		.4byte	.LFE3
 473 0020 00000000 		.4byte	0
 474 0024 00000000 		.4byte	0
 475              		.section	.debug_line,"",%progbits
 476              	.Ldebug_line0:
 477 0000 AE000000 		.section	.debug_str,"MS",%progbits,1
 477      02006200 
 477      00000201 
 477      FB0E0D00 
 477      01010101 
 478              	.LASF23:
 479 0000 436F6E74 		.ascii	"Control_Reg_1_backup\000"
 479      726F6C5F 
 479      5265675F 
 479      315F6261 
 479      636B7570 
 480              	.LASF16:
 481 0015 436F6E74 		.ascii	"Control_Reg_1_RestoreConfig\000"
 481      726F6C5F 
 481      5265675F 
 481      315F5265 
 481      73746F72 
 482              	.LASF18:
 483 0031 436F6E74 		.ascii	"Control_Reg_1_Wakeup\000"
 483      726F6C5F 
 483      5265675F 
 483      315F5761 
 483      6B657570 
 484              	.LASF15:
 485 0046 436F6E74 		.ascii	"Control_Reg_1_SaveConfig\000"
 485      726F6C5F 
 485      5265675F 
 485      315F5361 
 485      7665436F 
 486              	.LASF17:
 487 005f 436F6E74 		.ascii	"Control_Reg_1_Sleep\000"
 487      726F6C5F 
 487      5265675F 
 487      315F536C 
 487      65657000 
 488              	.LASF19:
 489 0073 474E5520 		.ascii	"GNU C 4.9.3 20150303 (release) [ARM/embedded-4_9-br"
 489      4320342E 
 489      392E3320 
 489      32303135 
 489      30333033 
 490 00a6 616E6368 		.ascii	"anch revision 221220] -mcpu=cortex-m3 -mthumb -g -O"
 490      20726576 
 490      6973696F 
 490      6E203232 
 490      31323230 
 491 00d9 30202D66 		.ascii	"0 -ffunction-sections -ffat-lto-objects\000"
ARM GAS  C:\Users\Rolando\AppData\Local\Temp\cc0u731r.s 			page 12


 491      66756E63 
 491      74696F6E 
 491      2D736563 
 491      74696F6E 
 492              	.LASF9:
 493 0101 666C6F61 		.ascii	"float\000"
 493      7400
 494              	.LASF1:
 495 0107 756E7369 		.ascii	"unsigned char\000"
 495      676E6564 
 495      20636861 
 495      7200
 496              	.LASF13:
 497 0115 72656738 		.ascii	"reg8\000"
 497      00
 498              	.LASF5:
 499 011a 6C6F6E67 		.ascii	"long unsigned int\000"
 499      20756E73 
 499      69676E65 
 499      6420696E 
 499      7400
 500              	.LASF3:
 501 012c 73686F72 		.ascii	"short unsigned int\000"
 501      7420756E 
 501      7369676E 
 501      65642069 
 501      6E7400
 502              	.LASF21:
 503 013f 473A5C44 		.ascii	"G:\\Documentos\\PSoC Creator\\voltageDisplay_SAR_AD"
 503      6F63756D 
 503      656E746F 
 503      735C5053 
 503      6F432043 
 504 016f 435C566F 		.ascii	"C\\VoltageDisplay_SAR_ADC.cydsn\000"
 504      6C746167 
 504      65446973 
 504      706C6179 
 504      5F534152 
 505              	.LASF22:
 506 018e 636F6E74 		.ascii	"controlState\000"
 506      726F6C53 
 506      74617465 
 506      00
 507              	.LASF10:
 508 019b 646F7562 		.ascii	"double\000"
 508      6C6500
 509              	.LASF20:
 510 01a2 2E5C4765 		.ascii	".\\Generated_Source\\PSoC5\\Control_Reg_1_PM.c\000"
 510      6E657261 
 510      7465645F 
 510      536F7572 
 510      63655C50 
 511              	.LASF8:
 512 01ce 756E7369 		.ascii	"unsigned int\000"
 512      676E6564 
 512      20696E74 
 512      00
ARM GAS  C:\Users\Rolando\AppData\Local\Temp\cc0u731r.s 			page 13


 513              	.LASF7:
 514 01db 6C6F6E67 		.ascii	"long long unsigned int\000"
 514      206C6F6E 
 514      6720756E 
 514      7369676E 
 514      65642069 
 515              	.LASF6:
 516 01f2 6C6F6E67 		.ascii	"long long int\000"
 516      206C6F6E 
 516      6720696E 
 516      7400
 517              	.LASF11:
 518 0200 63686172 		.ascii	"char\000"
 518      00
 519              	.LASF2:
 520 0205 73686F72 		.ascii	"short int\000"
 520      7420696E 
 520      7400
 521              	.LASF12:
 522 020f 75696E74 		.ascii	"uint8\000"
 522      3800
 523              	.LASF14:
 524 0215 436F6E74 		.ascii	"Control_Reg_1_BACKUP_STRUCT\000"
 524      726F6C5F 
 524      5265675F 
 524      315F4241 
 524      434B5550 
 525              	.LASF4:
 526 0231 6C6F6E67 		.ascii	"long int\000"
 526      20696E74 
 526      00
 527              	.LASF0:
 528 023a 7369676E 		.ascii	"signed char\000"
 528      65642063 
 528      68617200 
 529              		.ident	"GCC: (GNU Tools for ARM Embedded Processors) 4.9.3 20150303 (release) [ARM/embedded-4_9-br
