ARM GAS  C:\Users\Rolando\AppData\Local\Temp\ccn1FExf.s 			page 1


   1              		.syntax unified
   2              		.cpu cortex-m3
   3              		.fpu softvfp
   4              		.eabi_attribute 20, 1
   5              		.eabi_attribute 21, 1
   6              		.eabi_attribute 23, 3
   7              		.eabi_attribute 24, 1
   8              		.eabi_attribute 25, 1
   9              		.eabi_attribute 26, 1
  10              		.eabi_attribute 30, 6
  11              		.eabi_attribute 34, 1
  12              		.eabi_attribute 18, 4
  13              		.thumb
  14              		.file	"USBUART_1_cls.c"
  15              		.text
  16              	.Ltext0:
  17              		.cfi_sections	.debug_frame
  18              		.section	.text.USBUART_1_DispatchClassRqst,"ax",%progbits
  19              		.align	2
  20              		.global	USBUART_1_DispatchClassRqst
  21              		.thumb
  22              		.thumb_func
  23              		.type	USBUART_1_DispatchClassRqst, %function
  24              	USBUART_1_DispatchClassRqst:
  25              	.LFB0:
  26              		.file 1 ".\\Generated_Source\\PSoC5\\USBUART_1_cls.c"
   1:.\Generated_Source\PSoC5/USBUART_1_cls.c **** /*******************************************************************************
   2:.\Generated_Source\PSoC5/USBUART_1_cls.c **** * File Name: USBUART_1_cls.c
   3:.\Generated_Source\PSoC5/USBUART_1_cls.c **** * Version 2.70
   4:.\Generated_Source\PSoC5/USBUART_1_cls.c **** *
   5:.\Generated_Source\PSoC5/USBUART_1_cls.c **** * Description:
   6:.\Generated_Source\PSoC5/USBUART_1_cls.c **** *  USB Class request handler.
   7:.\Generated_Source\PSoC5/USBUART_1_cls.c **** *
   8:.\Generated_Source\PSoC5/USBUART_1_cls.c **** * Note:
   9:.\Generated_Source\PSoC5/USBUART_1_cls.c **** *
  10:.\Generated_Source\PSoC5/USBUART_1_cls.c **** ********************************************************************************
  11:.\Generated_Source\PSoC5/USBUART_1_cls.c **** * Copyright 2008-2013, Cypress Semiconductor Corporation.  All rights reserved.
  12:.\Generated_Source\PSoC5/USBUART_1_cls.c **** * You may use this file only in accordance with the license, terms, conditions,
  13:.\Generated_Source\PSoC5/USBUART_1_cls.c **** * disclaimers, and limitations in the end user license agreement accompanying
  14:.\Generated_Source\PSoC5/USBUART_1_cls.c **** * the software package with which this file was provided.
  15:.\Generated_Source\PSoC5/USBUART_1_cls.c **** *******************************************************************************/
  16:.\Generated_Source\PSoC5/USBUART_1_cls.c **** 
  17:.\Generated_Source\PSoC5/USBUART_1_cls.c **** #include "USBUART_1.h"
  18:.\Generated_Source\PSoC5/USBUART_1_cls.c **** 
  19:.\Generated_Source\PSoC5/USBUART_1_cls.c **** #if(USBUART_1_EXTERN_CLS == USBUART_1_FALSE)
  20:.\Generated_Source\PSoC5/USBUART_1_cls.c **** 
  21:.\Generated_Source\PSoC5/USBUART_1_cls.c **** #include "USBUART_1_pvt.h"
  22:.\Generated_Source\PSoC5/USBUART_1_cls.c **** 
  23:.\Generated_Source\PSoC5/USBUART_1_cls.c **** 
  24:.\Generated_Source\PSoC5/USBUART_1_cls.c **** /***************************************
  25:.\Generated_Source\PSoC5/USBUART_1_cls.c **** * User Implemented Class Driver Declarations.
  26:.\Generated_Source\PSoC5/USBUART_1_cls.c **** ***************************************/
  27:.\Generated_Source\PSoC5/USBUART_1_cls.c **** /* `#START USER_DEFINED_CLASS_DECLARATIONS` Place your declaration here */
  28:.\Generated_Source\PSoC5/USBUART_1_cls.c **** 
  29:.\Generated_Source\PSoC5/USBUART_1_cls.c **** /* `#END` */
  30:.\Generated_Source\PSoC5/USBUART_1_cls.c **** 
  31:.\Generated_Source\PSoC5/USBUART_1_cls.c **** 
ARM GAS  C:\Users\Rolando\AppData\Local\Temp\ccn1FExf.s 			page 2


  32:.\Generated_Source\PSoC5/USBUART_1_cls.c **** /*******************************************************************************
  33:.\Generated_Source\PSoC5/USBUART_1_cls.c **** * Function Name: USBUART_1_DispatchClassRqst
  34:.\Generated_Source\PSoC5/USBUART_1_cls.c **** ********************************************************************************
  35:.\Generated_Source\PSoC5/USBUART_1_cls.c **** * Summary:
  36:.\Generated_Source\PSoC5/USBUART_1_cls.c **** *  This routine dispatches class specific requests depend on interface class.
  37:.\Generated_Source\PSoC5/USBUART_1_cls.c **** *
  38:.\Generated_Source\PSoC5/USBUART_1_cls.c **** * Parameters:
  39:.\Generated_Source\PSoC5/USBUART_1_cls.c **** *  None.
  40:.\Generated_Source\PSoC5/USBUART_1_cls.c **** *
  41:.\Generated_Source\PSoC5/USBUART_1_cls.c **** * Return:
  42:.\Generated_Source\PSoC5/USBUART_1_cls.c **** *  requestHandled.
  43:.\Generated_Source\PSoC5/USBUART_1_cls.c **** *
  44:.\Generated_Source\PSoC5/USBUART_1_cls.c **** * Reentrant:
  45:.\Generated_Source\PSoC5/USBUART_1_cls.c **** *  No.
  46:.\Generated_Source\PSoC5/USBUART_1_cls.c **** *
  47:.\Generated_Source\PSoC5/USBUART_1_cls.c **** *******************************************************************************/
  48:.\Generated_Source\PSoC5/USBUART_1_cls.c **** uint8 USBUART_1_DispatchClassRqst(void) 
  49:.\Generated_Source\PSoC5/USBUART_1_cls.c **** {
  27              		.loc 1 49 0
  28              		.cfi_startproc
  29              		@ args = 0, pretend = 0, frame = 8
  30              		@ frame_needed = 1, uses_anonymous_args = 0
  31 0000 80B5     		push	{r7, lr}
  32              		.cfi_def_cfa_offset 8
  33              		.cfi_offset 7, -8
  34              		.cfi_offset 14, -4
  35 0002 82B0     		sub	sp, sp, #8
  36              		.cfi_def_cfa_offset 16
  37 0004 00AF     		add	r7, sp, #0
  38              		.cfi_def_cfa_register 7
  50:.\Generated_Source\PSoC5/USBUART_1_cls.c ****     uint8 requestHandled = USBUART_1_FALSE;
  39              		.loc 1 50 0
  40 0006 0023     		movs	r3, #0
  41 0008 FB71     		strb	r3, [r7, #7]
  51:.\Generated_Source\PSoC5/USBUART_1_cls.c ****     uint8 interfaceNumber = 0u;
  42              		.loc 1 51 0
  43 000a 0023     		movs	r3, #0
  44 000c BB71     		strb	r3, [r7, #6]
  52:.\Generated_Source\PSoC5/USBUART_1_cls.c **** 
  53:.\Generated_Source\PSoC5/USBUART_1_cls.c ****     switch(CY_GET_REG8(USBUART_1_bmRequestType) & USBUART_1_RQST_RCPT_MASK)
  45              		.loc 1 53 0
  46 000e 1C4B     		ldr	r3, .L13
  47 0010 1B78     		ldrb	r3, [r3]
  48 0012 DBB2     		uxtb	r3, r3
  49 0014 03F00303 		and	r3, r3, #3
  50 0018 012B     		cmp	r3, #1
  51 001a 02D0     		beq	.L3
  52 001c 022B     		cmp	r3, #2
  53 001e 04D0     		beq	.L4
  54:.\Generated_Source\PSoC5/USBUART_1_cls.c ****     {
  55:.\Generated_Source\PSoC5/USBUART_1_cls.c ****         case USBUART_1_RQST_RCPT_IFC:        /* Class-specific request directed to an interface */
  56:.\Generated_Source\PSoC5/USBUART_1_cls.c ****             interfaceNumber = CY_GET_REG8(USBUART_1_wIndexLo); /* wIndexLo contain Interface number
  57:.\Generated_Source\PSoC5/USBUART_1_cls.c ****             break;
  58:.\Generated_Source\PSoC5/USBUART_1_cls.c ****         case USBUART_1_RQST_RCPT_EP:         /* Class-specific request directed to the endpoint */
  59:.\Generated_Source\PSoC5/USBUART_1_cls.c ****             /* Find related interface to the endpoint, wIndexLo contain EP number */
  60:.\Generated_Source\PSoC5/USBUART_1_cls.c ****             interfaceNumber = USBUART_1_EP[CY_GET_REG8(USBUART_1_wIndexLo) & 
  61:.\Generated_Source\PSoC5/USBUART_1_cls.c ****                               USBUART_1_DIR_UNUSED].interface;
ARM GAS  C:\Users\Rolando\AppData\Local\Temp\ccn1FExf.s 			page 3


  62:.\Generated_Source\PSoC5/USBUART_1_cls.c ****             break;
  63:.\Generated_Source\PSoC5/USBUART_1_cls.c ****         default:    /* RequestHandled is initialized as FALSE by default */
  64:.\Generated_Source\PSoC5/USBUART_1_cls.c ****             break;
  54              		.loc 1 64 0
  55 0020 12E0     		b	.L5
  56              	.L3:
  56:.\Generated_Source\PSoC5/USBUART_1_cls.c ****             break;
  57              		.loc 1 56 0
  58 0022 184B     		ldr	r3, .L13+4
  59 0024 1B78     		ldrb	r3, [r3]
  60 0026 BB71     		strb	r3, [r7, #6]
  57:.\Generated_Source\PSoC5/USBUART_1_cls.c ****         case USBUART_1_RQST_RCPT_EP:         /* Class-specific request directed to the endpoint */
  61              		.loc 1 57 0
  62 0028 0EE0     		b	.L5
  63              	.L4:
  60:.\Generated_Source\PSoC5/USBUART_1_cls.c ****                               USBUART_1_DIR_UNUSED].interface;
  64              		.loc 1 60 0
  65 002a 164B     		ldr	r3, .L13+4
  66 002c 1B78     		ldrb	r3, [r3]
  67 002e DBB2     		uxtb	r3, r3
  68 0030 03F07F02 		and	r2, r3, #127
  69 0034 1449     		ldr	r1, .L13+8
  70 0036 1346     		mov	r3, r2
  71 0038 5B00     		lsls	r3, r3, #1
  72 003a 1344     		add	r3, r3, r2
  73 003c 9B00     		lsls	r3, r3, #2
  74 003e 0B44     		add	r3, r3, r1
  75 0040 0833     		adds	r3, r3, #8
  76 0042 9B78     		ldrb	r3, [r3, #2]
  77 0044 BB71     		strb	r3, [r7, #6]
  62:.\Generated_Source\PSoC5/USBUART_1_cls.c ****         default:    /* RequestHandled is initialized as FALSE by default */
  78              		.loc 1 62 0
  79 0046 00BF     		nop
  80              	.L5:
  65:.\Generated_Source\PSoC5/USBUART_1_cls.c ****     }
  66:.\Generated_Source\PSoC5/USBUART_1_cls.c ****     /* Handle Class request depend on interface type */
  67:.\Generated_Source\PSoC5/USBUART_1_cls.c ****     switch(USBUART_1_interfaceClass[interfaceNumber])
  81              		.loc 1 67 0
  82 0048 104B     		ldr	r3, .L13+12
  83 004a 1A68     		ldr	r2, [r3]
  84 004c BB79     		ldrb	r3, [r7, #6]	@ zero_extendqisi2
  85 004e 1344     		add	r3, r3, r2
  86 0050 1B78     		ldrb	r3, [r3]	@ zero_extendqisi2
  87 0052 022B     		cmp	r3, #2
  88 0054 09D0     		beq	.L7
  89 0056 032B     		cmp	r3, #3
  90 0058 02D0     		beq	.L8
  91 005a 012B     		cmp	r3, #1
  92 005c 0AD0     		beq	.L12
  68:.\Generated_Source\PSoC5/USBUART_1_cls.c ****     {
  69:.\Generated_Source\PSoC5/USBUART_1_cls.c ****         case USBUART_1_CLASS_HID:
  70:.\Generated_Source\PSoC5/USBUART_1_cls.c ****             #if defined(USBUART_1_ENABLE_HID_CLASS)
  71:.\Generated_Source\PSoC5/USBUART_1_cls.c ****                 requestHandled = USBUART_1_DispatchHIDClassRqst();
  72:.\Generated_Source\PSoC5/USBUART_1_cls.c ****             #endif /* USBUART_1_ENABLE_HID_CLASS */
  73:.\Generated_Source\PSoC5/USBUART_1_cls.c ****             break;
  74:.\Generated_Source\PSoC5/USBUART_1_cls.c ****         case USBUART_1_CLASS_AUDIO:
  75:.\Generated_Source\PSoC5/USBUART_1_cls.c ****             #if defined(USBUART_1_ENABLE_AUDIO_CLASS)
ARM GAS  C:\Users\Rolando\AppData\Local\Temp\ccn1FExf.s 			page 4


  76:.\Generated_Source\PSoC5/USBUART_1_cls.c ****                 requestHandled = USBUART_1_DispatchAUDIOClassRqst();
  77:.\Generated_Source\PSoC5/USBUART_1_cls.c ****             #endif /* USBUART_1_CLASS_AUDIO */
  78:.\Generated_Source\PSoC5/USBUART_1_cls.c ****             break;
  79:.\Generated_Source\PSoC5/USBUART_1_cls.c ****         case USBUART_1_CLASS_CDC:
  80:.\Generated_Source\PSoC5/USBUART_1_cls.c ****             #if defined(USBUART_1_ENABLE_CDC_CLASS)
  81:.\Generated_Source\PSoC5/USBUART_1_cls.c ****                 requestHandled = USBUART_1_DispatchCDCClassRqst();
  82:.\Generated_Source\PSoC5/USBUART_1_cls.c ****             #endif /* USBUART_1_ENABLE_CDC_CLASS */
  83:.\Generated_Source\PSoC5/USBUART_1_cls.c ****             break;
  84:.\Generated_Source\PSoC5/USBUART_1_cls.c ****         default:    /* requestHandled is initialized as FALSE by default */
  85:.\Generated_Source\PSoC5/USBUART_1_cls.c ****             break;
  93              		.loc 1 85 0
  94 005e 0AE0     		b	.L10
  95              	.L8:
  71:.\Generated_Source\PSoC5/USBUART_1_cls.c ****             #endif /* USBUART_1_ENABLE_HID_CLASS */
  96              		.loc 1 71 0
  97 0060 FFF7FEFF 		bl	USBUART_1_DispatchHIDClassRqst
  98 0064 0346     		mov	r3, r0
  99 0066 FB71     		strb	r3, [r7, #7]
  73:.\Generated_Source\PSoC5/USBUART_1_cls.c ****         case USBUART_1_CLASS_AUDIO:
 100              		.loc 1 73 0
 101 0068 05E0     		b	.L10
 102              	.L7:
  81:.\Generated_Source\PSoC5/USBUART_1_cls.c ****             #endif /* USBUART_1_ENABLE_CDC_CLASS */
 103              		.loc 1 81 0
 104 006a FFF7FEFF 		bl	USBUART_1_DispatchCDCClassRqst
 105 006e 0346     		mov	r3, r0
 106 0070 FB71     		strb	r3, [r7, #7]
  83:.\Generated_Source\PSoC5/USBUART_1_cls.c ****         default:    /* requestHandled is initialized as FALSE by default */
 107              		.loc 1 83 0
 108 0072 00E0     		b	.L10
 109              	.L12:
  78:.\Generated_Source\PSoC5/USBUART_1_cls.c ****         case USBUART_1_CLASS_CDC:
 110              		.loc 1 78 0
 111 0074 00BF     		nop
 112              	.L10:
  86:.\Generated_Source\PSoC5/USBUART_1_cls.c ****     }
  87:.\Generated_Source\PSoC5/USBUART_1_cls.c **** 
  88:.\Generated_Source\PSoC5/USBUART_1_cls.c ****     /* `#START USER_DEFINED_CLASS_CODE` Place your Class request here */
  89:.\Generated_Source\PSoC5/USBUART_1_cls.c **** 
  90:.\Generated_Source\PSoC5/USBUART_1_cls.c ****     /* `#END` */
  91:.\Generated_Source\PSoC5/USBUART_1_cls.c **** 
  92:.\Generated_Source\PSoC5/USBUART_1_cls.c ****     return(requestHandled);
 113              		.loc 1 92 0
 114 0076 FB79     		ldrb	r3, [r7, #7]	@ zero_extendqisi2
  93:.\Generated_Source\PSoC5/USBUART_1_cls.c **** }
 115              		.loc 1 93 0
 116 0078 1846     		mov	r0, r3
 117 007a 0837     		adds	r7, r7, #8
 118              		.cfi_def_cfa_offset 8
 119 007c BD46     		mov	sp, r7
 120              		.cfi_def_cfa_register 13
 121              		@ sp needed
 122 007e 80BD     		pop	{r7, pc}
 123              	.L14:
 124              		.align	2
 125              	.L13:
 126 0080 00600040 		.word	1073766400
ARM GAS  C:\Users\Rolando\AppData\Local\Temp\ccn1FExf.s 			page 5


 127 0084 04600040 		.word	1073766404
 128 0088 00000000 		.word	USBUART_1_EP
 129 008c 00000000 		.word	USBUART_1_interfaceClass
 130              		.cfi_endproc
 131              	.LFE0:
 132              		.size	USBUART_1_DispatchClassRqst, .-USBUART_1_DispatchClassRqst
 133              		.text
 134              	.Letext0:
 135              		.file 2 ".\\Generated_Source\\PSoC5\\cytypes.h"
 136              		.file 3 ".\\Generated_Source\\PSoC5\\USBUART_1.h"
 137              		.file 4 ".\\Generated_Source\\PSoC5\\USBUART_1_pvt.h"
 138              		.section	.debug_info,"",%progbits
 139              	.Ldebug_info0:
 140 0000 96010000 		.4byte	0x196
 141 0004 0400     		.2byte	0x4
 142 0006 00000000 		.4byte	.Ldebug_abbrev0
 143 000a 04       		.byte	0x4
 144 000b 01       		.uleb128 0x1
 145 000c FF000000 		.4byte	.LASF30
 146 0010 01       		.byte	0x1
 147 0011 00000000 		.4byte	.LASF31
 148 0015 36000000 		.4byte	.LASF32
 149 0019 00000000 		.4byte	.Ldebug_ranges0+0
 150 001d 00000000 		.4byte	0
 151 0021 00000000 		.4byte	.Ldebug_line0
 152 0025 02       		.uleb128 0x2
 153 0026 01       		.byte	0x1
 154 0027 06       		.byte	0x6
 155 0028 50020000 		.4byte	.LASF0
 156 002c 02       		.uleb128 0x2
 157 002d 01       		.byte	0x1
 158 002e 08       		.byte	0x8
 159 002f AC000000 		.4byte	.LASF1
 160 0033 02       		.uleb128 0x2
 161 0034 02       		.byte	0x2
 162 0035 05       		.byte	0x5
 163 0036 2D020000 		.4byte	.LASF2
 164 003a 02       		.uleb128 0x2
 165 003b 02       		.byte	0x2
 166 003c 07       		.byte	0x7
 167 003d 5F000000 		.4byte	.LASF3
 168 0041 02       		.uleb128 0x2
 169 0042 04       		.byte	0x4
 170 0043 05       		.byte	0x5
 171 0044 47020000 		.4byte	.LASF4
 172 0048 02       		.uleb128 0x2
 173 0049 04       		.byte	0x4
 174 004a 07       		.byte	0x7
 175 004b BF000000 		.4byte	.LASF5
 176 004f 02       		.uleb128 0x2
 177 0050 08       		.byte	0x8
 178 0051 05       		.byte	0x5
 179 0052 F6010000 		.4byte	.LASF6
 180 0056 02       		.uleb128 0x2
 181 0057 08       		.byte	0x8
 182 0058 07       		.byte	0x7
 183 0059 C5010000 		.4byte	.LASF7
ARM GAS  C:\Users\Rolando\AppData\Local\Temp\ccn1FExf.s 			page 6


 184 005d 03       		.uleb128 0x3
 185 005e 04       		.byte	0x4
 186 005f 05       		.byte	0x5
 187 0060 696E7400 		.ascii	"int\000"
 188 0064 02       		.uleb128 0x2
 189 0065 04       		.byte	0x4
 190 0066 07       		.byte	0x7
 191 0067 B8010000 		.4byte	.LASF8
 192 006b 04       		.uleb128 0x4
 193 006c 37020000 		.4byte	.LASF9
 194 0070 02       		.byte	0x2
 195 0071 5B       		.byte	0x5b
 196 0072 2C000000 		.4byte	0x2c
 197 0076 04       		.uleb128 0x4
 198 0077 A6010000 		.4byte	.LASF10
 199 007b 02       		.byte	0x2
 200 007c 5C       		.byte	0x5c
 201 007d 3A000000 		.4byte	0x3a
 202 0081 02       		.uleb128 0x2
 203 0082 04       		.byte	0x4
 204 0083 04       		.byte	0x4
 205 0084 9D000000 		.4byte	.LASF11
 206 0088 02       		.uleb128 0x2
 207 0089 08       		.byte	0x8
 208 008a 04       		.byte	0x4
 209 008b 8D010000 		.4byte	.LASF12
 210 008f 02       		.uleb128 0x2
 211 0090 01       		.byte	0x1
 212 0091 08       		.byte	0x8
 213 0092 1D020000 		.4byte	.LASF13
 214 0096 04       		.uleb128 0x4
 215 0097 BA000000 		.4byte	.LASF14
 216 009b 02       		.byte	0x2
 217 009c F0       		.byte	0xf0
 218 009d A1000000 		.4byte	0xa1
 219 00a1 05       		.uleb128 0x5
 220 00a2 6B000000 		.4byte	0x6b
 221 00a6 02       		.uleb128 0x2
 222 00a7 04       		.byte	0x4
 223 00a8 07       		.byte	0x7
 224 00a9 E6010000 		.4byte	.LASF15
 225 00ad 06       		.uleb128 0x6
 226 00ae 0C       		.byte	0xc
 227 00af 03       		.byte	0x3
 228 00b0 7D       		.byte	0x7d
 229 00b1 22010000 		.4byte	0x122
 230 00b5 07       		.uleb128 0x7
 231 00b6 94010000 		.4byte	.LASF16
 232 00ba 03       		.byte	0x3
 233 00bb 7F       		.byte	0x7f
 234 00bc 6B000000 		.4byte	0x6b
 235 00c0 00       		.byte	0
 236 00c1 07       		.uleb128 0x7
 237 00c2 AD010000 		.4byte	.LASF17
 238 00c6 03       		.byte	0x3
 239 00c7 80       		.byte	0x80
 240 00c8 6B000000 		.4byte	0x6b
ARM GAS  C:\Users\Rolando\AppData\Local\Temp\ccn1FExf.s 			page 7


 241 00cc 01       		.byte	0x1
 242 00cd 07       		.uleb128 0x7
 243 00ce DC010000 		.4byte	.LASF18
 244 00d2 03       		.byte	0x3
 245 00d3 81       		.byte	0x81
 246 00d4 6B000000 		.4byte	0x6b
 247 00d8 02       		.byte	0x2
 248 00d9 07       		.uleb128 0x7
 249 00da A3000000 		.4byte	.LASF19
 250 00de 03       		.byte	0x3
 251 00df 82       		.byte	0x82
 252 00e0 6B000000 		.4byte	0x6b
 253 00e4 03       		.byte	0x3
 254 00e5 07       		.uleb128 0x7
 255 00e6 D1000000 		.4byte	.LASF20
 256 00ea 03       		.byte	0x3
 257 00eb 83       		.byte	0x83
 258 00ec 6B000000 		.4byte	0x6b
 259 00f0 04       		.byte	0x4
 260 00f1 07       		.uleb128 0x7
 261 00f2 EF010000 		.4byte	.LASF21
 262 00f6 03       		.byte	0x3
 263 00f7 84       		.byte	0x84
 264 00f8 6B000000 		.4byte	0x6b
 265 00fc 05       		.byte	0x5
 266 00fd 07       		.uleb128 0x7
 267 00fe 9B010000 		.4byte	.LASF22
 268 0102 03       		.byte	0x3
 269 0103 85       		.byte	0x85
 270 0104 76000000 		.4byte	0x76
 271 0108 06       		.byte	0x6
 272 0109 07       		.uleb128 0x7
 273 010a 22020000 		.4byte	.LASF23
 274 010e 03       		.byte	0x3
 275 010f 86       		.byte	0x86
 276 0110 76000000 		.4byte	0x76
 277 0114 08       		.byte	0x8
 278 0115 07       		.uleb128 0x7
 279 0116 3D020000 		.4byte	.LASF24
 280 011a 03       		.byte	0x3
 281 011b 87       		.byte	0x87
 282 011c 6B000000 		.4byte	0x6b
 283 0120 0A       		.byte	0xa
 284 0121 00       		.byte	0
 285 0122 04       		.uleb128 0x4
 286 0123 04020000 		.4byte	.LASF25
 287 0127 03       		.byte	0x3
 288 0128 88       		.byte	0x88
 289 0129 AD000000 		.4byte	0xad
 290 012d 08       		.uleb128 0x8
 291 012e 72000000 		.4byte	.LASF33
 292 0132 01       		.byte	0x1
 293 0133 30       		.byte	0x30
 294 0134 6B000000 		.4byte	0x6b
 295 0138 00000000 		.4byte	.LFB0
 296 013c 90000000 		.4byte	.LFE0-.LFB0
 297 0140 01       		.uleb128 0x1
ARM GAS  C:\Users\Rolando\AppData\Local\Temp\ccn1FExf.s 			page 8


 298 0141 9C       		.byte	0x9c
 299 0142 63010000 		.4byte	0x163
 300 0146 09       		.uleb128 0x9
 301 0147 8E000000 		.4byte	.LASF26
 302 014b 01       		.byte	0x1
 303 014c 32       		.byte	0x32
 304 014d 6B000000 		.4byte	0x6b
 305 0151 02       		.uleb128 0x2
 306 0152 91       		.byte	0x91
 307 0153 77       		.sleb128 -9
 308 0154 09       		.uleb128 0x9
 309 0155 EF000000 		.4byte	.LASF27
 310 0159 01       		.byte	0x1
 311 015a 33       		.byte	0x33
 312 015b 6B000000 		.4byte	0x6b
 313 015f 02       		.uleb128 0x2
 314 0160 91       		.byte	0x91
 315 0161 76       		.sleb128 -10
 316 0162 00       		.byte	0
 317 0163 0A       		.uleb128 0xa
 318 0164 D6000000 		.4byte	.LASF28
 319 0168 04       		.byte	0x4
 320 0169 33       		.byte	0x33
 321 016a 6E010000 		.4byte	0x16e
 322 016e 0B       		.uleb128 0xb
 323 016f 04       		.byte	0x4
 324 0170 74010000 		.4byte	0x174
 325 0174 0C       		.uleb128 0xc
 326 0175 6B000000 		.4byte	0x6b
 327 0179 0D       		.uleb128 0xd
 328 017a 22010000 		.4byte	0x122
 329 017e 89010000 		.4byte	0x189
 330 0182 0E       		.uleb128 0xe
 331 0183 A6000000 		.4byte	0xa6
 332 0187 08       		.byte	0x8
 333 0188 00       		.byte	0
 334 0189 0A       		.uleb128 0xa
 335 018a 29000000 		.4byte	.LASF29
 336 018e 04       		.byte	0x4
 337 018f 35       		.byte	0x35
 338 0190 94010000 		.4byte	0x194
 339 0194 05       		.uleb128 0x5
 340 0195 79010000 		.4byte	0x179
 341 0199 00       		.byte	0
 342              		.section	.debug_abbrev,"",%progbits
 343              	.Ldebug_abbrev0:
 344 0000 01       		.uleb128 0x1
 345 0001 11       		.uleb128 0x11
 346 0002 01       		.byte	0x1
 347 0003 25       		.uleb128 0x25
 348 0004 0E       		.uleb128 0xe
 349 0005 13       		.uleb128 0x13
 350 0006 0B       		.uleb128 0xb
 351 0007 03       		.uleb128 0x3
 352 0008 0E       		.uleb128 0xe
 353 0009 1B       		.uleb128 0x1b
 354 000a 0E       		.uleb128 0xe
ARM GAS  C:\Users\Rolando\AppData\Local\Temp\ccn1FExf.s 			page 9


 355 000b 55       		.uleb128 0x55
 356 000c 17       		.uleb128 0x17
 357 000d 11       		.uleb128 0x11
 358 000e 01       		.uleb128 0x1
 359 000f 10       		.uleb128 0x10
 360 0010 17       		.uleb128 0x17
 361 0011 00       		.byte	0
 362 0012 00       		.byte	0
 363 0013 02       		.uleb128 0x2
 364 0014 24       		.uleb128 0x24
 365 0015 00       		.byte	0
 366 0016 0B       		.uleb128 0xb
 367 0017 0B       		.uleb128 0xb
 368 0018 3E       		.uleb128 0x3e
 369 0019 0B       		.uleb128 0xb
 370 001a 03       		.uleb128 0x3
 371 001b 0E       		.uleb128 0xe
 372 001c 00       		.byte	0
 373 001d 00       		.byte	0
 374 001e 03       		.uleb128 0x3
 375 001f 24       		.uleb128 0x24
 376 0020 00       		.byte	0
 377 0021 0B       		.uleb128 0xb
 378 0022 0B       		.uleb128 0xb
 379 0023 3E       		.uleb128 0x3e
 380 0024 0B       		.uleb128 0xb
 381 0025 03       		.uleb128 0x3
 382 0026 08       		.uleb128 0x8
 383 0027 00       		.byte	0
 384 0028 00       		.byte	0
 385 0029 04       		.uleb128 0x4
 386 002a 16       		.uleb128 0x16
 387 002b 00       		.byte	0
 388 002c 03       		.uleb128 0x3
 389 002d 0E       		.uleb128 0xe
 390 002e 3A       		.uleb128 0x3a
 391 002f 0B       		.uleb128 0xb
 392 0030 3B       		.uleb128 0x3b
 393 0031 0B       		.uleb128 0xb
 394 0032 49       		.uleb128 0x49
 395 0033 13       		.uleb128 0x13
 396 0034 00       		.byte	0
 397 0035 00       		.byte	0
 398 0036 05       		.uleb128 0x5
 399 0037 35       		.uleb128 0x35
 400 0038 00       		.byte	0
 401 0039 49       		.uleb128 0x49
 402 003a 13       		.uleb128 0x13
 403 003b 00       		.byte	0
 404 003c 00       		.byte	0
 405 003d 06       		.uleb128 0x6
 406 003e 13       		.uleb128 0x13
 407 003f 01       		.byte	0x1
 408 0040 0B       		.uleb128 0xb
 409 0041 0B       		.uleb128 0xb
 410 0042 3A       		.uleb128 0x3a
 411 0043 0B       		.uleb128 0xb
ARM GAS  C:\Users\Rolando\AppData\Local\Temp\ccn1FExf.s 			page 10


 412 0044 3B       		.uleb128 0x3b
 413 0045 0B       		.uleb128 0xb
 414 0046 01       		.uleb128 0x1
 415 0047 13       		.uleb128 0x13
 416 0048 00       		.byte	0
 417 0049 00       		.byte	0
 418 004a 07       		.uleb128 0x7
 419 004b 0D       		.uleb128 0xd
 420 004c 00       		.byte	0
 421 004d 03       		.uleb128 0x3
 422 004e 0E       		.uleb128 0xe
 423 004f 3A       		.uleb128 0x3a
 424 0050 0B       		.uleb128 0xb
 425 0051 3B       		.uleb128 0x3b
 426 0052 0B       		.uleb128 0xb
 427 0053 49       		.uleb128 0x49
 428 0054 13       		.uleb128 0x13
 429 0055 38       		.uleb128 0x38
 430 0056 0B       		.uleb128 0xb
 431 0057 00       		.byte	0
 432 0058 00       		.byte	0
 433 0059 08       		.uleb128 0x8
 434 005a 2E       		.uleb128 0x2e
 435 005b 01       		.byte	0x1
 436 005c 3F       		.uleb128 0x3f
 437 005d 19       		.uleb128 0x19
 438 005e 03       		.uleb128 0x3
 439 005f 0E       		.uleb128 0xe
 440 0060 3A       		.uleb128 0x3a
 441 0061 0B       		.uleb128 0xb
 442 0062 3B       		.uleb128 0x3b
 443 0063 0B       		.uleb128 0xb
 444 0064 27       		.uleb128 0x27
 445 0065 19       		.uleb128 0x19
 446 0066 49       		.uleb128 0x49
 447 0067 13       		.uleb128 0x13
 448 0068 11       		.uleb128 0x11
 449 0069 01       		.uleb128 0x1
 450 006a 12       		.uleb128 0x12
 451 006b 06       		.uleb128 0x6
 452 006c 40       		.uleb128 0x40
 453 006d 18       		.uleb128 0x18
 454 006e 9642     		.uleb128 0x2116
 455 0070 19       		.uleb128 0x19
 456 0071 01       		.uleb128 0x1
 457 0072 13       		.uleb128 0x13
 458 0073 00       		.byte	0
 459 0074 00       		.byte	0
 460 0075 09       		.uleb128 0x9
 461 0076 34       		.uleb128 0x34
 462 0077 00       		.byte	0
 463 0078 03       		.uleb128 0x3
 464 0079 0E       		.uleb128 0xe
 465 007a 3A       		.uleb128 0x3a
 466 007b 0B       		.uleb128 0xb
 467 007c 3B       		.uleb128 0x3b
 468 007d 0B       		.uleb128 0xb
ARM GAS  C:\Users\Rolando\AppData\Local\Temp\ccn1FExf.s 			page 11


 469 007e 49       		.uleb128 0x49
 470 007f 13       		.uleb128 0x13
 471 0080 02       		.uleb128 0x2
 472 0081 18       		.uleb128 0x18
 473 0082 00       		.byte	0
 474 0083 00       		.byte	0
 475 0084 0A       		.uleb128 0xa
 476 0085 34       		.uleb128 0x34
 477 0086 00       		.byte	0
 478 0087 03       		.uleb128 0x3
 479 0088 0E       		.uleb128 0xe
 480 0089 3A       		.uleb128 0x3a
 481 008a 0B       		.uleb128 0xb
 482 008b 3B       		.uleb128 0x3b
 483 008c 0B       		.uleb128 0xb
 484 008d 49       		.uleb128 0x49
 485 008e 13       		.uleb128 0x13
 486 008f 3F       		.uleb128 0x3f
 487 0090 19       		.uleb128 0x19
 488 0091 3C       		.uleb128 0x3c
 489 0092 19       		.uleb128 0x19
 490 0093 00       		.byte	0
 491 0094 00       		.byte	0
 492 0095 0B       		.uleb128 0xb
 493 0096 0F       		.uleb128 0xf
 494 0097 00       		.byte	0
 495 0098 0B       		.uleb128 0xb
 496 0099 0B       		.uleb128 0xb
 497 009a 49       		.uleb128 0x49
 498 009b 13       		.uleb128 0x13
 499 009c 00       		.byte	0
 500 009d 00       		.byte	0
 501 009e 0C       		.uleb128 0xc
 502 009f 26       		.uleb128 0x26
 503 00a0 00       		.byte	0
 504 00a1 49       		.uleb128 0x49
 505 00a2 13       		.uleb128 0x13
 506 00a3 00       		.byte	0
 507 00a4 00       		.byte	0
 508 00a5 0D       		.uleb128 0xd
 509 00a6 01       		.uleb128 0x1
 510 00a7 01       		.byte	0x1
 511 00a8 49       		.uleb128 0x49
 512 00a9 13       		.uleb128 0x13
 513 00aa 01       		.uleb128 0x1
 514 00ab 13       		.uleb128 0x13
 515 00ac 00       		.byte	0
 516 00ad 00       		.byte	0
 517 00ae 0E       		.uleb128 0xe
 518 00af 21       		.uleb128 0x21
 519 00b0 00       		.byte	0
 520 00b1 49       		.uleb128 0x49
 521 00b2 13       		.uleb128 0x13
 522 00b3 2F       		.uleb128 0x2f
 523 00b4 0B       		.uleb128 0xb
 524 00b5 00       		.byte	0
 525 00b6 00       		.byte	0
ARM GAS  C:\Users\Rolando\AppData\Local\Temp\ccn1FExf.s 			page 12


 526 00b7 00       		.byte	0
 527              		.section	.debug_aranges,"",%progbits
 528 0000 1C000000 		.4byte	0x1c
 529 0004 0200     		.2byte	0x2
 530 0006 00000000 		.4byte	.Ldebug_info0
 531 000a 04       		.byte	0x4
 532 000b 00       		.byte	0
 533 000c 0000     		.2byte	0
 534 000e 0000     		.2byte	0
 535 0010 00000000 		.4byte	.LFB0
 536 0014 90000000 		.4byte	.LFE0-.LFB0
 537 0018 00000000 		.4byte	0
 538 001c 00000000 		.4byte	0
 539              		.section	.debug_ranges,"",%progbits
 540              	.Ldebug_ranges0:
 541 0000 00000000 		.4byte	.LFB0
 542 0004 90000000 		.4byte	.LFE0
 543 0008 00000000 		.4byte	0
 544 000c 00000000 		.4byte	0
 545              		.section	.debug_line,"",%progbits
 546              	.Ldebug_line0:
 547 0000 9E000000 		.section	.debug_str,"MS",%progbits,1
 547      02006E00 
 547      00000201 
 547      FB0E0D00 
 547      01010101 
 548              	.LASF31:
 549 0000 2E5C4765 		.ascii	".\\Generated_Source\\PSoC5\\USBUART_1_cls.c\000"
 549      6E657261 
 549      7465645F 
 549      536F7572 
 549      63655C50 
 550              	.LASF29:
 551 0029 55534255 		.ascii	"USBUART_1_EP\000"
 551      4152545F 
 551      315F4550 
 551      00
 552              	.LASF32:
 553 0036 473A5C44 		.ascii	"G:\\Documentos\\PSoC Creator\\CE95358.cydsn\000"
 553      6F63756D 
 553      656E746F 
 553      735C5053 
 553      6F432043 
 554              	.LASF3:
 555 005f 73686F72 		.ascii	"short unsigned int\000"
 555      7420756E 
 555      7369676E 
 555      65642069 
 555      6E7400
 556              	.LASF33:
 557 0072 55534255 		.ascii	"USBUART_1_DispatchClassRqst\000"
 557      4152545F 
 557      315F4469 
 557      73706174 
 557      6368436C 
 558              	.LASF26:
 559 008e 72657175 		.ascii	"requestHandled\000"
ARM GAS  C:\Users\Rolando\AppData\Local\Temp\ccn1FExf.s 			page 13


 559      65737448 
 559      616E646C 
 559      656400
 560              	.LASF11:
 561 009d 666C6F61 		.ascii	"float\000"
 561      7400
 562              	.LASF19:
 563 00a3 6570546F 		.ascii	"epToggle\000"
 563      67676C65 
 563      00
 564              	.LASF1:
 565 00ac 756E7369 		.ascii	"unsigned char\000"
 565      676E6564 
 565      20636861 
 565      7200
 566              	.LASF14:
 567 00ba 72656738 		.ascii	"reg8\000"
 567      00
 568              	.LASF5:
 569 00bf 6C6F6E67 		.ascii	"long unsigned int\000"
 569      20756E73 
 569      69676E65 
 569      6420696E 
 569      7400
 570              	.LASF20:
 571 00d1 61646472 		.ascii	"addr\000"
 571      00
 572              	.LASF28:
 573 00d6 55534255 		.ascii	"USBUART_1_interfaceClass\000"
 573      4152545F 
 573      315F696E 
 573      74657266 
 573      61636543 
 574              	.LASF27:
 575 00ef 696E7465 		.ascii	"interfaceNumber\000"
 575      72666163 
 575      654E756D 
 575      62657200 
 576              	.LASF30:
 577 00ff 474E5520 		.ascii	"GNU C 4.9.3 20150303 (release) [ARM/embedded-4_9-br"
 577      4320342E 
 577      392E3320 
 577      32303135 
 577      30333033 
 578 0132 616E6368 		.ascii	"anch revision 221220] -mcpu=cortex-m3 -mthumb -g -O"
 578      20726576 
 578      6973696F 
 578      6E203232 
 578      31323230 
 579 0165 30202D66 		.ascii	"0 -ffunction-sections -ffat-lto-objects\000"
 579      66756E63 
 579      74696F6E 
 579      2D736563 
 579      74696F6E 
 580              	.LASF12:
 581 018d 646F7562 		.ascii	"double\000"
 581      6C6500
ARM GAS  C:\Users\Rolando\AppData\Local\Temp\ccn1FExf.s 			page 14


 582              	.LASF16:
 583 0194 61747472 		.ascii	"attrib\000"
 583      696200
 584              	.LASF22:
 585 019b 62756666 		.ascii	"buffOffset\000"
 585      4F666673 
 585      657400
 586              	.LASF10:
 587 01a6 75696E74 		.ascii	"uint16\000"
 587      313600
 588              	.LASF17:
 589 01ad 61706945 		.ascii	"apiEpState\000"
 589      70537461 
 589      746500
 590              	.LASF8:
 591 01b8 756E7369 		.ascii	"unsigned int\000"
 591      676E6564 
 591      20696E74 
 591      00
 592              	.LASF7:
 593 01c5 6C6F6E67 		.ascii	"long long unsigned int\000"
 593      206C6F6E 
 593      6720756E 
 593      7369676E 
 593      65642069 
 594              	.LASF18:
 595 01dc 68774570 		.ascii	"hwEpState\000"
 595      53746174 
 595      6500
 596              	.LASF15:
 597 01e6 73697A65 		.ascii	"sizetype\000"
 597      74797065 
 597      00
 598              	.LASF21:
 599 01ef 65704D6F 		.ascii	"epMode\000"
 599      646500
 600              	.LASF6:
 601 01f6 6C6F6E67 		.ascii	"long long int\000"
 601      206C6F6E 
 601      6720696E 
 601      7400
 602              	.LASF25:
 603 0204 545F5553 		.ascii	"T_USBUART_1_EP_CTL_BLOCK\000"
 603      42554152 
 603      545F315F 
 603      45505F43 
 603      544C5F42 
 604              	.LASF13:
 605 021d 63686172 		.ascii	"char\000"
 605      00
 606              	.LASF23:
 607 0222 62756666 		.ascii	"bufferSize\000"
 607      65725369 
 607      7A6500
 608              	.LASF2:
 609 022d 73686F72 		.ascii	"short int\000"
 609      7420696E 
ARM GAS  C:\Users\Rolando\AppData\Local\Temp\ccn1FExf.s 			page 15


 609      7400
 610              	.LASF9:
 611 0237 75696E74 		.ascii	"uint8\000"
 611      3800
 612              	.LASF24:
 613 023d 696E7465 		.ascii	"interface\000"
 613      72666163 
 613      6500
 614              	.LASF4:
 615 0247 6C6F6E67 		.ascii	"long int\000"
 615      20696E74 
 615      00
 616              	.LASF0:
 617 0250 7369676E 		.ascii	"signed char\000"
 617      65642063 
 617      68617200 
 618              		.ident	"GCC: (GNU Tools for ARM Embedded Processors) 4.9.3 20150303 (release) [ARM/embedded-4_9-br
