ARM GAS  C:\Users\Rolando\AppData\Local\Temp\cc8yL9Jh.s 			page 1


   1              		.syntax unified
   2              		.cpu cortex-m3
   3              		.fpu softvfp
   4              		.eabi_attribute 20, 1
   5              		.eabi_attribute 21, 1
   6              		.eabi_attribute 23, 3
   7              		.eabi_attribute 24, 1
   8              		.eabi_attribute 25, 1
   9              		.eabi_attribute 26, 1
  10              		.eabi_attribute 30, 6
  11              		.eabi_attribute 34, 1
  12              		.eabi_attribute 18, 4
  13              		.thumb
  14              		.file	"USBUART_1_episr.c"
  15              		.text
  16              	.Ltext0:
  17              		.cfi_sections	.debug_frame
  18              		.section	.text.USBUART_1_EP_1_ISR,"ax",%progbits
  19              		.align	2
  20              		.global	USBUART_1_EP_1_ISR
  21              		.thumb
  22              		.thumb_func
  23              		.type	USBUART_1_EP_1_ISR, %function
  24              	USBUART_1_EP_1_ISR:
  25              	.LFB0:
  26              		.file 1 ".\\Generated_Source\\PSoC5\\USBUART_1_episr.c"
   1:.\Generated_Source\PSoC5/USBUART_1_episr.c **** /*******************************************************************************
   2:.\Generated_Source\PSoC5/USBUART_1_episr.c **** * File Name: USBUART_1_episr.c
   3:.\Generated_Source\PSoC5/USBUART_1_episr.c **** * Version 2.70
   4:.\Generated_Source\PSoC5/USBUART_1_episr.c **** *
   5:.\Generated_Source\PSoC5/USBUART_1_episr.c **** * Description:
   6:.\Generated_Source\PSoC5/USBUART_1_episr.c **** *  Data endpoint Interrupt Service Routines
   7:.\Generated_Source\PSoC5/USBUART_1_episr.c **** *
   8:.\Generated_Source\PSoC5/USBUART_1_episr.c **** * Note:
   9:.\Generated_Source\PSoC5/USBUART_1_episr.c **** *
  10:.\Generated_Source\PSoC5/USBUART_1_episr.c **** ********************************************************************************
  11:.\Generated_Source\PSoC5/USBUART_1_episr.c **** * Copyright 2008-2013, Cypress Semiconductor Corporation.  All rights reserved.
  12:.\Generated_Source\PSoC5/USBUART_1_episr.c **** * You may use this file only in accordance with the license, terms, conditions,
  13:.\Generated_Source\PSoC5/USBUART_1_episr.c **** * disclaimers, and limitations in the end user license agreement accompanying
  14:.\Generated_Source\PSoC5/USBUART_1_episr.c **** * the software package with which this file was provided.
  15:.\Generated_Source\PSoC5/USBUART_1_episr.c **** *******************************************************************************/
  16:.\Generated_Source\PSoC5/USBUART_1_episr.c **** 
  17:.\Generated_Source\PSoC5/USBUART_1_episr.c **** #include "USBUART_1.h"
  18:.\Generated_Source\PSoC5/USBUART_1_episr.c **** #include "USBUART_1_pvt.h"
  19:.\Generated_Source\PSoC5/USBUART_1_episr.c **** #if (defined(USBUART_1_ENABLE_MIDI_STREAMING) && (USBUART_1_ENABLE_MIDI_API != 0u))
  20:.\Generated_Source\PSoC5/USBUART_1_episr.c ****     #include "USBUART_1_midi.h"
  21:.\Generated_Source\PSoC5/USBUART_1_episr.c **** #endif /* (defined(USBUART_1_ENABLE_MIDI_STREAMING) && (USBUART_1_ENABLE_MIDI_API != 0u)) */
  22:.\Generated_Source\PSoC5/USBUART_1_episr.c **** #if ((USBUART_1_EP_MM == USBUART_1__EP_DMAAUTO) && (USBUART_1_EP_DMA_AUTO_OPT == 0u))
  23:.\Generated_Source\PSoC5/USBUART_1_episr.c ****     #include "USBUART_1_EP8_DMA_Done_SR.h"
  24:.\Generated_Source\PSoC5/USBUART_1_episr.c ****     #include "USBUART_1_EP17_DMA_Done_SR.h"
  25:.\Generated_Source\PSoC5/USBUART_1_episr.c **** #endif /* (USBUART_1_EP_MM == USBUART_1__EP_DMAAUTO) && (USBUART_1_EP_DMA_AUTO_OPT == 0u) */
  26:.\Generated_Source\PSoC5/USBUART_1_episr.c **** 
  27:.\Generated_Source\PSoC5/USBUART_1_episr.c **** 
  28:.\Generated_Source\PSoC5/USBUART_1_episr.c **** /***************************************
  29:.\Generated_Source\PSoC5/USBUART_1_episr.c **** * Custom Declarations
  30:.\Generated_Source\PSoC5/USBUART_1_episr.c **** ***************************************/
  31:.\Generated_Source\PSoC5/USBUART_1_episr.c **** /* `#START CUSTOM_DECLARATIONS` Place your declaration here */
ARM GAS  C:\Users\Rolando\AppData\Local\Temp\cc8yL9Jh.s 			page 2


  32:.\Generated_Source\PSoC5/USBUART_1_episr.c **** 
  33:.\Generated_Source\PSoC5/USBUART_1_episr.c **** /* `#END` */
  34:.\Generated_Source\PSoC5/USBUART_1_episr.c **** 
  35:.\Generated_Source\PSoC5/USBUART_1_episr.c **** 
  36:.\Generated_Source\PSoC5/USBUART_1_episr.c **** #if(USBUART_1_EP1_ISR_REMOVE == 0u)
  37:.\Generated_Source\PSoC5/USBUART_1_episr.c **** 
  38:.\Generated_Source\PSoC5/USBUART_1_episr.c **** 
  39:.\Generated_Source\PSoC5/USBUART_1_episr.c ****     /******************************************************************************
  40:.\Generated_Source\PSoC5/USBUART_1_episr.c ****     * Function Name: USBUART_1_EP_1_ISR
  41:.\Generated_Source\PSoC5/USBUART_1_episr.c ****     *******************************************************************************
  42:.\Generated_Source\PSoC5/USBUART_1_episr.c ****     *
  43:.\Generated_Source\PSoC5/USBUART_1_episr.c ****     * Summary:
  44:.\Generated_Source\PSoC5/USBUART_1_episr.c ****     *  Endpoint 1 Interrupt Service Routine
  45:.\Generated_Source\PSoC5/USBUART_1_episr.c ****     *
  46:.\Generated_Source\PSoC5/USBUART_1_episr.c ****     * Parameters:
  47:.\Generated_Source\PSoC5/USBUART_1_episr.c ****     *  None.
  48:.\Generated_Source\PSoC5/USBUART_1_episr.c ****     *
  49:.\Generated_Source\PSoC5/USBUART_1_episr.c ****     * Return:
  50:.\Generated_Source\PSoC5/USBUART_1_episr.c ****     *  None.
  51:.\Generated_Source\PSoC5/USBUART_1_episr.c ****     *
  52:.\Generated_Source\PSoC5/USBUART_1_episr.c ****     ******************************************************************************/
  53:.\Generated_Source\PSoC5/USBUART_1_episr.c ****     CY_ISR(USBUART_1_EP_1_ISR)
  54:.\Generated_Source\PSoC5/USBUART_1_episr.c ****     {
  27              		.loc 1 54 0
  28              		.cfi_startproc
  29              		@ args = 0, pretend = 0, frame = 0
  30              		@ frame_needed = 1, uses_anonymous_args = 0
  31              		@ link register save eliminated.
  32 0000 80B4     		push	{r7}
  33              		.cfi_def_cfa_offset 4
  34              		.cfi_offset 7, -4
  35 0002 00AF     		add	r7, sp, #0
  36              		.cfi_def_cfa_register 7
  55:.\Generated_Source\PSoC5/USBUART_1_episr.c ****         #if (defined(USBUART_1_ENABLE_MIDI_STREAMING) && !defined(USBUART_1_MAIN_SERVICE_MIDI_OUT) 
  56:.\Generated_Source\PSoC5/USBUART_1_episr.c ****                      USBUART_1_ISR_SERVICE_MIDI_OUT && CY_PSOC3)
  57:.\Generated_Source\PSoC5/USBUART_1_episr.c ****             uint8 int_en;
  58:.\Generated_Source\PSoC5/USBUART_1_episr.c ****         #endif /* USBUART_1_ISR_SERVICE_MIDI_OUT && CY_PSOC3 */
  59:.\Generated_Source\PSoC5/USBUART_1_episr.c **** 
  60:.\Generated_Source\PSoC5/USBUART_1_episr.c ****         /* `#START EP1_USER_CODE` Place your code here */
  61:.\Generated_Source\PSoC5/USBUART_1_episr.c **** 
  62:.\Generated_Source\PSoC5/USBUART_1_episr.c ****         /* `#END` */
  63:.\Generated_Source\PSoC5/USBUART_1_episr.c **** 
  64:.\Generated_Source\PSoC5/USBUART_1_episr.c ****         #if (defined(USBUART_1_ENABLE_MIDI_STREAMING) && !defined(USBUART_1_MAIN_SERVICE_MIDI_OUT) 
  65:.\Generated_Source\PSoC5/USBUART_1_episr.c ****                      USBUART_1_ISR_SERVICE_MIDI_OUT && CY_PSOC3)
  66:.\Generated_Source\PSoC5/USBUART_1_episr.c ****             int_en = EA;
  67:.\Generated_Source\PSoC5/USBUART_1_episr.c ****             CyGlobalIntEnable;  /* Make sure nested interrupt is enabled */
  68:.\Generated_Source\PSoC5/USBUART_1_episr.c ****         #endif /* USBUART_1_ISR_SERVICE_MIDI_OUT && CY_PSOC3 */
  69:.\Generated_Source\PSoC5/USBUART_1_episr.c **** 
  70:.\Generated_Source\PSoC5/USBUART_1_episr.c ****         CY_GET_REG8(USBUART_1_SIE_EP1_CR0_PTR); /* Must read the mode reg */
  37              		.loc 1 70 0
  38 0004 104B     		ldr	r3, .L3
  39 0006 1B78     		ldrb	r3, [r3]
  71:.\Generated_Source\PSoC5/USBUART_1_episr.c ****         /* Do not toggle ISOC endpoint */
  72:.\Generated_Source\PSoC5/USBUART_1_episr.c ****         if((USBUART_1_EP[USBUART_1_EP1].attrib & USBUART_1_EP_TYPE_MASK) !=
  40              		.loc 1 72 0
  41 0008 104B     		ldr	r3, .L3+4
  42 000a 1B7B     		ldrb	r3, [r3, #12]
ARM GAS  C:\Users\Rolando\AppData\Local\Temp\cc8yL9Jh.s 			page 3


  43 000c DBB2     		uxtb	r3, r3
  44 000e 03F00303 		and	r3, r3, #3
  45 0012 012B     		cmp	r3, #1
  46 0014 08D0     		beq	.L2
  73:.\Generated_Source\PSoC5/USBUART_1_episr.c ****                                                                                     USBUART_1_EP_TY
  74:.\Generated_Source\PSoC5/USBUART_1_episr.c ****         {
  75:.\Generated_Source\PSoC5/USBUART_1_episr.c ****             USBUART_1_EP[USBUART_1_EP1].epToggle ^= USBUART_1_EPX_CNT_DATA_TOGGLE;
  47              		.loc 1 75 0
  48 0016 0D4B     		ldr	r3, .L3+4
  49 0018 DB7B     		ldrb	r3, [r3, #15]
  50 001a DBB2     		uxtb	r3, r3
  51 001c 83F07F03 		eor	r3, r3, #127
  52 0020 DB43     		mvns	r3, r3
  53 0022 DAB2     		uxtb	r2, r3
  54 0024 094B     		ldr	r3, .L3+4
  55 0026 DA73     		strb	r2, [r3, #15]
  56              	.L2:
  76:.\Generated_Source\PSoC5/USBUART_1_episr.c ****         }
  77:.\Generated_Source\PSoC5/USBUART_1_episr.c ****         USBUART_1_EP[USBUART_1_EP1].apiEpState = USBUART_1_EVENT_PENDING;
  57              		.loc 1 77 0
  58 0028 084B     		ldr	r3, .L3+4
  59 002a 0122     		movs	r2, #1
  60 002c 5A73     		strb	r2, [r3, #13]
  78:.\Generated_Source\PSoC5/USBUART_1_episr.c ****         CY_SET_REG8(USBUART_1_SIE_EP_INT_SR_PTR, CY_GET_REG8(USBUART_1_SIE_EP_INT_SR_PTR) &
  61              		.loc 1 78 0
  62 002e 084A     		ldr	r2, .L3+8
  63 0030 074B     		ldr	r3, .L3+8
  64 0032 1B78     		ldrb	r3, [r3]
  65 0034 DBB2     		uxtb	r3, r3
  66 0036 23F00103 		bic	r3, r3, #1
  67 003a DBB2     		uxtb	r3, r3
  68 003c 1370     		strb	r3, [r2]
  79:.\Generated_Source\PSoC5/USBUART_1_episr.c ****                                                                     (uint8)~USBUART_1_SIE_EP_INT_EP
  80:.\Generated_Source\PSoC5/USBUART_1_episr.c **** 
  81:.\Generated_Source\PSoC5/USBUART_1_episr.c ****         #if (defined(USBUART_1_ENABLE_MIDI_STREAMING) && !defined(USBUART_1_MAIN_SERVICE_MIDI_OUT) 
  82:.\Generated_Source\PSoC5/USBUART_1_episr.c ****                      USBUART_1_ISR_SERVICE_MIDI_OUT)
  83:.\Generated_Source\PSoC5/USBUART_1_episr.c ****             if(USBUART_1_midi_out_ep == USBUART_1_EP1)
  84:.\Generated_Source\PSoC5/USBUART_1_episr.c ****             {
  85:.\Generated_Source\PSoC5/USBUART_1_episr.c ****                 USBUART_1_MIDI_OUT_EP_Service();
  86:.\Generated_Source\PSoC5/USBUART_1_episr.c ****             }
  87:.\Generated_Source\PSoC5/USBUART_1_episr.c ****         #endif /*  USBUART_1_ISR_SERVICE_MIDI_OUT */
  88:.\Generated_Source\PSoC5/USBUART_1_episr.c **** 
  89:.\Generated_Source\PSoC5/USBUART_1_episr.c ****         /* `#START EP1_END_USER_CODE` Place your code here */
  90:.\Generated_Source\PSoC5/USBUART_1_episr.c **** 
  91:.\Generated_Source\PSoC5/USBUART_1_episr.c ****         /* `#END` */
  92:.\Generated_Source\PSoC5/USBUART_1_episr.c **** 
  93:.\Generated_Source\PSoC5/USBUART_1_episr.c ****         #if (defined(USBUART_1_ENABLE_MIDI_STREAMING) && !defined(USBUART_1_MAIN_SERVICE_MIDI_OUT) 
  94:.\Generated_Source\PSoC5/USBUART_1_episr.c ****                      USBUART_1_ISR_SERVICE_MIDI_OUT && CY_PSOC3)
  95:.\Generated_Source\PSoC5/USBUART_1_episr.c ****             EA = int_en;
  96:.\Generated_Source\PSoC5/USBUART_1_episr.c ****         #endif /* USBUART_1_ISR_SERVICE_MIDI_OUT && CY_PSOC3 */
  97:.\Generated_Source\PSoC5/USBUART_1_episr.c ****     }
  69              		.loc 1 97 0
  70 003e BD46     		mov	sp, r7
  71              		.cfi_def_cfa_register 13
  72              		@ sp needed
  73 0040 5DF8047B 		ldr	r7, [sp], #4
  74              		.cfi_restore 7
ARM GAS  C:\Users\Rolando\AppData\Local\Temp\cc8yL9Jh.s 			page 4


  75              		.cfi_def_cfa_offset 0
  76 0044 7047     		bx	lr
  77              	.L4:
  78 0046 00BF     		.align	2
  79              	.L3:
  80 0048 0E600040 		.word	1073766414
  81 004c 00000000 		.word	USBUART_1_EP
  82 0050 0B600040 		.word	1073766411
  83              		.cfi_endproc
  84              	.LFE0:
  85              		.size	USBUART_1_EP_1_ISR, .-USBUART_1_EP_1_ISR
  86              		.section	.text.USBUART_1_EP_2_ISR,"ax",%progbits
  87              		.align	2
  88              		.global	USBUART_1_EP_2_ISR
  89              		.thumb
  90              		.thumb_func
  91              		.type	USBUART_1_EP_2_ISR, %function
  92              	USBUART_1_EP_2_ISR:
  93              	.LFB1:
  98:.\Generated_Source\PSoC5/USBUART_1_episr.c **** 
  99:.\Generated_Source\PSoC5/USBUART_1_episr.c **** #endif   /*  USBUART_1_EP1_ISR_REMOVE */
 100:.\Generated_Source\PSoC5/USBUART_1_episr.c **** 
 101:.\Generated_Source\PSoC5/USBUART_1_episr.c **** 
 102:.\Generated_Source\PSoC5/USBUART_1_episr.c **** #if(USBUART_1_EP2_ISR_REMOVE == 0u)
 103:.\Generated_Source\PSoC5/USBUART_1_episr.c **** 
 104:.\Generated_Source\PSoC5/USBUART_1_episr.c ****     /*******************************************************************************
 105:.\Generated_Source\PSoC5/USBUART_1_episr.c ****     * Function Name: USBUART_1_EP_2_ISR
 106:.\Generated_Source\PSoC5/USBUART_1_episr.c ****     ********************************************************************************
 107:.\Generated_Source\PSoC5/USBUART_1_episr.c ****     *
 108:.\Generated_Source\PSoC5/USBUART_1_episr.c ****     * Summary:
 109:.\Generated_Source\PSoC5/USBUART_1_episr.c ****     *  Endpoint 2 Interrupt Service Routine
 110:.\Generated_Source\PSoC5/USBUART_1_episr.c ****     *
 111:.\Generated_Source\PSoC5/USBUART_1_episr.c ****     * Parameters:
 112:.\Generated_Source\PSoC5/USBUART_1_episr.c ****     *  None.
 113:.\Generated_Source\PSoC5/USBUART_1_episr.c ****     *
 114:.\Generated_Source\PSoC5/USBUART_1_episr.c ****     * Return:
 115:.\Generated_Source\PSoC5/USBUART_1_episr.c ****     *  None.
 116:.\Generated_Source\PSoC5/USBUART_1_episr.c ****     *
 117:.\Generated_Source\PSoC5/USBUART_1_episr.c ****     *******************************************************************************/
 118:.\Generated_Source\PSoC5/USBUART_1_episr.c ****     CY_ISR(USBUART_1_EP_2_ISR)
 119:.\Generated_Source\PSoC5/USBUART_1_episr.c ****     {
  94              		.loc 1 119 0
  95              		.cfi_startproc
  96              		@ args = 0, pretend = 0, frame = 0
  97              		@ frame_needed = 1, uses_anonymous_args = 0
  98              		@ link register save eliminated.
  99 0000 80B4     		push	{r7}
 100              		.cfi_def_cfa_offset 4
 101              		.cfi_offset 7, -4
 102 0002 00AF     		add	r7, sp, #0
 103              		.cfi_def_cfa_register 7
 120:.\Generated_Source\PSoC5/USBUART_1_episr.c ****         #if (defined(USBUART_1_ENABLE_MIDI_STREAMING) && !defined(USBUART_1_MAIN_SERVICE_MIDI_OUT) 
 121:.\Generated_Source\PSoC5/USBUART_1_episr.c ****                      USBUART_1_ISR_SERVICE_MIDI_OUT && CY_PSOC3)
 122:.\Generated_Source\PSoC5/USBUART_1_episr.c ****             uint8 int_en;
 123:.\Generated_Source\PSoC5/USBUART_1_episr.c ****         #endif /* USBUART_1_ISR_SERVICE_MIDI_OUT && CY_PSOC3 */
 124:.\Generated_Source\PSoC5/USBUART_1_episr.c **** 
 125:.\Generated_Source\PSoC5/USBUART_1_episr.c ****         /* `#START EP2_USER_CODE` Place your code here */
ARM GAS  C:\Users\Rolando\AppData\Local\Temp\cc8yL9Jh.s 			page 5


 126:.\Generated_Source\PSoC5/USBUART_1_episr.c **** 
 127:.\Generated_Source\PSoC5/USBUART_1_episr.c ****         /* `#END` */
 128:.\Generated_Source\PSoC5/USBUART_1_episr.c **** 
 129:.\Generated_Source\PSoC5/USBUART_1_episr.c ****         #if (defined(USBUART_1_ENABLE_MIDI_STREAMING) && !defined(USBUART_1_MAIN_SERVICE_MIDI_OUT) 
 130:.\Generated_Source\PSoC5/USBUART_1_episr.c ****                      USBUART_1_ISR_SERVICE_MIDI_OUT && CY_PSOC3)
 131:.\Generated_Source\PSoC5/USBUART_1_episr.c ****             int_en = EA;
 132:.\Generated_Source\PSoC5/USBUART_1_episr.c ****             CyGlobalIntEnable;  /* Make sure nested interrupt is enabled */
 133:.\Generated_Source\PSoC5/USBUART_1_episr.c ****         #endif /* USBUART_1_ISR_SERVICE_MIDI_OUT && CY_PSOC3 */
 134:.\Generated_Source\PSoC5/USBUART_1_episr.c **** 
 135:.\Generated_Source\PSoC5/USBUART_1_episr.c ****         CY_GET_REG8(USBUART_1_SIE_EP2_CR0_PTR); /* Must read the mode reg */
 104              		.loc 1 135 0
 105 0004 104B     		ldr	r3, .L7
 106 0006 1B78     		ldrb	r3, [r3]
 136:.\Generated_Source\PSoC5/USBUART_1_episr.c ****         /* Do not toggle ISOC endpoint */
 137:.\Generated_Source\PSoC5/USBUART_1_episr.c ****         if((USBUART_1_EP[USBUART_1_EP2].attrib & USBUART_1_EP_TYPE_MASK) !=
 107              		.loc 1 137 0
 108 0008 104B     		ldr	r3, .L7+4
 109 000a 1B7E     		ldrb	r3, [r3, #24]
 110 000c DBB2     		uxtb	r3, r3
 111 000e 03F00303 		and	r3, r3, #3
 112 0012 012B     		cmp	r3, #1
 113 0014 08D0     		beq	.L6
 138:.\Generated_Source\PSoC5/USBUART_1_episr.c ****                                                                                     USBUART_1_EP_TY
 139:.\Generated_Source\PSoC5/USBUART_1_episr.c ****         {
 140:.\Generated_Source\PSoC5/USBUART_1_episr.c ****             USBUART_1_EP[USBUART_1_EP2].epToggle ^= USBUART_1_EPX_CNT_DATA_TOGGLE;
 114              		.loc 1 140 0
 115 0016 0D4B     		ldr	r3, .L7+4
 116 0018 DB7E     		ldrb	r3, [r3, #27]
 117 001a DBB2     		uxtb	r3, r3
 118 001c 83F07F03 		eor	r3, r3, #127
 119 0020 DB43     		mvns	r3, r3
 120 0022 DAB2     		uxtb	r2, r3
 121 0024 094B     		ldr	r3, .L7+4
 122 0026 DA76     		strb	r2, [r3, #27]
 123              	.L6:
 141:.\Generated_Source\PSoC5/USBUART_1_episr.c ****         }
 142:.\Generated_Source\PSoC5/USBUART_1_episr.c ****         USBUART_1_EP[USBUART_1_EP2].apiEpState = USBUART_1_EVENT_PENDING;
 124              		.loc 1 142 0
 125 0028 084B     		ldr	r3, .L7+4
 126 002a 0122     		movs	r2, #1
 127 002c 5A76     		strb	r2, [r3, #25]
 143:.\Generated_Source\PSoC5/USBUART_1_episr.c ****         CY_SET_REG8(USBUART_1_SIE_EP_INT_SR_PTR, CY_GET_REG8(USBUART_1_SIE_EP_INT_SR_PTR)
 128              		.loc 1 143 0
 129 002e 084A     		ldr	r2, .L7+8
 130 0030 074B     		ldr	r3, .L7+8
 131 0032 1B78     		ldrb	r3, [r3]
 132 0034 DBB2     		uxtb	r3, r3
 133 0036 23F00203 		bic	r3, r3, #2
 134 003a DBB2     		uxtb	r3, r3
 135 003c 1370     		strb	r3, [r2]
 144:.\Generated_Source\PSoC5/USBUART_1_episr.c ****                                                                         & (uint8)~USBUART_1_SIE_EP_
 145:.\Generated_Source\PSoC5/USBUART_1_episr.c **** 
 146:.\Generated_Source\PSoC5/USBUART_1_episr.c ****         #if (defined(USBUART_1_ENABLE_MIDI_STREAMING) && !defined(USBUART_1_MAIN_SERVICE_MIDI_OUT) 
 147:.\Generated_Source\PSoC5/USBUART_1_episr.c ****                      USBUART_1_ISR_SERVICE_MIDI_OUT)
 148:.\Generated_Source\PSoC5/USBUART_1_episr.c ****             if(USBUART_1_midi_out_ep == USBUART_1_EP2)
 149:.\Generated_Source\PSoC5/USBUART_1_episr.c ****             {
 150:.\Generated_Source\PSoC5/USBUART_1_episr.c ****                 USBUART_1_MIDI_OUT_EP_Service();
ARM GAS  C:\Users\Rolando\AppData\Local\Temp\cc8yL9Jh.s 			page 6


 151:.\Generated_Source\PSoC5/USBUART_1_episr.c ****             }
 152:.\Generated_Source\PSoC5/USBUART_1_episr.c ****         #endif /*  USBUART_1_ISR_SERVICE_MIDI_OUT */
 153:.\Generated_Source\PSoC5/USBUART_1_episr.c **** 
 154:.\Generated_Source\PSoC5/USBUART_1_episr.c ****         /* `#START EP2_END_USER_CODE` Place your code here */
 155:.\Generated_Source\PSoC5/USBUART_1_episr.c **** 
 156:.\Generated_Source\PSoC5/USBUART_1_episr.c ****         /* `#END` */
 157:.\Generated_Source\PSoC5/USBUART_1_episr.c **** 
 158:.\Generated_Source\PSoC5/USBUART_1_episr.c ****         #if (defined(USBUART_1_ENABLE_MIDI_STREAMING) && !defined(USBUART_1_MAIN_SERVICE_MIDI_OUT) 
 159:.\Generated_Source\PSoC5/USBUART_1_episr.c ****                      USBUART_1_ISR_SERVICE_MIDI_OUT && CY_PSOC3)
 160:.\Generated_Source\PSoC5/USBUART_1_episr.c ****             EA = int_en;
 161:.\Generated_Source\PSoC5/USBUART_1_episr.c ****         #endif /* USBUART_1_ISR_SERVICE_MIDI_OUT && CY_PSOC3 */
 162:.\Generated_Source\PSoC5/USBUART_1_episr.c ****     }
 136              		.loc 1 162 0
 137 003e BD46     		mov	sp, r7
 138              		.cfi_def_cfa_register 13
 139              		@ sp needed
 140 0040 5DF8047B 		ldr	r7, [sp], #4
 141              		.cfi_restore 7
 142              		.cfi_def_cfa_offset 0
 143 0044 7047     		bx	lr
 144              	.L8:
 145 0046 00BF     		.align	2
 146              	.L7:
 147 0048 1E600040 		.word	1073766430
 148 004c 00000000 		.word	USBUART_1_EP
 149 0050 0B600040 		.word	1073766411
 150              		.cfi_endproc
 151              	.LFE1:
 152              		.size	USBUART_1_EP_2_ISR, .-USBUART_1_EP_2_ISR
 153              		.section	.text.USBUART_1_EP_3_ISR,"ax",%progbits
 154              		.align	2
 155              		.global	USBUART_1_EP_3_ISR
 156              		.thumb
 157              		.thumb_func
 158              		.type	USBUART_1_EP_3_ISR, %function
 159              	USBUART_1_EP_3_ISR:
 160              	.LFB2:
 163:.\Generated_Source\PSoC5/USBUART_1_episr.c **** 
 164:.\Generated_Source\PSoC5/USBUART_1_episr.c **** #endif   /*  USBUART_1_EP2_ISR_REMOVE */
 165:.\Generated_Source\PSoC5/USBUART_1_episr.c **** 
 166:.\Generated_Source\PSoC5/USBUART_1_episr.c **** 
 167:.\Generated_Source\PSoC5/USBUART_1_episr.c **** #if(USBUART_1_EP3_ISR_REMOVE == 0u)
 168:.\Generated_Source\PSoC5/USBUART_1_episr.c **** 
 169:.\Generated_Source\PSoC5/USBUART_1_episr.c ****     /*******************************************************************************
 170:.\Generated_Source\PSoC5/USBUART_1_episr.c ****     * Function Name: USBUART_1_EP_3_ISR
 171:.\Generated_Source\PSoC5/USBUART_1_episr.c ****     ********************************************************************************
 172:.\Generated_Source\PSoC5/USBUART_1_episr.c ****     *
 173:.\Generated_Source\PSoC5/USBUART_1_episr.c ****     * Summary:
 174:.\Generated_Source\PSoC5/USBUART_1_episr.c ****     *  Endpoint 3 Interrupt Service Routine
 175:.\Generated_Source\PSoC5/USBUART_1_episr.c ****     *
 176:.\Generated_Source\PSoC5/USBUART_1_episr.c ****     * Parameters:
 177:.\Generated_Source\PSoC5/USBUART_1_episr.c ****     *  None.
 178:.\Generated_Source\PSoC5/USBUART_1_episr.c ****     *
 179:.\Generated_Source\PSoC5/USBUART_1_episr.c ****     * Return:
 180:.\Generated_Source\PSoC5/USBUART_1_episr.c ****     *  None.
 181:.\Generated_Source\PSoC5/USBUART_1_episr.c ****     *
 182:.\Generated_Source\PSoC5/USBUART_1_episr.c ****     *******************************************************************************/
ARM GAS  C:\Users\Rolando\AppData\Local\Temp\cc8yL9Jh.s 			page 7


 183:.\Generated_Source\PSoC5/USBUART_1_episr.c ****     CY_ISR(USBUART_1_EP_3_ISR)
 184:.\Generated_Source\PSoC5/USBUART_1_episr.c ****     {
 161              		.loc 1 184 0
 162              		.cfi_startproc
 163              		@ args = 0, pretend = 0, frame = 0
 164              		@ frame_needed = 1, uses_anonymous_args = 0
 165              		@ link register save eliminated.
 166 0000 80B4     		push	{r7}
 167              		.cfi_def_cfa_offset 4
 168              		.cfi_offset 7, -4
 169 0002 00AF     		add	r7, sp, #0
 170              		.cfi_def_cfa_register 7
 185:.\Generated_Source\PSoC5/USBUART_1_episr.c ****         #if (defined(USBUART_1_ENABLE_MIDI_STREAMING) && !defined(USBUART_1_MAIN_SERVICE_MIDI_OUT) 
 186:.\Generated_Source\PSoC5/USBUART_1_episr.c ****                      USBUART_1_ISR_SERVICE_MIDI_OUT && CY_PSOC3)
 187:.\Generated_Source\PSoC5/USBUART_1_episr.c ****             uint8 int_en;
 188:.\Generated_Source\PSoC5/USBUART_1_episr.c ****         #endif /* USBUART_1_ISR_SERVICE_MIDI_OUT && CY_PSOC3 */
 189:.\Generated_Source\PSoC5/USBUART_1_episr.c **** 
 190:.\Generated_Source\PSoC5/USBUART_1_episr.c ****         /* `#START EP3_USER_CODE` Place your code here */
 191:.\Generated_Source\PSoC5/USBUART_1_episr.c **** 
 192:.\Generated_Source\PSoC5/USBUART_1_episr.c ****         /* `#END` */
 193:.\Generated_Source\PSoC5/USBUART_1_episr.c **** 
 194:.\Generated_Source\PSoC5/USBUART_1_episr.c ****         #if (defined(USBUART_1_ENABLE_MIDI_STREAMING) && !defined(USBUART_1_MAIN_SERVICE_MIDI_OUT) 
 195:.\Generated_Source\PSoC5/USBUART_1_episr.c ****                      USBUART_1_ISR_SERVICE_MIDI_OUT && CY_PSOC3)
 196:.\Generated_Source\PSoC5/USBUART_1_episr.c ****             int_en = EA;
 197:.\Generated_Source\PSoC5/USBUART_1_episr.c ****             CyGlobalIntEnable;  /* Make sure nested interrupt is enabled */
 198:.\Generated_Source\PSoC5/USBUART_1_episr.c ****         #endif /* CY_PSOC3 & USBUART_1_ISR_SERVICE_MIDI_OUT  */
 199:.\Generated_Source\PSoC5/USBUART_1_episr.c **** 
 200:.\Generated_Source\PSoC5/USBUART_1_episr.c ****         CY_GET_REG8(USBUART_1_SIE_EP3_CR0_PTR); /* Must read the mode reg */
 171              		.loc 1 200 0
 172 0004 124B     		ldr	r3, .L11
 173 0006 1B78     		ldrb	r3, [r3]
 201:.\Generated_Source\PSoC5/USBUART_1_episr.c ****         /* Do not toggle ISOC endpoint */
 202:.\Generated_Source\PSoC5/USBUART_1_episr.c ****         if((USBUART_1_EP[USBUART_1_EP3].attrib & USBUART_1_EP_TYPE_MASK) !=
 174              		.loc 1 202 0
 175 0008 124B     		ldr	r3, .L11+4
 176 000a 93F82430 		ldrb	r3, [r3, #36]
 177 000e DBB2     		uxtb	r3, r3
 178 0010 03F00303 		and	r3, r3, #3
 179 0014 012B     		cmp	r3, #1
 180 0016 0AD0     		beq	.L10
 203:.\Generated_Source\PSoC5/USBUART_1_episr.c ****                                                                                     USBUART_1_EP_TY
 204:.\Generated_Source\PSoC5/USBUART_1_episr.c ****         {
 205:.\Generated_Source\PSoC5/USBUART_1_episr.c ****             USBUART_1_EP[USBUART_1_EP3].epToggle ^= USBUART_1_EPX_CNT_DATA_TOGGLE;
 181              		.loc 1 205 0
 182 0018 0E4B     		ldr	r3, .L11+4
 183 001a 93F82730 		ldrb	r3, [r3, #39]
 184 001e DBB2     		uxtb	r3, r3
 185 0020 83F07F03 		eor	r3, r3, #127
 186 0024 DB43     		mvns	r3, r3
 187 0026 DAB2     		uxtb	r2, r3
 188 0028 0A4B     		ldr	r3, .L11+4
 189 002a 83F82720 		strb	r2, [r3, #39]
 190              	.L10:
 206:.\Generated_Source\PSoC5/USBUART_1_episr.c ****         }
 207:.\Generated_Source\PSoC5/USBUART_1_episr.c ****         USBUART_1_EP[USBUART_1_EP3].apiEpState = USBUART_1_EVENT_PENDING;
 191              		.loc 1 207 0
 192 002e 094B     		ldr	r3, .L11+4
ARM GAS  C:\Users\Rolando\AppData\Local\Temp\cc8yL9Jh.s 			page 8


 193 0030 0122     		movs	r2, #1
 194 0032 83F82520 		strb	r2, [r3, #37]
 208:.\Generated_Source\PSoC5/USBUART_1_episr.c ****         CY_SET_REG8(USBUART_1_SIE_EP_INT_SR_PTR, CY_GET_REG8(USBUART_1_SIE_EP_INT_SR_PTR)
 195              		.loc 1 208 0
 196 0036 084A     		ldr	r2, .L11+8
 197 0038 074B     		ldr	r3, .L11+8
 198 003a 1B78     		ldrb	r3, [r3]
 199 003c DBB2     		uxtb	r3, r3
 200 003e 23F00403 		bic	r3, r3, #4
 201 0042 DBB2     		uxtb	r3, r3
 202 0044 1370     		strb	r3, [r2]
 209:.\Generated_Source\PSoC5/USBUART_1_episr.c ****                                                                         & (uint8)~USBUART_1_SIE_EP_
 210:.\Generated_Source\PSoC5/USBUART_1_episr.c **** 
 211:.\Generated_Source\PSoC5/USBUART_1_episr.c ****         #if (defined(USBUART_1_ENABLE_MIDI_STREAMING) && !defined(USBUART_1_MAIN_SERVICE_MIDI_OUT) 
 212:.\Generated_Source\PSoC5/USBUART_1_episr.c ****                      USBUART_1_ISR_SERVICE_MIDI_OUT)
 213:.\Generated_Source\PSoC5/USBUART_1_episr.c ****             if(USBUART_1_midi_out_ep == USBUART_1_EP3)
 214:.\Generated_Source\PSoC5/USBUART_1_episr.c ****             {
 215:.\Generated_Source\PSoC5/USBUART_1_episr.c ****                 USBUART_1_MIDI_OUT_EP_Service();
 216:.\Generated_Source\PSoC5/USBUART_1_episr.c ****             }
 217:.\Generated_Source\PSoC5/USBUART_1_episr.c ****         #endif /*  USBUART_1_ISR_SERVICE_MIDI_OUT */
 218:.\Generated_Source\PSoC5/USBUART_1_episr.c **** 
 219:.\Generated_Source\PSoC5/USBUART_1_episr.c ****         /* `#START EP3_END_USER_CODE` Place your code here */
 220:.\Generated_Source\PSoC5/USBUART_1_episr.c **** 
 221:.\Generated_Source\PSoC5/USBUART_1_episr.c ****         /* `#END` */
 222:.\Generated_Source\PSoC5/USBUART_1_episr.c **** 
 223:.\Generated_Source\PSoC5/USBUART_1_episr.c ****         #if (defined(USBUART_1_ENABLE_MIDI_STREAMING) && !defined(USBUART_1_MAIN_SERVICE_MIDI_OUT) 
 224:.\Generated_Source\PSoC5/USBUART_1_episr.c ****                      USBUART_1_ISR_SERVICE_MIDI_OUT && CY_PSOC3)
 225:.\Generated_Source\PSoC5/USBUART_1_episr.c ****             EA = int_en;
 226:.\Generated_Source\PSoC5/USBUART_1_episr.c ****         #endif /* CY_PSOC3 & USBUART_1_ISR_SERVICE_MIDI_OUT  */
 227:.\Generated_Source\PSoC5/USBUART_1_episr.c ****     }
 203              		.loc 1 227 0
 204 0046 BD46     		mov	sp, r7
 205              		.cfi_def_cfa_register 13
 206              		@ sp needed
 207 0048 5DF8047B 		ldr	r7, [sp], #4
 208              		.cfi_restore 7
 209              		.cfi_def_cfa_offset 0
 210 004c 7047     		bx	lr
 211              	.L12:
 212 004e 00BF     		.align	2
 213              	.L11:
 214 0050 2E600040 		.word	1073766446
 215 0054 00000000 		.word	USBUART_1_EP
 216 0058 0B600040 		.word	1073766411
 217              		.cfi_endproc
 218              	.LFE2:
 219              		.size	USBUART_1_EP_3_ISR, .-USBUART_1_EP_3_ISR
 220              		.section	.text.USBUART_1_SOF_ISR,"ax",%progbits
 221              		.align	2
 222              		.global	USBUART_1_SOF_ISR
 223              		.thumb
 224              		.thumb_func
 225              		.type	USBUART_1_SOF_ISR, %function
 226              	USBUART_1_SOF_ISR:
 227              	.LFB3:
 228:.\Generated_Source\PSoC5/USBUART_1_episr.c **** 
 229:.\Generated_Source\PSoC5/USBUART_1_episr.c **** #endif   /*  USBUART_1_EP3_ISR_REMOVE */
ARM GAS  C:\Users\Rolando\AppData\Local\Temp\cc8yL9Jh.s 			page 9


 230:.\Generated_Source\PSoC5/USBUART_1_episr.c **** 
 231:.\Generated_Source\PSoC5/USBUART_1_episr.c **** 
 232:.\Generated_Source\PSoC5/USBUART_1_episr.c **** #if(USBUART_1_EP4_ISR_REMOVE == 0u)
 233:.\Generated_Source\PSoC5/USBUART_1_episr.c **** 
 234:.\Generated_Source\PSoC5/USBUART_1_episr.c ****     /*******************************************************************************
 235:.\Generated_Source\PSoC5/USBUART_1_episr.c ****     * Function Name: USBUART_1_EP_4_ISR
 236:.\Generated_Source\PSoC5/USBUART_1_episr.c ****     ********************************************************************************
 237:.\Generated_Source\PSoC5/USBUART_1_episr.c ****     *
 238:.\Generated_Source\PSoC5/USBUART_1_episr.c ****     * Summary:
 239:.\Generated_Source\PSoC5/USBUART_1_episr.c ****     *  Endpoint 4 Interrupt Service Routine
 240:.\Generated_Source\PSoC5/USBUART_1_episr.c ****     *
 241:.\Generated_Source\PSoC5/USBUART_1_episr.c ****     * Parameters:
 242:.\Generated_Source\PSoC5/USBUART_1_episr.c ****     *  None.
 243:.\Generated_Source\PSoC5/USBUART_1_episr.c ****     *
 244:.\Generated_Source\PSoC5/USBUART_1_episr.c ****     * Return:
 245:.\Generated_Source\PSoC5/USBUART_1_episr.c ****     *  None.
 246:.\Generated_Source\PSoC5/USBUART_1_episr.c ****     *
 247:.\Generated_Source\PSoC5/USBUART_1_episr.c ****     *******************************************************************************/
 248:.\Generated_Source\PSoC5/USBUART_1_episr.c ****     CY_ISR(USBUART_1_EP_4_ISR)
 249:.\Generated_Source\PSoC5/USBUART_1_episr.c ****     {
 250:.\Generated_Source\PSoC5/USBUART_1_episr.c ****         #if (defined(USBUART_1_ENABLE_MIDI_STREAMING) && !defined(USBUART_1_MAIN_SERVICE_MIDI_OUT) 
 251:.\Generated_Source\PSoC5/USBUART_1_episr.c ****                      USBUART_1_ISR_SERVICE_MIDI_OUT && CY_PSOC3)
 252:.\Generated_Source\PSoC5/USBUART_1_episr.c ****             uint8 int_en;
 253:.\Generated_Source\PSoC5/USBUART_1_episr.c ****         #endif /* CY_PSOC3 & USBUART_1_ISR_SERVICE_MIDI_OUT  */
 254:.\Generated_Source\PSoC5/USBUART_1_episr.c **** 
 255:.\Generated_Source\PSoC5/USBUART_1_episr.c ****         /* `#START EP4_USER_CODE` Place your code here */
 256:.\Generated_Source\PSoC5/USBUART_1_episr.c **** 
 257:.\Generated_Source\PSoC5/USBUART_1_episr.c ****         /* `#END` */
 258:.\Generated_Source\PSoC5/USBUART_1_episr.c **** 
 259:.\Generated_Source\PSoC5/USBUART_1_episr.c ****         #if (defined(USBUART_1_ENABLE_MIDI_STREAMING) && !defined(USBUART_1_MAIN_SERVICE_MIDI_OUT) 
 260:.\Generated_Source\PSoC5/USBUART_1_episr.c ****                      USBUART_1_ISR_SERVICE_MIDI_OUT && CY_PSOC3)
 261:.\Generated_Source\PSoC5/USBUART_1_episr.c ****             int_en = EA;
 262:.\Generated_Source\PSoC5/USBUART_1_episr.c ****             CyGlobalIntEnable;  /* Make sure nested interrupt is enabled */
 263:.\Generated_Source\PSoC5/USBUART_1_episr.c ****         #endif /* CY_PSOC3 & USBUART_1_ISR_SERVICE_MIDI_OUT  */
 264:.\Generated_Source\PSoC5/USBUART_1_episr.c **** 
 265:.\Generated_Source\PSoC5/USBUART_1_episr.c ****         CY_GET_REG8(USBUART_1_SIE_EP4_CR0_PTR); /* Must read the mode reg */
 266:.\Generated_Source\PSoC5/USBUART_1_episr.c ****         /* Do not toggle ISOC endpoint */
 267:.\Generated_Source\PSoC5/USBUART_1_episr.c ****         if((USBUART_1_EP[USBUART_1_EP4].attrib & USBUART_1_EP_TYPE_MASK) !=
 268:.\Generated_Source\PSoC5/USBUART_1_episr.c ****                                                                                     USBUART_1_EP_TY
 269:.\Generated_Source\PSoC5/USBUART_1_episr.c ****         {
 270:.\Generated_Source\PSoC5/USBUART_1_episr.c ****             USBUART_1_EP[USBUART_1_EP4].epToggle ^= USBUART_1_EPX_CNT_DATA_TOGGLE;
 271:.\Generated_Source\PSoC5/USBUART_1_episr.c ****         }
 272:.\Generated_Source\PSoC5/USBUART_1_episr.c ****         USBUART_1_EP[USBUART_1_EP4].apiEpState = USBUART_1_EVENT_PENDING;
 273:.\Generated_Source\PSoC5/USBUART_1_episr.c ****         CY_SET_REG8(USBUART_1_SIE_EP_INT_SR_PTR, CY_GET_REG8(USBUART_1_SIE_EP_INT_SR_PTR)
 274:.\Generated_Source\PSoC5/USBUART_1_episr.c ****                                                                         & (uint8)~USBUART_1_SIE_EP_
 275:.\Generated_Source\PSoC5/USBUART_1_episr.c **** 
 276:.\Generated_Source\PSoC5/USBUART_1_episr.c ****         #if (defined(USBUART_1_ENABLE_MIDI_STREAMING) && !defined(USBUART_1_MAIN_SERVICE_MIDI_OUT) 
 277:.\Generated_Source\PSoC5/USBUART_1_episr.c ****                      USBUART_1_ISR_SERVICE_MIDI_OUT)
 278:.\Generated_Source\PSoC5/USBUART_1_episr.c ****             if(USBUART_1_midi_out_ep == USBUART_1_EP4)
 279:.\Generated_Source\PSoC5/USBUART_1_episr.c ****             {
 280:.\Generated_Source\PSoC5/USBUART_1_episr.c ****                 USBUART_1_MIDI_OUT_EP_Service();
 281:.\Generated_Source\PSoC5/USBUART_1_episr.c ****             }
 282:.\Generated_Source\PSoC5/USBUART_1_episr.c ****         #endif /*  USBUART_1_ISR_SERVICE_MIDI_OUT */
 283:.\Generated_Source\PSoC5/USBUART_1_episr.c **** 
 284:.\Generated_Source\PSoC5/USBUART_1_episr.c ****         /* `#START EP4_END_USER_CODE` Place your code here */
 285:.\Generated_Source\PSoC5/USBUART_1_episr.c **** 
 286:.\Generated_Source\PSoC5/USBUART_1_episr.c ****         /* `#END` */
ARM GAS  C:\Users\Rolando\AppData\Local\Temp\cc8yL9Jh.s 			page 10


 287:.\Generated_Source\PSoC5/USBUART_1_episr.c **** 
 288:.\Generated_Source\PSoC5/USBUART_1_episr.c ****         #if (defined(USBUART_1_ENABLE_MIDI_STREAMING) && !defined(USBUART_1_MAIN_SERVICE_MIDI_OUT) 
 289:.\Generated_Source\PSoC5/USBUART_1_episr.c ****                      USBUART_1_ISR_SERVICE_MIDI_OUT && CY_PSOC3)
 290:.\Generated_Source\PSoC5/USBUART_1_episr.c ****             EA = int_en;
 291:.\Generated_Source\PSoC5/USBUART_1_episr.c ****         #endif /* CY_PSOC3 & USBUART_1_ISR_SERVICE_MIDI_OUT  */
 292:.\Generated_Source\PSoC5/USBUART_1_episr.c ****     }
 293:.\Generated_Source\PSoC5/USBUART_1_episr.c **** 
 294:.\Generated_Source\PSoC5/USBUART_1_episr.c **** #endif   /*  USBUART_1_EP4_ISR_REMOVE */
 295:.\Generated_Source\PSoC5/USBUART_1_episr.c **** 
 296:.\Generated_Source\PSoC5/USBUART_1_episr.c **** 
 297:.\Generated_Source\PSoC5/USBUART_1_episr.c **** #if(USBUART_1_EP5_ISR_REMOVE == 0u)
 298:.\Generated_Source\PSoC5/USBUART_1_episr.c **** 
 299:.\Generated_Source\PSoC5/USBUART_1_episr.c ****     /*******************************************************************************
 300:.\Generated_Source\PSoC5/USBUART_1_episr.c ****     * Function Name: USBUART_1_EP_5_ISR
 301:.\Generated_Source\PSoC5/USBUART_1_episr.c ****     ********************************************************************************
 302:.\Generated_Source\PSoC5/USBUART_1_episr.c ****     *
 303:.\Generated_Source\PSoC5/USBUART_1_episr.c ****     * Summary:
 304:.\Generated_Source\PSoC5/USBUART_1_episr.c ****     *  Endpoint 5 Interrupt Service Routine
 305:.\Generated_Source\PSoC5/USBUART_1_episr.c ****     *
 306:.\Generated_Source\PSoC5/USBUART_1_episr.c ****     * Parameters:
 307:.\Generated_Source\PSoC5/USBUART_1_episr.c ****     *  None.
 308:.\Generated_Source\PSoC5/USBUART_1_episr.c ****     *
 309:.\Generated_Source\PSoC5/USBUART_1_episr.c ****     * Return:
 310:.\Generated_Source\PSoC5/USBUART_1_episr.c ****     *  None.
 311:.\Generated_Source\PSoC5/USBUART_1_episr.c ****     *
 312:.\Generated_Source\PSoC5/USBUART_1_episr.c ****     *******************************************************************************/
 313:.\Generated_Source\PSoC5/USBUART_1_episr.c ****     CY_ISR(USBUART_1_EP_5_ISR)
 314:.\Generated_Source\PSoC5/USBUART_1_episr.c ****     {
 315:.\Generated_Source\PSoC5/USBUART_1_episr.c ****         #if (defined(USBUART_1_ENABLE_MIDI_STREAMING) && !defined(USBUART_1_MAIN_SERVICE_MIDI_OUT) 
 316:.\Generated_Source\PSoC5/USBUART_1_episr.c ****                      USBUART_1_ISR_SERVICE_MIDI_OUT && CY_PSOC3)
 317:.\Generated_Source\PSoC5/USBUART_1_episr.c ****             uint8 int_en;
 318:.\Generated_Source\PSoC5/USBUART_1_episr.c ****         #endif /* CY_PSOC3 & USBUART_1_ISR_SERVICE_MIDI_OUT  */
 319:.\Generated_Source\PSoC5/USBUART_1_episr.c **** 
 320:.\Generated_Source\PSoC5/USBUART_1_episr.c ****         /* `#START EP5_USER_CODE` Place your code here */
 321:.\Generated_Source\PSoC5/USBUART_1_episr.c **** 
 322:.\Generated_Source\PSoC5/USBUART_1_episr.c ****         /* `#END` */
 323:.\Generated_Source\PSoC5/USBUART_1_episr.c **** 
 324:.\Generated_Source\PSoC5/USBUART_1_episr.c ****         #if (defined(USBUART_1_ENABLE_MIDI_STREAMING) && !defined(USBUART_1_MAIN_SERVICE_MIDI_OUT) 
 325:.\Generated_Source\PSoC5/USBUART_1_episr.c ****                      USBUART_1_ISR_SERVICE_MIDI_OUT && CY_PSOC3)
 326:.\Generated_Source\PSoC5/USBUART_1_episr.c ****             int_en = EA;
 327:.\Generated_Source\PSoC5/USBUART_1_episr.c ****             CyGlobalIntEnable;  /* Make sure nested interrupt is enabled */
 328:.\Generated_Source\PSoC5/USBUART_1_episr.c ****         #endif /* CY_PSOC3 & USBUART_1_ISR_SERVICE_MIDI_OUT  */
 329:.\Generated_Source\PSoC5/USBUART_1_episr.c **** 
 330:.\Generated_Source\PSoC5/USBUART_1_episr.c ****         CY_GET_REG8(USBUART_1_SIE_EP5_CR0_PTR); /* Must read the mode reg */
 331:.\Generated_Source\PSoC5/USBUART_1_episr.c ****         /* Do not toggle ISOC endpoint */
 332:.\Generated_Source\PSoC5/USBUART_1_episr.c ****         if((USBUART_1_EP[USBUART_1_EP5].attrib & USBUART_1_EP_TYPE_MASK) !=
 333:.\Generated_Source\PSoC5/USBUART_1_episr.c ****                                                                                     USBUART_1_EP_TY
 334:.\Generated_Source\PSoC5/USBUART_1_episr.c ****         {
 335:.\Generated_Source\PSoC5/USBUART_1_episr.c ****             USBUART_1_EP[USBUART_1_EP5].epToggle ^= USBUART_1_EPX_CNT_DATA_TOGGLE;
 336:.\Generated_Source\PSoC5/USBUART_1_episr.c ****         }
 337:.\Generated_Source\PSoC5/USBUART_1_episr.c ****         USBUART_1_EP[USBUART_1_EP5].apiEpState = USBUART_1_EVENT_PENDING;
 338:.\Generated_Source\PSoC5/USBUART_1_episr.c ****         CY_SET_REG8(USBUART_1_SIE_EP_INT_SR_PTR, CY_GET_REG8(USBUART_1_SIE_EP_INT_SR_PTR)
 339:.\Generated_Source\PSoC5/USBUART_1_episr.c ****                                                                         & (uint8)~USBUART_1_SIE_EP_
 340:.\Generated_Source\PSoC5/USBUART_1_episr.c **** 
 341:.\Generated_Source\PSoC5/USBUART_1_episr.c ****         #if (defined(USBUART_1_ENABLE_MIDI_STREAMING) && !defined(USBUART_1_MAIN_SERVICE_MIDI_OUT) 
 342:.\Generated_Source\PSoC5/USBUART_1_episr.c ****                      USBUART_1_ISR_SERVICE_MIDI_OUT)
 343:.\Generated_Source\PSoC5/USBUART_1_episr.c ****             if(USBUART_1_midi_out_ep == USBUART_1_EP5)
ARM GAS  C:\Users\Rolando\AppData\Local\Temp\cc8yL9Jh.s 			page 11


 344:.\Generated_Source\PSoC5/USBUART_1_episr.c ****             {
 345:.\Generated_Source\PSoC5/USBUART_1_episr.c ****                 USBUART_1_MIDI_OUT_EP_Service();
 346:.\Generated_Source\PSoC5/USBUART_1_episr.c ****             }
 347:.\Generated_Source\PSoC5/USBUART_1_episr.c ****         #endif /*  USBUART_1_ISR_SERVICE_MIDI_OUT */
 348:.\Generated_Source\PSoC5/USBUART_1_episr.c **** 
 349:.\Generated_Source\PSoC5/USBUART_1_episr.c ****         /* `#START EP5_END_USER_CODE` Place your code here */
 350:.\Generated_Source\PSoC5/USBUART_1_episr.c **** 
 351:.\Generated_Source\PSoC5/USBUART_1_episr.c ****         /* `#END` */
 352:.\Generated_Source\PSoC5/USBUART_1_episr.c **** 
 353:.\Generated_Source\PSoC5/USBUART_1_episr.c ****         #if (defined(USBUART_1_ENABLE_MIDI_STREAMING) && !defined(USBUART_1_MAIN_SERVICE_MIDI_OUT) 
 354:.\Generated_Source\PSoC5/USBUART_1_episr.c ****                      USBUART_1_ISR_SERVICE_MIDI_OUT && CY_PSOC3)
 355:.\Generated_Source\PSoC5/USBUART_1_episr.c ****             EA = int_en;
 356:.\Generated_Source\PSoC5/USBUART_1_episr.c ****         #endif /* CY_PSOC3 & USBUART_1_ISR_SERVICE_MIDI_OUT  */
 357:.\Generated_Source\PSoC5/USBUART_1_episr.c ****     }
 358:.\Generated_Source\PSoC5/USBUART_1_episr.c **** #endif   /*  USBUART_1_EP5_ISR_REMOVE */
 359:.\Generated_Source\PSoC5/USBUART_1_episr.c **** 
 360:.\Generated_Source\PSoC5/USBUART_1_episr.c **** 
 361:.\Generated_Source\PSoC5/USBUART_1_episr.c **** #if(USBUART_1_EP6_ISR_REMOVE == 0u)
 362:.\Generated_Source\PSoC5/USBUART_1_episr.c **** 
 363:.\Generated_Source\PSoC5/USBUART_1_episr.c ****     /*******************************************************************************
 364:.\Generated_Source\PSoC5/USBUART_1_episr.c ****     * Function Name: USBUART_1_EP_6_ISR
 365:.\Generated_Source\PSoC5/USBUART_1_episr.c ****     ********************************************************************************
 366:.\Generated_Source\PSoC5/USBUART_1_episr.c ****     *
 367:.\Generated_Source\PSoC5/USBUART_1_episr.c ****     * Summary:
 368:.\Generated_Source\PSoC5/USBUART_1_episr.c ****     *  Endpoint 6 Interrupt Service Routine
 369:.\Generated_Source\PSoC5/USBUART_1_episr.c ****     *
 370:.\Generated_Source\PSoC5/USBUART_1_episr.c ****     * Parameters:
 371:.\Generated_Source\PSoC5/USBUART_1_episr.c ****     *  None.
 372:.\Generated_Source\PSoC5/USBUART_1_episr.c ****     *
 373:.\Generated_Source\PSoC5/USBUART_1_episr.c ****     * Return:
 374:.\Generated_Source\PSoC5/USBUART_1_episr.c ****     *  None.
 375:.\Generated_Source\PSoC5/USBUART_1_episr.c ****     *
 376:.\Generated_Source\PSoC5/USBUART_1_episr.c ****     *******************************************************************************/
 377:.\Generated_Source\PSoC5/USBUART_1_episr.c ****     CY_ISR(USBUART_1_EP_6_ISR)
 378:.\Generated_Source\PSoC5/USBUART_1_episr.c ****     {
 379:.\Generated_Source\PSoC5/USBUART_1_episr.c ****         #if (defined(USBUART_1_ENABLE_MIDI_STREAMING) && !defined(USBUART_1_MAIN_SERVICE_MIDI_OUT) 
 380:.\Generated_Source\PSoC5/USBUART_1_episr.c ****                      USBUART_1_ISR_SERVICE_MIDI_OUT && CY_PSOC3)
 381:.\Generated_Source\PSoC5/USBUART_1_episr.c ****             uint8 int_en;
 382:.\Generated_Source\PSoC5/USBUART_1_episr.c ****         #endif /* CY_PSOC3 & USBUART_1_ISR_SERVICE_MIDI_OUT  */
 383:.\Generated_Source\PSoC5/USBUART_1_episr.c **** 
 384:.\Generated_Source\PSoC5/USBUART_1_episr.c ****         /* `#START EP6_USER_CODE` Place your code here */
 385:.\Generated_Source\PSoC5/USBUART_1_episr.c **** 
 386:.\Generated_Source\PSoC5/USBUART_1_episr.c ****         /* `#END` */
 387:.\Generated_Source\PSoC5/USBUART_1_episr.c **** 
 388:.\Generated_Source\PSoC5/USBUART_1_episr.c ****         #if (defined(USBUART_1_ENABLE_MIDI_STREAMING) && !defined(USBUART_1_MAIN_SERVICE_MIDI_OUT) 
 389:.\Generated_Source\PSoC5/USBUART_1_episr.c ****                      USBUART_1_ISR_SERVICE_MIDI_OUT && CY_PSOC3)
 390:.\Generated_Source\PSoC5/USBUART_1_episr.c ****             int_en = EA;
 391:.\Generated_Source\PSoC5/USBUART_1_episr.c ****             CyGlobalIntEnable;  /* Make sure nested interrupt is enabled */
 392:.\Generated_Source\PSoC5/USBUART_1_episr.c ****         #endif /* CY_PSOC3 & USBUART_1_ISR_SERVICE_MIDI_OUT  */
 393:.\Generated_Source\PSoC5/USBUART_1_episr.c **** 
 394:.\Generated_Source\PSoC5/USBUART_1_episr.c ****         CY_GET_REG8(USBUART_1_SIE_EP6_CR0_PTR); /* Must read the mode reg */
 395:.\Generated_Source\PSoC5/USBUART_1_episr.c ****         /* Do not toggle ISOC endpoint */
 396:.\Generated_Source\PSoC5/USBUART_1_episr.c ****         if((USBUART_1_EP[USBUART_1_EP6].attrib & USBUART_1_EP_TYPE_MASK) !=
 397:.\Generated_Source\PSoC5/USBUART_1_episr.c ****                                                                                     USBUART_1_EP_TY
 398:.\Generated_Source\PSoC5/USBUART_1_episr.c ****         {
 399:.\Generated_Source\PSoC5/USBUART_1_episr.c ****             USBUART_1_EP[USBUART_1_EP6].epToggle ^= USBUART_1_EPX_CNT_DATA_TOGGLE;
 400:.\Generated_Source\PSoC5/USBUART_1_episr.c ****         }
ARM GAS  C:\Users\Rolando\AppData\Local\Temp\cc8yL9Jh.s 			page 12


 401:.\Generated_Source\PSoC5/USBUART_1_episr.c ****         USBUART_1_EP[USBUART_1_EP6].apiEpState = USBUART_1_EVENT_PENDING;
 402:.\Generated_Source\PSoC5/USBUART_1_episr.c ****         CY_SET_REG8(USBUART_1_SIE_EP_INT_SR_PTR, CY_GET_REG8(USBUART_1_SIE_EP_INT_SR_PTR)
 403:.\Generated_Source\PSoC5/USBUART_1_episr.c ****                                                                         & (uint8)~USBUART_1_SIE_EP_
 404:.\Generated_Source\PSoC5/USBUART_1_episr.c **** 
 405:.\Generated_Source\PSoC5/USBUART_1_episr.c ****         #if (defined(USBUART_1_ENABLE_MIDI_STREAMING) && !defined(USBUART_1_MAIN_SERVICE_MIDI_OUT) 
 406:.\Generated_Source\PSoC5/USBUART_1_episr.c ****                      USBUART_1_ISR_SERVICE_MIDI_OUT)
 407:.\Generated_Source\PSoC5/USBUART_1_episr.c ****             if(USBUART_1_midi_out_ep == USBUART_1_EP6)
 408:.\Generated_Source\PSoC5/USBUART_1_episr.c ****             {
 409:.\Generated_Source\PSoC5/USBUART_1_episr.c ****                 USBUART_1_MIDI_OUT_EP_Service();
 410:.\Generated_Source\PSoC5/USBUART_1_episr.c ****             }
 411:.\Generated_Source\PSoC5/USBUART_1_episr.c ****         #endif /*  USBUART_1_ISR_SERVICE_MIDI_OUT  */
 412:.\Generated_Source\PSoC5/USBUART_1_episr.c **** 
 413:.\Generated_Source\PSoC5/USBUART_1_episr.c ****         /* `#START EP6_END_USER_CODE` Place your code here */
 414:.\Generated_Source\PSoC5/USBUART_1_episr.c **** 
 415:.\Generated_Source\PSoC5/USBUART_1_episr.c ****         /* `#END` */
 416:.\Generated_Source\PSoC5/USBUART_1_episr.c **** 
 417:.\Generated_Source\PSoC5/USBUART_1_episr.c ****         #if (defined(USBUART_1_ENABLE_MIDI_STREAMING) && !defined(USBUART_1_MAIN_SERVICE_MIDI_OUT) 
 418:.\Generated_Source\PSoC5/USBUART_1_episr.c ****                      USBUART_1_ISR_SERVICE_MIDI_OUT && CY_PSOC3)
 419:.\Generated_Source\PSoC5/USBUART_1_episr.c ****             EA = int_en;
 420:.\Generated_Source\PSoC5/USBUART_1_episr.c ****         #endif /* CY_PSOC3 & USBUART_1_ISR_SERVICE_MIDI_OUT  */
 421:.\Generated_Source\PSoC5/USBUART_1_episr.c ****     }
 422:.\Generated_Source\PSoC5/USBUART_1_episr.c **** 
 423:.\Generated_Source\PSoC5/USBUART_1_episr.c **** #endif   /*  USBUART_1_EP6_ISR_REMOVE */
 424:.\Generated_Source\PSoC5/USBUART_1_episr.c **** 
 425:.\Generated_Source\PSoC5/USBUART_1_episr.c **** 
 426:.\Generated_Source\PSoC5/USBUART_1_episr.c **** #if(USBUART_1_EP7_ISR_REMOVE == 0u)
 427:.\Generated_Source\PSoC5/USBUART_1_episr.c **** 
 428:.\Generated_Source\PSoC5/USBUART_1_episr.c ****     /*******************************************************************************
 429:.\Generated_Source\PSoC5/USBUART_1_episr.c ****     * Function Name: USBUART_1_EP_7_ISR
 430:.\Generated_Source\PSoC5/USBUART_1_episr.c ****     ********************************************************************************
 431:.\Generated_Source\PSoC5/USBUART_1_episr.c ****     *
 432:.\Generated_Source\PSoC5/USBUART_1_episr.c ****     * Summary:
 433:.\Generated_Source\PSoC5/USBUART_1_episr.c ****     *  Endpoint 7 Interrupt Service Routine
 434:.\Generated_Source\PSoC5/USBUART_1_episr.c ****     *
 435:.\Generated_Source\PSoC5/USBUART_1_episr.c ****     * Parameters:
 436:.\Generated_Source\PSoC5/USBUART_1_episr.c ****     *  None.
 437:.\Generated_Source\PSoC5/USBUART_1_episr.c ****     *
 438:.\Generated_Source\PSoC5/USBUART_1_episr.c ****     * Return:
 439:.\Generated_Source\PSoC5/USBUART_1_episr.c ****     *  None.
 440:.\Generated_Source\PSoC5/USBUART_1_episr.c ****     *
 441:.\Generated_Source\PSoC5/USBUART_1_episr.c ****     *******************************************************************************/
 442:.\Generated_Source\PSoC5/USBUART_1_episr.c ****     CY_ISR(USBUART_1_EP_7_ISR)
 443:.\Generated_Source\PSoC5/USBUART_1_episr.c ****     {
 444:.\Generated_Source\PSoC5/USBUART_1_episr.c ****         #if (defined(USBUART_1_ENABLE_MIDI_STREAMING) && !defined(USBUART_1_MAIN_SERVICE_MIDI_OUT) 
 445:.\Generated_Source\PSoC5/USBUART_1_episr.c ****                      USBUART_1_ISR_SERVICE_MIDI_OUT && CY_PSOC3)
 446:.\Generated_Source\PSoC5/USBUART_1_episr.c ****             uint8 int_en;
 447:.\Generated_Source\PSoC5/USBUART_1_episr.c ****         #endif /* CY_PSOC3 & USBUART_1_ISR_SERVICE_MIDI_OUT  */
 448:.\Generated_Source\PSoC5/USBUART_1_episr.c **** 
 449:.\Generated_Source\PSoC5/USBUART_1_episr.c ****         /* `#START EP7_USER_CODE` Place your code here */
 450:.\Generated_Source\PSoC5/USBUART_1_episr.c **** 
 451:.\Generated_Source\PSoC5/USBUART_1_episr.c ****         /* `#END` */
 452:.\Generated_Source\PSoC5/USBUART_1_episr.c **** 
 453:.\Generated_Source\PSoC5/USBUART_1_episr.c ****         #if (defined(USBUART_1_ENABLE_MIDI_STREAMING) && !defined(USBUART_1_MAIN_SERVICE_MIDI_OUT) 
 454:.\Generated_Source\PSoC5/USBUART_1_episr.c ****                      USBUART_1_ISR_SERVICE_MIDI_OUT && CY_PSOC3)
 455:.\Generated_Source\PSoC5/USBUART_1_episr.c ****             int_en = EA;
 456:.\Generated_Source\PSoC5/USBUART_1_episr.c ****             CyGlobalIntEnable;  /* Make sure nested interrupt is enabled */
 457:.\Generated_Source\PSoC5/USBUART_1_episr.c ****         #endif /* CY_PSOC3 & USBUART_1_ISR_SERVICE_MIDI_OUT  */
ARM GAS  C:\Users\Rolando\AppData\Local\Temp\cc8yL9Jh.s 			page 13


 458:.\Generated_Source\PSoC5/USBUART_1_episr.c **** 
 459:.\Generated_Source\PSoC5/USBUART_1_episr.c ****         CY_GET_REG8(USBUART_1_SIE_EP7_CR0_PTR); /* Must read the mode reg */
 460:.\Generated_Source\PSoC5/USBUART_1_episr.c ****         /* Do not toggle ISOC endpoint */
 461:.\Generated_Source\PSoC5/USBUART_1_episr.c ****         if((USBUART_1_EP[USBUART_1_EP7].attrib & USBUART_1_EP_TYPE_MASK) !=
 462:.\Generated_Source\PSoC5/USBUART_1_episr.c ****                                                                                     USBUART_1_EP_TY
 463:.\Generated_Source\PSoC5/USBUART_1_episr.c ****         {
 464:.\Generated_Source\PSoC5/USBUART_1_episr.c ****             USBUART_1_EP[USBUART_1_EP7].epToggle ^= USBUART_1_EPX_CNT_DATA_TOGGLE;
 465:.\Generated_Source\PSoC5/USBUART_1_episr.c ****         }
 466:.\Generated_Source\PSoC5/USBUART_1_episr.c ****         USBUART_1_EP[USBUART_1_EP7].apiEpState = USBUART_1_EVENT_PENDING;
 467:.\Generated_Source\PSoC5/USBUART_1_episr.c ****         CY_SET_REG8(USBUART_1_SIE_EP_INT_SR_PTR, CY_GET_REG8(USBUART_1_SIE_EP_INT_SR_PTR)
 468:.\Generated_Source\PSoC5/USBUART_1_episr.c ****                                                                         & (uint8)~USBUART_1_SIE_EP_
 469:.\Generated_Source\PSoC5/USBUART_1_episr.c **** 
 470:.\Generated_Source\PSoC5/USBUART_1_episr.c ****         #if (defined(USBUART_1_ENABLE_MIDI_STREAMING) && !defined(USBUART_1_MAIN_SERVICE_MIDI_OUT) 
 471:.\Generated_Source\PSoC5/USBUART_1_episr.c ****                      USBUART_1_ISR_SERVICE_MIDI_OUT)
 472:.\Generated_Source\PSoC5/USBUART_1_episr.c ****             if(USBUART_1_midi_out_ep == USBUART_1_EP7)
 473:.\Generated_Source\PSoC5/USBUART_1_episr.c ****             {
 474:.\Generated_Source\PSoC5/USBUART_1_episr.c ****                 USBUART_1_MIDI_OUT_EP_Service();
 475:.\Generated_Source\PSoC5/USBUART_1_episr.c ****             }
 476:.\Generated_Source\PSoC5/USBUART_1_episr.c ****         #endif /*  USBUART_1_ISR_SERVICE_MIDI_OUT  */
 477:.\Generated_Source\PSoC5/USBUART_1_episr.c **** 
 478:.\Generated_Source\PSoC5/USBUART_1_episr.c ****         /* `#START EP7_END_USER_CODE` Place your code here */
 479:.\Generated_Source\PSoC5/USBUART_1_episr.c **** 
 480:.\Generated_Source\PSoC5/USBUART_1_episr.c ****         /* `#END` */
 481:.\Generated_Source\PSoC5/USBUART_1_episr.c **** 
 482:.\Generated_Source\PSoC5/USBUART_1_episr.c ****         #if (defined(USBUART_1_ENABLE_MIDI_STREAMING) && !defined(USBUART_1_MAIN_SERVICE_MIDI_OUT) 
 483:.\Generated_Source\PSoC5/USBUART_1_episr.c ****                      USBUART_1_ISR_SERVICE_MIDI_OUT && CY_PSOC3)
 484:.\Generated_Source\PSoC5/USBUART_1_episr.c ****             EA = int_en;
 485:.\Generated_Source\PSoC5/USBUART_1_episr.c ****         #endif /* CY_PSOC3 & USBUART_1_ISR_SERVICE_MIDI_OUT  */
 486:.\Generated_Source\PSoC5/USBUART_1_episr.c ****     }
 487:.\Generated_Source\PSoC5/USBUART_1_episr.c **** 
 488:.\Generated_Source\PSoC5/USBUART_1_episr.c **** #endif   /*  USBUART_1_EP7_ISR_REMOVE */
 489:.\Generated_Source\PSoC5/USBUART_1_episr.c **** 
 490:.\Generated_Source\PSoC5/USBUART_1_episr.c **** 
 491:.\Generated_Source\PSoC5/USBUART_1_episr.c **** #if(USBUART_1_EP8_ISR_REMOVE == 0u)
 492:.\Generated_Source\PSoC5/USBUART_1_episr.c **** 
 493:.\Generated_Source\PSoC5/USBUART_1_episr.c ****     /*******************************************************************************
 494:.\Generated_Source\PSoC5/USBUART_1_episr.c ****     * Function Name: USBUART_1_EP_8_ISR
 495:.\Generated_Source\PSoC5/USBUART_1_episr.c ****     ********************************************************************************
 496:.\Generated_Source\PSoC5/USBUART_1_episr.c ****     *
 497:.\Generated_Source\PSoC5/USBUART_1_episr.c ****     * Summary:
 498:.\Generated_Source\PSoC5/USBUART_1_episr.c ****     *  Endpoint 8 Interrupt Service Routine
 499:.\Generated_Source\PSoC5/USBUART_1_episr.c ****     *
 500:.\Generated_Source\PSoC5/USBUART_1_episr.c ****     * Parameters:
 501:.\Generated_Source\PSoC5/USBUART_1_episr.c ****     *  None.
 502:.\Generated_Source\PSoC5/USBUART_1_episr.c ****     *
 503:.\Generated_Source\PSoC5/USBUART_1_episr.c ****     * Return:
 504:.\Generated_Source\PSoC5/USBUART_1_episr.c ****     *  None.
 505:.\Generated_Source\PSoC5/USBUART_1_episr.c ****     *
 506:.\Generated_Source\PSoC5/USBUART_1_episr.c ****     *******************************************************************************/
 507:.\Generated_Source\PSoC5/USBUART_1_episr.c ****     CY_ISR(USBUART_1_EP_8_ISR)
 508:.\Generated_Source\PSoC5/USBUART_1_episr.c ****     {
 509:.\Generated_Source\PSoC5/USBUART_1_episr.c ****         #if (defined(USBUART_1_ENABLE_MIDI_STREAMING) && !defined(USBUART_1_MAIN_SERVICE_MIDI_OUT) 
 510:.\Generated_Source\PSoC5/USBUART_1_episr.c ****                      USBUART_1_ISR_SERVICE_MIDI_OUT && CY_PSOC3)
 511:.\Generated_Source\PSoC5/USBUART_1_episr.c ****             uint8 int_en;
 512:.\Generated_Source\PSoC5/USBUART_1_episr.c ****         #endif /* CY_PSOC3 & USBUART_1_ISR_SERVICE_MIDI_OUT  */
 513:.\Generated_Source\PSoC5/USBUART_1_episr.c **** 
 514:.\Generated_Source\PSoC5/USBUART_1_episr.c ****         /* `#START EP8_USER_CODE` Place your code here */
ARM GAS  C:\Users\Rolando\AppData\Local\Temp\cc8yL9Jh.s 			page 14


 515:.\Generated_Source\PSoC5/USBUART_1_episr.c **** 
 516:.\Generated_Source\PSoC5/USBUART_1_episr.c ****         /* `#END` */
 517:.\Generated_Source\PSoC5/USBUART_1_episr.c **** 
 518:.\Generated_Source\PSoC5/USBUART_1_episr.c ****         #if (defined(USBUART_1_ENABLE_MIDI_STREAMING) && !defined(USBUART_1_MAIN_SERVICE_MIDI_OUT) 
 519:.\Generated_Source\PSoC5/USBUART_1_episr.c ****                      USBUART_1_ISR_SERVICE_MIDI_OUT && CY_PSOC3)
 520:.\Generated_Source\PSoC5/USBUART_1_episr.c ****             int_en = EA;
 521:.\Generated_Source\PSoC5/USBUART_1_episr.c ****             CyGlobalIntEnable;  /* Make sure nested interrupt is enabled */
 522:.\Generated_Source\PSoC5/USBUART_1_episr.c ****         #endif /* CY_PSOC3 & USBUART_1_ISR_SERVICE_MIDI_OUT  */
 523:.\Generated_Source\PSoC5/USBUART_1_episr.c **** 
 524:.\Generated_Source\PSoC5/USBUART_1_episr.c ****         CY_GET_REG8(USBUART_1_SIE_EP8_CR0_PTR); /* Must read the mode reg */
 525:.\Generated_Source\PSoC5/USBUART_1_episr.c ****         /* Do not toggle ISOC endpoint */
 526:.\Generated_Source\PSoC5/USBUART_1_episr.c ****         if((USBUART_1_EP[USBUART_1_EP8].attrib & USBUART_1_EP_TYPE_MASK) !=
 527:.\Generated_Source\PSoC5/USBUART_1_episr.c ****                                                                                     USBUART_1_EP_TY
 528:.\Generated_Source\PSoC5/USBUART_1_episr.c ****         {
 529:.\Generated_Source\PSoC5/USBUART_1_episr.c ****             USBUART_1_EP[USBUART_1_EP8].epToggle ^= USBUART_1_EPX_CNT_DATA_TOGGLE;
 530:.\Generated_Source\PSoC5/USBUART_1_episr.c ****         }
 531:.\Generated_Source\PSoC5/USBUART_1_episr.c ****         USBUART_1_EP[USBUART_1_EP8].apiEpState = USBUART_1_EVENT_PENDING;
 532:.\Generated_Source\PSoC5/USBUART_1_episr.c ****         CY_SET_REG8(USBUART_1_SIE_EP_INT_SR_PTR, CY_GET_REG8(USBUART_1_SIE_EP_INT_SR_PTR)
 533:.\Generated_Source\PSoC5/USBUART_1_episr.c ****                                                                         & (uint8)~USBUART_1_SIE_EP_
 534:.\Generated_Source\PSoC5/USBUART_1_episr.c **** 
 535:.\Generated_Source\PSoC5/USBUART_1_episr.c ****         #if (defined(USBUART_1_ENABLE_MIDI_STREAMING) && !defined(USBUART_1_MAIN_SERVICE_MIDI_OUT) 
 536:.\Generated_Source\PSoC5/USBUART_1_episr.c ****                      USBUART_1_ISR_SERVICE_MIDI_OUT)
 537:.\Generated_Source\PSoC5/USBUART_1_episr.c ****             if(USBUART_1_midi_out_ep == USBUART_1_EP8)
 538:.\Generated_Source\PSoC5/USBUART_1_episr.c ****             {
 539:.\Generated_Source\PSoC5/USBUART_1_episr.c ****                 USBUART_1_MIDI_OUT_EP_Service();
 540:.\Generated_Source\PSoC5/USBUART_1_episr.c ****             }
 541:.\Generated_Source\PSoC5/USBUART_1_episr.c ****         #endif /*  USBUART_1_ISR_SERVICE_MIDI_OUT */
 542:.\Generated_Source\PSoC5/USBUART_1_episr.c **** 
 543:.\Generated_Source\PSoC5/USBUART_1_episr.c ****         /* `#START EP8_END_USER_CODE` Place your code here */
 544:.\Generated_Source\PSoC5/USBUART_1_episr.c **** 
 545:.\Generated_Source\PSoC5/USBUART_1_episr.c ****         /* `#END` */
 546:.\Generated_Source\PSoC5/USBUART_1_episr.c **** 
 547:.\Generated_Source\PSoC5/USBUART_1_episr.c ****         #if (defined(USBUART_1_ENABLE_MIDI_STREAMING) && !defined(USBUART_1_MAIN_SERVICE_MIDI_OUT) 
 548:.\Generated_Source\PSoC5/USBUART_1_episr.c ****                      USBUART_1_ISR_SERVICE_MIDI_OUT && CY_PSOC3)
 549:.\Generated_Source\PSoC5/USBUART_1_episr.c ****             EA = int_en;
 550:.\Generated_Source\PSoC5/USBUART_1_episr.c ****         #endif /* CY_PSOC3 & USBUART_1_ISR_SERVICE_MIDI_OUT  */
 551:.\Generated_Source\PSoC5/USBUART_1_episr.c ****     }
 552:.\Generated_Source\PSoC5/USBUART_1_episr.c **** 
 553:.\Generated_Source\PSoC5/USBUART_1_episr.c **** #endif   /*  USBUART_1_EP8_ISR_REMOVE */
 554:.\Generated_Source\PSoC5/USBUART_1_episr.c **** 
 555:.\Generated_Source\PSoC5/USBUART_1_episr.c **** 
 556:.\Generated_Source\PSoC5/USBUART_1_episr.c **** /*******************************************************************************
 557:.\Generated_Source\PSoC5/USBUART_1_episr.c **** * Function Name: USBUART_1_SOF_ISR
 558:.\Generated_Source\PSoC5/USBUART_1_episr.c **** ********************************************************************************
 559:.\Generated_Source\PSoC5/USBUART_1_episr.c **** *
 560:.\Generated_Source\PSoC5/USBUART_1_episr.c **** * Summary:
 561:.\Generated_Source\PSoC5/USBUART_1_episr.c **** *  Start of Frame Interrupt Service Routine
 562:.\Generated_Source\PSoC5/USBUART_1_episr.c **** *
 563:.\Generated_Source\PSoC5/USBUART_1_episr.c **** * Parameters:
 564:.\Generated_Source\PSoC5/USBUART_1_episr.c **** *  None.
 565:.\Generated_Source\PSoC5/USBUART_1_episr.c **** *
 566:.\Generated_Source\PSoC5/USBUART_1_episr.c **** * Return:
 567:.\Generated_Source\PSoC5/USBUART_1_episr.c **** *  None.
 568:.\Generated_Source\PSoC5/USBUART_1_episr.c **** *
 569:.\Generated_Source\PSoC5/USBUART_1_episr.c **** *******************************************************************************/
 570:.\Generated_Source\PSoC5/USBUART_1_episr.c **** CY_ISR(USBUART_1_SOF_ISR)
 571:.\Generated_Source\PSoC5/USBUART_1_episr.c **** {
ARM GAS  C:\Users\Rolando\AppData\Local\Temp\cc8yL9Jh.s 			page 15


 228              		.loc 1 571 0
 229              		.cfi_startproc
 230              		@ args = 0, pretend = 0, frame = 0
 231              		@ frame_needed = 1, uses_anonymous_args = 0
 232              		@ link register save eliminated.
 233 0000 80B4     		push	{r7}
 234              		.cfi_def_cfa_offset 4
 235              		.cfi_offset 7, -4
 236 0002 00AF     		add	r7, sp, #0
 237              		.cfi_def_cfa_register 7
 572:.\Generated_Source\PSoC5/USBUART_1_episr.c ****     /* `#START SOF_USER_CODE` Place your code here */
 573:.\Generated_Source\PSoC5/USBUART_1_episr.c **** 
 574:.\Generated_Source\PSoC5/USBUART_1_episr.c ****     /* `#END` */
 575:.\Generated_Source\PSoC5/USBUART_1_episr.c **** }
 238              		.loc 1 575 0
 239 0004 BD46     		mov	sp, r7
 240              		.cfi_def_cfa_register 13
 241              		@ sp needed
 242 0006 5DF8047B 		ldr	r7, [sp], #4
 243              		.cfi_restore 7
 244              		.cfi_def_cfa_offset 0
 245 000a 7047     		bx	lr
 246              		.cfi_endproc
 247              	.LFE3:
 248              		.size	USBUART_1_SOF_ISR, .-USBUART_1_SOF_ISR
 249              		.section	.text.USBUART_1_BUS_RESET_ISR,"ax",%progbits
 250              		.align	2
 251              		.global	USBUART_1_BUS_RESET_ISR
 252              		.thumb
 253              		.thumb_func
 254              		.type	USBUART_1_BUS_RESET_ISR, %function
 255              	USBUART_1_BUS_RESET_ISR:
 256              	.LFB4:
 576:.\Generated_Source\PSoC5/USBUART_1_episr.c **** 
 577:.\Generated_Source\PSoC5/USBUART_1_episr.c **** 
 578:.\Generated_Source\PSoC5/USBUART_1_episr.c **** /*******************************************************************************
 579:.\Generated_Source\PSoC5/USBUART_1_episr.c **** * Function Name: USBUART_1_BUS_RESET_ISR
 580:.\Generated_Source\PSoC5/USBUART_1_episr.c **** ********************************************************************************
 581:.\Generated_Source\PSoC5/USBUART_1_episr.c **** *
 582:.\Generated_Source\PSoC5/USBUART_1_episr.c **** * Summary:
 583:.\Generated_Source\PSoC5/USBUART_1_episr.c **** *  USB Bus Reset Interrupt Service Routine.  Calls _Start with the same
 584:.\Generated_Source\PSoC5/USBUART_1_episr.c **** *  parameters as the last USER call to _Start
 585:.\Generated_Source\PSoC5/USBUART_1_episr.c **** *
 586:.\Generated_Source\PSoC5/USBUART_1_episr.c **** * Parameters:
 587:.\Generated_Source\PSoC5/USBUART_1_episr.c **** *  None.
 588:.\Generated_Source\PSoC5/USBUART_1_episr.c **** *
 589:.\Generated_Source\PSoC5/USBUART_1_episr.c **** * Return:
 590:.\Generated_Source\PSoC5/USBUART_1_episr.c **** *  None.
 591:.\Generated_Source\PSoC5/USBUART_1_episr.c **** *
 592:.\Generated_Source\PSoC5/USBUART_1_episr.c **** *******************************************************************************/
 593:.\Generated_Source\PSoC5/USBUART_1_episr.c **** CY_ISR(USBUART_1_BUS_RESET_ISR)
 594:.\Generated_Source\PSoC5/USBUART_1_episr.c **** {
 257              		.loc 1 594 0
 258              		.cfi_startproc
 259              		@ args = 0, pretend = 0, frame = 0
 260              		@ frame_needed = 1, uses_anonymous_args = 0
 261 0000 80B5     		push	{r7, lr}
ARM GAS  C:\Users\Rolando\AppData\Local\Temp\cc8yL9Jh.s 			page 16


 262              		.cfi_def_cfa_offset 8
 263              		.cfi_offset 7, -8
 264              		.cfi_offset 14, -4
 265 0002 00AF     		add	r7, sp, #0
 266              		.cfi_def_cfa_register 7
 595:.\Generated_Source\PSoC5/USBUART_1_episr.c ****     /* `#START BUS_RESET_USER_CODE` Place your code here */
 596:.\Generated_Source\PSoC5/USBUART_1_episr.c **** 
 597:.\Generated_Source\PSoC5/USBUART_1_episr.c ****     /* `#END` */
 598:.\Generated_Source\PSoC5/USBUART_1_episr.c **** 
 599:.\Generated_Source\PSoC5/USBUART_1_episr.c ****     USBUART_1_ReInitComponent();
 267              		.loc 1 599 0
 268 0004 FFF7FEFF 		bl	USBUART_1_ReInitComponent
 600:.\Generated_Source\PSoC5/USBUART_1_episr.c **** }
 269              		.loc 1 600 0
 270 0008 80BD     		pop	{r7, pc}
 271              		.cfi_endproc
 272              	.LFE4:
 273              		.size	USBUART_1_BUS_RESET_ISR, .-USBUART_1_BUS_RESET_ISR
 274 000a 00BF     		.text
 275              	.Letext0:
 276              		.file 2 ".\\Generated_Source\\PSoC5\\cytypes.h"
 277              		.file 3 ".\\Generated_Source\\PSoC5\\USBUART_1.h"
 278              		.file 4 ".\\Generated_Source\\PSoC5\\USBUART_1_pvt.h"
 279              		.section	.debug_info,"",%progbits
 280              	.Ldebug_info0:
 281 0000 A1010000 		.4byte	0x1a1
 282 0004 0400     		.2byte	0x4
 283 0006 00000000 		.4byte	.Ldebug_abbrev0
 284 000a 04       		.byte	0x4
 285 000b 01       		.uleb128 0x1
 286 000c B3000000 		.4byte	.LASF31
 287 0010 01       		.byte	0x1
 288 0011 B9010000 		.4byte	.LASF32
 289 0015 77000000 		.4byte	.LASF33
 290 0019 00000000 		.4byte	.Ldebug_ranges0+0
 291 001d 00000000 		.4byte	0
 292 0021 00000000 		.4byte	.Ldebug_line0
 293 0025 02       		.uleb128 0x2
 294 0026 01       		.byte	0x1
 295 0027 06       		.byte	0x6
 296 0028 61020000 		.4byte	.LASF0
 297 002c 02       		.uleb128 0x2
 298 002d 01       		.byte	0x1
 299 002e 08       		.byte	0x8
 300 002f 4D000000 		.4byte	.LASF1
 301 0033 02       		.uleb128 0x2
 302 0034 02       		.byte	0x2
 303 0035 05       		.byte	0x5
 304 0036 3E020000 		.4byte	.LASF2
 305 003a 02       		.uleb128 0x2
 306 003b 02       		.byte	0x2
 307 003c 07       		.byte	0x7
 308 003d 18000000 		.4byte	.LASF3
 309 0041 02       		.uleb128 0x2
 310 0042 04       		.byte	0x4
 311 0043 05       		.byte	0x5
 312 0044 58020000 		.4byte	.LASF4
ARM GAS  C:\Users\Rolando\AppData\Local\Temp\cc8yL9Jh.s 			page 17


 313 0048 02       		.uleb128 0x2
 314 0049 04       		.byte	0x4
 315 004a 07       		.byte	0x7
 316 004b 60000000 		.4byte	.LASF5
 317 004f 02       		.uleb128 0x2
 318 0050 08       		.byte	0x8
 319 0051 05       		.byte	0x5
 320 0052 07020000 		.4byte	.LASF6
 321 0056 02       		.uleb128 0x2
 322 0057 08       		.byte	0x8
 323 0058 07       		.byte	0x7
 324 0059 98010000 		.4byte	.LASF7
 325 005d 03       		.uleb128 0x3
 326 005e 04       		.byte	0x4
 327 005f 05       		.byte	0x5
 328 0060 696E7400 		.ascii	"int\000"
 329 0064 02       		.uleb128 0x2
 330 0065 04       		.byte	0x4
 331 0066 07       		.byte	0x7
 332 0067 8B010000 		.4byte	.LASF8
 333 006b 04       		.uleb128 0x4
 334 006c 48020000 		.4byte	.LASF9
 335 0070 02       		.byte	0x2
 336 0071 5B       		.byte	0x5b
 337 0072 2C000000 		.4byte	0x2c
 338 0076 04       		.uleb128 0x4
 339 0077 79010000 		.4byte	.LASF10
 340 007b 02       		.byte	0x2
 341 007c 5C       		.byte	0x5c
 342 007d 3A000000 		.4byte	0x3a
 343 0081 02       		.uleb128 0x2
 344 0082 04       		.byte	0x4
 345 0083 04       		.byte	0x4
 346 0084 3E000000 		.4byte	.LASF11
 347 0088 02       		.uleb128 0x2
 348 0089 08       		.byte	0x8
 349 008a 04       		.byte	0x4
 350 008b 41010000 		.4byte	.LASF12
 351 008f 02       		.uleb128 0x2
 352 0090 01       		.byte	0x1
 353 0091 08       		.byte	0x8
 354 0092 2E020000 		.4byte	.LASF13
 355 0096 04       		.uleb128 0x4
 356 0097 5B000000 		.4byte	.LASF14
 357 009b 02       		.byte	0x2
 358 009c F0       		.byte	0xf0
 359 009d A1000000 		.4byte	0xa1
 360 00a1 05       		.uleb128 0x5
 361 00a2 6B000000 		.4byte	0x6b
 362 00a6 02       		.uleb128 0x2
 363 00a7 04       		.byte	0x4
 364 00a8 07       		.byte	0x7
 365 00a9 F7010000 		.4byte	.LASF15
 366 00ad 06       		.uleb128 0x6
 367 00ae 0C       		.byte	0xc
 368 00af 03       		.byte	0x3
 369 00b0 7D       		.byte	0x7d
ARM GAS  C:\Users\Rolando\AppData\Local\Temp\cc8yL9Jh.s 			page 18


 370 00b1 22010000 		.4byte	0x122
 371 00b5 07       		.uleb128 0x7
 372 00b6 48010000 		.4byte	.LASF16
 373 00ba 03       		.byte	0x3
 374 00bb 7F       		.byte	0x7f
 375 00bc 6B000000 		.4byte	0x6b
 376 00c0 00       		.byte	0
 377 00c1 07       		.uleb128 0x7
 378 00c2 80010000 		.4byte	.LASF17
 379 00c6 03       		.byte	0x3
 380 00c7 80       		.byte	0x80
 381 00c8 6B000000 		.4byte	0x6b
 382 00cc 01       		.byte	0x1
 383 00cd 07       		.uleb128 0x7
 384 00ce AF010000 		.4byte	.LASF18
 385 00d2 03       		.byte	0x3
 386 00d3 81       		.byte	0x81
 387 00d4 6B000000 		.4byte	0x6b
 388 00d8 02       		.byte	0x2
 389 00d9 07       		.uleb128 0x7
 390 00da 44000000 		.4byte	.LASF19
 391 00de 03       		.byte	0x3
 392 00df 82       		.byte	0x82
 393 00e0 6B000000 		.4byte	0x6b
 394 00e4 03       		.byte	0x3
 395 00e5 07       		.uleb128 0x7
 396 00e6 72000000 		.4byte	.LASF20
 397 00ea 03       		.byte	0x3
 398 00eb 83       		.byte	0x83
 399 00ec 6B000000 		.4byte	0x6b
 400 00f0 04       		.byte	0x4
 401 00f1 07       		.uleb128 0x7
 402 00f2 00020000 		.4byte	.LASF21
 403 00f6 03       		.byte	0x3
 404 00f7 84       		.byte	0x84
 405 00f8 6B000000 		.4byte	0x6b
 406 00fc 05       		.byte	0x5
 407 00fd 07       		.uleb128 0x7
 408 00fe 00000000 		.4byte	.LASF22
 409 0102 03       		.byte	0x3
 410 0103 85       		.byte	0x85
 411 0104 76000000 		.4byte	0x76
 412 0108 06       		.byte	0x6
 413 0109 07       		.uleb128 0x7
 414 010a 33020000 		.4byte	.LASF23
 415 010e 03       		.byte	0x3
 416 010f 86       		.byte	0x86
 417 0110 76000000 		.4byte	0x76
 418 0114 08       		.byte	0x8
 419 0115 07       		.uleb128 0x7
 420 0116 4E020000 		.4byte	.LASF24
 421 011a 03       		.byte	0x3
 422 011b 87       		.byte	0x87
 423 011c 6B000000 		.4byte	0x6b
 424 0120 0A       		.byte	0xa
 425 0121 00       		.byte	0
 426 0122 04       		.uleb128 0x4
ARM GAS  C:\Users\Rolando\AppData\Local\Temp\cc8yL9Jh.s 			page 19


 427 0123 15020000 		.4byte	.LASF25
 428 0127 03       		.byte	0x3
 429 0128 88       		.byte	0x88
 430 0129 AD000000 		.4byte	0xad
 431 012d 08       		.uleb128 0x8
 432 012e 2B000000 		.4byte	.LASF26
 433 0132 01       		.byte	0x1
 434 0133 35       		.byte	0x35
 435 0134 00000000 		.4byte	.LFB0
 436 0138 54000000 		.4byte	.LFE0-.LFB0
 437 013c 01       		.uleb128 0x1
 438 013d 9C       		.byte	0x9c
 439 013e 08       		.uleb128 0x8
 440 013f A0000000 		.4byte	.LASF27
 441 0143 01       		.byte	0x1
 442 0144 76       		.byte	0x76
 443 0145 00000000 		.4byte	.LFB1
 444 0149 54000000 		.4byte	.LFE1-.LFB1
 445 014d 01       		.uleb128 0x1
 446 014e 9C       		.byte	0x9c
 447 014f 08       		.uleb128 0x8
 448 0150 E4010000 		.4byte	.LASF28
 449 0154 01       		.byte	0x1
 450 0155 B7       		.byte	0xb7
 451 0156 00000000 		.4byte	.LFB2
 452 015a 5C000000 		.4byte	.LFE2-.LFB2
 453 015e 01       		.uleb128 0x1
 454 015f 9C       		.byte	0x9c
 455 0160 09       		.uleb128 0x9
 456 0161 67010000 		.4byte	.LASF29
 457 0165 01       		.byte	0x1
 458 0166 3A02     		.2byte	0x23a
 459 0168 00000000 		.4byte	.LFB3
 460 016c 0C000000 		.4byte	.LFE3-.LFB3
 461 0170 01       		.uleb128 0x1
 462 0171 9C       		.byte	0x9c
 463 0172 0A       		.uleb128 0xa
 464 0173 4F010000 		.4byte	.LASF30
 465 0177 01       		.byte	0x1
 466 0178 5102     		.2byte	0x251
 467 017a 00000000 		.4byte	.LFB4
 468 017e 0A000000 		.4byte	.LFE4-.LFB4
 469 0182 01       		.uleb128 0x1
 470 0183 9C       		.byte	0x9c
 471 0184 0B       		.uleb128 0xb
 472 0185 22010000 		.4byte	0x122
 473 0189 94010000 		.4byte	0x194
 474 018d 0C       		.uleb128 0xc
 475 018e A6000000 		.4byte	0xa6
 476 0192 08       		.byte	0x8
 477 0193 00       		.byte	0
 478 0194 0D       		.uleb128 0xd
 479 0195 0B000000 		.4byte	.LASF34
 480 0199 04       		.byte	0x4
 481 019a 35       		.byte	0x35
 482 019b 9F010000 		.4byte	0x19f
 483 019f 05       		.uleb128 0x5
ARM GAS  C:\Users\Rolando\AppData\Local\Temp\cc8yL9Jh.s 			page 20


 484 01a0 84010000 		.4byte	0x184
 485 01a4 00       		.byte	0
 486              		.section	.debug_abbrev,"",%progbits
 487              	.Ldebug_abbrev0:
 488 0000 01       		.uleb128 0x1
 489 0001 11       		.uleb128 0x11
 490 0002 01       		.byte	0x1
 491 0003 25       		.uleb128 0x25
 492 0004 0E       		.uleb128 0xe
 493 0005 13       		.uleb128 0x13
 494 0006 0B       		.uleb128 0xb
 495 0007 03       		.uleb128 0x3
 496 0008 0E       		.uleb128 0xe
 497 0009 1B       		.uleb128 0x1b
 498 000a 0E       		.uleb128 0xe
 499 000b 55       		.uleb128 0x55
 500 000c 17       		.uleb128 0x17
 501 000d 11       		.uleb128 0x11
 502 000e 01       		.uleb128 0x1
 503 000f 10       		.uleb128 0x10
 504 0010 17       		.uleb128 0x17
 505 0011 00       		.byte	0
 506 0012 00       		.byte	0
 507 0013 02       		.uleb128 0x2
 508 0014 24       		.uleb128 0x24
 509 0015 00       		.byte	0
 510 0016 0B       		.uleb128 0xb
 511 0017 0B       		.uleb128 0xb
 512 0018 3E       		.uleb128 0x3e
 513 0019 0B       		.uleb128 0xb
 514 001a 03       		.uleb128 0x3
 515 001b 0E       		.uleb128 0xe
 516 001c 00       		.byte	0
 517 001d 00       		.byte	0
 518 001e 03       		.uleb128 0x3
 519 001f 24       		.uleb128 0x24
 520 0020 00       		.byte	0
 521 0021 0B       		.uleb128 0xb
 522 0022 0B       		.uleb128 0xb
 523 0023 3E       		.uleb128 0x3e
 524 0024 0B       		.uleb128 0xb
 525 0025 03       		.uleb128 0x3
 526 0026 08       		.uleb128 0x8
 527 0027 00       		.byte	0
 528 0028 00       		.byte	0
 529 0029 04       		.uleb128 0x4
 530 002a 16       		.uleb128 0x16
 531 002b 00       		.byte	0
 532 002c 03       		.uleb128 0x3
 533 002d 0E       		.uleb128 0xe
 534 002e 3A       		.uleb128 0x3a
 535 002f 0B       		.uleb128 0xb
 536 0030 3B       		.uleb128 0x3b
 537 0031 0B       		.uleb128 0xb
 538 0032 49       		.uleb128 0x49
 539 0033 13       		.uleb128 0x13
 540 0034 00       		.byte	0
ARM GAS  C:\Users\Rolando\AppData\Local\Temp\cc8yL9Jh.s 			page 21


 541 0035 00       		.byte	0
 542 0036 05       		.uleb128 0x5
 543 0037 35       		.uleb128 0x35
 544 0038 00       		.byte	0
 545 0039 49       		.uleb128 0x49
 546 003a 13       		.uleb128 0x13
 547 003b 00       		.byte	0
 548 003c 00       		.byte	0
 549 003d 06       		.uleb128 0x6
 550 003e 13       		.uleb128 0x13
 551 003f 01       		.byte	0x1
 552 0040 0B       		.uleb128 0xb
 553 0041 0B       		.uleb128 0xb
 554 0042 3A       		.uleb128 0x3a
 555 0043 0B       		.uleb128 0xb
 556 0044 3B       		.uleb128 0x3b
 557 0045 0B       		.uleb128 0xb
 558 0046 01       		.uleb128 0x1
 559 0047 13       		.uleb128 0x13
 560 0048 00       		.byte	0
 561 0049 00       		.byte	0
 562 004a 07       		.uleb128 0x7
 563 004b 0D       		.uleb128 0xd
 564 004c 00       		.byte	0
 565 004d 03       		.uleb128 0x3
 566 004e 0E       		.uleb128 0xe
 567 004f 3A       		.uleb128 0x3a
 568 0050 0B       		.uleb128 0xb
 569 0051 3B       		.uleb128 0x3b
 570 0052 0B       		.uleb128 0xb
 571 0053 49       		.uleb128 0x49
 572 0054 13       		.uleb128 0x13
 573 0055 38       		.uleb128 0x38
 574 0056 0B       		.uleb128 0xb
 575 0057 00       		.byte	0
 576 0058 00       		.byte	0
 577 0059 08       		.uleb128 0x8
 578 005a 2E       		.uleb128 0x2e
 579 005b 00       		.byte	0
 580 005c 3F       		.uleb128 0x3f
 581 005d 19       		.uleb128 0x19
 582 005e 03       		.uleb128 0x3
 583 005f 0E       		.uleb128 0xe
 584 0060 3A       		.uleb128 0x3a
 585 0061 0B       		.uleb128 0xb
 586 0062 3B       		.uleb128 0x3b
 587 0063 0B       		.uleb128 0xb
 588 0064 27       		.uleb128 0x27
 589 0065 19       		.uleb128 0x19
 590 0066 11       		.uleb128 0x11
 591 0067 01       		.uleb128 0x1
 592 0068 12       		.uleb128 0x12
 593 0069 06       		.uleb128 0x6
 594 006a 40       		.uleb128 0x40
 595 006b 18       		.uleb128 0x18
 596 006c 9742     		.uleb128 0x2117
 597 006e 19       		.uleb128 0x19
ARM GAS  C:\Users\Rolando\AppData\Local\Temp\cc8yL9Jh.s 			page 22


 598 006f 00       		.byte	0
 599 0070 00       		.byte	0
 600 0071 09       		.uleb128 0x9
 601 0072 2E       		.uleb128 0x2e
 602 0073 00       		.byte	0
 603 0074 3F       		.uleb128 0x3f
 604 0075 19       		.uleb128 0x19
 605 0076 03       		.uleb128 0x3
 606 0077 0E       		.uleb128 0xe
 607 0078 3A       		.uleb128 0x3a
 608 0079 0B       		.uleb128 0xb
 609 007a 3B       		.uleb128 0x3b
 610 007b 05       		.uleb128 0x5
 611 007c 27       		.uleb128 0x27
 612 007d 19       		.uleb128 0x19
 613 007e 11       		.uleb128 0x11
 614 007f 01       		.uleb128 0x1
 615 0080 12       		.uleb128 0x12
 616 0081 06       		.uleb128 0x6
 617 0082 40       		.uleb128 0x40
 618 0083 18       		.uleb128 0x18
 619 0084 9742     		.uleb128 0x2117
 620 0086 19       		.uleb128 0x19
 621 0087 00       		.byte	0
 622 0088 00       		.byte	0
 623 0089 0A       		.uleb128 0xa
 624 008a 2E       		.uleb128 0x2e
 625 008b 00       		.byte	0
 626 008c 3F       		.uleb128 0x3f
 627 008d 19       		.uleb128 0x19
 628 008e 03       		.uleb128 0x3
 629 008f 0E       		.uleb128 0xe
 630 0090 3A       		.uleb128 0x3a
 631 0091 0B       		.uleb128 0xb
 632 0092 3B       		.uleb128 0x3b
 633 0093 05       		.uleb128 0x5
 634 0094 27       		.uleb128 0x27
 635 0095 19       		.uleb128 0x19
 636 0096 11       		.uleb128 0x11
 637 0097 01       		.uleb128 0x1
 638 0098 12       		.uleb128 0x12
 639 0099 06       		.uleb128 0x6
 640 009a 40       		.uleb128 0x40
 641 009b 18       		.uleb128 0x18
 642 009c 9642     		.uleb128 0x2116
 643 009e 19       		.uleb128 0x19
 644 009f 00       		.byte	0
 645 00a0 00       		.byte	0
 646 00a1 0B       		.uleb128 0xb
 647 00a2 01       		.uleb128 0x1
 648 00a3 01       		.byte	0x1
 649 00a4 49       		.uleb128 0x49
 650 00a5 13       		.uleb128 0x13
 651 00a6 01       		.uleb128 0x1
 652 00a7 13       		.uleb128 0x13
 653 00a8 00       		.byte	0
 654 00a9 00       		.byte	0
ARM GAS  C:\Users\Rolando\AppData\Local\Temp\cc8yL9Jh.s 			page 23


 655 00aa 0C       		.uleb128 0xc
 656 00ab 21       		.uleb128 0x21
 657 00ac 00       		.byte	0
 658 00ad 49       		.uleb128 0x49
 659 00ae 13       		.uleb128 0x13
 660 00af 2F       		.uleb128 0x2f
 661 00b0 0B       		.uleb128 0xb
 662 00b1 00       		.byte	0
 663 00b2 00       		.byte	0
 664 00b3 0D       		.uleb128 0xd
 665 00b4 34       		.uleb128 0x34
 666 00b5 00       		.byte	0
 667 00b6 03       		.uleb128 0x3
 668 00b7 0E       		.uleb128 0xe
 669 00b8 3A       		.uleb128 0x3a
 670 00b9 0B       		.uleb128 0xb
 671 00ba 3B       		.uleb128 0x3b
 672 00bb 0B       		.uleb128 0xb
 673 00bc 49       		.uleb128 0x49
 674 00bd 13       		.uleb128 0x13
 675 00be 3F       		.uleb128 0x3f
 676 00bf 19       		.uleb128 0x19
 677 00c0 3C       		.uleb128 0x3c
 678 00c1 19       		.uleb128 0x19
 679 00c2 00       		.byte	0
 680 00c3 00       		.byte	0
 681 00c4 00       		.byte	0
 682              		.section	.debug_aranges,"",%progbits
 683 0000 3C000000 		.4byte	0x3c
 684 0004 0200     		.2byte	0x2
 685 0006 00000000 		.4byte	.Ldebug_info0
 686 000a 04       		.byte	0x4
 687 000b 00       		.byte	0
 688 000c 0000     		.2byte	0
 689 000e 0000     		.2byte	0
 690 0010 00000000 		.4byte	.LFB0
 691 0014 54000000 		.4byte	.LFE0-.LFB0
 692 0018 00000000 		.4byte	.LFB1
 693 001c 54000000 		.4byte	.LFE1-.LFB1
 694 0020 00000000 		.4byte	.LFB2
 695 0024 5C000000 		.4byte	.LFE2-.LFB2
 696 0028 00000000 		.4byte	.LFB3
 697 002c 0C000000 		.4byte	.LFE3-.LFB3
 698 0030 00000000 		.4byte	.LFB4
 699 0034 0A000000 		.4byte	.LFE4-.LFB4
 700 0038 00000000 		.4byte	0
 701 003c 00000000 		.4byte	0
 702              		.section	.debug_ranges,"",%progbits
 703              	.Ldebug_ranges0:
 704 0000 00000000 		.4byte	.LFB0
 705 0004 54000000 		.4byte	.LFE0
 706 0008 00000000 		.4byte	.LFB1
 707 000c 54000000 		.4byte	.LFE1
 708 0010 00000000 		.4byte	.LFB2
 709 0014 5C000000 		.4byte	.LFE2
 710 0018 00000000 		.4byte	.LFB3
 711 001c 0C000000 		.4byte	.LFE3
ARM GAS  C:\Users\Rolando\AppData\Local\Temp\cc8yL9Jh.s 			page 24


 712 0020 00000000 		.4byte	.LFB4
 713 0024 0A000000 		.4byte	.LFE4
 714 0028 00000000 		.4byte	0
 715 002c 00000000 		.4byte	0
 716              		.section	.debug_line,"",%progbits
 717              	.Ldebug_line0:
 718 0000 E6000000 		.section	.debug_str,"MS",%progbits,1
 718      02007000 
 718      00000201 
 718      FB0E0D00 
 718      01010101 
 719              	.LASF22:
 720 0000 62756666 		.ascii	"buffOffset\000"
 720      4F666673 
 720      657400
 721              	.LASF34:
 722 000b 55534255 		.ascii	"USBUART_1_EP\000"
 722      4152545F 
 722      315F4550 
 722      00
 723              	.LASF3:
 724 0018 73686F72 		.ascii	"short unsigned int\000"
 724      7420756E 
 724      7369676E 
 724      65642069 
 724      6E7400
 725              	.LASF26:
 726 002b 55534255 		.ascii	"USBUART_1_EP_1_ISR\000"
 726      4152545F 
 726      315F4550 
 726      5F315F49 
 726      535200
 727              	.LASF11:
 728 003e 666C6F61 		.ascii	"float\000"
 728      7400
 729              	.LASF19:
 730 0044 6570546F 		.ascii	"epToggle\000"
 730      67676C65 
 730      00
 731              	.LASF1:
 732 004d 756E7369 		.ascii	"unsigned char\000"
 732      676E6564 
 732      20636861 
 732      7200
 733              	.LASF14:
 734 005b 72656738 		.ascii	"reg8\000"
 734      00
 735              	.LASF5:
 736 0060 6C6F6E67 		.ascii	"long unsigned int\000"
 736      20756E73 
 736      69676E65 
 736      6420696E 
 736      7400
 737              	.LASF20:
 738 0072 61646472 		.ascii	"addr\000"
 738      00
 739              	.LASF33:
ARM GAS  C:\Users\Rolando\AppData\Local\Temp\cc8yL9Jh.s 			page 25


 740 0077 473A5C44 		.ascii	"G:\\Documentos\\PSoC Creator\\CE95358.cydsn\000"
 740      6F63756D 
 740      656E746F 
 740      735C5053 
 740      6F432043 
 741              	.LASF27:
 742 00a0 55534255 		.ascii	"USBUART_1_EP_2_ISR\000"
 742      4152545F 
 742      315F4550 
 742      5F325F49 
 742      535200
 743              	.LASF31:
 744 00b3 474E5520 		.ascii	"GNU C 4.9.3 20150303 (release) [ARM/embedded-4_9-br"
 744      4320342E 
 744      392E3320 
 744      32303135 
 744      30333033 
 745 00e6 616E6368 		.ascii	"anch revision 221220] -mcpu=cortex-m3 -mthumb -g -O"
 745      20726576 
 745      6973696F 
 745      6E203232 
 745      31323230 
 746 0119 30202D66 		.ascii	"0 -ffunction-sections -ffat-lto-objects\000"
 746      66756E63 
 746      74696F6E 
 746      2D736563 
 746      74696F6E 
 747              	.LASF12:
 748 0141 646F7562 		.ascii	"double\000"
 748      6C6500
 749              	.LASF16:
 750 0148 61747472 		.ascii	"attrib\000"
 750      696200
 751              	.LASF30:
 752 014f 55534255 		.ascii	"USBUART_1_BUS_RESET_ISR\000"
 752      4152545F 
 752      315F4255 
 752      535F5245 
 752      5345545F 
 753              	.LASF29:
 754 0167 55534255 		.ascii	"USBUART_1_SOF_ISR\000"
 754      4152545F 
 754      315F534F 
 754      465F4953 
 754      5200
 755              	.LASF10:
 756 0179 75696E74 		.ascii	"uint16\000"
 756      313600
 757              	.LASF17:
 758 0180 61706945 		.ascii	"apiEpState\000"
 758      70537461 
 758      746500
 759              	.LASF8:
 760 018b 756E7369 		.ascii	"unsigned int\000"
 760      676E6564 
 760      20696E74 
 760      00
ARM GAS  C:\Users\Rolando\AppData\Local\Temp\cc8yL9Jh.s 			page 26


 761              	.LASF7:
 762 0198 6C6F6E67 		.ascii	"long long unsigned int\000"
 762      206C6F6E 
 762      6720756E 
 762      7369676E 
 762      65642069 
 763              	.LASF18:
 764 01af 68774570 		.ascii	"hwEpState\000"
 764      53746174 
 764      6500
 765              	.LASF32:
 766 01b9 2E5C4765 		.ascii	".\\Generated_Source\\PSoC5\\USBUART_1_episr.c\000"
 766      6E657261 
 766      7465645F 
 766      536F7572 
 766      63655C50 
 767              	.LASF28:
 768 01e4 55534255 		.ascii	"USBUART_1_EP_3_ISR\000"
 768      4152545F 
 768      315F4550 
 768      5F335F49 
 768      535200
 769              	.LASF15:
 770 01f7 73697A65 		.ascii	"sizetype\000"
 770      74797065 
 770      00
 771              	.LASF21:
 772 0200 65704D6F 		.ascii	"epMode\000"
 772      646500
 773              	.LASF6:
 774 0207 6C6F6E67 		.ascii	"long long int\000"
 774      206C6F6E 
 774      6720696E 
 774      7400
 775              	.LASF25:
 776 0215 545F5553 		.ascii	"T_USBUART_1_EP_CTL_BLOCK\000"
 776      42554152 
 776      545F315F 
 776      45505F43 
 776      544C5F42 
 777              	.LASF13:
 778 022e 63686172 		.ascii	"char\000"
 778      00
 779              	.LASF23:
 780 0233 62756666 		.ascii	"bufferSize\000"
 780      65725369 
 780      7A6500
 781              	.LASF2:
 782 023e 73686F72 		.ascii	"short int\000"
 782      7420696E 
 782      7400
 783              	.LASF9:
 784 0248 75696E74 		.ascii	"uint8\000"
 784      3800
 785              	.LASF24:
 786 024e 696E7465 		.ascii	"interface\000"
 786      72666163 
ARM GAS  C:\Users\Rolando\AppData\Local\Temp\cc8yL9Jh.s 			page 27


 786      6500
 787              	.LASF4:
 788 0258 6C6F6E67 		.ascii	"long int\000"
 788      20696E74 
 788      00
 789              	.LASF0:
 790 0261 7369676E 		.ascii	"signed char\000"
 790      65642063 
 790      68617200 
 791              		.ident	"GCC: (GNU Tools for ARM Embedded Processors) 4.9.3 20150303 (release) [ARM/embedded-4_9-br
