ARM GAS  C:\Users\Rolando\AppData\Local\Temp\ccuydqNr.s 			page 1


   1              		.syntax unified
   2              		.cpu cortex-m3
   3              		.fpu softvfp
   4              		.eabi_attribute 20, 1
   5              		.eabi_attribute 21, 1
   6              		.eabi_attribute 23, 3
   7              		.eabi_attribute 24, 1
   8              		.eabi_attribute 25, 1
   9              		.eabi_attribute 26, 1
  10              		.eabi_attribute 30, 6
  11              		.eabi_attribute 34, 1
  12              		.eabi_attribute 18, 4
  13              		.thumb
  14              		.file	"USBUART_1_descr.c"
  15              		.text
  16              	.Ltext0:
  17              		.cfi_sections	.debug_frame
  18              		.global	USBUART_1_DEVICE0_DESCR
  19              		.section	.rodata
  20              		.align	2
  21              		.type	USBUART_1_DEVICE0_DESCR, %object
  22              		.size	USBUART_1_DEVICE0_DESCR, 18
  23              	USBUART_1_DEVICE0_DESCR:
  24 0000 12       		.byte	18
  25 0001 01       		.byte	1
  26 0002 00       		.byte	0
  27 0003 02       		.byte	2
  28 0004 02       		.byte	2
  29 0005 00       		.byte	0
  30 0006 00       		.byte	0
  31 0007 08       		.byte	8
  32 0008 B4       		.byte	-76
  33 0009 04       		.byte	4
  34 000a 32       		.byte	50
  35 000b F2       		.byte	-14
  36 000c 01       		.byte	1
  37 000d 00       		.byte	0
  38 000e 01       		.byte	1
  39 000f 04       		.byte	4
  40 0010 80       		.byte	-128
  41 0011 01       		.byte	1
  42              		.global	USBUART_1_DEVICE0_CONFIGURATION0_DESCR
  43 0012 0000     		.align	2
  44              		.type	USBUART_1_DEVICE0_CONFIGURATION0_DESCR, %object
  45              		.size	USBUART_1_DEVICE0_CONFIGURATION0_DESCR, 67
  46              	USBUART_1_DEVICE0_CONFIGURATION0_DESCR:
  47 0014 09       		.byte	9
  48 0015 02       		.byte	2
  49 0016 43       		.byte	67
  50 0017 00       		.byte	0
  51 0018 02       		.byte	2
  52 0019 01       		.byte	1
  53 001a 04       		.byte	4
  54 001b C0       		.byte	-64
  55 001c 32       		.byte	50
  56 001d 09       		.byte	9
  57 001e 04       		.byte	4
ARM GAS  C:\Users\Rolando\AppData\Local\Temp\ccuydqNr.s 			page 2


  58 001f 00       		.byte	0
  59 0020 00       		.byte	0
  60 0021 01       		.byte	1
  61 0022 02       		.byte	2
  62 0023 02       		.byte	2
  63 0024 00       		.byte	0
  64 0025 02       		.byte	2
  65 0026 05       		.byte	5
  66 0027 24       		.byte	36
  67 0028 00       		.byte	0
  68 0029 10       		.byte	16
  69 002a 01       		.byte	1
  70 002b 04       		.byte	4
  71 002c 24       		.byte	36
  72 002d 02       		.byte	2
  73 002e 02       		.byte	2
  74 002f 05       		.byte	5
  75 0030 24       		.byte	36
  76 0031 06       		.byte	6
  77 0032 00       		.byte	0
  78 0033 01       		.byte	1
  79 0034 05       		.byte	5
  80 0035 24       		.byte	36
  81 0036 01       		.byte	1
  82 0037 00       		.byte	0
  83 0038 01       		.byte	1
  84 0039 07       		.byte	7
  85 003a 05       		.byte	5
  86 003b 81       		.byte	-127
  87 003c 03       		.byte	3
  88 003d 08       		.byte	8
  89 003e 00       		.byte	0
  90 003f 0A       		.byte	10
  91 0040 09       		.byte	9
  92 0041 04       		.byte	4
  93 0042 01       		.byte	1
  94 0043 00       		.byte	0
  95 0044 02       		.byte	2
  96 0045 0A       		.byte	10
  97 0046 00       		.byte	0
  98 0047 00       		.byte	0
  99 0048 03       		.byte	3
 100 0049 07       		.byte	7
 101 004a 05       		.byte	5
 102 004b 82       		.byte	-126
 103 004c 02       		.byte	2
 104 004d 40       		.byte	64
 105 004e 00       		.byte	0
 106 004f 0A       		.byte	10
 107 0050 07       		.byte	7
 108 0051 05       		.byte	5
 109 0052 03       		.byte	3
 110 0053 02       		.byte	2
 111 0054 40       		.byte	64
 112 0055 00       		.byte	0
 113 0056 0A       		.byte	10
 114              		.global	USBUART_1_STRING_DESCRIPTORS
ARM GAS  C:\Users\Rolando\AppData\Local\Temp\ccuydqNr.s 			page 3


 115 0057 00       		.align	2
 116              		.type	USBUART_1_STRING_DESCRIPTORS, %object
 117              		.size	USBUART_1_STRING_DESCRIPTORS, 169
 118              	USBUART_1_STRING_DESCRIPTORS:
 119 0058 04       		.byte	4
 120 0059 03       		.byte	3
 121 005a 09       		.byte	9
 122 005b 04       		.byte	4
 123 005c 2C       		.byte	44
 124 005d 03       		.byte	3
 125 005e 43       		.byte	67
 126 005f 00       		.byte	0
 127 0060 79       		.byte	121
 128 0061 00       		.byte	0
 129 0062 70       		.byte	112
 130 0063 00       		.byte	0
 131 0064 72       		.byte	114
 132 0065 00       		.byte	0
 133 0066 65       		.byte	101
 134 0067 00       		.byte	0
 135 0068 73       		.byte	115
 136 0069 00       		.byte	0
 137 006a 73       		.byte	115
 138 006b 00       		.byte	0
 139 006c 20       		.byte	32
 140 006d 00       		.byte	0
 141 006e 53       		.byte	83
 142 006f 00       		.byte	0
 143 0070 65       		.byte	101
 144 0071 00       		.byte	0
 145 0072 6D       		.byte	109
 146 0073 00       		.byte	0
 147 0074 69       		.byte	105
 148 0075 00       		.byte	0
 149 0076 63       		.byte	99
 150 0077 00       		.byte	0
 151 0078 6F       		.byte	111
 152 0079 00       		.byte	0
 153 007a 6E       		.byte	110
 154 007b 00       		.byte	0
 155 007c 64       		.byte	100
 156 007d 00       		.byte	0
 157 007e 75       		.byte	117
 158 007f 00       		.byte	0
 159 0080 63       		.byte	99
 160 0081 00       		.byte	0
 161 0082 74       		.byte	116
 162 0083 00       		.byte	0
 163 0084 6F       		.byte	111
 164 0085 00       		.byte	0
 165 0086 72       		.byte	114
 166 0087 00       		.byte	0
 167 0088 38       		.byte	56
 168 0089 03       		.byte	3
 169 008a 43       		.byte	67
 170 008b 00       		.byte	0
 171 008c 44       		.byte	68
ARM GAS  C:\Users\Rolando\AppData\Local\Temp\ccuydqNr.s 			page 4


 172 008d 00       		.byte	0
 173 008e 43       		.byte	67
 174 008f 00       		.byte	0
 175 0090 20       		.byte	32
 176 0091 00       		.byte	0
 177 0092 43       		.byte	67
 178 0093 00       		.byte	0
 179 0094 6F       		.byte	111
 180 0095 00       		.byte	0
 181 0096 6D       		.byte	109
 182 0097 00       		.byte	0
 183 0098 6D       		.byte	109
 184 0099 00       		.byte	0
 185 009a 75       		.byte	117
 186 009b 00       		.byte	0
 187 009c 6E       		.byte	110
 188 009d 00       		.byte	0
 189 009e 69       		.byte	105
 190 009f 00       		.byte	0
 191 00a0 63       		.byte	99
 192 00a1 00       		.byte	0
 193 00a2 61       		.byte	97
 194 00a3 00       		.byte	0
 195 00a4 74       		.byte	116
 196 00a5 00       		.byte	0
 197 00a6 69       		.byte	105
 198 00a7 00       		.byte	0
 199 00a8 6F       		.byte	111
 200 00a9 00       		.byte	0
 201 00aa 6E       		.byte	110
 202 00ab 00       		.byte	0
 203 00ac 20       		.byte	32
 204 00ad 00       		.byte	0
 205 00ae 49       		.byte	73
 206 00af 00       		.byte	0
 207 00b0 6E       		.byte	110
 208 00b1 00       		.byte	0
 209 00b2 74       		.byte	116
 210 00b3 00       		.byte	0
 211 00b4 65       		.byte	101
 212 00b5 00       		.byte	0
 213 00b6 72       		.byte	114
 214 00b7 00       		.byte	0
 215 00b8 66       		.byte	102
 216 00b9 00       		.byte	0
 217 00ba 61       		.byte	97
 218 00bb 00       		.byte	0
 219 00bc 63       		.byte	99
 220 00bd 00       		.byte	0
 221 00be 65       		.byte	101
 222 00bf 00       		.byte	0
 223 00c0 26       		.byte	38
 224 00c1 03       		.byte	3
 225 00c2 43       		.byte	67
 226 00c3 00       		.byte	0
 227 00c4 44       		.byte	68
 228 00c5 00       		.byte	0
ARM GAS  C:\Users\Rolando\AppData\Local\Temp\ccuydqNr.s 			page 5


 229 00c6 43       		.byte	67
 230 00c7 00       		.byte	0
 231 00c8 20       		.byte	32
 232 00c9 00       		.byte	0
 233 00ca 44       		.byte	68
 234 00cb 00       		.byte	0
 235 00cc 61       		.byte	97
 236 00cd 00       		.byte	0
 237 00ce 74       		.byte	116
 238 00cf 00       		.byte	0
 239 00d0 61       		.byte	97
 240 00d1 00       		.byte	0
 241 00d2 20       		.byte	32
 242 00d3 00       		.byte	0
 243 00d4 49       		.byte	73
 244 00d5 00       		.byte	0
 245 00d6 6E       		.byte	110
 246 00d7 00       		.byte	0
 247 00d8 74       		.byte	116
 248 00d9 00       		.byte	0
 249 00da 65       		.byte	101
 250 00db 00       		.byte	0
 251 00dc 72       		.byte	114
 252 00dd 00       		.byte	0
 253 00de 66       		.byte	102
 254 00df 00       		.byte	0
 255 00e0 61       		.byte	97
 256 00e1 00       		.byte	0
 257 00e2 63       		.byte	99
 258 00e3 00       		.byte	0
 259 00e4 65       		.byte	101
 260 00e5 00       		.byte	0
 261 00e6 1A       		.byte	26
 262 00e7 03       		.byte	3
 263 00e8 53       		.byte	83
 264 00e9 00       		.byte	0
 265 00ea 41       		.byte	65
 266 00eb 00       		.byte	0
 267 00ec 52       		.byte	82
 268 00ed 00       		.byte	0
 269 00ee 5F       		.byte	95
 270 00ef 00       		.byte	0
 271 00f0 53       		.byte	83
 272 00f1 00       		.byte	0
 273 00f2 50       		.byte	80
 274 00f3 00       		.byte	0
 275 00f4 49       		.byte	73
 276 00f5 00       		.byte	0
 277 00f6 4D       		.byte	77
 278 00f7 00       		.byte	0
 279 00f8 5F       		.byte	95
 280 00f9 00       		.byte	0
 281 00fa 55       		.byte	85
 282 00fb 00       		.byte	0
 283 00fc 53       		.byte	83
 284 00fd 00       		.byte	0
 285 00fe 42       		.byte	66
ARM GAS  C:\Users\Rolando\AppData\Local\Temp\ccuydqNr.s 			page 6


 286 00ff 00       		.byte	0
 287 0100 00       		.byte	0
 288              		.global	USBUART_1_SN_STRING_DESCRIPTOR
 289 0101 000000   		.align	2
 290              		.type	USBUART_1_SN_STRING_DESCRIPTOR, %object
 291              		.size	USBUART_1_SN_STRING_DESCRIPTOR, 2
 292              	USBUART_1_SN_STRING_DESCRIPTOR:
 293 0104 02       		.byte	2
 294 0105 03       		.byte	3
 295              		.global	USBUART_1_HIDREPORT_DESCRIPTOR1
 296 0106 0000     		.align	2
 297              		.type	USBUART_1_HIDREPORT_DESCRIPTOR1, %object
 298              		.size	USBUART_1_HIDREPORT_DESCRIPTOR1, 54
 299              	USBUART_1_HIDREPORT_DESCRIPTOR1:
 300 0108 32       		.byte	50
 301 0109 00       		.byte	0
 302 010a 05       		.byte	5
 303 010b 01       		.byte	1
 304 010c 09       		.byte	9
 305 010d 02       		.byte	2
 306 010e A1       		.byte	-95
 307 010f 01       		.byte	1
 308 0110 09       		.byte	9
 309 0111 01       		.byte	1
 310 0112 A1       		.byte	-95
 311 0113 00       		.byte	0
 312 0114 05       		.byte	5
 313 0115 09       		.byte	9
 314 0116 19       		.byte	25
 315 0117 01       		.byte	1
 316 0118 29       		.byte	41
 317 0119 03       		.byte	3
 318 011a 15       		.byte	21
 319 011b 00       		.byte	0
 320 011c 25       		.byte	37
 321 011d 01       		.byte	1
 322 011e 95       		.byte	-107
 323 011f 03       		.byte	3
 324 0120 75       		.byte	117
 325 0121 01       		.byte	1
 326 0122 81       		.byte	-127
 327 0123 02       		.byte	2
 328 0124 95       		.byte	-107
 329 0125 01       		.byte	1
 330 0126 75       		.byte	117
 331 0127 05       		.byte	5
 332 0128 81       		.byte	-127
 333 0129 01       		.byte	1
 334 012a 05       		.byte	5
 335 012b 01       		.byte	1
 336 012c 09       		.byte	9
 337 012d 30       		.byte	48
 338 012e 09       		.byte	9
 339 012f 31       		.byte	49
 340 0130 15       		.byte	21
 341 0131 81       		.byte	-127
 342 0132 25       		.byte	37
ARM GAS  C:\Users\Rolando\AppData\Local\Temp\ccuydqNr.s 			page 7


 343 0133 7F       		.byte	127
 344 0134 75       		.byte	117
 345 0135 08       		.byte	8
 346 0136 95       		.byte	-107
 347 0137 02       		.byte	2
 348 0138 81       		.byte	-127
 349 0139 06       		.byte	6
 350 013a C0       		.byte	-64
 351 013b C0       		.byte	-64
 352 013c 00       		.byte	0
 353 013d 00       		.byte	0
 354              		.global	USBUART_1_DEVICE0_CONFIGURATION0_EP_SETTINGS_TABLE
 355 013e 0000     		.align	2
 356              		.type	USBUART_1_DEVICE0_CONFIGURATION0_EP_SETTINGS_TABLE, %object
 357              		.size	USBUART_1_DEVICE0_CONFIGURATION0_EP_SETTINGS_TABLE, 24
 358              	USBUART_1_DEVICE0_CONFIGURATION0_EP_SETTINGS_TABLE:
 359 0140 00       		.byte	0
 360 0141 00       		.byte	0
 361 0142 81       		.byte	-127
 362 0143 03       		.byte	3
 363 0144 0800     		.short	8
 364 0146 02       		.byte	2
 365 0147 00       		.space	1
 366 0148 01       		.byte	1
 367 0149 00       		.byte	0
 368 014a 82       		.byte	-126
 369 014b 02       		.byte	2
 370 014c 4000     		.short	64
 371 014e 0A       		.byte	10
 372 014f 00       		.space	1
 373 0150 01       		.byte	1
 374 0151 00       		.byte	0
 375 0152 03       		.byte	3
 376 0153 02       		.byte	2
 377 0154 4000     		.short	64
 378 0156 0A       		.byte	10
 379 0157 00       		.space	1
 380              		.global	USBUART_1_DEVICE0_CONFIGURATION0_INTERFACE_CLASS
 381              		.align	2
 382              		.type	USBUART_1_DEVICE0_CONFIGURATION0_INTERFACE_CLASS, %object
 383              		.size	USBUART_1_DEVICE0_CONFIGURATION0_INTERFACE_CLASS, 2
 384              	USBUART_1_DEVICE0_CONFIGURATION0_INTERFACE_CLASS:
 385 0158 02       		.byte	2
 386 0159 0A       		.byte	10
 387              		.global	USBUART_1_DEVICE0_CONFIGURATION0_TABLE
 388 015a 0000     		.align	2
 389              		.type	USBUART_1_DEVICE0_CONFIGURATION0_TABLE, %object
 390              		.size	USBUART_1_DEVICE0_CONFIGURATION0_TABLE, 40
 391              	USBUART_1_DEVICE0_CONFIGURATION0_TABLE:
 392 015c 01       		.byte	1
 393 015d 000000   		.space	3
 394 0160 00000000 		.word	USBUART_1_DEVICE0_CONFIGURATION0_DESCR
 395 0164 03       		.byte	3
 396 0165 000000   		.space	3
 397 0168 00000000 		.word	USBUART_1_DEVICE0_CONFIGURATION0_EP_SETTINGS_TABLE
 398 016c 00       		.byte	0
 399 016d 000000   		.space	3
ARM GAS  C:\Users\Rolando\AppData\Local\Temp\ccuydqNr.s 			page 8


 400 0170 00000000 		.word	0
 401 0174 00       		.byte	0
 402 0175 000000   		.space	3
 403 0178 00000000 		.word	0
 404 017c 00       		.byte	0
 405 017d 000000   		.space	3
 406 0180 00000000 		.word	USBUART_1_DEVICE0_CONFIGURATION0_INTERFACE_CLASS
 407              		.global	USBUART_1_DEVICE0_TABLE
 408              		.align	2
 409              		.type	USBUART_1_DEVICE0_TABLE, %object
 410              		.size	USBUART_1_DEVICE0_TABLE, 16
 411              	USBUART_1_DEVICE0_TABLE:
 412 0184 01       		.byte	1
 413 0185 000000   		.space	3
 414 0188 00000000 		.word	USBUART_1_DEVICE0_DESCR
 415 018c 01       		.byte	1
 416 018d 000000   		.space	3
 417 0190 00000000 		.word	USBUART_1_DEVICE0_CONFIGURATION0_TABLE
 418              		.global	USBUART_1_TABLE
 419              		.align	2
 420              		.type	USBUART_1_TABLE, %object
 421              		.size	USBUART_1_TABLE, 8
 422              	USBUART_1_TABLE:
 423 0194 01       		.byte	1
 424 0195 000000   		.space	3
 425 0198 00000000 		.word	USBUART_1_DEVICE0_TABLE
 426              		.global	USBUART_1_MSOS_DESCRIPTOR
 427              		.align	2
 428              		.type	USBUART_1_MSOS_DESCRIPTOR, %object
 429              		.size	USBUART_1_MSOS_DESCRIPTOR, 18
 430              	USBUART_1_MSOS_DESCRIPTOR:
 431 019c 12       		.byte	18
 432 019d 03       		.byte	3
 433 019e 4D       		.byte	77
 434 019f 00       		.byte	0
 435 01a0 53       		.byte	83
 436 01a1 00       		.byte	0
 437 01a2 46       		.byte	70
 438 01a3 00       		.byte	0
 439 01a4 54       		.byte	84
 440 01a5 00       		.byte	0
 441 01a6 31       		.byte	49
 442 01a7 00       		.byte	0
 443 01a8 30       		.byte	48
 444 01a9 00       		.byte	0
 445 01aa 30       		.byte	48
 446 01ab 00       		.byte	0
 447 01ac 01       		.byte	1
 448 01ad 00       		.byte	0
 449              		.global	USBUART_1_MSOS_CONFIGURATION_DESCR
 450 01ae 0000     		.align	2
 451              		.type	USBUART_1_MSOS_CONFIGURATION_DESCR, %object
 452              		.size	USBUART_1_MSOS_CONFIGURATION_DESCR, 40
 453              	USBUART_1_MSOS_CONFIGURATION_DESCR:
 454 01b0 28       		.byte	40
 455 01b1 00       		.byte	0
 456 01b2 00       		.byte	0
ARM GAS  C:\Users\Rolando\AppData\Local\Temp\ccuydqNr.s 			page 9


 457 01b3 00       		.byte	0
 458 01b4 00       		.byte	0
 459 01b5 01       		.byte	1
 460 01b6 04       		.byte	4
 461 01b7 00       		.byte	0
 462 01b8 01       		.byte	1
 463 01b9 00       		.byte	0
 464 01ba 00       		.byte	0
 465 01bb 00       		.byte	0
 466 01bc 00       		.byte	0
 467 01bd 00       		.byte	0
 468 01be 00       		.byte	0
 469 01bf 00       		.byte	0
 470 01c0 00       		.byte	0
 471 01c1 01       		.byte	1
 472 01c2 43       		.byte	67
 473 01c3 59       		.byte	89
 474 01c4 55       		.byte	85
 475 01c5 53       		.byte	83
 476 01c6 42       		.byte	66
 477 01c7 00       		.byte	0
 478 01c8 00       		.byte	0
 479 01c9 00       		.byte	0
 480 01ca 30       		.byte	48
 481 01cb 30       		.byte	48
 482 01cc 30       		.byte	48
 483 01cd 30       		.byte	48
 484 01ce 31       		.byte	49
 485 01cf 00       		.byte	0
 486 01d0 00       		.byte	0
 487 01d1 00       		.byte	0
 488 01d2 00       		.byte	0
 489 01d3 00       		.byte	0
 490 01d4 00       		.byte	0
 491 01d5 00       		.byte	0
 492 01d6 00       		.byte	0
 493 01d7 00       		.byte	0
 494              		.comm	USBUART_1_idSerialNumberStringDescriptor,34,4
 495              		.text
 496              	.Letext0:
 497              		.file 1 ".\\Generated_Source\\PSoC5\\cytypes.h"
 498              		.file 2 ".\\Generated_Source\\PSoC5\\USBUART_1.h"
 499              		.file 3 ".\\Generated_Source\\PSoC5\\USBUART_1_descr.c"
 500              		.section	.debug_info,"",%progbits
 501              	.Ldebug_info0:
 502 0000 EF020000 		.4byte	0x2ef
 503 0004 0400     		.2byte	0x4
 504 0006 00000000 		.4byte	.Ldebug_abbrev0
 505 000a 04       		.byte	0x4
 506 000b 01       		.uleb128 0x1
 507 000c 41020000 		.4byte	.LASF37
 508 0010 01       		.byte	0x1
 509 0011 1F000000 		.4byte	.LASF38
 510 0015 53010000 		.4byte	.LASF39
 511 0019 00000000 		.4byte	.Ldebug_line0
 512 001d 02       		.uleb128 0x2
 513 001e 01       		.byte	0x1
ARM GAS  C:\Users\Rolando\AppData\Local\Temp\ccuydqNr.s 			page 10


 514 001f 06       		.byte	0x6
 515 0020 78030000 		.4byte	.LASF0
 516 0024 02       		.uleb128 0x2
 517 0025 01       		.byte	0x1
 518 0026 08       		.byte	0x8
 519 0027 23010000 		.4byte	.LASF1
 520 002b 02       		.uleb128 0x2
 521 002c 02       		.byte	0x2
 522 002d 05       		.byte	0x5
 523 002e B4010000 		.4byte	.LASF2
 524 0032 02       		.uleb128 0x2
 525 0033 02       		.byte	0x2
 526 0034 07       		.byte	0x7
 527 0035 AA000000 		.4byte	.LASF3
 528 0039 02       		.uleb128 0x2
 529 003a 04       		.byte	0x4
 530 003b 05       		.byte	0x5
 531 003c A1000000 		.4byte	.LASF4
 532 0040 02       		.uleb128 0x2
 533 0041 04       		.byte	0x4
 534 0042 07       		.byte	0x7
 535 0043 3C010000 		.4byte	.LASF5
 536 0047 02       		.uleb128 0x2
 537 0048 08       		.byte	0x8
 538 0049 05       		.byte	0x5
 539 004a 2E020000 		.4byte	.LASF6
 540 004e 02       		.uleb128 0x2
 541 004f 08       		.byte	0x8
 542 0050 07       		.byte	0x7
 543 0051 EF010000 		.4byte	.LASF7
 544 0055 03       		.uleb128 0x3
 545 0056 04       		.byte	0x4
 546 0057 05       		.byte	0x5
 547 0058 696E7400 		.ascii	"int\000"
 548 005c 02       		.uleb128 0x2
 549 005d 04       		.byte	0x4
 550 005e 07       		.byte	0x7
 551 005f E2010000 		.4byte	.LASF8
 552 0063 04       		.uleb128 0x4
 553 0064 1B030000 		.4byte	.LASF9
 554 0068 01       		.byte	0x1
 555 0069 5B       		.byte	0x5b
 556 006a 24000000 		.4byte	0x24
 557 006e 04       		.uleb128 0x4
 558 006f BE010000 		.4byte	.LASF10
 559 0073 01       		.byte	0x1
 560 0074 5C       		.byte	0x5c
 561 0075 32000000 		.4byte	0x32
 562 0079 02       		.uleb128 0x2
 563 007a 04       		.byte	0x4
 564 007b 04       		.byte	0x4
 565 007c EB000000 		.4byte	.LASF11
 566 0080 02       		.uleb128 0x2
 567 0081 08       		.byte	0x8
 568 0082 04       		.byte	0x4
 569 0083 AD010000 		.4byte	.LASF12
 570 0087 02       		.uleb128 0x2
ARM GAS  C:\Users\Rolando\AppData\Local\Temp\ccuydqNr.s 			page 11


 571 0088 01       		.byte	0x1
 572 0089 08       		.byte	0x8
 573 008a 3C020000 		.4byte	.LASF13
 574 008e 02       		.uleb128 0x2
 575 008f 04       		.byte	0x4
 576 0090 07       		.byte	0x7
 577 0091 25020000 		.4byte	.LASF14
 578 0095 05       		.uleb128 0x5
 579 0096 08       		.byte	0x8
 580 0097 02       		.byte	0x2
 581 0098 8A       		.byte	0x8a
 582 0099 E6000000 		.4byte	0xe6
 583 009d 06       		.uleb128 0x6
 584 009e 21030000 		.4byte	.LASF15
 585 00a2 02       		.byte	0x2
 586 00a3 8C       		.byte	0x8c
 587 00a4 63000000 		.4byte	0x63
 588 00a8 00       		.byte	0
 589 00a9 06       		.uleb128 0x6
 590 00aa 18010000 		.4byte	.LASF16
 591 00ae 02       		.byte	0x2
 592 00af 8D       		.byte	0x8d
 593 00b0 63000000 		.4byte	0x63
 594 00b4 01       		.byte	0x1
 595 00b5 06       		.uleb128 0x6
 596 00b6 4E010000 		.4byte	.LASF17
 597 00ba 02       		.byte	0x2
 598 00bb 8E       		.byte	0x8e
 599 00bc 63000000 		.4byte	0x63
 600 00c0 02       		.byte	0x2
 601 00c1 06       		.uleb128 0x6
 602 00c2 31010000 		.4byte	.LASF18
 603 00c6 02       		.byte	0x2
 604 00c7 8F       		.byte	0x8f
 605 00c8 63000000 		.4byte	0x63
 606 00cc 03       		.byte	0x3
 607 00cd 06       		.uleb128 0x6
 608 00ce CF020000 		.4byte	.LASF19
 609 00d2 02       		.byte	0x2
 610 00d3 90       		.byte	0x90
 611 00d4 6E000000 		.4byte	0x6e
 612 00d8 04       		.byte	0x4
 613 00d9 06       		.uleb128 0x6
 614 00da A7030000 		.4byte	.LASF20
 615 00de 02       		.byte	0x2
 616 00df 91       		.byte	0x91
 617 00e0 63000000 		.4byte	0x63
 618 00e4 06       		.byte	0x6
 619 00e5 00       		.byte	0
 620 00e6 04       		.uleb128 0x4
 621 00e7 CD000000 		.4byte	.LASF21
 622 00eb 02       		.byte	0x2
 623 00ec 92       		.byte	0x92
 624 00ed 95000000 		.4byte	0x95
 625 00f1 05       		.uleb128 0x5
 626 00f2 08       		.byte	0x8
 627 00f3 02       		.byte	0x2
ARM GAS  C:\Users\Rolando\AppData\Local\Temp\ccuydqNr.s 			page 12


 628 00f4 A2       		.byte	0xa2
 629 00f5 10010000 		.4byte	0x110
 630 00f9 07       		.uleb128 0x7
 631 00fa 6300     		.ascii	"c\000"
 632 00fc 02       		.byte	0x2
 633 00fd A4       		.byte	0xa4
 634 00fe 63000000 		.4byte	0x63
 635 0102 00       		.byte	0
 636 0103 06       		.uleb128 0x6
 637 0104 1E020000 		.4byte	.LASF22
 638 0108 02       		.byte	0x2
 639 0109 A5       		.byte	0xa5
 640 010a 10010000 		.4byte	0x110
 641 010e 04       		.byte	0x4
 642 010f 00       		.byte	0
 643 0110 08       		.uleb128 0x8
 644 0111 04       		.byte	0x4
 645 0112 16010000 		.4byte	0x116
 646 0116 09       		.uleb128 0x9
 647 0117 04       		.uleb128 0x4
 648 0118 BD000000 		.4byte	.LASF23
 649 011c 02       		.byte	0x2
 650 011d A6       		.byte	0xa6
 651 011e F1000000 		.4byte	0xf1
 652 0122 0A       		.uleb128 0xa
 653 0123 63000000 		.4byte	0x63
 654 0127 32010000 		.4byte	0x132
 655 012b 0B       		.uleb128 0xb
 656 012c 8E000000 		.4byte	0x8e
 657 0130 11       		.byte	0x11
 658 0131 00       		.byte	0
 659 0132 0C       		.uleb128 0xc
 660 0133 03030000 		.4byte	.LASF24
 661 0137 03       		.byte	0x3
 662 0138 26       		.byte	0x26
 663 0139 43010000 		.4byte	0x143
 664 013d 05       		.uleb128 0x5
 665 013e 03       		.byte	0x3
 666 013f 00000000 		.4byte	USBUART_1_DEVICE0_DESCR
 667 0143 0D       		.uleb128 0xd
 668 0144 22010000 		.4byte	0x122
 669 0148 0A       		.uleb128 0xa
 670 0149 63000000 		.4byte	0x63
 671 014d 58010000 		.4byte	0x158
 672 0151 0B       		.uleb128 0xb
 673 0152 8E000000 		.4byte	0x8e
 674 0156 42       		.byte	0x42
 675 0157 00       		.byte	0
 676 0158 0C       		.uleb128 0xc
 677 0159 F1000000 		.4byte	.LASF25
 678 015d 03       		.byte	0x3
 679 015e 39       		.byte	0x39
 680 015f 69010000 		.4byte	0x169
 681 0163 05       		.uleb128 0x5
 682 0164 03       		.byte	0x3
 683 0165 00000000 		.4byte	USBUART_1_DEVICE0_CONFIGURATION0_DESCR
 684 0169 0D       		.uleb128 0xd
ARM GAS  C:\Users\Rolando\AppData\Local\Temp\ccuydqNr.s 			page 13


 685 016a 48010000 		.4byte	0x148
 686 016e 0A       		.uleb128 0xa
 687 016f E6000000 		.4byte	0xe6
 688 0173 7E010000 		.4byte	0x17e
 689 0177 0B       		.uleb128 0xb
 690 0178 8E000000 		.4byte	0x8e
 691 017c 02       		.byte	0x2
 692 017d 00       		.byte	0
 693 017e 0C       		.uleb128 0xc
 694 017f 2B030000 		.4byte	.LASF26
 695 0183 03       		.byte	0x3
 696 0184 FE       		.byte	0xfe
 697 0185 8F010000 		.4byte	0x18f
 698 0189 05       		.uleb128 0x5
 699 018a 03       		.byte	0x3
 700 018b 00000000 		.4byte	USBUART_1_DEVICE0_CONFIGURATION0_EP_SETTINGS_TABLE
 701 018f 0D       		.uleb128 0xd
 702 0190 6E010000 		.4byte	0x16e
 703 0194 0A       		.uleb128 0xa
 704 0195 63000000 		.4byte	0x63
 705 0199 A4010000 		.4byte	0x1a4
 706 019d 0B       		.uleb128 0xb
 707 019e 8E000000 		.4byte	0x8e
 708 01a2 01       		.byte	0x1
 709 01a3 00       		.byte	0
 710 01a4 0E       		.uleb128 0xe
 711 01a5 7C010000 		.4byte	.LASF27
 712 01a9 03       		.byte	0x3
 713 01aa 0401     		.2byte	0x104
 714 01ac B6010000 		.4byte	0x1b6
 715 01b0 05       		.uleb128 0x5
 716 01b1 03       		.byte	0x3
 717 01b2 00000000 		.4byte	USBUART_1_DEVICE0_CONFIGURATION0_INTERFACE_CLASS
 718 01b6 0D       		.uleb128 0xd
 719 01b7 94010000 		.4byte	0x194
 720 01bb 0A       		.uleb128 0xa
 721 01bc 17010000 		.4byte	0x117
 722 01c0 CB010000 		.4byte	0x1cb
 723 01c4 0B       		.uleb128 0xb
 724 01c5 8E000000 		.4byte	0x8e
 725 01c9 04       		.byte	0x4
 726 01ca 00       		.byte	0
 727 01cb 0E       		.uleb128 0xe
 728 01cc 7A000000 		.4byte	.LASF28
 729 01d0 03       		.byte	0x3
 730 01d1 0C01     		.2byte	0x10c
 731 01d3 DD010000 		.4byte	0x1dd
 732 01d7 05       		.uleb128 0x5
 733 01d8 03       		.byte	0x3
 734 01d9 00000000 		.4byte	USBUART_1_DEVICE0_CONFIGURATION0_TABLE
 735 01dd 0D       		.uleb128 0xd
 736 01de BB010000 		.4byte	0x1bb
 737 01e2 0A       		.uleb128 0xa
 738 01e3 17010000 		.4byte	0x117
 739 01e7 F2010000 		.4byte	0x1f2
 740 01eb 0B       		.uleb128 0xb
 741 01ec 8E000000 		.4byte	0x8e
ARM GAS  C:\Users\Rolando\AppData\Local\Temp\ccuydqNr.s 			page 14


 742 01f0 01       		.byte	0x1
 743 01f1 00       		.byte	0
 744 01f2 0E       		.uleb128 0xe
 745 01f3 06020000 		.4byte	.LASF29
 746 01f7 03       		.byte	0x3
 747 01f8 1701     		.2byte	0x117
 748 01fa 04020000 		.4byte	0x204
 749 01fe 05       		.uleb128 0x5
 750 01ff 03       		.byte	0x3
 751 0200 00000000 		.4byte	USBUART_1_DEVICE0_TABLE
 752 0204 0D       		.uleb128 0xd
 753 0205 E2010000 		.4byte	0x1e2
 754 0209 0A       		.uleb128 0xa
 755 020a 17010000 		.4byte	0x117
 756 020e 19020000 		.4byte	0x219
 757 0212 0B       		.uleb128 0xb
 758 0213 8E000000 		.4byte	0x8e
 759 0217 00       		.byte	0
 760 0218 00       		.byte	0
 761 0219 0E       		.uleb128 0xe
 762 021a 6A000000 		.4byte	.LASF30
 763 021e 03       		.byte	0x3
 764 021f 1E01     		.2byte	0x11e
 765 0221 2B020000 		.4byte	0x22b
 766 0225 05       		.uleb128 0x5
 767 0226 03       		.byte	0x3
 768 0227 00000000 		.4byte	USBUART_1_TABLE
 769 022b 0D       		.uleb128 0xd
 770 022c 09020000 		.4byte	0x209
 771 0230 0C       		.uleb128 0xc
 772 0231 00000000 		.4byte	.LASF31
 773 0235 03       		.byte	0x3
 774 0236 CC       		.byte	0xcc
 775 0237 41020000 		.4byte	0x241
 776 023b 05       		.uleb128 0x5
 777 023c 03       		.byte	0x3
 778 023d 00000000 		.4byte	USBUART_1_SN_STRING_DESCRIPTOR
 779 0241 0D       		.uleb128 0xd
 780 0242 94010000 		.4byte	0x194
 781 0246 0A       		.uleb128 0xa
 782 0247 63000000 		.4byte	0x63
 783 024b 56020000 		.4byte	0x256
 784 024f 0B       		.uleb128 0xb
 785 0250 8E000000 		.4byte	0x8e
 786 0254 A8       		.byte	0xa8
 787 0255 00       		.byte	0
 788 0256 0C       		.uleb128 0xc
 789 0257 C5010000 		.4byte	.LASF32
 790 025b 03       		.byte	0x3
 791 025c 98       		.byte	0x98
 792 025d 67020000 		.4byte	0x267
 793 0261 05       		.uleb128 0x5
 794 0262 03       		.byte	0x3
 795 0263 00000000 		.4byte	USBUART_1_STRING_DESCRIPTORS
 796 0267 0D       		.uleb128 0xd
 797 0268 46020000 		.4byte	0x246
 798 026c 0A       		.uleb128 0xa
ARM GAS  C:\Users\Rolando\AppData\Local\Temp\ccuydqNr.s 			page 15


 799 026d 63000000 		.4byte	0x63
 800 0271 7C020000 		.4byte	0x27c
 801 0275 0B       		.uleb128 0xb
 802 0276 8E000000 		.4byte	0x8e
 803 027a 35       		.byte	0x35
 804 027b 00       		.byte	0
 805 027c 0C       		.uleb128 0xc
 806 027d 4A000000 		.4byte	.LASF33
 807 0281 03       		.byte	0x3
 808 0282 D5       		.byte	0xd5
 809 0283 8D020000 		.4byte	0x28d
 810 0287 05       		.uleb128 0x5
 811 0288 03       		.byte	0x3
 812 0289 00000000 		.4byte	USBUART_1_HIDREPORT_DESCRIPTOR1
 813 028d 0D       		.uleb128 0xd
 814 028e 6C020000 		.4byte	0x26c
 815 0292 0E       		.uleb128 0xe
 816 0293 5E030000 		.4byte	.LASF34
 817 0297 03       		.byte	0x3
 818 0298 2E01     		.2byte	0x12e
 819 029a A4020000 		.4byte	0x2a4
 820 029e 05       		.uleb128 0x5
 821 029f 03       		.byte	0x3
 822 02a0 00000000 		.4byte	USBUART_1_MSOS_DESCRIPTOR
 823 02a4 0D       		.uleb128 0xd
 824 02a5 22010000 		.4byte	0x122
 825 02a9 0A       		.uleb128 0xa
 826 02aa 63000000 		.4byte	0x63
 827 02ae B9020000 		.4byte	0x2b9
 828 02b2 0B       		.uleb128 0xb
 829 02b3 8E000000 		.4byte	0x8e
 830 02b7 27       		.byte	0x27
 831 02b8 00       		.byte	0
 832 02b9 0E       		.uleb128 0xe
 833 02ba 84030000 		.4byte	.LASF35
 834 02be 03       		.byte	0x3
 835 02bf 3901     		.2byte	0x139
 836 02c1 CB020000 		.4byte	0x2cb
 837 02c5 05       		.uleb128 0x5
 838 02c6 03       		.byte	0x3
 839 02c7 00000000 		.4byte	USBUART_1_MSOS_CONFIGURATION_DESCR
 840 02cb 0D       		.uleb128 0xd
 841 02cc A9020000 		.4byte	0x2a9
 842 02d0 0A       		.uleb128 0xa
 843 02d1 63000000 		.4byte	0x63
 844 02d5 E0020000 		.4byte	0x2e0
 845 02d9 0B       		.uleb128 0xb
 846 02da 8E000000 		.4byte	0x8e
 847 02de 21       		.byte	0x21
 848 02df 00       		.byte	0
 849 02e0 0E       		.uleb128 0xe
 850 02e1 DA020000 		.4byte	.LASF36
 851 02e5 03       		.byte	0x3
 852 02e6 4C01     		.2byte	0x14c
 853 02e8 D0020000 		.4byte	0x2d0
 854 02ec 05       		.uleb128 0x5
 855 02ed 03       		.byte	0x3
ARM GAS  C:\Users\Rolando\AppData\Local\Temp\ccuydqNr.s 			page 16


 856 02ee 00000000 		.4byte	USBUART_1_idSerialNumberStringDescriptor
 857 02f2 00       		.byte	0
 858              		.section	.debug_abbrev,"",%progbits
 859              	.Ldebug_abbrev0:
 860 0000 01       		.uleb128 0x1
 861 0001 11       		.uleb128 0x11
 862 0002 01       		.byte	0x1
 863 0003 25       		.uleb128 0x25
 864 0004 0E       		.uleb128 0xe
 865 0005 13       		.uleb128 0x13
 866 0006 0B       		.uleb128 0xb
 867 0007 03       		.uleb128 0x3
 868 0008 0E       		.uleb128 0xe
 869 0009 1B       		.uleb128 0x1b
 870 000a 0E       		.uleb128 0xe
 871 000b 10       		.uleb128 0x10
 872 000c 17       		.uleb128 0x17
 873 000d 00       		.byte	0
 874 000e 00       		.byte	0
 875 000f 02       		.uleb128 0x2
 876 0010 24       		.uleb128 0x24
 877 0011 00       		.byte	0
 878 0012 0B       		.uleb128 0xb
 879 0013 0B       		.uleb128 0xb
 880 0014 3E       		.uleb128 0x3e
 881 0015 0B       		.uleb128 0xb
 882 0016 03       		.uleb128 0x3
 883 0017 0E       		.uleb128 0xe
 884 0018 00       		.byte	0
 885 0019 00       		.byte	0
 886 001a 03       		.uleb128 0x3
 887 001b 24       		.uleb128 0x24
 888 001c 00       		.byte	0
 889 001d 0B       		.uleb128 0xb
 890 001e 0B       		.uleb128 0xb
 891 001f 3E       		.uleb128 0x3e
 892 0020 0B       		.uleb128 0xb
 893 0021 03       		.uleb128 0x3
 894 0022 08       		.uleb128 0x8
 895 0023 00       		.byte	0
 896 0024 00       		.byte	0
 897 0025 04       		.uleb128 0x4
 898 0026 16       		.uleb128 0x16
 899 0027 00       		.byte	0
 900 0028 03       		.uleb128 0x3
 901 0029 0E       		.uleb128 0xe
 902 002a 3A       		.uleb128 0x3a
 903 002b 0B       		.uleb128 0xb
 904 002c 3B       		.uleb128 0x3b
 905 002d 0B       		.uleb128 0xb
 906 002e 49       		.uleb128 0x49
 907 002f 13       		.uleb128 0x13
 908 0030 00       		.byte	0
 909 0031 00       		.byte	0
 910 0032 05       		.uleb128 0x5
 911 0033 13       		.uleb128 0x13
 912 0034 01       		.byte	0x1
ARM GAS  C:\Users\Rolando\AppData\Local\Temp\ccuydqNr.s 			page 17


 913 0035 0B       		.uleb128 0xb
 914 0036 0B       		.uleb128 0xb
 915 0037 3A       		.uleb128 0x3a
 916 0038 0B       		.uleb128 0xb
 917 0039 3B       		.uleb128 0x3b
 918 003a 0B       		.uleb128 0xb
 919 003b 01       		.uleb128 0x1
 920 003c 13       		.uleb128 0x13
 921 003d 00       		.byte	0
 922 003e 00       		.byte	0
 923 003f 06       		.uleb128 0x6
 924 0040 0D       		.uleb128 0xd
 925 0041 00       		.byte	0
 926 0042 03       		.uleb128 0x3
 927 0043 0E       		.uleb128 0xe
 928 0044 3A       		.uleb128 0x3a
 929 0045 0B       		.uleb128 0xb
 930 0046 3B       		.uleb128 0x3b
 931 0047 0B       		.uleb128 0xb
 932 0048 49       		.uleb128 0x49
 933 0049 13       		.uleb128 0x13
 934 004a 38       		.uleb128 0x38
 935 004b 0B       		.uleb128 0xb
 936 004c 00       		.byte	0
 937 004d 00       		.byte	0
 938 004e 07       		.uleb128 0x7
 939 004f 0D       		.uleb128 0xd
 940 0050 00       		.byte	0
 941 0051 03       		.uleb128 0x3
 942 0052 08       		.uleb128 0x8
 943 0053 3A       		.uleb128 0x3a
 944 0054 0B       		.uleb128 0xb
 945 0055 3B       		.uleb128 0x3b
 946 0056 0B       		.uleb128 0xb
 947 0057 49       		.uleb128 0x49
 948 0058 13       		.uleb128 0x13
 949 0059 38       		.uleb128 0x38
 950 005a 0B       		.uleb128 0xb
 951 005b 00       		.byte	0
 952 005c 00       		.byte	0
 953 005d 08       		.uleb128 0x8
 954 005e 0F       		.uleb128 0xf
 955 005f 00       		.byte	0
 956 0060 0B       		.uleb128 0xb
 957 0061 0B       		.uleb128 0xb
 958 0062 49       		.uleb128 0x49
 959 0063 13       		.uleb128 0x13
 960 0064 00       		.byte	0
 961 0065 00       		.byte	0
 962 0066 09       		.uleb128 0x9
 963 0067 26       		.uleb128 0x26
 964 0068 00       		.byte	0
 965 0069 00       		.byte	0
 966 006a 00       		.byte	0
 967 006b 0A       		.uleb128 0xa
 968 006c 01       		.uleb128 0x1
 969 006d 01       		.byte	0x1
ARM GAS  C:\Users\Rolando\AppData\Local\Temp\ccuydqNr.s 			page 18


 970 006e 49       		.uleb128 0x49
 971 006f 13       		.uleb128 0x13
 972 0070 01       		.uleb128 0x1
 973 0071 13       		.uleb128 0x13
 974 0072 00       		.byte	0
 975 0073 00       		.byte	0
 976 0074 0B       		.uleb128 0xb
 977 0075 21       		.uleb128 0x21
 978 0076 00       		.byte	0
 979 0077 49       		.uleb128 0x49
 980 0078 13       		.uleb128 0x13
 981 0079 2F       		.uleb128 0x2f
 982 007a 0B       		.uleb128 0xb
 983 007b 00       		.byte	0
 984 007c 00       		.byte	0
 985 007d 0C       		.uleb128 0xc
 986 007e 34       		.uleb128 0x34
 987 007f 00       		.byte	0
 988 0080 03       		.uleb128 0x3
 989 0081 0E       		.uleb128 0xe
 990 0082 3A       		.uleb128 0x3a
 991 0083 0B       		.uleb128 0xb
 992 0084 3B       		.uleb128 0x3b
 993 0085 0B       		.uleb128 0xb
 994 0086 49       		.uleb128 0x49
 995 0087 13       		.uleb128 0x13
 996 0088 3F       		.uleb128 0x3f
 997 0089 19       		.uleb128 0x19
 998 008a 02       		.uleb128 0x2
 999 008b 18       		.uleb128 0x18
 1000 008c 00       		.byte	0
 1001 008d 00       		.byte	0
 1002 008e 0D       		.uleb128 0xd
 1003 008f 26       		.uleb128 0x26
 1004 0090 00       		.byte	0
 1005 0091 49       		.uleb128 0x49
 1006 0092 13       		.uleb128 0x13
 1007 0093 00       		.byte	0
 1008 0094 00       		.byte	0
 1009 0095 0E       		.uleb128 0xe
 1010 0096 34       		.uleb128 0x34
 1011 0097 00       		.byte	0
 1012 0098 03       		.uleb128 0x3
 1013 0099 0E       		.uleb128 0xe
 1014 009a 3A       		.uleb128 0x3a
 1015 009b 0B       		.uleb128 0xb
 1016 009c 3B       		.uleb128 0x3b
 1017 009d 05       		.uleb128 0x5
 1018 009e 49       		.uleb128 0x49
 1019 009f 13       		.uleb128 0x13
 1020 00a0 3F       		.uleb128 0x3f
 1021 00a1 19       		.uleb128 0x19
 1022 00a2 02       		.uleb128 0x2
 1023 00a3 18       		.uleb128 0x18
 1024 00a4 00       		.byte	0
 1025 00a5 00       		.byte	0
 1026 00a6 00       		.byte	0
ARM GAS  C:\Users\Rolando\AppData\Local\Temp\ccuydqNr.s 			page 19


 1027              		.section	.debug_aranges,"",%progbits
 1028 0000 14000000 		.4byte	0x14
 1029 0004 0200     		.2byte	0x2
 1030 0006 00000000 		.4byte	.Ldebug_info0
 1031 000a 04       		.byte	0x4
 1032 000b 00       		.byte	0
 1033 000c 0000     		.2byte	0
 1034 000e 0000     		.2byte	0
 1035 0010 00000000 		.4byte	0
 1036 0014 00000000 		.4byte	0
 1037              		.section	.debug_line,"",%progbits
 1038              	.Ldebug_line0:
 1039 0000 63000000 		.section	.debug_str,"MS",%progbits,1
 1039      02005D00 
 1039      00000201 
 1039      FB0E0D00 
 1039      01010101 
 1040              	.LASF31:
 1041 0000 55534255 		.ascii	"USBUART_1_SN_STRING_DESCRIPTOR\000"
 1041      4152545F 
 1041      315F534E 
 1041      5F535452 
 1041      494E475F 
 1042              	.LASF38:
 1043 001f 2E5C4765 		.ascii	".\\Generated_Source\\PSoC5\\USBUART_1_descr.c\000"
 1043      6E657261 
 1043      7465645F 
 1043      536F7572 
 1043      63655C50 
 1044              	.LASF33:
 1045 004a 55534255 		.ascii	"USBUART_1_HIDREPORT_DESCRIPTOR1\000"
 1045      4152545F 
 1045      315F4849 
 1045      44524550 
 1045      4F52545F 
 1046              	.LASF30:
 1047 006a 55534255 		.ascii	"USBUART_1_TABLE\000"
 1047      4152545F 
 1047      315F5441 
 1047      424C4500 
 1048              	.LASF28:
 1049 007a 55534255 		.ascii	"USBUART_1_DEVICE0_CONFIGURATION0_TABLE\000"
 1049      4152545F 
 1049      315F4445 
 1049      56494345 
 1049      305F434F 
 1050              	.LASF4:
 1051 00a1 6C6F6E67 		.ascii	"long int\000"
 1051      20696E74 
 1051      00
 1052              	.LASF3:
 1053 00aa 73686F72 		.ascii	"short unsigned int\000"
 1053      7420756E 
 1053      7369676E 
 1053      65642069 
 1053      6E7400
 1054              	.LASF23:
ARM GAS  C:\Users\Rolando\AppData\Local\Temp\ccuydqNr.s 			page 20


 1055 00bd 545F5553 		.ascii	"T_USBUART_1_LUT\000"
 1055      42554152 
 1055      545F315F 
 1055      4C555400 
 1056              	.LASF21:
 1057 00cd 545F5553 		.ascii	"T_USBUART_1_EP_SETTINGS_BLOCK\000"
 1057      42554152 
 1057      545F315F 
 1057      45505F53 
 1057      45545449 
 1058              	.LASF11:
 1059 00eb 666C6F61 		.ascii	"float\000"
 1059      7400
 1060              	.LASF25:
 1061 00f1 55534255 		.ascii	"USBUART_1_DEVICE0_CONFIGURATION0_DESCR\000"
 1061      4152545F 
 1061      315F4445 
 1061      56494345 
 1061      305F434F 
 1062              	.LASF16:
 1063 0118 616C7453 		.ascii	"altSetting\000"
 1063      65747469 
 1063      6E6700
 1064              	.LASF1:
 1065 0123 756E7369 		.ascii	"unsigned char\000"
 1065      676E6564 
 1065      20636861 
 1065      7200
 1066              	.LASF18:
 1067 0131 61747472 		.ascii	"attributes\000"
 1067      69627574 
 1067      657300
 1068              	.LASF5:
 1069 013c 6C6F6E67 		.ascii	"long unsigned int\000"
 1069      20756E73 
 1069      69676E65 
 1069      6420696E 
 1069      7400
 1070              	.LASF17:
 1071 014e 61646472 		.ascii	"addr\000"
 1071      00
 1072              	.LASF39:
 1073 0153 473A5C44 		.ascii	"G:\\Documentos\\PSoC Creator\\CE95358.cydsn\000"
 1073      6F63756D 
 1073      656E746F 
 1073      735C5053 
 1073      6F432043 
 1074              	.LASF27:
 1075 017c 55534255 		.ascii	"USBUART_1_DEVICE0_CONFIGURATION0_INTERFACE_CLASS\000"
 1075      4152545F 
 1075      315F4445 
 1075      56494345 
 1075      305F434F 
 1076              	.LASF12:
 1077 01ad 646F7562 		.ascii	"double\000"
 1077      6C6500
 1078              	.LASF2:
ARM GAS  C:\Users\Rolando\AppData\Local\Temp\ccuydqNr.s 			page 21


 1079 01b4 73686F72 		.ascii	"short int\000"
 1079      7420696E 
 1079      7400
 1080              	.LASF10:
 1081 01be 75696E74 		.ascii	"uint16\000"
 1081      313600
 1082              	.LASF32:
 1083 01c5 55534255 		.ascii	"USBUART_1_STRING_DESCRIPTORS\000"
 1083      4152545F 
 1083      315F5354 
 1083      52494E47 
 1083      5F444553 
 1084              	.LASF8:
 1085 01e2 756E7369 		.ascii	"unsigned int\000"
 1085      676E6564 
 1085      20696E74 
 1085      00
 1086              	.LASF7:
 1087 01ef 6C6F6E67 		.ascii	"long long unsigned int\000"
 1087      206C6F6E 
 1087      6720756E 
 1087      7369676E 
 1087      65642069 
 1088              	.LASF29:
 1089 0206 55534255 		.ascii	"USBUART_1_DEVICE0_TABLE\000"
 1089      4152545F 
 1089      315F4445 
 1089      56494345 
 1089      305F5441 
 1090              	.LASF22:
 1091 021e 705F6C69 		.ascii	"p_list\000"
 1091      737400
 1092              	.LASF14:
 1093 0225 73697A65 		.ascii	"sizetype\000"
 1093      74797065 
 1093      00
 1094              	.LASF6:
 1095 022e 6C6F6E67 		.ascii	"long long int\000"
 1095      206C6F6E 
 1095      6720696E 
 1095      7400
 1096              	.LASF13:
 1097 023c 63686172 		.ascii	"char\000"
 1097      00
 1098              	.LASF37:
 1099 0241 474E5520 		.ascii	"GNU C 4.9.3 20150303 (release) [ARM/embedded-4_9-br"
 1099      4320342E 
 1099      392E3320 
 1099      32303135 
 1099      30333033 
 1100 0274 616E6368 		.ascii	"anch revision 221220] -mcpu=cortex-m3 -mthumb -g -O"
 1100      20726576 
 1100      6973696F 
 1100      6E203232 
 1100      31323230 
 1101 02a7 30202D66 		.ascii	"0 -ffunction-sections -ffat-lto-objects\000"
 1101      66756E63 
ARM GAS  C:\Users\Rolando\AppData\Local\Temp\ccuydqNr.s 			page 22


 1101      74696F6E 
 1101      2D736563 
 1101      74696F6E 
 1102              	.LASF19:
 1103 02cf 62756666 		.ascii	"bufferSize\000"
 1103      65725369 
 1103      7A6500
 1104              	.LASF36:
 1105 02da 55534255 		.ascii	"USBUART_1_idSerialNumberStringDescriptor\000"
 1105      4152545F 
 1105      315F6964 
 1105      53657269 
 1105      616C4E75 
 1106              	.LASF24:
 1107 0303 55534255 		.ascii	"USBUART_1_DEVICE0_DESCR\000"
 1107      4152545F 
 1107      315F4445 
 1107      56494345 
 1107      305F4445 
 1108              	.LASF9:
 1109 031b 75696E74 		.ascii	"uint8\000"
 1109      3800
 1110              	.LASF15:
 1111 0321 696E7465 		.ascii	"interface\000"
 1111      72666163 
 1111      6500
 1112              	.LASF26:
 1113 032b 55534255 		.ascii	"USBUART_1_DEVICE0_CONFIGURATION0_EP_SETTINGS_TABLE\000"
 1113      4152545F 
 1113      315F4445 
 1113      56494345 
 1113      305F434F 
 1114              	.LASF34:
 1115 035e 55534255 		.ascii	"USBUART_1_MSOS_DESCRIPTOR\000"
 1115      4152545F 
 1115      315F4D53 
 1115      4F535F44 
 1115      45534352 
 1116              	.LASF0:
 1117 0378 7369676E 		.ascii	"signed char\000"
 1117      65642063 
 1117      68617200 
 1118              	.LASF35:
 1119 0384 55534255 		.ascii	"USBUART_1_MSOS_CONFIGURATION_DESCR\000"
 1119      4152545F 
 1119      315F4D53 
 1119      4F535F43 
 1119      4F4E4649 
 1120              	.LASF20:
 1121 03a7 624D6973 		.ascii	"bMisc\000"
 1121      6300
 1122              		.ident	"GCC: (GNU Tools for ARM Embedded Processors) 4.9.3 20150303 (release) [ARM/embedded-4_9-br
