ARM GAS  C:\Users\Rolando\AppData\Local\Temp\cctN3rlW.s 			page 1


   1              		.syntax unified
   2              		.cpu cortex-m3
   3              		.fpu softvfp
   4              		.eabi_attribute 20, 1
   5              		.eabi_attribute 21, 1
   6              		.eabi_attribute 23, 3
   7              		.eabi_attribute 24, 1
   8              		.eabi_attribute 25, 1
   9              		.eabi_attribute 26, 1
  10              		.eabi_attribute 30, 6
  11              		.eabi_attribute 34, 1
  12              		.eabi_attribute 18, 4
  13              		.thumb
  14              		.file	"USBUART_1_pm.c"
  15              		.text
  16              	.Ltext0:
  17              		.cfi_sections	.debug_frame
  18              		.bss
  19              		.align	2
  20              	USBUART_1_backup:
  21 0000 0000     		.space	2
  22 0002 0000     		.section	.text.USBUART_1_DP_ISR,"ax",%progbits
  23              		.align	2
  24              		.global	USBUART_1_DP_ISR
  25              		.thumb
  26              		.thumb_func
  27              		.type	USBUART_1_DP_ISR, %function
  28              	USBUART_1_DP_ISR:
  29              	.LFB56:
  30              		.file 1 ".\\Generated_Source\\PSoC5\\USBUART_1_pm.c"
   1:.\Generated_Source\PSoC5/USBUART_1_pm.c **** /*******************************************************************************
   2:.\Generated_Source\PSoC5/USBUART_1_pm.c **** * File Name: USBUART_1_pm.c
   3:.\Generated_Source\PSoC5/USBUART_1_pm.c **** * Version 2.70
   4:.\Generated_Source\PSoC5/USBUART_1_pm.c **** *
   5:.\Generated_Source\PSoC5/USBUART_1_pm.c **** * Description:
   6:.\Generated_Source\PSoC5/USBUART_1_pm.c **** *  This file provides Suspend/Resume APIs functionality.
   7:.\Generated_Source\PSoC5/USBUART_1_pm.c **** *
   8:.\Generated_Source\PSoC5/USBUART_1_pm.c **** * Note:
   9:.\Generated_Source\PSoC5/USBUART_1_pm.c **** *
  10:.\Generated_Source\PSoC5/USBUART_1_pm.c **** ********************************************************************************
  11:.\Generated_Source\PSoC5/USBUART_1_pm.c **** * Copyright 2008-2013, Cypress Semiconductor Corporation.  All rights reserved.
  12:.\Generated_Source\PSoC5/USBUART_1_pm.c **** * You may use this file only in accordance with the license, terms, conditions,
  13:.\Generated_Source\PSoC5/USBUART_1_pm.c **** * disclaimers, and limitations in the end user license agreement accompanying
  14:.\Generated_Source\PSoC5/USBUART_1_pm.c **** * the software package with which this file was provided.
  15:.\Generated_Source\PSoC5/USBUART_1_pm.c **** *******************************************************************************/
  16:.\Generated_Source\PSoC5/USBUART_1_pm.c **** 
  17:.\Generated_Source\PSoC5/USBUART_1_pm.c **** #include "project.h"
  18:.\Generated_Source\PSoC5/USBUART_1_pm.c **** #include "USBUART_1.h"
  19:.\Generated_Source\PSoC5/USBUART_1_pm.c **** #include "USBUART_1_pvt.h"
  20:.\Generated_Source\PSoC5/USBUART_1_pm.c **** 
  21:.\Generated_Source\PSoC5/USBUART_1_pm.c **** 
  22:.\Generated_Source\PSoC5/USBUART_1_pm.c **** /***************************************
  23:.\Generated_Source\PSoC5/USBUART_1_pm.c **** * Custom Declarations
  24:.\Generated_Source\PSoC5/USBUART_1_pm.c **** ***************************************/
  25:.\Generated_Source\PSoC5/USBUART_1_pm.c **** /* `#START PM_CUSTOM_DECLARATIONS` Place your declaration here */
  26:.\Generated_Source\PSoC5/USBUART_1_pm.c **** 
  27:.\Generated_Source\PSoC5/USBUART_1_pm.c **** /* `#END` */
ARM GAS  C:\Users\Rolando\AppData\Local\Temp\cctN3rlW.s 			page 2


  28:.\Generated_Source\PSoC5/USBUART_1_pm.c **** 
  29:.\Generated_Source\PSoC5/USBUART_1_pm.c **** 
  30:.\Generated_Source\PSoC5/USBUART_1_pm.c **** /***************************************
  31:.\Generated_Source\PSoC5/USBUART_1_pm.c **** * Local data allocation
  32:.\Generated_Source\PSoC5/USBUART_1_pm.c **** ***************************************/
  33:.\Generated_Source\PSoC5/USBUART_1_pm.c **** 
  34:.\Generated_Source\PSoC5/USBUART_1_pm.c **** static USBUART_1_BACKUP_STRUCT  USBUART_1_backup;
  35:.\Generated_Source\PSoC5/USBUART_1_pm.c **** 
  36:.\Generated_Source\PSoC5/USBUART_1_pm.c **** 
  37:.\Generated_Source\PSoC5/USBUART_1_pm.c **** #if(USBUART_1_DP_ISR_REMOVE == 0u)
  38:.\Generated_Source\PSoC5/USBUART_1_pm.c **** 
  39:.\Generated_Source\PSoC5/USBUART_1_pm.c ****     /*******************************************************************************
  40:.\Generated_Source\PSoC5/USBUART_1_pm.c ****     * Function Name: USBUART_1_DP_Interrupt
  41:.\Generated_Source\PSoC5/USBUART_1_pm.c ****     ********************************************************************************
  42:.\Generated_Source\PSoC5/USBUART_1_pm.c ****     *
  43:.\Generated_Source\PSoC5/USBUART_1_pm.c ****     * Summary:
  44:.\Generated_Source\PSoC5/USBUART_1_pm.c ****     *  This Interrupt Service Routine handles DP pin changes for wake-up from
  45:.\Generated_Source\PSoC5/USBUART_1_pm.c ****     *  the sleep mode.
  46:.\Generated_Source\PSoC5/USBUART_1_pm.c ****     *
  47:.\Generated_Source\PSoC5/USBUART_1_pm.c ****     * Parameters:
  48:.\Generated_Source\PSoC5/USBUART_1_pm.c ****     *  None.
  49:.\Generated_Source\PSoC5/USBUART_1_pm.c ****     *
  50:.\Generated_Source\PSoC5/USBUART_1_pm.c ****     * Return:
  51:.\Generated_Source\PSoC5/USBUART_1_pm.c ****     *  None.
  52:.\Generated_Source\PSoC5/USBUART_1_pm.c ****     *
  53:.\Generated_Source\PSoC5/USBUART_1_pm.c ****     *******************************************************************************/
  54:.\Generated_Source\PSoC5/USBUART_1_pm.c ****     CY_ISR(USBUART_1_DP_ISR)
  55:.\Generated_Source\PSoC5/USBUART_1_pm.c ****     {
  31              		.loc 1 55 0
  32              		.cfi_startproc
  33              		@ args = 0, pretend = 0, frame = 0
  34              		@ frame_needed = 1, uses_anonymous_args = 0
  35              		@ link register save eliminated.
  36 0000 80B4     		push	{r7}
  37              		.cfi_def_cfa_offset 4
  38              		.cfi_offset 7, -4
  39 0002 00AF     		add	r7, sp, #0
  40              		.cfi_def_cfa_register 7
  56:.\Generated_Source\PSoC5/USBUART_1_pm.c ****         /* `#START DP_USER_CODE` Place your code here */
  57:.\Generated_Source\PSoC5/USBUART_1_pm.c **** 
  58:.\Generated_Source\PSoC5/USBUART_1_pm.c ****         /* `#END` */
  59:.\Generated_Source\PSoC5/USBUART_1_pm.c **** 
  60:.\Generated_Source\PSoC5/USBUART_1_pm.c ****         /* Clears active interrupt */
  61:.\Generated_Source\PSoC5/USBUART_1_pm.c ****         CY_GET_REG8(USBUART_1_DP_INTSTAT_PTR);
  41              		.loc 1 61 0
  42 0004 024B     		ldr	r3, .L2
  43 0006 1B78     		ldrb	r3, [r3]
  62:.\Generated_Source\PSoC5/USBUART_1_pm.c ****     }
  44              		.loc 1 62 0
  45 0008 BD46     		mov	sp, r7
  46              		.cfi_def_cfa_register 13
  47              		@ sp needed
  48 000a 5DF8047B 		ldr	r7, [sp], #4
  49              		.cfi_restore 7
  50              		.cfi_def_cfa_offset 0
  51 000e 7047     		bx	lr
  52              	.L3:
ARM GAS  C:\Users\Rolando\AppData\Local\Temp\cctN3rlW.s 			page 3


  53              		.align	2
  54              	.L2:
  55 0010 8F450040 		.word	1073759631
  56              		.cfi_endproc
  57              	.LFE56:
  58              		.size	USBUART_1_DP_ISR, .-USBUART_1_DP_ISR
  59              		.section	.text.USBUART_1_SaveConfig,"ax",%progbits
  60              		.align	2
  61              		.global	USBUART_1_SaveConfig
  62              		.thumb
  63              		.thumb_func
  64              		.type	USBUART_1_SaveConfig, %function
  65              	USBUART_1_SaveConfig:
  66              	.LFB57:
  63:.\Generated_Source\PSoC5/USBUART_1_pm.c **** 
  64:.\Generated_Source\PSoC5/USBUART_1_pm.c **** #endif /* (USBUART_1_DP_ISR_REMOVE == 0u) */
  65:.\Generated_Source\PSoC5/USBUART_1_pm.c **** 
  66:.\Generated_Source\PSoC5/USBUART_1_pm.c **** 
  67:.\Generated_Source\PSoC5/USBUART_1_pm.c **** /*******************************************************************************
  68:.\Generated_Source\PSoC5/USBUART_1_pm.c **** * Function Name: USBUART_1_SaveConfig
  69:.\Generated_Source\PSoC5/USBUART_1_pm.c **** ********************************************************************************
  70:.\Generated_Source\PSoC5/USBUART_1_pm.c **** *
  71:.\Generated_Source\PSoC5/USBUART_1_pm.c **** * Summary:
  72:.\Generated_Source\PSoC5/USBUART_1_pm.c **** *  Saves the current user configuration.
  73:.\Generated_Source\PSoC5/USBUART_1_pm.c **** *
  74:.\Generated_Source\PSoC5/USBUART_1_pm.c **** * Parameters:
  75:.\Generated_Source\PSoC5/USBUART_1_pm.c **** *  None.
  76:.\Generated_Source\PSoC5/USBUART_1_pm.c **** *
  77:.\Generated_Source\PSoC5/USBUART_1_pm.c **** * Return:
  78:.\Generated_Source\PSoC5/USBUART_1_pm.c **** *  None.
  79:.\Generated_Source\PSoC5/USBUART_1_pm.c **** *
  80:.\Generated_Source\PSoC5/USBUART_1_pm.c **** * Reentrant:
  81:.\Generated_Source\PSoC5/USBUART_1_pm.c **** *  No.
  82:.\Generated_Source\PSoC5/USBUART_1_pm.c **** *
  83:.\Generated_Source\PSoC5/USBUART_1_pm.c **** *******************************************************************************/
  84:.\Generated_Source\PSoC5/USBUART_1_pm.c **** void USBUART_1_SaveConfig(void) 
  85:.\Generated_Source\PSoC5/USBUART_1_pm.c **** {
  67              		.loc 1 85 0
  68              		.cfi_startproc
  69              		@ args = 0, pretend = 0, frame = 0
  70              		@ frame_needed = 1, uses_anonymous_args = 0
  71              		@ link register save eliminated.
  72 0000 80B4     		push	{r7}
  73              		.cfi_def_cfa_offset 4
  74              		.cfi_offset 7, -4
  75 0002 00AF     		add	r7, sp, #0
  76              		.cfi_def_cfa_register 7
  86:.\Generated_Source\PSoC5/USBUART_1_pm.c **** 
  87:.\Generated_Source\PSoC5/USBUART_1_pm.c **** }
  77              		.loc 1 87 0
  78 0004 BD46     		mov	sp, r7
  79              		.cfi_def_cfa_register 13
  80              		@ sp needed
  81 0006 5DF8047B 		ldr	r7, [sp], #4
  82              		.cfi_restore 7
  83              		.cfi_def_cfa_offset 0
  84 000a 7047     		bx	lr
ARM GAS  C:\Users\Rolando\AppData\Local\Temp\cctN3rlW.s 			page 4


  85              		.cfi_endproc
  86              	.LFE57:
  87              		.size	USBUART_1_SaveConfig, .-USBUART_1_SaveConfig
  88              		.section	.text.USBUART_1_RestoreConfig,"ax",%progbits
  89              		.align	2
  90              		.global	USBUART_1_RestoreConfig
  91              		.thumb
  92              		.thumb_func
  93              		.type	USBUART_1_RestoreConfig, %function
  94              	USBUART_1_RestoreConfig:
  95              	.LFB58:
  88:.\Generated_Source\PSoC5/USBUART_1_pm.c **** 
  89:.\Generated_Source\PSoC5/USBUART_1_pm.c **** 
  90:.\Generated_Source\PSoC5/USBUART_1_pm.c **** /*******************************************************************************
  91:.\Generated_Source\PSoC5/USBUART_1_pm.c **** * Function Name: USBUART_1_RestoreConfig
  92:.\Generated_Source\PSoC5/USBUART_1_pm.c **** ********************************************************************************
  93:.\Generated_Source\PSoC5/USBUART_1_pm.c **** *
  94:.\Generated_Source\PSoC5/USBUART_1_pm.c **** * Summary:
  95:.\Generated_Source\PSoC5/USBUART_1_pm.c **** *  Restores the current user configuration.
  96:.\Generated_Source\PSoC5/USBUART_1_pm.c **** *
  97:.\Generated_Source\PSoC5/USBUART_1_pm.c **** * Parameters:
  98:.\Generated_Source\PSoC5/USBUART_1_pm.c **** *  None.
  99:.\Generated_Source\PSoC5/USBUART_1_pm.c **** *
 100:.\Generated_Source\PSoC5/USBUART_1_pm.c **** * Return:
 101:.\Generated_Source\PSoC5/USBUART_1_pm.c **** *  None.
 102:.\Generated_Source\PSoC5/USBUART_1_pm.c **** *
 103:.\Generated_Source\PSoC5/USBUART_1_pm.c **** * Reentrant:
 104:.\Generated_Source\PSoC5/USBUART_1_pm.c **** *  No.
 105:.\Generated_Source\PSoC5/USBUART_1_pm.c **** *
 106:.\Generated_Source\PSoC5/USBUART_1_pm.c **** *******************************************************************************/
 107:.\Generated_Source\PSoC5/USBUART_1_pm.c **** void USBUART_1_RestoreConfig(void) 
 108:.\Generated_Source\PSoC5/USBUART_1_pm.c **** {
  96              		.loc 1 108 0
  97              		.cfi_startproc
  98              		@ args = 0, pretend = 0, frame = 0
  99              		@ frame_needed = 1, uses_anonymous_args = 0
 100 0000 80B5     		push	{r7, lr}
 101              		.cfi_def_cfa_offset 8
 102              		.cfi_offset 7, -8
 103              		.cfi_offset 14, -4
 104 0002 00AF     		add	r7, sp, #0
 105              		.cfi_def_cfa_register 7
 109:.\Generated_Source\PSoC5/USBUART_1_pm.c ****     if(USBUART_1_configuration != 0u)
 106              		.loc 1 109 0
 107 0004 034B     		ldr	r3, .L7
 108 0006 1B78     		ldrb	r3, [r3]
 109 0008 DBB2     		uxtb	r3, r3
 110 000a 002B     		cmp	r3, #0
 111 000c 01D0     		beq	.L5
 110:.\Generated_Source\PSoC5/USBUART_1_pm.c ****     {
 111:.\Generated_Source\PSoC5/USBUART_1_pm.c ****         USBUART_1_ConfigReg();
 112              		.loc 1 111 0
 113 000e FFF7FEFF 		bl	USBUART_1_ConfigReg
 114              	.L5:
 112:.\Generated_Source\PSoC5/USBUART_1_pm.c ****     }
 113:.\Generated_Source\PSoC5/USBUART_1_pm.c **** }
 115              		.loc 1 113 0
ARM GAS  C:\Users\Rolando\AppData\Local\Temp\cctN3rlW.s 			page 5


 116 0012 80BD     		pop	{r7, pc}
 117              	.L8:
 118              		.align	2
 119              	.L7:
 120 0014 00000000 		.word	USBUART_1_configuration
 121              		.cfi_endproc
 122              	.LFE58:
 123              		.size	USBUART_1_RestoreConfig, .-USBUART_1_RestoreConfig
 124              		.section	.text.USBUART_1_Suspend,"ax",%progbits
 125              		.align	2
 126              		.global	USBUART_1_Suspend
 127              		.thumb
 128              		.thumb_func
 129              		.type	USBUART_1_Suspend, %function
 130              	USBUART_1_Suspend:
 131              	.LFB59:
 114:.\Generated_Source\PSoC5/USBUART_1_pm.c **** 
 115:.\Generated_Source\PSoC5/USBUART_1_pm.c **** 
 116:.\Generated_Source\PSoC5/USBUART_1_pm.c **** /*******************************************************************************
 117:.\Generated_Source\PSoC5/USBUART_1_pm.c **** * Function Name: USBUART_1_Suspend
 118:.\Generated_Source\PSoC5/USBUART_1_pm.c **** ********************************************************************************
 119:.\Generated_Source\PSoC5/USBUART_1_pm.c **** *
 120:.\Generated_Source\PSoC5/USBUART_1_pm.c **** * Summary:
 121:.\Generated_Source\PSoC5/USBUART_1_pm.c **** *  This function disables the USBFS block and prepares for power down mode.
 122:.\Generated_Source\PSoC5/USBUART_1_pm.c **** *
 123:.\Generated_Source\PSoC5/USBUART_1_pm.c **** * Parameters:
 124:.\Generated_Source\PSoC5/USBUART_1_pm.c **** *  None.
 125:.\Generated_Source\PSoC5/USBUART_1_pm.c **** *
 126:.\Generated_Source\PSoC5/USBUART_1_pm.c **** * Return:
 127:.\Generated_Source\PSoC5/USBUART_1_pm.c **** *   None.
 128:.\Generated_Source\PSoC5/USBUART_1_pm.c **** *
 129:.\Generated_Source\PSoC5/USBUART_1_pm.c **** * Global variables:
 130:.\Generated_Source\PSoC5/USBUART_1_pm.c **** *  USBUART_1_backup.enable:  modified.
 131:.\Generated_Source\PSoC5/USBUART_1_pm.c **** *
 132:.\Generated_Source\PSoC5/USBUART_1_pm.c **** * Reentrant:
 133:.\Generated_Source\PSoC5/USBUART_1_pm.c **** *  No.
 134:.\Generated_Source\PSoC5/USBUART_1_pm.c **** *
 135:.\Generated_Source\PSoC5/USBUART_1_pm.c **** *******************************************************************************/
 136:.\Generated_Source\PSoC5/USBUART_1_pm.c **** void USBUART_1_Suspend(void) 
 137:.\Generated_Source\PSoC5/USBUART_1_pm.c **** {
 132              		.loc 1 137 0
 133              		.cfi_startproc
 134              		@ args = 0, pretend = 0, frame = 8
 135              		@ frame_needed = 1, uses_anonymous_args = 0
 136 0000 80B5     		push	{r7, lr}
 137              		.cfi_def_cfa_offset 8
 138              		.cfi_offset 7, -8
 139              		.cfi_offset 14, -4
 140 0002 82B0     		sub	sp, sp, #8
 141              		.cfi_def_cfa_offset 16
 142 0004 00AF     		add	r7, sp, #0
 143              		.cfi_def_cfa_register 7
 138:.\Generated_Source\PSoC5/USBUART_1_pm.c ****     uint8 enableInterrupts;
 139:.\Generated_Source\PSoC5/USBUART_1_pm.c ****     enableInterrupts = CyEnterCriticalSection();
 144              		.loc 1 139 0
 145 0006 FFF7FEFF 		bl	CyEnterCriticalSection
 146 000a 0346     		mov	r3, r0
ARM GAS  C:\Users\Rolando\AppData\Local\Temp\cctN3rlW.s 			page 6


 147 000c FB71     		strb	r3, [r7, #7]
 140:.\Generated_Source\PSoC5/USBUART_1_pm.c **** 
 141:.\Generated_Source\PSoC5/USBUART_1_pm.c ****     if((CY_GET_REG8(USBUART_1_CR0_PTR) & USBUART_1_CR0_ENABLE) != 0u)
 148              		.loc 1 141 0
 149 000e 3C4B     		ldr	r3, .L12
 150 0010 1B78     		ldrb	r3, [r3]
 151 0012 DBB2     		uxtb	r3, r3
 152 0014 DBB2     		uxtb	r3, r3
 153 0016 5BB2     		sxtb	r3, r3
 154 0018 002B     		cmp	r3, #0
 155 001a 57DA     		bge	.L10
 142:.\Generated_Source\PSoC5/USBUART_1_pm.c ****     {   /* USB block is enabled */
 143:.\Generated_Source\PSoC5/USBUART_1_pm.c ****         USBUART_1_backup.enableState = 1u;
 156              		.loc 1 143 0
 157 001c 394B     		ldr	r3, .L12+4
 158 001e 0122     		movs	r2, #1
 159 0020 1A70     		strb	r2, [r3]
 144:.\Generated_Source\PSoC5/USBUART_1_pm.c **** 
 145:.\Generated_Source\PSoC5/USBUART_1_pm.c ****         #if(USBUART_1_EP_MM != USBUART_1__EP_MANUAL)
 146:.\Generated_Source\PSoC5/USBUART_1_pm.c ****             USBUART_1_Stop_DMA(USBUART_1_MAX_EP);     /* Stop all DMAs */
 147:.\Generated_Source\PSoC5/USBUART_1_pm.c ****         #endif   /*  USBUART_1_EP_MM != USBUART_1__EP_MANUAL */
 148:.\Generated_Source\PSoC5/USBUART_1_pm.c **** 
 149:.\Generated_Source\PSoC5/USBUART_1_pm.c ****         /* Ensure USB transmit enable is low (USB_USBIO_CR0.ten). - Manual Transmission - Disabled 
 150:.\Generated_Source\PSoC5/USBUART_1_pm.c ****         USBUART_1_USBIO_CR0_REG &= (uint8)~USBUART_1_USBIO_CR0_TEN;
 160              		.loc 1 150 0
 161 0022 394A     		ldr	r2, .L12+8
 162 0024 384B     		ldr	r3, .L12+8
 163 0026 1B78     		ldrb	r3, [r3]
 164 0028 DBB2     		uxtb	r3, r3
 165 002a 03F07F03 		and	r3, r3, #127
 166 002e DBB2     		uxtb	r3, r3
 167 0030 1370     		strb	r3, [r2]
 151:.\Generated_Source\PSoC5/USBUART_1_pm.c ****         CyDelayUs(0u);  /*~50ns delay */
 168              		.loc 1 151 0
 169 0032 0020     		movs	r0, #0
 170 0034 FFF7FEFF 		bl	CyDelayUs
 152:.\Generated_Source\PSoC5/USBUART_1_pm.c **** 
 153:.\Generated_Source\PSoC5/USBUART_1_pm.c ****         /* Disable the USBIO by asserting PM.USB_CR0.fsusbio_pd_n(Inverted) and pd_pullup_hv(Invert
 154:.\Generated_Source\PSoC5/USBUART_1_pm.c ****         USBUART_1_PM_USB_CR0_REG &=
 171              		.loc 1 154 0
 172 0038 344A     		ldr	r2, .L12+12
 173 003a 344B     		ldr	r3, .L12+12
 174 003c 1B78     		ldrb	r3, [r3]
 175 003e DBB2     		uxtb	r3, r3
 176 0040 23F00603 		bic	r3, r3, #6
 177 0044 DBB2     		uxtb	r3, r3
 178 0046 1370     		strb	r3, [r2]
 155:.\Generated_Source\PSoC5/USBUART_1_pm.c ****                                 (uint8)~(USBUART_1_PM_USB_CR0_PD_N | USBUART_1_PM_USB_CR0_PD_PULLUP
 156:.\Generated_Source\PSoC5/USBUART_1_pm.c **** 
 157:.\Generated_Source\PSoC5/USBUART_1_pm.c ****         /* Disable the SIE */
 158:.\Generated_Source\PSoC5/USBUART_1_pm.c ****         USBUART_1_CR0_REG &= (uint8)~USBUART_1_CR0_ENABLE;
 179              		.loc 1 158 0
 180 0048 2D4A     		ldr	r2, .L12
 181 004a 2D4B     		ldr	r3, .L12
 182 004c 1B78     		ldrb	r3, [r3]
 183 004e DBB2     		uxtb	r3, r3
 184 0050 03F07F03 		and	r3, r3, #127
ARM GAS  C:\Users\Rolando\AppData\Local\Temp\cctN3rlW.s 			page 7


 185 0054 DBB2     		uxtb	r3, r3
 186 0056 1370     		strb	r3, [r2]
 159:.\Generated_Source\PSoC5/USBUART_1_pm.c **** 
 160:.\Generated_Source\PSoC5/USBUART_1_pm.c ****         CyDelayUs(0u);  /* ~50ns delay */
 187              		.loc 1 160 0
 188 0058 0020     		movs	r0, #0
 189 005a FFF7FEFF 		bl	CyDelayUs
 161:.\Generated_Source\PSoC5/USBUART_1_pm.c ****         /* Store mode and Disable VRegulator*/
 162:.\Generated_Source\PSoC5/USBUART_1_pm.c ****         USBUART_1_backup.mode = USBUART_1_CR1_REG & USBUART_1_CR1_REG_ENABLE;
 190              		.loc 1 162 0
 191 005e 2C4B     		ldr	r3, .L12+16
 192 0060 1B78     		ldrb	r3, [r3]
 193 0062 DBB2     		uxtb	r3, r3
 194 0064 03F00103 		and	r3, r3, #1
 195 0068 DAB2     		uxtb	r2, r3
 196 006a 264B     		ldr	r3, .L12+4
 197 006c 5A70     		strb	r2, [r3, #1]
 163:.\Generated_Source\PSoC5/USBUART_1_pm.c ****         USBUART_1_CR1_REG &= (uint8)~USBUART_1_CR1_REG_ENABLE;
 198              		.loc 1 163 0
 199 006e 284A     		ldr	r2, .L12+16
 200 0070 274B     		ldr	r3, .L12+16
 201 0072 1B78     		ldrb	r3, [r3]
 202 0074 DBB2     		uxtb	r3, r3
 203 0076 23F00103 		bic	r3, r3, #1
 204 007a DBB2     		uxtb	r3, r3
 205 007c 1370     		strb	r3, [r2]
 164:.\Generated_Source\PSoC5/USBUART_1_pm.c **** 
 165:.\Generated_Source\PSoC5/USBUART_1_pm.c ****         CyDelayUs(1u);  /* 0.5 us min delay */
 206              		.loc 1 165 0
 207 007e 0120     		movs	r0, #1
 208 0080 FFF7FEFF 		bl	CyDelayUs
 166:.\Generated_Source\PSoC5/USBUART_1_pm.c ****         /* Disable the USBIO reference by setting PM.USB_CR0.fsusbio_ref_en.*/
 167:.\Generated_Source\PSoC5/USBUART_1_pm.c ****         USBUART_1_PM_USB_CR0_REG &= (uint8)~USBUART_1_PM_USB_CR0_REF_EN;
 209              		.loc 1 167 0
 210 0084 214A     		ldr	r2, .L12+12
 211 0086 214B     		ldr	r3, .L12+12
 212 0088 1B78     		ldrb	r3, [r3]
 213 008a DBB2     		uxtb	r3, r3
 214 008c 23F00103 		bic	r3, r3, #1
 215 0090 DBB2     		uxtb	r3, r3
 216 0092 1370     		strb	r3, [r2]
 168:.\Generated_Source\PSoC5/USBUART_1_pm.c **** 
 169:.\Generated_Source\PSoC5/USBUART_1_pm.c ****         /* Switch DP and DM terminals to GPIO mode and disconnect 1.5k pullup*/
 170:.\Generated_Source\PSoC5/USBUART_1_pm.c ****         USBUART_1_USBIO_CR1_REG |= USBUART_1_USBIO_CR1_IOMODE;
 217              		.loc 1 170 0
 218 0094 1F4A     		ldr	r2, .L12+20
 219 0096 1F4B     		ldr	r3, .L12+20
 220 0098 1B78     		ldrb	r3, [r3]
 221 009a DBB2     		uxtb	r3, r3
 222 009c 43F02003 		orr	r3, r3, #32
 223 00a0 DBB2     		uxtb	r3, r3
 224 00a2 1370     		strb	r3, [r2]
 171:.\Generated_Source\PSoC5/USBUART_1_pm.c **** 
 172:.\Generated_Source\PSoC5/USBUART_1_pm.c ****         /* Disable USB in ACT PM */
 173:.\Generated_Source\PSoC5/USBUART_1_pm.c ****         USBUART_1_PM_ACT_CFG_REG &= (uint8)~USBUART_1_PM_ACT_EN_FSUSB;
 225              		.loc 1 173 0
 226 00a4 1C4A     		ldr	r2, .L12+24
ARM GAS  C:\Users\Rolando\AppData\Local\Temp\cctN3rlW.s 			page 8


 227 00a6 1C4B     		ldr	r3, .L12+24
 228 00a8 1B78     		ldrb	r3, [r3]
 229 00aa DBB2     		uxtb	r3, r3
 230 00ac 23F00103 		bic	r3, r3, #1
 231 00b0 DBB2     		uxtb	r3, r3
 232 00b2 1370     		strb	r3, [r2]
 174:.\Generated_Source\PSoC5/USBUART_1_pm.c ****         /* Disable USB block for Standby Power Mode */
 175:.\Generated_Source\PSoC5/USBUART_1_pm.c ****         USBUART_1_PM_STBY_CFG_REG &= (uint8)~USBUART_1_PM_STBY_EN_FSUSB;
 233              		.loc 1 175 0
 234 00b4 194A     		ldr	r2, .L12+28
 235 00b6 194B     		ldr	r3, .L12+28
 236 00b8 1B78     		ldrb	r3, [r3]
 237 00ba DBB2     		uxtb	r3, r3
 238 00bc 23F00103 		bic	r3, r3, #1
 239 00c0 DBB2     		uxtb	r3, r3
 240 00c2 1370     		strb	r3, [r2]
 176:.\Generated_Source\PSoC5/USBUART_1_pm.c ****         CyDelayUs(1u); /* min  0.5us delay required */
 241              		.loc 1 176 0
 242 00c4 0120     		movs	r0, #1
 243 00c6 FFF7FEFF 		bl	CyDelayUs
 244 00ca 02E0     		b	.L11
 245              	.L10:
 177:.\Generated_Source\PSoC5/USBUART_1_pm.c **** 
 178:.\Generated_Source\PSoC5/USBUART_1_pm.c ****     }
 179:.\Generated_Source\PSoC5/USBUART_1_pm.c ****     else
 180:.\Generated_Source\PSoC5/USBUART_1_pm.c ****     {
 181:.\Generated_Source\PSoC5/USBUART_1_pm.c ****         USBUART_1_backup.enableState = 0u;
 246              		.loc 1 181 0
 247 00cc 0D4B     		ldr	r3, .L12+4
 248 00ce 0022     		movs	r2, #0
 249 00d0 1A70     		strb	r2, [r3]
 250              	.L11:
 182:.\Generated_Source\PSoC5/USBUART_1_pm.c ****     }
 183:.\Generated_Source\PSoC5/USBUART_1_pm.c ****     
 184:.\Generated_Source\PSoC5/USBUART_1_pm.c ****     CyExitCriticalSection(enableInterrupts);
 251              		.loc 1 184 0
 252 00d2 FB79     		ldrb	r3, [r7, #7]	@ zero_extendqisi2
 253 00d4 1846     		mov	r0, r3
 254 00d6 FFF7FEFF 		bl	CyExitCriticalSection
 185:.\Generated_Source\PSoC5/USBUART_1_pm.c **** 
 186:.\Generated_Source\PSoC5/USBUART_1_pm.c ****     /* Set the DP Interrupt for wake-up from sleep mode. */
 187:.\Generated_Source\PSoC5/USBUART_1_pm.c ****     #if(USBUART_1_DP_ISR_REMOVE == 0u)
 188:.\Generated_Source\PSoC5/USBUART_1_pm.c ****         (void) CyIntSetVector(USBUART_1_DP_INTC_VECT_NUM, &USBUART_1_DP_ISR);
 255              		.loc 1 188 0
 256 00da 0C20     		movs	r0, #12
 257 00dc 1049     		ldr	r1, .L12+32
 258 00de FFF7FEFF 		bl	CyIntSetVector
 189:.\Generated_Source\PSoC5/USBUART_1_pm.c ****         CyIntSetPriority(USBUART_1_DP_INTC_VECT_NUM, USBUART_1_DP_INTC_PRIOR);
 259              		.loc 1 189 0
 260 00e2 0C20     		movs	r0, #12
 261 00e4 0721     		movs	r1, #7
 262 00e6 FFF7FEFF 		bl	CyIntSetPriority
 190:.\Generated_Source\PSoC5/USBUART_1_pm.c ****         CyIntClearPending(USBUART_1_DP_INTC_VECT_NUM);
 263              		.loc 1 190 0
 264 00ea 0E4B     		ldr	r3, .L12+36
 265 00ec 4FF48052 		mov	r2, #4096
 266 00f0 1A60     		str	r2, [r3]
ARM GAS  C:\Users\Rolando\AppData\Local\Temp\cctN3rlW.s 			page 9


 191:.\Generated_Source\PSoC5/USBUART_1_pm.c ****         CyIntEnable(USBUART_1_DP_INTC_VECT_NUM);
 267              		.loc 1 191 0
 268 00f2 0D4B     		ldr	r3, .L12+40
 269 00f4 4FF48052 		mov	r2, #4096
 270 00f8 1A60     		str	r2, [r3]
 192:.\Generated_Source\PSoC5/USBUART_1_pm.c ****     #endif /* (USBUART_1_DP_ISR_REMOVE == 0u) */
 193:.\Generated_Source\PSoC5/USBUART_1_pm.c **** }
 271              		.loc 1 193 0
 272 00fa 0837     		adds	r7, r7, #8
 273              		.cfi_def_cfa_offset 8
 274 00fc BD46     		mov	sp, r7
 275              		.cfi_def_cfa_register 13
 276              		@ sp needed
 277 00fe 80BD     		pop	{r7, pc}
 278              	.L13:
 279              		.align	2
 280              	.L12:
 281 0100 08600040 		.word	1073766408
 282 0104 00000000 		.word	USBUART_1_backup
 283 0108 10600040 		.word	1073766416
 284 010c 94430040 		.word	1073759124
 285 0110 09600040 		.word	1073766409
 286 0114 12600040 		.word	1073766418
 287 0118 A5430040 		.word	1073759141
 288 011c B5430040 		.word	1073759157
 289 0120 00000000 		.word	USBUART_1_DP_ISR
 290 0124 80E200E0 		.word	-536812928
 291 0128 00E100E0 		.word	-536813312
 292              		.cfi_endproc
 293              	.LFE59:
 294              		.size	USBUART_1_Suspend, .-USBUART_1_Suspend
 295              		.section	.text.USBUART_1_Resume,"ax",%progbits
 296              		.align	2
 297              		.global	USBUART_1_Resume
 298              		.thumb
 299              		.thumb_func
 300              		.type	USBUART_1_Resume, %function
 301              	USBUART_1_Resume:
 302              	.LFB60:
 194:.\Generated_Source\PSoC5/USBUART_1_pm.c **** 
 195:.\Generated_Source\PSoC5/USBUART_1_pm.c **** 
 196:.\Generated_Source\PSoC5/USBUART_1_pm.c **** /*******************************************************************************
 197:.\Generated_Source\PSoC5/USBUART_1_pm.c **** * Function Name: USBUART_1_Resume
 198:.\Generated_Source\PSoC5/USBUART_1_pm.c **** ********************************************************************************
 199:.\Generated_Source\PSoC5/USBUART_1_pm.c **** *
 200:.\Generated_Source\PSoC5/USBUART_1_pm.c **** * Summary:
 201:.\Generated_Source\PSoC5/USBUART_1_pm.c **** *  This function enables the USBFS block after power down mode.
 202:.\Generated_Source\PSoC5/USBUART_1_pm.c **** *
 203:.\Generated_Source\PSoC5/USBUART_1_pm.c **** * Parameters:
 204:.\Generated_Source\PSoC5/USBUART_1_pm.c **** *  None.
 205:.\Generated_Source\PSoC5/USBUART_1_pm.c **** *
 206:.\Generated_Source\PSoC5/USBUART_1_pm.c **** * Return:
 207:.\Generated_Source\PSoC5/USBUART_1_pm.c **** *  None.
 208:.\Generated_Source\PSoC5/USBUART_1_pm.c **** *
 209:.\Generated_Source\PSoC5/USBUART_1_pm.c **** * Global variables:
 210:.\Generated_Source\PSoC5/USBUART_1_pm.c **** *  USBUART_1_backup - checked.
 211:.\Generated_Source\PSoC5/USBUART_1_pm.c **** *
ARM GAS  C:\Users\Rolando\AppData\Local\Temp\cctN3rlW.s 			page 10


 212:.\Generated_Source\PSoC5/USBUART_1_pm.c **** * Reentrant:
 213:.\Generated_Source\PSoC5/USBUART_1_pm.c **** *  No.
 214:.\Generated_Source\PSoC5/USBUART_1_pm.c **** *
 215:.\Generated_Source\PSoC5/USBUART_1_pm.c **** *******************************************************************************/
 216:.\Generated_Source\PSoC5/USBUART_1_pm.c **** void USBUART_1_Resume(void) 
 217:.\Generated_Source\PSoC5/USBUART_1_pm.c **** {
 303              		.loc 1 217 0
 304              		.cfi_startproc
 305              		@ args = 0, pretend = 0, frame = 8
 306              		@ frame_needed = 1, uses_anonymous_args = 0
 307 0000 80B5     		push	{r7, lr}
 308              		.cfi_def_cfa_offset 8
 309              		.cfi_offset 7, -8
 310              		.cfi_offset 14, -4
 311 0002 82B0     		sub	sp, sp, #8
 312              		.cfi_def_cfa_offset 16
 313 0004 00AF     		add	r7, sp, #0
 314              		.cfi_def_cfa_register 7
 218:.\Generated_Source\PSoC5/USBUART_1_pm.c ****     uint8 enableInterrupts;
 219:.\Generated_Source\PSoC5/USBUART_1_pm.c ****     enableInterrupts = CyEnterCriticalSection();
 315              		.loc 1 219 0
 316 0006 FFF7FEFF 		bl	CyEnterCriticalSection
 317 000a 0346     		mov	r3, r0
 318 000c FB71     		strb	r3, [r7, #7]
 220:.\Generated_Source\PSoC5/USBUART_1_pm.c **** 
 221:.\Generated_Source\PSoC5/USBUART_1_pm.c ****     if(USBUART_1_backup.enableState != 0u)
 319              		.loc 1 221 0
 320 000e 324B     		ldr	r3, .L16
 321 0010 1B78     		ldrb	r3, [r3]	@ zero_extendqisi2
 322 0012 002B     		cmp	r3, #0
 323 0014 58D0     		beq	.L15
 222:.\Generated_Source\PSoC5/USBUART_1_pm.c ****     {
 223:.\Generated_Source\PSoC5/USBUART_1_pm.c ****         #if(USBUART_1_DP_ISR_REMOVE == 0u)
 224:.\Generated_Source\PSoC5/USBUART_1_pm.c ****             CyIntDisable(USBUART_1_DP_INTC_VECT_NUM);
 324              		.loc 1 224 0
 325 0016 314B     		ldr	r3, .L16+4
 326 0018 4FF48052 		mov	r2, #4096
 327 001c 1A60     		str	r2, [r3]
 225:.\Generated_Source\PSoC5/USBUART_1_pm.c ****         #endif /*  USBUART_1_DP_ISR_REMOVE */
 226:.\Generated_Source\PSoC5/USBUART_1_pm.c **** 
 227:.\Generated_Source\PSoC5/USBUART_1_pm.c ****         /* Enable USB block */
 228:.\Generated_Source\PSoC5/USBUART_1_pm.c ****         USBUART_1_PM_ACT_CFG_REG |= USBUART_1_PM_ACT_EN_FSUSB;
 328              		.loc 1 228 0
 329 001e 304A     		ldr	r2, .L16+8
 330 0020 2F4B     		ldr	r3, .L16+8
 331 0022 1B78     		ldrb	r3, [r3]
 332 0024 DBB2     		uxtb	r3, r3
 333 0026 43F00103 		orr	r3, r3, #1
 334 002a DBB2     		uxtb	r3, r3
 335 002c 1370     		strb	r3, [r2]
 229:.\Generated_Source\PSoC5/USBUART_1_pm.c ****         /* Enable USB block for Standby Power Mode */
 230:.\Generated_Source\PSoC5/USBUART_1_pm.c ****         USBUART_1_PM_STBY_CFG_REG |= USBUART_1_PM_STBY_EN_FSUSB;
 336              		.loc 1 230 0
 337 002e 2D4A     		ldr	r2, .L16+12
 338 0030 2C4B     		ldr	r3, .L16+12
 339 0032 1B78     		ldrb	r3, [r3]
 340 0034 DBB2     		uxtb	r3, r3
ARM GAS  C:\Users\Rolando\AppData\Local\Temp\cctN3rlW.s 			page 11


 341 0036 43F00103 		orr	r3, r3, #1
 342 003a DBB2     		uxtb	r3, r3
 343 003c 1370     		strb	r3, [r2]
 231:.\Generated_Source\PSoC5/USBUART_1_pm.c ****         /* Enable core clock */
 232:.\Generated_Source\PSoC5/USBUART_1_pm.c ****         USBUART_1_USB_CLK_EN_REG |= USBUART_1_USB_CLK_ENABLE;
 344              		.loc 1 232 0
 345 003e 2A4A     		ldr	r2, .L16+16
 346 0040 294B     		ldr	r3, .L16+16
 347 0042 1B78     		ldrb	r3, [r3]
 348 0044 DBB2     		uxtb	r3, r3
 349 0046 43F00103 		orr	r3, r3, #1
 350 004a DBB2     		uxtb	r3, r3
 351 004c 1370     		strb	r3, [r2]
 233:.\Generated_Source\PSoC5/USBUART_1_pm.c **** 
 234:.\Generated_Source\PSoC5/USBUART_1_pm.c ****         /* Enable the USBIO reference by setting PM.USB_CR0.fsusbio_ref_en.*/
 235:.\Generated_Source\PSoC5/USBUART_1_pm.c ****         USBUART_1_PM_USB_CR0_REG |= USBUART_1_PM_USB_CR0_REF_EN;
 352              		.loc 1 235 0
 353 004e 274A     		ldr	r2, .L16+20
 354 0050 264B     		ldr	r3, .L16+20
 355 0052 1B78     		ldrb	r3, [r3]
 356 0054 DBB2     		uxtb	r3, r3
 357 0056 43F00103 		orr	r3, r3, #1
 358 005a DBB2     		uxtb	r3, r3
 359 005c 1370     		strb	r3, [r2]
 236:.\Generated_Source\PSoC5/USBUART_1_pm.c ****         /* The reference will be available ~40us after power restored */
 237:.\Generated_Source\PSoC5/USBUART_1_pm.c ****         CyDelayUs(40u);
 360              		.loc 1 237 0
 361 005e 2820     		movs	r0, #40
 362 0060 FFF7FEFF 		bl	CyDelayUs
 238:.\Generated_Source\PSoC5/USBUART_1_pm.c ****         /* Return VRegulator*/
 239:.\Generated_Source\PSoC5/USBUART_1_pm.c ****         USBUART_1_CR1_REG |= USBUART_1_backup.mode;
 363              		.loc 1 239 0
 364 0064 2249     		ldr	r1, .L16+24
 365 0066 224B     		ldr	r3, .L16+24
 366 0068 1B78     		ldrb	r3, [r3]
 367 006a DAB2     		uxtb	r2, r3
 368 006c 1A4B     		ldr	r3, .L16
 369 006e 5B78     		ldrb	r3, [r3, #1]	@ zero_extendqisi2
 370 0070 1343     		orrs	r3, r3, r2
 371 0072 DBB2     		uxtb	r3, r3
 372 0074 0B70     		strb	r3, [r1]
 240:.\Generated_Source\PSoC5/USBUART_1_pm.c ****         CyDelayUs(0u);  /*~50ns delay */
 373              		.loc 1 240 0
 374 0076 0020     		movs	r0, #0
 375 0078 FFF7FEFF 		bl	CyDelayUs
 241:.\Generated_Source\PSoC5/USBUART_1_pm.c ****         /* Enable USBIO */
 242:.\Generated_Source\PSoC5/USBUART_1_pm.c ****         USBUART_1_PM_USB_CR0_REG |= USBUART_1_PM_USB_CR0_PD_N;
 376              		.loc 1 242 0
 377 007c 1B4A     		ldr	r2, .L16+20
 378 007e 1B4B     		ldr	r3, .L16+20
 379 0080 1B78     		ldrb	r3, [r3]
 380 0082 DBB2     		uxtb	r3, r3
 381 0084 43F00203 		orr	r3, r3, #2
 382 0088 DBB2     		uxtb	r3, r3
 383 008a 1370     		strb	r3, [r2]
 243:.\Generated_Source\PSoC5/USBUART_1_pm.c ****         CyDelayUs(2u);
 384              		.loc 1 243 0
ARM GAS  C:\Users\Rolando\AppData\Local\Temp\cctN3rlW.s 			page 12


 385 008c 0220     		movs	r0, #2
 386 008e FFF7FEFF 		bl	CyDelayUs
 244:.\Generated_Source\PSoC5/USBUART_1_pm.c ****         /* Set the USBIO pull-up enable */
 245:.\Generated_Source\PSoC5/USBUART_1_pm.c ****         USBUART_1_PM_USB_CR0_REG |= USBUART_1_PM_USB_CR0_PD_PULLUP_N;
 387              		.loc 1 245 0
 388 0092 164A     		ldr	r2, .L16+20
 389 0094 154B     		ldr	r3, .L16+20
 390 0096 1B78     		ldrb	r3, [r3]
 391 0098 DBB2     		uxtb	r3, r3
 392 009a 43F00403 		orr	r3, r3, #4
 393 009e DBB2     		uxtb	r3, r3
 394 00a0 1370     		strb	r3, [r2]
 246:.\Generated_Source\PSoC5/USBUART_1_pm.c **** 
 247:.\Generated_Source\PSoC5/USBUART_1_pm.c ****         /* Re-init Arbiter configuration for DMA transfers */
 248:.\Generated_Source\PSoC5/USBUART_1_pm.c ****         #if(USBUART_1_EP_MM != USBUART_1__EP_MANUAL)
 249:.\Generated_Source\PSoC5/USBUART_1_pm.c ****             /* Usb arb interrupt enable */
 250:.\Generated_Source\PSoC5/USBUART_1_pm.c ****             USBUART_1_ARB_INT_EN_REG = USBUART_1_ARB_INT_MASK;
 251:.\Generated_Source\PSoC5/USBUART_1_pm.c ****             #if(USBUART_1_EP_MM == USBUART_1__EP_DMAMANUAL)
 252:.\Generated_Source\PSoC5/USBUART_1_pm.c ****                 USBUART_1_ARB_CFG_REG = USBUART_1_ARB_CFG_MANUAL_DMA;
 253:.\Generated_Source\PSoC5/USBUART_1_pm.c ****             #endif   /*  USBUART_1_EP_MM == USBUART_1__EP_DMAMANUAL */
 254:.\Generated_Source\PSoC5/USBUART_1_pm.c ****             #if(USBUART_1_EP_MM == USBUART_1__EP_DMAAUTO)
 255:.\Generated_Source\PSoC5/USBUART_1_pm.c ****                 /*Set cfg cmplt this rises DMA request when the full configuration is done */
 256:.\Generated_Source\PSoC5/USBUART_1_pm.c ****                 USBUART_1_ARB_CFG_REG = USBUART_1_ARB_CFG_AUTO_DMA | USBUART_1_ARB_CFG_AUTO_MEM;
 257:.\Generated_Source\PSoC5/USBUART_1_pm.c ****             #endif   /*  USBUART_1_EP_MM == USBUART_1__EP_DMAAUTO */
 258:.\Generated_Source\PSoC5/USBUART_1_pm.c ****         #endif   /*  USBUART_1_EP_MM != USBUART_1__EP_MANUAL */
 259:.\Generated_Source\PSoC5/USBUART_1_pm.c **** 
 260:.\Generated_Source\PSoC5/USBUART_1_pm.c ****         /* STALL_IN_OUT */
 261:.\Generated_Source\PSoC5/USBUART_1_pm.c ****         CY_SET_REG8(USBUART_1_EP0_CR_PTR, USBUART_1_MODE_STALL_IN_OUT);
 395              		.loc 1 261 0
 396 00a2 144B     		ldr	r3, .L16+28
 397 00a4 0322     		movs	r2, #3
 398 00a6 1A70     		strb	r2, [r3]
 262:.\Generated_Source\PSoC5/USBUART_1_pm.c ****         /* Enable the SIE with a last address */
 263:.\Generated_Source\PSoC5/USBUART_1_pm.c ****         USBUART_1_CR0_REG |= USBUART_1_CR0_ENABLE;
 399              		.loc 1 263 0
 400 00a8 134A     		ldr	r2, .L16+32
 401 00aa 134B     		ldr	r3, .L16+32
 402 00ac 1B78     		ldrb	r3, [r3]
 403 00ae DBB2     		uxtb	r3, r3
 404 00b0 63F07F03 		orn	r3, r3, #127
 405 00b4 DBB2     		uxtb	r3, r3
 406 00b6 1370     		strb	r3, [r2]
 264:.\Generated_Source\PSoC5/USBUART_1_pm.c ****         CyDelayCycles(1u);
 407              		.loc 1 264 0
 408 00b8 0120     		movs	r0, #1
 409 00ba FFF7FEFF 		bl	CyDelayCycles
 265:.\Generated_Source\PSoC5/USBUART_1_pm.c ****         /* Finally, Enable d+ pullup and select iomode to USB mode*/
 266:.\Generated_Source\PSoC5/USBUART_1_pm.c ****         CY_SET_REG8(USBUART_1_USBIO_CR1_PTR, USBUART_1_USBIO_CR1_USBPUEN);
 410              		.loc 1 266 0
 411 00be 0F4B     		ldr	r3, .L16+36
 412 00c0 0422     		movs	r2, #4
 413 00c2 1A70     		strb	r2, [r3]
 267:.\Generated_Source\PSoC5/USBUART_1_pm.c **** 
 268:.\Generated_Source\PSoC5/USBUART_1_pm.c ****         /* Restore USB register settings */
 269:.\Generated_Source\PSoC5/USBUART_1_pm.c ****         USBUART_1_RestoreConfig();
 414              		.loc 1 269 0
 415 00c4 FFF7FEFF 		bl	USBUART_1_RestoreConfig
ARM GAS  C:\Users\Rolando\AppData\Local\Temp\cctN3rlW.s 			page 13


 416              	.L15:
 270:.\Generated_Source\PSoC5/USBUART_1_pm.c ****     }
 271:.\Generated_Source\PSoC5/USBUART_1_pm.c **** 
 272:.\Generated_Source\PSoC5/USBUART_1_pm.c ****     CyExitCriticalSection(enableInterrupts);
 417              		.loc 1 272 0
 418 00c8 FB79     		ldrb	r3, [r7, #7]	@ zero_extendqisi2
 419 00ca 1846     		mov	r0, r3
 420 00cc FFF7FEFF 		bl	CyExitCriticalSection
 273:.\Generated_Source\PSoC5/USBUART_1_pm.c **** }
 421              		.loc 1 273 0
 422 00d0 0837     		adds	r7, r7, #8
 423              		.cfi_def_cfa_offset 8
 424 00d2 BD46     		mov	sp, r7
 425              		.cfi_def_cfa_register 13
 426              		@ sp needed
 427 00d4 80BD     		pop	{r7, pc}
 428              	.L17:
 429 00d6 00BF     		.align	2
 430              	.L16:
 431 00d8 00000000 		.word	USBUART_1_backup
 432 00dc 80E100E0 		.word	-536813184
 433 00e0 A5430040 		.word	1073759141
 434 00e4 B5430040 		.word	1073759157
 435 00e8 9D600040 		.word	1073766557
 436 00ec 94430040 		.word	1073759124
 437 00f0 09600040 		.word	1073766409
 438 00f4 28600040 		.word	1073766440
 439 00f8 08600040 		.word	1073766408
 440 00fc 12600040 		.word	1073766418
 441              		.cfi_endproc
 442              	.LFE60:
 443              		.size	USBUART_1_Resume, .-USBUART_1_Resume
 444              		.text
 445              	.Letext0:
 446              		.file 2 "c:\\program files (x86)\\cypress\\psoc creator\\3.3\\psoc creator\\import\\gnu\\arm\\4.9.
 447              		.file 3 "c:\\program files (x86)\\cypress\\psoc creator\\3.3\\psoc creator\\import\\gnu\\arm\\4.9.
 448              		.file 4 ".\\Generated_Source\\PSoC5\\cytypes.h"
 449              		.file 5 ".\\Generated_Source\\PSoC5\\USBUART_1.h"
 450              		.file 6 "Generated_Source\\PSoC5/core_cm3.h"
 451              		.section	.debug_info,"",%progbits
 452              	.Ldebug_info0:
 453 0000 A5010000 		.4byte	0x1a5
 454 0004 0400     		.2byte	0x4
 455 0006 00000000 		.4byte	.Ldebug_abbrev0
 456 000a 04       		.byte	0x4
 457 000b 01       		.uleb128 0x1
 458 000c 4F000000 		.4byte	.LASF31
 459 0010 01       		.byte	0x1
 460 0011 51020000 		.4byte	.LASF32
 461 0015 3D010000 		.4byte	.LASF33
 462 0019 00000000 		.4byte	.Ldebug_ranges0+0
 463 001d 00000000 		.4byte	0
 464 0021 00000000 		.4byte	.Ldebug_line0
 465 0025 02       		.uleb128 0x2
 466 0026 01       		.byte	0x1
 467 0027 06       		.byte	0x6
 468 0028 34020000 		.4byte	.LASF0
ARM GAS  C:\Users\Rolando\AppData\Local\Temp\cctN3rlW.s 			page 14


 469 002c 02       		.uleb128 0x2
 470 002d 01       		.byte	0x1
 471 002e 08       		.byte	0x8
 472 002f F4000000 		.4byte	.LASF1
 473 0033 02       		.uleb128 0x2
 474 0034 02       		.byte	0x2
 475 0035 05       		.byte	0x5
 476 0036 F7010000 		.4byte	.LASF2
 477 003a 02       		.uleb128 0x2
 478 003b 02       		.byte	0x2
 479 003c 07       		.byte	0x7
 480 003d 19010000 		.4byte	.LASF3
 481 0041 03       		.uleb128 0x3
 482 0042 33000000 		.4byte	.LASF9
 483 0046 02       		.byte	0x2
 484 0047 3F       		.byte	0x3f
 485 0048 4C000000 		.4byte	0x4c
 486 004c 02       		.uleb128 0x2
 487 004d 04       		.byte	0x4
 488 004e 05       		.byte	0x5
 489 004f 1F020000 		.4byte	.LASF4
 490 0053 02       		.uleb128 0x2
 491 0054 04       		.byte	0x4
 492 0055 07       		.byte	0x7
 493 0056 07010000 		.4byte	.LASF5
 494 005a 02       		.uleb128 0x2
 495 005b 08       		.byte	0x8
 496 005c 05       		.byte	0x5
 497 005d E4010000 		.4byte	.LASF6
 498 0061 02       		.uleb128 0x2
 499 0062 08       		.byte	0x8
 500 0063 07       		.byte	0x7
 501 0064 B7010000 		.4byte	.LASF7
 502 0068 04       		.uleb128 0x4
 503 0069 04       		.byte	0x4
 504 006a 05       		.byte	0x5
 505 006b 696E7400 		.ascii	"int\000"
 506 006f 02       		.uleb128 0x2
 507 0070 04       		.byte	0x4
 508 0071 07       		.byte	0x7
 509 0072 AA010000 		.4byte	.LASF8
 510 0076 03       		.uleb128 0x3
 511 0077 D3010000 		.4byte	.LASF10
 512 007b 03       		.byte	0x3
 513 007c 2C       		.byte	0x2c
 514 007d 41000000 		.4byte	0x41
 515 0081 03       		.uleb128 0x3
 516 0082 01020000 		.4byte	.LASF11
 517 0086 04       		.byte	0x4
 518 0087 5B       		.byte	0x5b
 519 0088 2C000000 		.4byte	0x2c
 520 008c 03       		.uleb128 0x3
 521 008d A3010000 		.4byte	.LASF12
 522 0091 04       		.byte	0x4
 523 0092 5D       		.byte	0x5d
 524 0093 53000000 		.4byte	0x53
 525 0097 02       		.uleb128 0x2
ARM GAS  C:\Users\Rolando\AppData\Local\Temp\cctN3rlW.s 			page 15


 526 0098 04       		.byte	0x4
 527 0099 04       		.byte	0x4
 528 009a EE000000 		.4byte	.LASF13
 529 009e 02       		.uleb128 0x2
 530 009f 08       		.byte	0x8
 531 00a0 04       		.byte	0x4
 532 00a1 84010000 		.4byte	.LASF14
 533 00a5 02       		.uleb128 0x2
 534 00a6 01       		.byte	0x1
 535 00a7 08       		.byte	0x8
 536 00a8 F2010000 		.4byte	.LASF15
 537 00ac 03       		.uleb128 0x3
 538 00ad 02010000 		.4byte	.LASF16
 539 00b1 04       		.byte	0x4
 540 00b2 F0       		.byte	0xf0
 541 00b3 B7000000 		.4byte	0xb7
 542 00b7 05       		.uleb128 0x5
 543 00b8 81000000 		.4byte	0x81
 544 00bc 03       		.uleb128 0x3
 545 00bd 18000000 		.4byte	.LASF17
 546 00c1 04       		.byte	0x4
 547 00c2 F2       		.byte	0xf2
 548 00c3 C7000000 		.4byte	0xc7
 549 00c7 05       		.uleb128 0x5
 550 00c8 8C000000 		.4byte	0x8c
 551 00cc 02       		.uleb128 0x2
 552 00cd 04       		.byte	0x4
 553 00ce 07       		.byte	0x7
 554 00cf DB010000 		.4byte	.LASF18
 555 00d3 06       		.uleb128 0x6
 556 00d4 02       		.byte	0x2
 557 00d5 05       		.byte	0x5
 558 00d6 A9       		.byte	0xa9
 559 00d7 F4000000 		.4byte	0xf4
 560 00db 07       		.uleb128 0x7
 561 00dc 28020000 		.4byte	.LASF19
 562 00e0 05       		.byte	0x5
 563 00e1 AB       		.byte	0xab
 564 00e2 81000000 		.4byte	0x81
 565 00e6 00       		.byte	0
 566 00e7 07       		.uleb128 0x7
 567 00e8 CE010000 		.4byte	.LASF20
 568 00ec 05       		.byte	0x5
 569 00ed AC       		.byte	0xac
 570 00ee 81000000 		.4byte	0x81
 571 00f2 01       		.byte	0x1
 572 00f3 00       		.byte	0
 573 00f4 03       		.uleb128 0x3
 574 00f5 07020000 		.4byte	.LASF21
 575 00f9 05       		.byte	0x5
 576 00fa AD       		.byte	0xad
 577 00fb D3000000 		.4byte	0xd3
 578 00ff 08       		.uleb128 0x8
 579 0100 40020000 		.4byte	.LASF22
 580 0104 01       		.byte	0x1
 581 0105 36       		.byte	0x36
 582 0106 00000000 		.4byte	.LFB56
ARM GAS  C:\Users\Rolando\AppData\Local\Temp\cctN3rlW.s 			page 16


 583 010a 14000000 		.4byte	.LFE56-.LFB56
 584 010e 01       		.uleb128 0x1
 585 010f 9C       		.byte	0x9c
 586 0110 08       		.uleb128 0x8
 587 0111 1E000000 		.4byte	.LASF23
 588 0115 01       		.byte	0x1
 589 0116 54       		.byte	0x54
 590 0117 00000000 		.4byte	.LFB57
 591 011b 0C000000 		.4byte	.LFE57-.LFB57
 592 011f 01       		.uleb128 0x1
 593 0120 9C       		.byte	0x9c
 594 0121 09       		.uleb128 0x9
 595 0122 00000000 		.4byte	.LASF24
 596 0126 01       		.byte	0x1
 597 0127 6B       		.byte	0x6b
 598 0128 00000000 		.4byte	.LFB58
 599 012c 18000000 		.4byte	.LFE58-.LFB58
 600 0130 01       		.uleb128 0x1
 601 0131 9C       		.byte	0x9c
 602 0132 0A       		.uleb128 0xa
 603 0133 3D000000 		.4byte	.LASF25
 604 0137 01       		.byte	0x1
 605 0138 88       		.byte	0x88
 606 0139 00000000 		.4byte	.LFB59
 607 013d 2C010000 		.4byte	.LFE59-.LFB59
 608 0141 01       		.uleb128 0x1
 609 0142 9C       		.byte	0x9c
 610 0143 56010000 		.4byte	0x156
 611 0147 0B       		.uleb128 0xb
 612 0148 73010000 		.4byte	.LASF27
 613 014c 01       		.byte	0x1
 614 014d 8A       		.byte	0x8a
 615 014e 81000000 		.4byte	0x81
 616 0152 02       		.uleb128 0x2
 617 0153 91       		.byte	0x91
 618 0154 77       		.sleb128 -9
 619 0155 00       		.byte	0
 620 0156 0A       		.uleb128 0xa
 621 0157 DD000000 		.4byte	.LASF26
 622 015b 01       		.byte	0x1
 623 015c D8       		.byte	0xd8
 624 015d 00000000 		.4byte	.LFB60
 625 0161 00010000 		.4byte	.LFE60-.LFB60
 626 0165 01       		.uleb128 0x1
 627 0166 9C       		.byte	0x9c
 628 0167 7A010000 		.4byte	0x17a
 629 016b 0B       		.uleb128 0xb
 630 016c 73010000 		.4byte	.LASF27
 631 0170 01       		.byte	0x1
 632 0171 DA       		.byte	0xda
 633 0172 81000000 		.4byte	0x81
 634 0176 02       		.uleb128 0x2
 635 0177 91       		.byte	0x91
 636 0178 77       		.sleb128 -9
 637 0179 00       		.byte	0
 638 017a 0B       		.uleb128 0xb
 639 017b 2C010000 		.4byte	.LASF28
ARM GAS  C:\Users\Rolando\AppData\Local\Temp\cctN3rlW.s 			page 17


 640 017f 01       		.byte	0x1
 641 0180 22       		.byte	0x22
 642 0181 F4000000 		.4byte	0xf4
 643 0185 05       		.uleb128 0x5
 644 0186 03       		.byte	0x3
 645 0187 00000000 		.4byte	USBUART_1_backup
 646 018b 0C       		.uleb128 0xc
 647 018c 8B010000 		.4byte	.LASF29
 648 0190 05       		.byte	0x5
 649 0191 5102     		.2byte	0x251
 650 0193 B7000000 		.4byte	0xb7
 651 0197 0C       		.uleb128 0xc
 652 0198 66010000 		.4byte	.LASF30
 653 019c 06       		.byte	0x6
 654 019d 1606     		.2byte	0x616
 655 019f A3010000 		.4byte	0x1a3
 656 01a3 05       		.uleb128 0x5
 657 01a4 76000000 		.4byte	0x76
 658 01a8 00       		.byte	0
 659              		.section	.debug_abbrev,"",%progbits
 660              	.Ldebug_abbrev0:
 661 0000 01       		.uleb128 0x1
 662 0001 11       		.uleb128 0x11
 663 0002 01       		.byte	0x1
 664 0003 25       		.uleb128 0x25
 665 0004 0E       		.uleb128 0xe
 666 0005 13       		.uleb128 0x13
 667 0006 0B       		.uleb128 0xb
 668 0007 03       		.uleb128 0x3
 669 0008 0E       		.uleb128 0xe
 670 0009 1B       		.uleb128 0x1b
 671 000a 0E       		.uleb128 0xe
 672 000b 55       		.uleb128 0x55
 673 000c 17       		.uleb128 0x17
 674 000d 11       		.uleb128 0x11
 675 000e 01       		.uleb128 0x1
 676 000f 10       		.uleb128 0x10
 677 0010 17       		.uleb128 0x17
 678 0011 00       		.byte	0
 679 0012 00       		.byte	0
 680 0013 02       		.uleb128 0x2
 681 0014 24       		.uleb128 0x24
 682 0015 00       		.byte	0
 683 0016 0B       		.uleb128 0xb
 684 0017 0B       		.uleb128 0xb
 685 0018 3E       		.uleb128 0x3e
 686 0019 0B       		.uleb128 0xb
 687 001a 03       		.uleb128 0x3
 688 001b 0E       		.uleb128 0xe
 689 001c 00       		.byte	0
 690 001d 00       		.byte	0
 691 001e 03       		.uleb128 0x3
 692 001f 16       		.uleb128 0x16
 693 0020 00       		.byte	0
 694 0021 03       		.uleb128 0x3
 695 0022 0E       		.uleb128 0xe
 696 0023 3A       		.uleb128 0x3a
ARM GAS  C:\Users\Rolando\AppData\Local\Temp\cctN3rlW.s 			page 18


 697 0024 0B       		.uleb128 0xb
 698 0025 3B       		.uleb128 0x3b
 699 0026 0B       		.uleb128 0xb
 700 0027 49       		.uleb128 0x49
 701 0028 13       		.uleb128 0x13
 702 0029 00       		.byte	0
 703 002a 00       		.byte	0
 704 002b 04       		.uleb128 0x4
 705 002c 24       		.uleb128 0x24
 706 002d 00       		.byte	0
 707 002e 0B       		.uleb128 0xb
 708 002f 0B       		.uleb128 0xb
 709 0030 3E       		.uleb128 0x3e
 710 0031 0B       		.uleb128 0xb
 711 0032 03       		.uleb128 0x3
 712 0033 08       		.uleb128 0x8
 713 0034 00       		.byte	0
 714 0035 00       		.byte	0
 715 0036 05       		.uleb128 0x5
 716 0037 35       		.uleb128 0x35
 717 0038 00       		.byte	0
 718 0039 49       		.uleb128 0x49
 719 003a 13       		.uleb128 0x13
 720 003b 00       		.byte	0
 721 003c 00       		.byte	0
 722 003d 06       		.uleb128 0x6
 723 003e 13       		.uleb128 0x13
 724 003f 01       		.byte	0x1
 725 0040 0B       		.uleb128 0xb
 726 0041 0B       		.uleb128 0xb
 727 0042 3A       		.uleb128 0x3a
 728 0043 0B       		.uleb128 0xb
 729 0044 3B       		.uleb128 0x3b
 730 0045 0B       		.uleb128 0xb
 731 0046 01       		.uleb128 0x1
 732 0047 13       		.uleb128 0x13
 733 0048 00       		.byte	0
 734 0049 00       		.byte	0
 735 004a 07       		.uleb128 0x7
 736 004b 0D       		.uleb128 0xd
 737 004c 00       		.byte	0
 738 004d 03       		.uleb128 0x3
 739 004e 0E       		.uleb128 0xe
 740 004f 3A       		.uleb128 0x3a
 741 0050 0B       		.uleb128 0xb
 742 0051 3B       		.uleb128 0x3b
 743 0052 0B       		.uleb128 0xb
 744 0053 49       		.uleb128 0x49
 745 0054 13       		.uleb128 0x13
 746 0055 38       		.uleb128 0x38
 747 0056 0B       		.uleb128 0xb
 748 0057 00       		.byte	0
 749 0058 00       		.byte	0
 750 0059 08       		.uleb128 0x8
 751 005a 2E       		.uleb128 0x2e
 752 005b 00       		.byte	0
 753 005c 3F       		.uleb128 0x3f
ARM GAS  C:\Users\Rolando\AppData\Local\Temp\cctN3rlW.s 			page 19


 754 005d 19       		.uleb128 0x19
 755 005e 03       		.uleb128 0x3
 756 005f 0E       		.uleb128 0xe
 757 0060 3A       		.uleb128 0x3a
 758 0061 0B       		.uleb128 0xb
 759 0062 3B       		.uleb128 0x3b
 760 0063 0B       		.uleb128 0xb
 761 0064 27       		.uleb128 0x27
 762 0065 19       		.uleb128 0x19
 763 0066 11       		.uleb128 0x11
 764 0067 01       		.uleb128 0x1
 765 0068 12       		.uleb128 0x12
 766 0069 06       		.uleb128 0x6
 767 006a 40       		.uleb128 0x40
 768 006b 18       		.uleb128 0x18
 769 006c 9742     		.uleb128 0x2117
 770 006e 19       		.uleb128 0x19
 771 006f 00       		.byte	0
 772 0070 00       		.byte	0
 773 0071 09       		.uleb128 0x9
 774 0072 2E       		.uleb128 0x2e
 775 0073 00       		.byte	0
 776 0074 3F       		.uleb128 0x3f
 777 0075 19       		.uleb128 0x19
 778 0076 03       		.uleb128 0x3
 779 0077 0E       		.uleb128 0xe
 780 0078 3A       		.uleb128 0x3a
 781 0079 0B       		.uleb128 0xb
 782 007a 3B       		.uleb128 0x3b
 783 007b 0B       		.uleb128 0xb
 784 007c 27       		.uleb128 0x27
 785 007d 19       		.uleb128 0x19
 786 007e 11       		.uleb128 0x11
 787 007f 01       		.uleb128 0x1
 788 0080 12       		.uleb128 0x12
 789 0081 06       		.uleb128 0x6
 790 0082 40       		.uleb128 0x40
 791 0083 18       		.uleb128 0x18
 792 0084 9642     		.uleb128 0x2116
 793 0086 19       		.uleb128 0x19
 794 0087 00       		.byte	0
 795 0088 00       		.byte	0
 796 0089 0A       		.uleb128 0xa
 797 008a 2E       		.uleb128 0x2e
 798 008b 01       		.byte	0x1
 799 008c 3F       		.uleb128 0x3f
 800 008d 19       		.uleb128 0x19
 801 008e 03       		.uleb128 0x3
 802 008f 0E       		.uleb128 0xe
 803 0090 3A       		.uleb128 0x3a
 804 0091 0B       		.uleb128 0xb
 805 0092 3B       		.uleb128 0x3b
 806 0093 0B       		.uleb128 0xb
 807 0094 27       		.uleb128 0x27
 808 0095 19       		.uleb128 0x19
 809 0096 11       		.uleb128 0x11
 810 0097 01       		.uleb128 0x1
ARM GAS  C:\Users\Rolando\AppData\Local\Temp\cctN3rlW.s 			page 20


 811 0098 12       		.uleb128 0x12
 812 0099 06       		.uleb128 0x6
 813 009a 40       		.uleb128 0x40
 814 009b 18       		.uleb128 0x18
 815 009c 9642     		.uleb128 0x2116
 816 009e 19       		.uleb128 0x19
 817 009f 01       		.uleb128 0x1
 818 00a0 13       		.uleb128 0x13
 819 00a1 00       		.byte	0
 820 00a2 00       		.byte	0
 821 00a3 0B       		.uleb128 0xb
 822 00a4 34       		.uleb128 0x34
 823 00a5 00       		.byte	0
 824 00a6 03       		.uleb128 0x3
 825 00a7 0E       		.uleb128 0xe
 826 00a8 3A       		.uleb128 0x3a
 827 00a9 0B       		.uleb128 0xb
 828 00aa 3B       		.uleb128 0x3b
 829 00ab 0B       		.uleb128 0xb
 830 00ac 49       		.uleb128 0x49
 831 00ad 13       		.uleb128 0x13
 832 00ae 02       		.uleb128 0x2
 833 00af 18       		.uleb128 0x18
 834 00b0 00       		.byte	0
 835 00b1 00       		.byte	0
 836 00b2 0C       		.uleb128 0xc
 837 00b3 34       		.uleb128 0x34
 838 00b4 00       		.byte	0
 839 00b5 03       		.uleb128 0x3
 840 00b6 0E       		.uleb128 0xe
 841 00b7 3A       		.uleb128 0x3a
 842 00b8 0B       		.uleb128 0xb
 843 00b9 3B       		.uleb128 0x3b
 844 00ba 05       		.uleb128 0x5
 845 00bb 49       		.uleb128 0x49
 846 00bc 13       		.uleb128 0x13
 847 00bd 3F       		.uleb128 0x3f
 848 00be 19       		.uleb128 0x19
 849 00bf 3C       		.uleb128 0x3c
 850 00c0 19       		.uleb128 0x19
 851 00c1 00       		.byte	0
 852 00c2 00       		.byte	0
 853 00c3 00       		.byte	0
 854              		.section	.debug_aranges,"",%progbits
 855 0000 3C000000 		.4byte	0x3c
 856 0004 0200     		.2byte	0x2
 857 0006 00000000 		.4byte	.Ldebug_info0
 858 000a 04       		.byte	0x4
 859 000b 00       		.byte	0
 860 000c 0000     		.2byte	0
 861 000e 0000     		.2byte	0
 862 0010 00000000 		.4byte	.LFB56
 863 0014 14000000 		.4byte	.LFE56-.LFB56
 864 0018 00000000 		.4byte	.LFB57
 865 001c 0C000000 		.4byte	.LFE57-.LFB57
 866 0020 00000000 		.4byte	.LFB58
 867 0024 18000000 		.4byte	.LFE58-.LFB58
ARM GAS  C:\Users\Rolando\AppData\Local\Temp\cctN3rlW.s 			page 21


 868 0028 00000000 		.4byte	.LFB59
 869 002c 2C010000 		.4byte	.LFE59-.LFB59
 870 0030 00000000 		.4byte	.LFB60
 871 0034 00010000 		.4byte	.LFE60-.LFB60
 872 0038 00000000 		.4byte	0
 873 003c 00000000 		.4byte	0
 874              		.section	.debug_ranges,"",%progbits
 875              	.Ldebug_ranges0:
 876 0000 00000000 		.4byte	.LFB56
 877 0004 14000000 		.4byte	.LFE56
 878 0008 00000000 		.4byte	.LFB57
 879 000c 0C000000 		.4byte	.LFE57
 880 0010 00000000 		.4byte	.LFB58
 881 0014 18000000 		.4byte	.LFE58
 882 0018 00000000 		.4byte	.LFB59
 883 001c 2C010000 		.4byte	.LFE59
 884 0020 00000000 		.4byte	.LFB60
 885 0024 00010000 		.4byte	.LFE60
 886 0028 00000000 		.4byte	0
 887 002c 00000000 		.4byte	0
 888              		.section	.debug_line,"",%progbits
 889              	.Ldebug_line0:
 890 0000 FF010000 		.section	.debug_str,"MS",%progbits,1
 890      02007701 
 890      00000201 
 890      FB0E0D00 
 890      01010101 
 891              	.LASF24:
 892 0000 55534255 		.ascii	"USBUART_1_RestoreConfig\000"
 892      4152545F 
 892      315F5265 
 892      73746F72 
 892      65436F6E 
 893              	.LASF17:
 894 0018 72656733 		.ascii	"reg32\000"
 894      3200
 895              	.LASF23:
 896 001e 55534255 		.ascii	"USBUART_1_SaveConfig\000"
 896      4152545F 
 896      315F5361 
 896      7665436F 
 896      6E666967 
 897              	.LASF9:
 898 0033 5F5F696E 		.ascii	"__int32_t\000"
 898      7433325F 
 898      7400
 899              	.LASF25:
 900 003d 55534255 		.ascii	"USBUART_1_Suspend\000"
 900      4152545F 
 900      315F5375 
 900      7370656E 
 900      6400
 901              	.LASF31:
 902 004f 474E5520 		.ascii	"GNU C 4.9.3 20150303 (release) [ARM/embedded-4_9-br"
 902      4320342E 
 902      392E3320 
 902      32303135 
ARM GAS  C:\Users\Rolando\AppData\Local\Temp\cctN3rlW.s 			page 22


 902      30333033 
 903 0082 616E6368 		.ascii	"anch revision 221220] -mcpu=cortex-m3 -mthumb -g -O"
 903      20726576 
 903      6973696F 
 903      6E203232 
 903      31323230 
 904 00b5 30202D66 		.ascii	"0 -ffunction-sections -ffat-lto-objects\000"
 904      66756E63 
 904      74696F6E 
 904      2D736563 
 904      74696F6E 
 905              	.LASF26:
 906 00dd 55534255 		.ascii	"USBUART_1_Resume\000"
 906      4152545F 
 906      315F5265 
 906      73756D65 
 906      00
 907              	.LASF13:
 908 00ee 666C6F61 		.ascii	"float\000"
 908      7400
 909              	.LASF1:
 910 00f4 756E7369 		.ascii	"unsigned char\000"
 910      676E6564 
 910      20636861 
 910      7200
 911              	.LASF16:
 912 0102 72656738 		.ascii	"reg8\000"
 912      00
 913              	.LASF5:
 914 0107 6C6F6E67 		.ascii	"long unsigned int\000"
 914      20756E73 
 914      69676E65 
 914      6420696E 
 914      7400
 915              	.LASF3:
 916 0119 73686F72 		.ascii	"short unsigned int\000"
 916      7420756E 
 916      7369676E 
 916      65642069 
 916      6E7400
 917              	.LASF28:
 918 012c 55534255 		.ascii	"USBUART_1_backup\000"
 918      4152545F 
 918      315F6261 
 918      636B7570 
 918      00
 919              	.LASF33:
 920 013d 473A5C44 		.ascii	"G:\\Documentos\\PSoC Creator\\CE95358.cydsn\000"
 920      6F63756D 
 920      656E746F 
 920      735C5053 
 920      6F432043 
 921              	.LASF30:
 922 0166 49544D5F 		.ascii	"ITM_RxBuffer\000"
 922      52784275 
 922      66666572 
 922      00
ARM GAS  C:\Users\Rolando\AppData\Local\Temp\cctN3rlW.s 			page 23


 923              	.LASF27:
 924 0173 656E6162 		.ascii	"enableInterrupts\000"
 924      6C65496E 
 924      74657272 
 924      75707473 
 924      00
 925              	.LASF14:
 926 0184 646F7562 		.ascii	"double\000"
 926      6C6500
 927              	.LASF29:
 928 018b 55534255 		.ascii	"USBUART_1_configuration\000"
 928      4152545F 
 928      315F636F 
 928      6E666967 
 928      75726174 
 929              	.LASF12:
 930 01a3 75696E74 		.ascii	"uint32\000"
 930      333200
 931              	.LASF8:
 932 01aa 756E7369 		.ascii	"unsigned int\000"
 932      676E6564 
 932      20696E74 
 932      00
 933              	.LASF7:
 934 01b7 6C6F6E67 		.ascii	"long long unsigned int\000"
 934      206C6F6E 
 934      6720756E 
 934      7369676E 
 934      65642069 
 935              	.LASF20:
 936 01ce 6D6F6465 		.ascii	"mode\000"
 936      00
 937              	.LASF10:
 938 01d3 696E7433 		.ascii	"int32_t\000"
 938      325F7400 
 939              	.LASF18:
 940 01db 73697A65 		.ascii	"sizetype\000"
 940      74797065 
 940      00
 941              	.LASF6:
 942 01e4 6C6F6E67 		.ascii	"long long int\000"
 942      206C6F6E 
 942      6720696E 
 942      7400
 943              	.LASF15:
 944 01f2 63686172 		.ascii	"char\000"
 944      00
 945              	.LASF2:
 946 01f7 73686F72 		.ascii	"short int\000"
 946      7420696E 
 946      7400
 947              	.LASF11:
 948 0201 75696E74 		.ascii	"uint8\000"
 948      3800
 949              	.LASF21:
 950 0207 55534255 		.ascii	"USBUART_1_BACKUP_STRUCT\000"
 950      4152545F 
ARM GAS  C:\Users\Rolando\AppData\Local\Temp\cctN3rlW.s 			page 24


 950      315F4241 
 950      434B5550 
 950      5F535452 
 951              	.LASF4:
 952 021f 6C6F6E67 		.ascii	"long int\000"
 952      20696E74 
 952      00
 953              	.LASF19:
 954 0228 656E6162 		.ascii	"enableState\000"
 954      6C655374 
 954      61746500 
 955              	.LASF0:
 956 0234 7369676E 		.ascii	"signed char\000"
 956      65642063 
 956      68617200 
 957              	.LASF22:
 958 0240 55534255 		.ascii	"USBUART_1_DP_ISR\000"
 958      4152545F 
 958      315F4450 
 958      5F495352 
 958      00
 959              	.LASF32:
 960 0251 2E5C4765 		.ascii	".\\Generated_Source\\PSoC5\\USBUART_1_pm.c\000"
 960      6E657261 
 960      7465645F 
 960      536F7572 
 960      63655C50 
 961              		.ident	"GCC: (GNU Tools for ARM Embedded Processors) 4.9.3 20150303 (release) [ARM/embedded-4_9-br
