ARM GAS  C:\Users\Rolando\AppData\Local\Temp\ccyd1M4U.s 			page 1


   1              		.syntax unified
   2              		.cpu cortex-m3
   3              		.fpu softvfp
   4              		.eabi_attribute 20, 1
   5              		.eabi_attribute 21, 1
   6              		.eabi_attribute 23, 3
   7              		.eabi_attribute 24, 1
   8              		.eabi_attribute 25, 1
   9              		.eabi_attribute 26, 1
  10              		.eabi_attribute 30, 6
  11              		.eabi_attribute 34, 1
  12              		.eabi_attribute 18, 4
  13              		.thumb
  14              		.file	"USBFS_1_vnd.c"
  15              		.text
  16              	.Ltext0:
  17              		.cfi_sections	.debug_frame
  18              		.section	.text.USBFS_1_HandleVendorRqst,"ax",%progbits
  19              		.align	2
  20              		.global	USBFS_1_HandleVendorRqst
  21              		.thumb
  22              		.thumb_func
  23              		.type	USBFS_1_HandleVendorRqst, %function
  24              	USBFS_1_HandleVendorRqst:
  25              	.LFB0:
  26              		.file 1 ".\\Generated_Source\\PSoC5\\USBFS_1_vnd.c"
   1:.\Generated_Source\PSoC5/USBFS_1_vnd.c **** /***************************************************************************//**
   2:.\Generated_Source\PSoC5/USBFS_1_vnd.c **** * \file USBFS_1_vnd.c
   3:.\Generated_Source\PSoC5/USBFS_1_vnd.c **** * \version 3.0
   4:.\Generated_Source\PSoC5/USBFS_1_vnd.c **** *
   5:.\Generated_Source\PSoC5/USBFS_1_vnd.c **** * \brief
   6:.\Generated_Source\PSoC5/USBFS_1_vnd.c **** *  This file contains the  USB vendor request handler.
   7:.\Generated_Source\PSoC5/USBFS_1_vnd.c **** *
   8:.\Generated_Source\PSoC5/USBFS_1_vnd.c **** ********************************************************************************
   9:.\Generated_Source\PSoC5/USBFS_1_vnd.c **** * \copyright
  10:.\Generated_Source\PSoC5/USBFS_1_vnd.c **** * Copyright 2008-2015, Cypress Semiconductor Corporation.  All rights reserved.
  11:.\Generated_Source\PSoC5/USBFS_1_vnd.c **** * You may use this file only in accordance with the license, terms, conditions,
  12:.\Generated_Source\PSoC5/USBFS_1_vnd.c **** * disclaimers, and limitations in the end user license agreement accompanying
  13:.\Generated_Source\PSoC5/USBFS_1_vnd.c **** * the software package with which this file was provided.
  14:.\Generated_Source\PSoC5/USBFS_1_vnd.c **** *******************************************************************************/
  15:.\Generated_Source\PSoC5/USBFS_1_vnd.c **** 
  16:.\Generated_Source\PSoC5/USBFS_1_vnd.c **** #include "USBFS_1_pvt.h"
  17:.\Generated_Source\PSoC5/USBFS_1_vnd.c **** 
  18:.\Generated_Source\PSoC5/USBFS_1_vnd.c **** 
  19:.\Generated_Source\PSoC5/USBFS_1_vnd.c **** #if(USBFS_1_EXTERN_VND == USBFS_1_FALSE)
  20:.\Generated_Source\PSoC5/USBFS_1_vnd.c **** 
  21:.\Generated_Source\PSoC5/USBFS_1_vnd.c **** /***************************************
  22:.\Generated_Source\PSoC5/USBFS_1_vnd.c **** * Vendor Specific Declarations
  23:.\Generated_Source\PSoC5/USBFS_1_vnd.c **** ***************************************/
  24:.\Generated_Source\PSoC5/USBFS_1_vnd.c **** 
  25:.\Generated_Source\PSoC5/USBFS_1_vnd.c **** /* `#START VENDOR_SPECIFIC_DECLARATIONS` Place your declaration here */
  26:.\Generated_Source\PSoC5/USBFS_1_vnd.c **** 
  27:.\Generated_Source\PSoC5/USBFS_1_vnd.c **** /* `#END` */
  28:.\Generated_Source\PSoC5/USBFS_1_vnd.c **** 
  29:.\Generated_Source\PSoC5/USBFS_1_vnd.c **** 
  30:.\Generated_Source\PSoC5/USBFS_1_vnd.c **** /*******************************************************************************
  31:.\Generated_Source\PSoC5/USBFS_1_vnd.c **** * Function Name: USBFS_1_HandleVendorRqst
ARM GAS  C:\Users\Rolando\AppData\Local\Temp\ccyd1M4U.s 			page 2


  32:.\Generated_Source\PSoC5/USBFS_1_vnd.c **** ****************************************************************************//**
  33:.\Generated_Source\PSoC5/USBFS_1_vnd.c **** *
  34:.\Generated_Source\PSoC5/USBFS_1_vnd.c **** *  This routine provide users with a method to implement vendor specific
  35:.\Generated_Source\PSoC5/USBFS_1_vnd.c **** *  requests.
  36:.\Generated_Source\PSoC5/USBFS_1_vnd.c **** *
  37:.\Generated_Source\PSoC5/USBFS_1_vnd.c **** *  To implement vendor specific requests, add your code in this function to
  38:.\Generated_Source\PSoC5/USBFS_1_vnd.c **** *  decode and disposition the request.  If the request is handled, your code
  39:.\Generated_Source\PSoC5/USBFS_1_vnd.c **** *  must set the variable "requestHandled" to TRUE, indicating that the
  40:.\Generated_Source\PSoC5/USBFS_1_vnd.c **** *  request has been handled.
  41:.\Generated_Source\PSoC5/USBFS_1_vnd.c **** *
  42:.\Generated_Source\PSoC5/USBFS_1_vnd.c **** * \return
  43:.\Generated_Source\PSoC5/USBFS_1_vnd.c **** *  requestHandled.
  44:.\Generated_Source\PSoC5/USBFS_1_vnd.c **** *
  45:.\Generated_Source\PSoC5/USBFS_1_vnd.c **** * \reentrant
  46:.\Generated_Source\PSoC5/USBFS_1_vnd.c **** *  No.
  47:.\Generated_Source\PSoC5/USBFS_1_vnd.c **** *
  48:.\Generated_Source\PSoC5/USBFS_1_vnd.c **** *******************************************************************************/
  49:.\Generated_Source\PSoC5/USBFS_1_vnd.c **** uint8 USBFS_1_HandleVendorRqst(void) 
  50:.\Generated_Source\PSoC5/USBFS_1_vnd.c **** {
  27              		.loc 1 50 0
  28              		.cfi_startproc
  29              		@ args = 0, pretend = 0, frame = 8
  30              		@ frame_needed = 1, uses_anonymous_args = 0
  31              		@ link register save eliminated.
  32 0000 80B4     		push	{r7}
  33              		.cfi_def_cfa_offset 4
  34              		.cfi_offset 7, -4
  35 0002 83B0     		sub	sp, sp, #12
  36              		.cfi_def_cfa_offset 16
  37 0004 00AF     		add	r7, sp, #0
  38              		.cfi_def_cfa_register 7
  51:.\Generated_Source\PSoC5/USBFS_1_vnd.c ****     uint8 requestHandled = USBFS_1_FALSE;
  39              		.loc 1 51 0
  40 0006 0023     		movs	r3, #0
  41 0008 FB71     		strb	r3, [r7, #7]
  52:.\Generated_Source\PSoC5/USBFS_1_vnd.c **** 
  53:.\Generated_Source\PSoC5/USBFS_1_vnd.c ****     /* Check request direction: D2H or H2D. */
  54:.\Generated_Source\PSoC5/USBFS_1_vnd.c ****     if (0u != (USBFS_1_bmRequestTypeReg & USBFS_1_RQST_DIR_D2H))
  42              		.loc 1 54 0
  43 000a 0A4B     		ldr	r3, .L7
  44 000c 1B78     		ldrb	r3, [r3]
  45 000e DBB2     		uxtb	r3, r3
  46 0010 DBB2     		uxtb	r3, r3
  47 0012 5BB2     		sxtb	r3, r3
  48 0014 002B     		cmp	r3, #0
  49 0016 06DA     		bge	.L2
  55:.\Generated_Source\PSoC5/USBFS_1_vnd.c ****     {
  56:.\Generated_Source\PSoC5/USBFS_1_vnd.c ****         /* Handle direction from device to host. */
  57:.\Generated_Source\PSoC5/USBFS_1_vnd.c ****         
  58:.\Generated_Source\PSoC5/USBFS_1_vnd.c ****         switch (USBFS_1_bRequestReg)
  50              		.loc 1 58 0
  51 0018 064B     		ldr	r3, .L7
  52 001a 5B78     		ldrb	r3, [r3, #1]
  53 001c DBB2     		uxtb	r3, r3
  54 001e 012B     		cmp	r3, #1
  55 0020 00D0     		beq	.L6
  59:.\Generated_Source\PSoC5/USBFS_1_vnd.c ****         {
ARM GAS  C:\Users\Rolando\AppData\Local\Temp\ccyd1M4U.s 			page 3


  60:.\Generated_Source\PSoC5/USBFS_1_vnd.c ****             case USBFS_1_GET_EXTENDED_CONFIG_DESCRIPTOR:
  61:.\Generated_Source\PSoC5/USBFS_1_vnd.c ****             #if defined(USBFS_1_ENABLE_MSOS_STRING)
  62:.\Generated_Source\PSoC5/USBFS_1_vnd.c ****                 USBFS_1_currentTD.pData = (volatile uint8 *) &USBFS_1_MSOS_CONFIGURATION_DESCR[0u];
  63:.\Generated_Source\PSoC5/USBFS_1_vnd.c ****                 USBFS_1_currentTD.count = USBFS_1_MSOS_CONFIGURATION_DESCR[0u];
  64:.\Generated_Source\PSoC5/USBFS_1_vnd.c ****                 requestHandled  = USBFS_1_InitControlRead();
  65:.\Generated_Source\PSoC5/USBFS_1_vnd.c ****             #endif /* (USBFS_1_ENABLE_MSOS_STRING) */
  66:.\Generated_Source\PSoC5/USBFS_1_vnd.c ****                 break;
  67:.\Generated_Source\PSoC5/USBFS_1_vnd.c ****             
  68:.\Generated_Source\PSoC5/USBFS_1_vnd.c ****             default:
  69:.\Generated_Source\PSoC5/USBFS_1_vnd.c ****                 break;
  56              		.loc 1 69 0
  57 0022 00E0     		b	.L2
  58              	.L6:
  66:.\Generated_Source\PSoC5/USBFS_1_vnd.c ****             
  59              		.loc 1 66 0
  60 0024 00BF     		nop
  61              	.L2:
  70:.\Generated_Source\PSoC5/USBFS_1_vnd.c ****         }
  71:.\Generated_Source\PSoC5/USBFS_1_vnd.c ****     }
  72:.\Generated_Source\PSoC5/USBFS_1_vnd.c **** 
  73:.\Generated_Source\PSoC5/USBFS_1_vnd.c ****     /* `#START VENDOR_SPECIFIC_CODE` Place your vendor specific request here */
  74:.\Generated_Source\PSoC5/USBFS_1_vnd.c **** 
  75:.\Generated_Source\PSoC5/USBFS_1_vnd.c ****     /* `#END` */
  76:.\Generated_Source\PSoC5/USBFS_1_vnd.c **** 
  77:.\Generated_Source\PSoC5/USBFS_1_vnd.c **** #ifdef USBFS_1_HANDLE_VENDOR_RQST_CALLBACK
  78:.\Generated_Source\PSoC5/USBFS_1_vnd.c ****     if (USBFS_1_FALSE == requestHandled)
  79:.\Generated_Source\PSoC5/USBFS_1_vnd.c ****     {
  80:.\Generated_Source\PSoC5/USBFS_1_vnd.c ****         requestHandled = USBFS_1_HandleVendorRqst_Callback();
  81:.\Generated_Source\PSoC5/USBFS_1_vnd.c ****     }
  82:.\Generated_Source\PSoC5/USBFS_1_vnd.c **** #endif /* (USBFS_1_HANDLE_VENDOR_RQST_CALLBACK) */
  83:.\Generated_Source\PSoC5/USBFS_1_vnd.c **** 
  84:.\Generated_Source\PSoC5/USBFS_1_vnd.c ****     return (requestHandled);
  62              		.loc 1 84 0
  63 0026 FB79     		ldrb	r3, [r7, #7]	@ zero_extendqisi2
  85:.\Generated_Source\PSoC5/USBFS_1_vnd.c **** }
  64              		.loc 1 85 0
  65 0028 1846     		mov	r0, r3
  66 002a 0C37     		adds	r7, r7, #12
  67              		.cfi_def_cfa_offset 4
  68 002c BD46     		mov	sp, r7
  69              		.cfi_def_cfa_register 13
  70              		@ sp needed
  71 002e 5DF8047B 		ldr	r7, [sp], #4
  72              		.cfi_restore 7
  73              		.cfi_def_cfa_offset 0
  74 0032 7047     		bx	lr
  75              	.L8:
  76              		.align	2
  77              	.L7:
  78 0034 00600040 		.word	1073766400
  79              		.cfi_endproc
  80              	.LFE0:
  81              		.size	USBFS_1_HandleVendorRqst, .-USBFS_1_HandleVendorRqst
  82              		.text
  83              	.Letext0:
  84              		.file 2 ".\\Generated_Source\\PSoC5\\cytypes.h"
  85              		.file 3 ".\\Generated_Source\\PSoC5\\USBFS_1.h"
ARM GAS  C:\Users\Rolando\AppData\Local\Temp\ccyd1M4U.s 			page 4


  86              		.section	.debug_info,"",%progbits
  87              	.Ldebug_info0:
  88 0000 E3000000 		.4byte	0xe3
  89 0004 0400     		.2byte	0x4
  90 0006 00000000 		.4byte	.Ldebug_abbrev0
  91 000a 04       		.byte	0x4
  92 000b 01       		.uleb128 0x1
  93 000c A6000000 		.4byte	.LASF15
  94 0010 01       		.byte	0x1
  95 0011 5A010000 		.4byte	.LASF16
  96 0015 A1010000 		.4byte	.LASF17
  97 0019 00000000 		.4byte	.Ldebug_ranges0+0
  98 001d 00000000 		.4byte	0
  99 0021 00000000 		.4byte	.Ldebug_line0
 100 0025 02       		.uleb128 0x2
 101 0026 01       		.byte	0x1
 102 0027 06       		.byte	0x6
 103 0028 4E010000 		.4byte	.LASF0
 104 002c 02       		.uleb128 0x2
 105 002d 01       		.byte	0x1
 106 002e 08       		.byte	0x8
 107 002f 77000000 		.4byte	.LASF1
 108 0033 02       		.uleb128 0x2
 109 0034 02       		.byte	0x2
 110 0035 05       		.byte	0x5
 111 0036 8A010000 		.4byte	.LASF2
 112 003a 02       		.uleb128 0x2
 113 003b 02       		.byte	0x2
 114 003c 07       		.byte	0x7
 115 003d 3B010000 		.4byte	.LASF3
 116 0041 02       		.uleb128 0x2
 117 0042 04       		.byte	0x4
 118 0043 05       		.byte	0x5
 119 0044 9D000000 		.4byte	.LASF4
 120 0048 02       		.uleb128 0x2
 121 0049 04       		.byte	0x4
 122 004a 07       		.byte	0x7
 123 004b 34000000 		.4byte	.LASF5
 124 004f 02       		.uleb128 0x2
 125 0050 08       		.byte	0x8
 126 0051 05       		.byte	0x5
 127 0052 00000000 		.4byte	.LASF6
 128 0056 02       		.uleb128 0x2
 129 0057 08       		.byte	0x8
 130 0058 07       		.byte	0x7
 131 0059 55000000 		.4byte	.LASF7
 132 005d 03       		.uleb128 0x3
 133 005e 04       		.byte	0x4
 134 005f 05       		.byte	0x5
 135 0060 696E7400 		.ascii	"int\000"
 136 0064 02       		.uleb128 0x2
 137 0065 04       		.byte	0x4
 138 0066 07       		.byte	0x7
 139 0067 94010000 		.4byte	.LASF8
 140 006b 04       		.uleb128 0x4
 141 006c 2E000000 		.4byte	.LASF13
 142 0070 02       		.byte	0x2
ARM GAS  C:\Users\Rolando\AppData\Local\Temp\ccyd1M4U.s 			page 5


 143 0071 5B       		.byte	0x5b
 144 0072 2C000000 		.4byte	0x2c
 145 0076 02       		.uleb128 0x2
 146 0077 04       		.byte	0x4
 147 0078 04       		.byte	0x4
 148 0079 6C000000 		.4byte	.LASF9
 149 007d 02       		.uleb128 0x2
 150 007e 08       		.byte	0x8
 151 007f 04       		.byte	0x4
 152 0080 34010000 		.4byte	.LASF10
 153 0084 02       		.uleb128 0x2
 154 0085 01       		.byte	0x1
 155 0086 08       		.byte	0x8
 156 0087 72000000 		.4byte	.LASF11
 157 008b 02       		.uleb128 0x2
 158 008c 04       		.byte	0x4
 159 008d 07       		.byte	0x7
 160 008e 81010000 		.4byte	.LASF12
 161 0092 05       		.uleb128 0x5
 162 0093 08       		.byte	0x8
 163 0094 03       		.byte	0x3
 164 0095 C0       		.byte	0xc0
 165 0096 A7000000 		.4byte	0xa7
 166 009a 06       		.uleb128 0x6
 167 009b 0E000000 		.4byte	.LASF18
 168 009f 03       		.byte	0x3
 169 00a0 C2       		.byte	0xc2
 170 00a1 A7000000 		.4byte	0xa7
 171 00a5 00       		.byte	0
 172 00a6 00       		.byte	0
 173 00a7 07       		.uleb128 0x7
 174 00a8 6B000000 		.4byte	0x6b
 175 00ac B7000000 		.4byte	0xb7
 176 00b0 08       		.uleb128 0x8
 177 00b1 8B000000 		.4byte	0x8b
 178 00b5 07       		.byte	0x7
 179 00b6 00       		.byte	0
 180 00b7 04       		.uleb128 0x4
 181 00b8 85000000 		.4byte	.LASF14
 182 00bc 03       		.byte	0x3
 183 00bd C3       		.byte	0xc3
 184 00be 92000000 		.4byte	0x92
 185 00c2 09       		.uleb128 0x9
 186 00c3 15000000 		.4byte	.LASF19
 187 00c7 01       		.byte	0x1
 188 00c8 31       		.byte	0x31
 189 00c9 6B000000 		.4byte	0x6b
 190 00cd 00000000 		.4byte	.LFB0
 191 00d1 38000000 		.4byte	.LFE0-.LFB0
 192 00d5 01       		.uleb128 0x1
 193 00d6 9C       		.byte	0x9c
 194 00d7 0A       		.uleb128 0xa
 195 00d8 46000000 		.4byte	.LASF20
 196 00dc 01       		.byte	0x1
 197 00dd 33       		.byte	0x33
 198 00de 6B000000 		.4byte	0x6b
 199 00e2 02       		.uleb128 0x2
ARM GAS  C:\Users\Rolando\AppData\Local\Temp\ccyd1M4U.s 			page 6


 200 00e3 91       		.byte	0x91
 201 00e4 77       		.sleb128 -9
 202 00e5 00       		.byte	0
 203 00e6 00       		.byte	0
 204              		.section	.debug_abbrev,"",%progbits
 205              	.Ldebug_abbrev0:
 206 0000 01       		.uleb128 0x1
 207 0001 11       		.uleb128 0x11
 208 0002 01       		.byte	0x1
 209 0003 25       		.uleb128 0x25
 210 0004 0E       		.uleb128 0xe
 211 0005 13       		.uleb128 0x13
 212 0006 0B       		.uleb128 0xb
 213 0007 03       		.uleb128 0x3
 214 0008 0E       		.uleb128 0xe
 215 0009 1B       		.uleb128 0x1b
 216 000a 0E       		.uleb128 0xe
 217 000b 55       		.uleb128 0x55
 218 000c 17       		.uleb128 0x17
 219 000d 11       		.uleb128 0x11
 220 000e 01       		.uleb128 0x1
 221 000f 10       		.uleb128 0x10
 222 0010 17       		.uleb128 0x17
 223 0011 00       		.byte	0
 224 0012 00       		.byte	0
 225 0013 02       		.uleb128 0x2
 226 0014 24       		.uleb128 0x24
 227 0015 00       		.byte	0
 228 0016 0B       		.uleb128 0xb
 229 0017 0B       		.uleb128 0xb
 230 0018 3E       		.uleb128 0x3e
 231 0019 0B       		.uleb128 0xb
 232 001a 03       		.uleb128 0x3
 233 001b 0E       		.uleb128 0xe
 234 001c 00       		.byte	0
 235 001d 00       		.byte	0
 236 001e 03       		.uleb128 0x3
 237 001f 24       		.uleb128 0x24
 238 0020 00       		.byte	0
 239 0021 0B       		.uleb128 0xb
 240 0022 0B       		.uleb128 0xb
 241 0023 3E       		.uleb128 0x3e
 242 0024 0B       		.uleb128 0xb
 243 0025 03       		.uleb128 0x3
 244 0026 08       		.uleb128 0x8
 245 0027 00       		.byte	0
 246 0028 00       		.byte	0
 247 0029 04       		.uleb128 0x4
 248 002a 16       		.uleb128 0x16
 249 002b 00       		.byte	0
 250 002c 03       		.uleb128 0x3
 251 002d 0E       		.uleb128 0xe
 252 002e 3A       		.uleb128 0x3a
 253 002f 0B       		.uleb128 0xb
 254 0030 3B       		.uleb128 0x3b
 255 0031 0B       		.uleb128 0xb
 256 0032 49       		.uleb128 0x49
ARM GAS  C:\Users\Rolando\AppData\Local\Temp\ccyd1M4U.s 			page 7


 257 0033 13       		.uleb128 0x13
 258 0034 00       		.byte	0
 259 0035 00       		.byte	0
 260 0036 05       		.uleb128 0x5
 261 0037 13       		.uleb128 0x13
 262 0038 01       		.byte	0x1
 263 0039 0B       		.uleb128 0xb
 264 003a 0B       		.uleb128 0xb
 265 003b 3A       		.uleb128 0x3a
 266 003c 0B       		.uleb128 0xb
 267 003d 3B       		.uleb128 0x3b
 268 003e 0B       		.uleb128 0xb
 269 003f 01       		.uleb128 0x1
 270 0040 13       		.uleb128 0x13
 271 0041 00       		.byte	0
 272 0042 00       		.byte	0
 273 0043 06       		.uleb128 0x6
 274 0044 0D       		.uleb128 0xd
 275 0045 00       		.byte	0
 276 0046 03       		.uleb128 0x3
 277 0047 0E       		.uleb128 0xe
 278 0048 3A       		.uleb128 0x3a
 279 0049 0B       		.uleb128 0xb
 280 004a 3B       		.uleb128 0x3b
 281 004b 0B       		.uleb128 0xb
 282 004c 49       		.uleb128 0x49
 283 004d 13       		.uleb128 0x13
 284 004e 38       		.uleb128 0x38
 285 004f 0B       		.uleb128 0xb
 286 0050 00       		.byte	0
 287 0051 00       		.byte	0
 288 0052 07       		.uleb128 0x7
 289 0053 01       		.uleb128 0x1
 290 0054 01       		.byte	0x1
 291 0055 49       		.uleb128 0x49
 292 0056 13       		.uleb128 0x13
 293 0057 01       		.uleb128 0x1
 294 0058 13       		.uleb128 0x13
 295 0059 00       		.byte	0
 296 005a 00       		.byte	0
 297 005b 08       		.uleb128 0x8
 298 005c 21       		.uleb128 0x21
 299 005d 00       		.byte	0
 300 005e 49       		.uleb128 0x49
 301 005f 13       		.uleb128 0x13
 302 0060 2F       		.uleb128 0x2f
 303 0061 0B       		.uleb128 0xb
 304 0062 00       		.byte	0
 305 0063 00       		.byte	0
 306 0064 09       		.uleb128 0x9
 307 0065 2E       		.uleb128 0x2e
 308 0066 01       		.byte	0x1
 309 0067 3F       		.uleb128 0x3f
 310 0068 19       		.uleb128 0x19
 311 0069 03       		.uleb128 0x3
 312 006a 0E       		.uleb128 0xe
 313 006b 3A       		.uleb128 0x3a
ARM GAS  C:\Users\Rolando\AppData\Local\Temp\ccyd1M4U.s 			page 8


 314 006c 0B       		.uleb128 0xb
 315 006d 3B       		.uleb128 0x3b
 316 006e 0B       		.uleb128 0xb
 317 006f 27       		.uleb128 0x27
 318 0070 19       		.uleb128 0x19
 319 0071 49       		.uleb128 0x49
 320 0072 13       		.uleb128 0x13
 321 0073 11       		.uleb128 0x11
 322 0074 01       		.uleb128 0x1
 323 0075 12       		.uleb128 0x12
 324 0076 06       		.uleb128 0x6
 325 0077 40       		.uleb128 0x40
 326 0078 18       		.uleb128 0x18
 327 0079 9742     		.uleb128 0x2117
 328 007b 19       		.uleb128 0x19
 329 007c 00       		.byte	0
 330 007d 00       		.byte	0
 331 007e 0A       		.uleb128 0xa
 332 007f 34       		.uleb128 0x34
 333 0080 00       		.byte	0
 334 0081 03       		.uleb128 0x3
 335 0082 0E       		.uleb128 0xe
 336 0083 3A       		.uleb128 0x3a
 337 0084 0B       		.uleb128 0xb
 338 0085 3B       		.uleb128 0x3b
 339 0086 0B       		.uleb128 0xb
 340 0087 49       		.uleb128 0x49
 341 0088 13       		.uleb128 0x13
 342 0089 02       		.uleb128 0x2
 343 008a 18       		.uleb128 0x18
 344 008b 00       		.byte	0
 345 008c 00       		.byte	0
 346 008d 00       		.byte	0
 347              		.section	.debug_aranges,"",%progbits
 348 0000 1C000000 		.4byte	0x1c
 349 0004 0200     		.2byte	0x2
 350 0006 00000000 		.4byte	.Ldebug_info0
 351 000a 04       		.byte	0x4
 352 000b 00       		.byte	0
 353 000c 0000     		.2byte	0
 354 000e 0000     		.2byte	0
 355 0010 00000000 		.4byte	.LFB0
 356 0014 38000000 		.4byte	.LFE0-.LFB0
 357 0018 00000000 		.4byte	0
 358 001c 00000000 		.4byte	0
 359              		.section	.debug_ranges,"",%progbits
 360              	.Ldebug_ranges0:
 361 0000 00000000 		.4byte	.LFB0
 362 0004 38000000 		.4byte	.LFE0
 363 0008 00000000 		.4byte	0
 364 000c 00000000 		.4byte	0
 365              		.section	.debug_line,"",%progbits
 366              	.Ldebug_line0:
 367 0000 77000000 		.section	.debug_str,"MS",%progbits,1
 367      02005700 
 367      00000201 
 367      FB0E0D00 
ARM GAS  C:\Users\Rolando\AppData\Local\Temp\ccyd1M4U.s 			page 9


 367      01010101 
 368              	.LASF6:
 369 0000 6C6F6E67 		.ascii	"long long int\000"
 369      206C6F6E 
 369      6720696E 
 369      7400
 370              	.LASF18:
 371 000e 65704461 		.ascii	"epData\000"
 371      746100
 372              	.LASF19:
 373 0015 55534246 		.ascii	"USBFS_1_HandleVendorRqst\000"
 373      535F315F 
 373      48616E64 
 373      6C655665 
 373      6E646F72 
 374              	.LASF13:
 375 002e 75696E74 		.ascii	"uint8\000"
 375      3800
 376              	.LASF5:
 377 0034 6C6F6E67 		.ascii	"long unsigned int\000"
 377      20756E73 
 377      69676E65 
 377      6420696E 
 377      7400
 378              	.LASF20:
 379 0046 72657175 		.ascii	"requestHandled\000"
 379      65737448 
 379      616E646C 
 379      656400
 380              	.LASF7:
 381 0055 6C6F6E67 		.ascii	"long long unsigned int\000"
 381      206C6F6E 
 381      6720756E 
 381      7369676E 
 381      65642069 
 382              	.LASF9:
 383 006c 666C6F61 		.ascii	"float\000"
 383      7400
 384              	.LASF11:
 385 0072 63686172 		.ascii	"char\000"
 385      00
 386              	.LASF1:
 387 0077 756E7369 		.ascii	"unsigned char\000"
 387      676E6564 
 387      20636861 
 387      7200
 388              	.LASF14:
 389 0085 55534246 		.ascii	"USBFS_1_ep0_data_struct\000"
 389      535F315F 
 389      6570305F 
 389      64617461 
 389      5F737472 
 390              	.LASF4:
 391 009d 6C6F6E67 		.ascii	"long int\000"
 391      20696E74 
 391      00
 392              	.LASF15:
ARM GAS  C:\Users\Rolando\AppData\Local\Temp\ccyd1M4U.s 			page 10


 393 00a6 474E5520 		.ascii	"GNU C 4.9.3 20150303 (release) [ARM/embedded-4_9-br"
 393      4320342E 
 393      392E3320 
 393      32303135 
 393      30333033 
 394 00d9 616E6368 		.ascii	"anch revision 221220] -mcpu=cortex-m3 -mthumb -g -O"
 394      20726576 
 394      6973696F 
 394      6E203232 
 394      31323230 
 395 010c 30202D66 		.ascii	"0 -ffunction-sections -ffat-lto-objects\000"
 395      66756E63 
 395      74696F6E 
 395      2D736563 
 395      74696F6E 
 396              	.LASF10:
 397 0134 646F7562 		.ascii	"double\000"
 397      6C6500
 398              	.LASF3:
 399 013b 73686F72 		.ascii	"short unsigned int\000"
 399      7420756E 
 399      7369676E 
 399      65642069 
 399      6E7400
 400              	.LASF0:
 401 014e 7369676E 		.ascii	"signed char\000"
 401      65642063 
 401      68617200 
 402              	.LASF16:
 403 015a 2E5C4765 		.ascii	".\\Generated_Source\\PSoC5\\USBFS_1_vnd.c\000"
 403      6E657261 
 403      7465645F 
 403      536F7572 
 403      63655C50 
 404              	.LASF12:
 405 0181 73697A65 		.ascii	"sizetype\000"
 405      74797065 
 405      00
 406              	.LASF2:
 407 018a 73686F72 		.ascii	"short int\000"
 407      7420696E 
 407      7400
 408              	.LASF8:
 409 0194 756E7369 		.ascii	"unsigned int\000"
 409      676E6564 
 409      20696E74 
 409      00
 410              	.LASF17:
 411 01a1 473A5C44 		.ascii	"G:\\Documentos\\PSoC Creator\\VoltageDisplay_DelSig"
 411      6F63756D 
 411      656E746F 
 411      735C5053 
 411      6F432043 
 412 01d1 4144435C 		.ascii	"ADC\\VoltageDisplay_DelSigADC.cydsn\000"
 412      566F6C74 
 412      61676544 
 412      6973706C 
ARM GAS  C:\Users\Rolando\AppData\Local\Temp\ccyd1M4U.s 			page 11


 412      61795F44 
 413              		.ident	"GCC: (GNU Tools for ARM Embedded Processors) 4.9.3 20150303 (release) [ARM/embedded-4_9-br
