ARM GAS  C:\Users\Rolando\AppData\Local\Temp\ccGuorDb.s 			page 1


   1              		.syntax unified
   2              		.cpu cortex-m3
   3              		.fpu softvfp
   4              		.eabi_attribute 20, 1
   5              		.eabi_attribute 21, 1
   6              		.eabi_attribute 23, 3
   7              		.eabi_attribute 24, 1
   8              		.eabi_attribute 25, 1
   9              		.eabi_attribute 26, 1
  10              		.eabi_attribute 30, 6
  11              		.eabi_attribute 34, 1
  12              		.eabi_attribute 18, 4
  13              		.thumb
  14              		.file	"USBFS_1_cls.c"
  15              		.text
  16              	.Ltext0:
  17              		.cfi_sections	.debug_frame
  18              		.section	.text.USBFS_1_DispatchClassRqst,"ax",%progbits
  19              		.align	2
  20              		.global	USBFS_1_DispatchClassRqst
  21              		.thumb
  22              		.thumb_func
  23              		.type	USBFS_1_DispatchClassRqst, %function
  24              	USBFS_1_DispatchClassRqst:
  25              	.LFB0:
  26              		.file 1 ".\\Generated_Source\\PSoC5\\USBFS_1_cls.c"
   1:.\Generated_Source\PSoC5/USBFS_1_cls.c **** /***************************************************************************//**
   2:.\Generated_Source\PSoC5/USBFS_1_cls.c **** * \file USBFS_1_cls.c
   3:.\Generated_Source\PSoC5/USBFS_1_cls.c **** * \version 3.0
   4:.\Generated_Source\PSoC5/USBFS_1_cls.c **** *
   5:.\Generated_Source\PSoC5/USBFS_1_cls.c **** * \brief
   6:.\Generated_Source\PSoC5/USBFS_1_cls.c **** *  This file contains the USB Class request handler.
   7:.\Generated_Source\PSoC5/USBFS_1_cls.c **** *
   8:.\Generated_Source\PSoC5/USBFS_1_cls.c **** ********************************************************************************
   9:.\Generated_Source\PSoC5/USBFS_1_cls.c **** * \copyright
  10:.\Generated_Source\PSoC5/USBFS_1_cls.c **** * Copyright 2008-2015, Cypress Semiconductor Corporation.  All rights reserved.
  11:.\Generated_Source\PSoC5/USBFS_1_cls.c **** * You may use this file only in accordance with the license, terms, conditions,
  12:.\Generated_Source\PSoC5/USBFS_1_cls.c **** * disclaimers, and limitations in the end user license agreement accompanying
  13:.\Generated_Source\PSoC5/USBFS_1_cls.c **** * the software package with which this file was provided.
  14:.\Generated_Source\PSoC5/USBFS_1_cls.c **** *******************************************************************************/
  15:.\Generated_Source\PSoC5/USBFS_1_cls.c **** 
  16:.\Generated_Source\PSoC5/USBFS_1_cls.c **** #include "USBFS_1_pvt.h"
  17:.\Generated_Source\PSoC5/USBFS_1_cls.c **** 
  18:.\Generated_Source\PSoC5/USBFS_1_cls.c **** 
  19:.\Generated_Source\PSoC5/USBFS_1_cls.c **** #if(USBFS_1_EXTERN_CLS == USBFS_1_FALSE)
  20:.\Generated_Source\PSoC5/USBFS_1_cls.c **** 
  21:.\Generated_Source\PSoC5/USBFS_1_cls.c **** /***************************************
  22:.\Generated_Source\PSoC5/USBFS_1_cls.c **** * User Implemented Class Driver Declarations.
  23:.\Generated_Source\PSoC5/USBFS_1_cls.c **** ***************************************/
  24:.\Generated_Source\PSoC5/USBFS_1_cls.c **** /* `#START USER_DEFINED_CLASS_DECLARATIONS` Place your declaration here */
  25:.\Generated_Source\PSoC5/USBFS_1_cls.c **** 
  26:.\Generated_Source\PSoC5/USBFS_1_cls.c **** /* `#END` */
  27:.\Generated_Source\PSoC5/USBFS_1_cls.c **** 
  28:.\Generated_Source\PSoC5/USBFS_1_cls.c **** 
  29:.\Generated_Source\PSoC5/USBFS_1_cls.c **** /*******************************************************************************
  30:.\Generated_Source\PSoC5/USBFS_1_cls.c **** * Function Name: USBFS_1_DispatchClassRqst
  31:.\Generated_Source\PSoC5/USBFS_1_cls.c **** ****************************************************************************//**
ARM GAS  C:\Users\Rolando\AppData\Local\Temp\ccGuorDb.s 			page 2


  32:.\Generated_Source\PSoC5/USBFS_1_cls.c **** *  This routine dispatches class specific requests depend on interface class.
  33:.\Generated_Source\PSoC5/USBFS_1_cls.c **** *
  34:.\Generated_Source\PSoC5/USBFS_1_cls.c **** * \return
  35:.\Generated_Source\PSoC5/USBFS_1_cls.c **** *  requestHandled.
  36:.\Generated_Source\PSoC5/USBFS_1_cls.c **** *
  37:.\Generated_Source\PSoC5/USBFS_1_cls.c **** * \reentrant
  38:.\Generated_Source\PSoC5/USBFS_1_cls.c **** *  No.
  39:.\Generated_Source\PSoC5/USBFS_1_cls.c **** *
  40:.\Generated_Source\PSoC5/USBFS_1_cls.c **** *******************************************************************************/
  41:.\Generated_Source\PSoC5/USBFS_1_cls.c **** uint8 USBFS_1_DispatchClassRqst(void) 
  42:.\Generated_Source\PSoC5/USBFS_1_cls.c **** {
  27              		.loc 1 42 0
  28              		.cfi_startproc
  29              		@ args = 0, pretend = 0, frame = 8
  30              		@ frame_needed = 1, uses_anonymous_args = 0
  31              		@ link register save eliminated.
  32 0000 80B4     		push	{r7}
  33              		.cfi_def_cfa_offset 4
  34              		.cfi_offset 7, -4
  35 0002 83B0     		sub	sp, sp, #12
  36              		.cfi_def_cfa_offset 16
  37 0004 00AF     		add	r7, sp, #0
  38              		.cfi_def_cfa_register 7
  43:.\Generated_Source\PSoC5/USBFS_1_cls.c ****     uint8 requestHandled;
  44:.\Generated_Source\PSoC5/USBFS_1_cls.c ****     uint8 interfaceNumber;
  45:.\Generated_Source\PSoC5/USBFS_1_cls.c **** 
  46:.\Generated_Source\PSoC5/USBFS_1_cls.c ****     /* Get interface to which request is intended. */
  47:.\Generated_Source\PSoC5/USBFS_1_cls.c ****     switch (USBFS_1_bmRequestTypeReg & USBFS_1_RQST_RCPT_MASK)
  39              		.loc 1 47 0
  40 0006 144B     		ldr	r3, .L8
  41 0008 1B78     		ldrb	r3, [r3]
  42 000a DBB2     		uxtb	r3, r3
  43 000c 03F00303 		and	r3, r3, #3
  44 0010 012B     		cmp	r3, #1
  45 0012 02D0     		beq	.L3
  46 0014 022B     		cmp	r3, #2
  47 0016 04D0     		beq	.L4
  48 0018 12E0     		b	.L7
  49              	.L3:
  48:.\Generated_Source\PSoC5/USBFS_1_cls.c ****     {
  49:.\Generated_Source\PSoC5/USBFS_1_cls.c ****         case USBFS_1_RQST_RCPT_IFC:
  50:.\Generated_Source\PSoC5/USBFS_1_cls.c ****             /* Class-specific request directed to interface: wIndexLoReg 
  51:.\Generated_Source\PSoC5/USBFS_1_cls.c ****             * contains interface number.
  52:.\Generated_Source\PSoC5/USBFS_1_cls.c ****             */
  53:.\Generated_Source\PSoC5/USBFS_1_cls.c ****             interfaceNumber = (uint8) USBFS_1_wIndexLoReg;
  50              		.loc 1 53 0
  51 001a 0F4B     		ldr	r3, .L8
  52 001c 1B79     		ldrb	r3, [r3, #4]
  53 001e FB71     		strb	r3, [r7, #7]
  54:.\Generated_Source\PSoC5/USBFS_1_cls.c ****             break;
  54              		.loc 1 54 0
  55 0020 11E0     		b	.L5
  56              	.L4:
  55:.\Generated_Source\PSoC5/USBFS_1_cls.c ****         
  56:.\Generated_Source\PSoC5/USBFS_1_cls.c ****         case USBFS_1_RQST_RCPT_EP:
  57:.\Generated_Source\PSoC5/USBFS_1_cls.c ****             /* Class-specific request directed to endpoint: wIndexLoReg contains 
  58:.\Generated_Source\PSoC5/USBFS_1_cls.c ****             * endpoint number. Find interface related to endpoint, 
ARM GAS  C:\Users\Rolando\AppData\Local\Temp\ccGuorDb.s 			page 3


  59:.\Generated_Source\PSoC5/USBFS_1_cls.c ****             */
  60:.\Generated_Source\PSoC5/USBFS_1_cls.c ****             interfaceNumber = USBFS_1_EP[USBFS_1_wIndexLoReg & USBFS_1_DIR_UNUSED].interface;
  57              		.loc 1 60 0
  58 0022 0D4B     		ldr	r3, .L8
  59 0024 1B79     		ldrb	r3, [r3, #4]
  60 0026 DBB2     		uxtb	r3, r3
  61 0028 03F07F02 		and	r2, r3, #127
  62 002c 0B49     		ldr	r1, .L8+4
  63 002e 1346     		mov	r3, r2
  64 0030 5B00     		lsls	r3, r3, #1
  65 0032 1344     		add	r3, r3, r2
  66 0034 9B00     		lsls	r3, r3, #2
  67 0036 0B44     		add	r3, r3, r1
  68 0038 0833     		adds	r3, r3, #8
  69 003a 9B78     		ldrb	r3, [r3, #2]
  70 003c FB71     		strb	r3, [r7, #7]
  61:.\Generated_Source\PSoC5/USBFS_1_cls.c ****             break;
  71              		.loc 1 61 0
  72 003e 02E0     		b	.L5
  73              	.L7:
  62:.\Generated_Source\PSoC5/USBFS_1_cls.c ****             
  63:.\Generated_Source\PSoC5/USBFS_1_cls.c ****         default:
  64:.\Generated_Source\PSoC5/USBFS_1_cls.c ****             /* Default interface is zero. */
  65:.\Generated_Source\PSoC5/USBFS_1_cls.c ****             interfaceNumber = 0u;
  74              		.loc 1 65 0
  75 0040 0023     		movs	r3, #0
  76 0042 FB71     		strb	r3, [r7, #7]
  66:.\Generated_Source\PSoC5/USBFS_1_cls.c ****             break;
  77              		.loc 1 66 0
  78 0044 00BF     		nop
  79              	.L5:
  67:.\Generated_Source\PSoC5/USBFS_1_cls.c ****     }
  68:.\Generated_Source\PSoC5/USBFS_1_cls.c **** 
  69:.\Generated_Source\PSoC5/USBFS_1_cls.c **** #if (defined(USBFS_1_ENABLE_HID_CLASS) ||\
  70:.\Generated_Source\PSoC5/USBFS_1_cls.c ****             defined(USBFS_1_ENABLE_AUDIO_CLASS) ||\
  71:.\Generated_Source\PSoC5/USBFS_1_cls.c ****             defined(USBFS_1_ENABLE_CDC_CLASS) ||\
  72:.\Generated_Source\PSoC5/USBFS_1_cls.c ****             USBFS_1_ENABLE_MSC_CLASS)
  73:.\Generated_Source\PSoC5/USBFS_1_cls.c **** 
  74:.\Generated_Source\PSoC5/USBFS_1_cls.c ****     /* Handle class request depends on interface type. */
  75:.\Generated_Source\PSoC5/USBFS_1_cls.c ****     switch (USBFS_1_interfaceClass[interfaceNumber])
  76:.\Generated_Source\PSoC5/USBFS_1_cls.c ****     {
  77:.\Generated_Source\PSoC5/USBFS_1_cls.c ****     #if defined(USBFS_1_ENABLE_HID_CLASS)
  78:.\Generated_Source\PSoC5/USBFS_1_cls.c ****         case USBFS_1_CLASS_HID:
  79:.\Generated_Source\PSoC5/USBFS_1_cls.c ****             requestHandled = USBFS_1_DispatchHIDClassRqst();
  80:.\Generated_Source\PSoC5/USBFS_1_cls.c ****             break;
  81:.\Generated_Source\PSoC5/USBFS_1_cls.c ****     #endif /* (USBFS_1_ENABLE_HID_CLASS) */
  82:.\Generated_Source\PSoC5/USBFS_1_cls.c ****             
  83:.\Generated_Source\PSoC5/USBFS_1_cls.c ****     #if defined(USBFS_1_ENABLE_AUDIO_CLASS)
  84:.\Generated_Source\PSoC5/USBFS_1_cls.c ****         case USBFS_1_CLASS_AUDIO:
  85:.\Generated_Source\PSoC5/USBFS_1_cls.c ****             requestHandled = USBFS_1_DispatchAUDIOClassRqst();
  86:.\Generated_Source\PSoC5/USBFS_1_cls.c ****             break;
  87:.\Generated_Source\PSoC5/USBFS_1_cls.c ****     #endif /* (USBFS_1_CLASS_AUDIO) */
  88:.\Generated_Source\PSoC5/USBFS_1_cls.c ****             
  89:.\Generated_Source\PSoC5/USBFS_1_cls.c ****     #if defined(USBFS_1_ENABLE_CDC_CLASS)
  90:.\Generated_Source\PSoC5/USBFS_1_cls.c ****         case USBFS_1_CLASS_CDC:
  91:.\Generated_Source\PSoC5/USBFS_1_cls.c ****             requestHandled = USBFS_1_DispatchCDCClassRqst();
  92:.\Generated_Source\PSoC5/USBFS_1_cls.c ****             break;
ARM GAS  C:\Users\Rolando\AppData\Local\Temp\ccGuorDb.s 			page 4


  93:.\Generated_Source\PSoC5/USBFS_1_cls.c ****     #endif /* (USBFS_1_ENABLE_CDC_CLASS) */
  94:.\Generated_Source\PSoC5/USBFS_1_cls.c ****         
  95:.\Generated_Source\PSoC5/USBFS_1_cls.c ****     #if (USBFS_1_ENABLE_MSC_CLASS)
  96:.\Generated_Source\PSoC5/USBFS_1_cls.c ****         case USBFS_1_CLASS_MSD:
  97:.\Generated_Source\PSoC5/USBFS_1_cls.c ****         #if (USBFS_1_HANDLE_MSC_REQUESTS)
  98:.\Generated_Source\PSoC5/USBFS_1_cls.c ****             /* MSC requests are handled by the component. */
  99:.\Generated_Source\PSoC5/USBFS_1_cls.c ****             requestHandled = USBFS_1_DispatchMSCClassRqst();
 100:.\Generated_Source\PSoC5/USBFS_1_cls.c ****         #elif defined(USBFS_1_DISPATCH_MSC_CLASS_RQST_CALLBACK)
 101:.\Generated_Source\PSoC5/USBFS_1_cls.c ****             /* MSC requests are handled by user defined callbcak. */
 102:.\Generated_Source\PSoC5/USBFS_1_cls.c ****             requestHandled = USBFS_1_DispatchMSCClassRqst_Callback();
 103:.\Generated_Source\PSoC5/USBFS_1_cls.c ****         #else
 104:.\Generated_Source\PSoC5/USBFS_1_cls.c ****             /* MSC requests are not handled. */
 105:.\Generated_Source\PSoC5/USBFS_1_cls.c ****             requestHandled = USBFS_1_FALSE;
 106:.\Generated_Source\PSoC5/USBFS_1_cls.c ****         #endif /* (USBFS_1_HANDLE_MSC_REQUESTS) */
 107:.\Generated_Source\PSoC5/USBFS_1_cls.c ****             break;
 108:.\Generated_Source\PSoC5/USBFS_1_cls.c ****     #endif /* (USBFS_1_ENABLE_MSC_CLASS) */
 109:.\Generated_Source\PSoC5/USBFS_1_cls.c ****         
 110:.\Generated_Source\PSoC5/USBFS_1_cls.c ****         default:
 111:.\Generated_Source\PSoC5/USBFS_1_cls.c ****             /* Request is not handled: unknown class request type. */
 112:.\Generated_Source\PSoC5/USBFS_1_cls.c ****             requestHandled = USBFS_1_FALSE;
 113:.\Generated_Source\PSoC5/USBFS_1_cls.c ****             break;
 114:.\Generated_Source\PSoC5/USBFS_1_cls.c ****     }
 115:.\Generated_Source\PSoC5/USBFS_1_cls.c **** #else /*No class is defined*/
 116:.\Generated_Source\PSoC5/USBFS_1_cls.c ****     if (0u != interfaceNumber)
 117:.\Generated_Source\PSoC5/USBFS_1_cls.c ****     {
 118:.\Generated_Source\PSoC5/USBFS_1_cls.c ****         /* Suppress warning message */
 119:.\Generated_Source\PSoC5/USBFS_1_cls.c ****     }
 120:.\Generated_Source\PSoC5/USBFS_1_cls.c ****     requestHandled = USBFS_1_FALSE;
  80              		.loc 1 120 0
  81 0046 0023     		movs	r3, #0
  82 0048 BB71     		strb	r3, [r7, #6]
 121:.\Generated_Source\PSoC5/USBFS_1_cls.c **** #endif /*HID or AUDIO or MSC or CDC class enabled*/
 122:.\Generated_Source\PSoC5/USBFS_1_cls.c **** 
 123:.\Generated_Source\PSoC5/USBFS_1_cls.c ****     /* `#START USER_DEFINED_CLASS_CODE` Place your Class request here */
 124:.\Generated_Source\PSoC5/USBFS_1_cls.c **** 
 125:.\Generated_Source\PSoC5/USBFS_1_cls.c ****     /* `#END` */
 126:.\Generated_Source\PSoC5/USBFS_1_cls.c **** 
 127:.\Generated_Source\PSoC5/USBFS_1_cls.c **** #ifdef USBFS_1_DISPATCH_CLASS_RQST_CALLBACK
 128:.\Generated_Source\PSoC5/USBFS_1_cls.c ****     if (USBFS_1_FALSE == requestHandled)
 129:.\Generated_Source\PSoC5/USBFS_1_cls.c ****     {
 130:.\Generated_Source\PSoC5/USBFS_1_cls.c ****         requestHandled = USBFS_1_DispatchClassRqst_Callback(interfaceNumber);
 131:.\Generated_Source\PSoC5/USBFS_1_cls.c ****     }
 132:.\Generated_Source\PSoC5/USBFS_1_cls.c **** #endif /* (USBFS_1_DISPATCH_CLASS_RQST_CALLBACK) */
 133:.\Generated_Source\PSoC5/USBFS_1_cls.c **** 
 134:.\Generated_Source\PSoC5/USBFS_1_cls.c ****     return (requestHandled);
  83              		.loc 1 134 0
  84 004a BB79     		ldrb	r3, [r7, #6]	@ zero_extendqisi2
 135:.\Generated_Source\PSoC5/USBFS_1_cls.c **** }
  85              		.loc 1 135 0
  86 004c 1846     		mov	r0, r3
  87 004e 0C37     		adds	r7, r7, #12
  88              		.cfi_def_cfa_offset 4
  89 0050 BD46     		mov	sp, r7
  90              		.cfi_def_cfa_register 13
  91              		@ sp needed
  92 0052 5DF8047B 		ldr	r7, [sp], #4
  93              		.cfi_restore 7
ARM GAS  C:\Users\Rolando\AppData\Local\Temp\ccGuorDb.s 			page 5


  94              		.cfi_def_cfa_offset 0
  95 0056 7047     		bx	lr
  96              	.L9:
  97              		.align	2
  98              	.L8:
  99 0058 00600040 		.word	1073766400
 100 005c 00000000 		.word	USBFS_1_EP
 101              		.cfi_endproc
 102              	.LFE0:
 103              		.size	USBFS_1_DispatchClassRqst, .-USBFS_1_DispatchClassRqst
 104              		.text
 105              	.Letext0:
 106              		.file 2 ".\\Generated_Source\\PSoC5\\cytypes.h"
 107              		.file 3 ".\\Generated_Source\\PSoC5\\USBFS_1.h"
 108              		.file 4 ".\\Generated_Source\\PSoC5\\USBFS_1_pvt.h"
 109              		.section	.debug_info,"",%progbits
 110              	.Ldebug_info0:
 111 0000 A0010000 		.4byte	0x1a0
 112 0004 0400     		.2byte	0x4
 113 0006 00000000 		.4byte	.Ldebug_abbrev0
 114 000a 04       		.byte	0x4
 115 000b 01       		.uleb128 0x1
 116 000c 90010000 		.4byte	.LASF29
 117 0010 01       		.byte	0x1
 118 0011 29020000 		.4byte	.LASF30
 119 0015 1A010000 		.4byte	.LASF31
 120 0019 00000000 		.4byte	.Ldebug_ranges0+0
 121 001d 00000000 		.4byte	0
 122 0021 00000000 		.4byte	.Ldebug_line0
 123 0025 02       		.uleb128 0x2
 124 0026 01       		.byte	0x1
 125 0027 06       		.byte	0x6
 126 0028 73020000 		.4byte	.LASF0
 127 002c 02       		.uleb128 0x2
 128 002d 01       		.byte	0x1
 129 002e 08       		.byte	0x8
 130 002f 75000000 		.4byte	.LASF1
 131 0033 02       		.uleb128 0x2
 132 0034 02       		.byte	0x2
 133 0035 05       		.byte	0x5
 134 0036 50020000 		.4byte	.LASF2
 135 003a 02       		.uleb128 0x2
 136 003b 02       		.byte	0x2
 137 003c 07       		.byte	0x7
 138 003d 2B000000 		.4byte	.LASF3
 139 0041 02       		.uleb128 0x2
 140 0042 04       		.byte	0x4
 141 0043 05       		.byte	0x5
 142 0044 6A020000 		.4byte	.LASF4
 143 0048 02       		.uleb128 0x2
 144 0049 04       		.byte	0x4
 145 004a 07       		.byte	0x7
 146 004b 83000000 		.4byte	.LASF5
 147 004f 02       		.uleb128 0x2
 148 0050 08       		.byte	0x8
 149 0051 05       		.byte	0x5
 150 0052 7D010000 		.4byte	.LASF6
ARM GAS  C:\Users\Rolando\AppData\Local\Temp\ccGuorDb.s 			page 6


 151 0056 02       		.uleb128 0x2
 152 0057 08       		.byte	0x8
 153 0058 07       		.byte	0x7
 154 0059 F9000000 		.4byte	.LASF7
 155 005d 03       		.uleb128 0x3
 156 005e 04       		.byte	0x4
 157 005f 05       		.byte	0x5
 158 0060 696E7400 		.ascii	"int\000"
 159 0064 02       		.uleb128 0x2
 160 0065 04       		.byte	0x4
 161 0066 07       		.byte	0x7
 162 0067 EC000000 		.4byte	.LASF8
 163 006b 04       		.uleb128 0x4
 164 006c 5A020000 		.4byte	.LASF9
 165 0070 02       		.byte	0x2
 166 0071 5B       		.byte	0x5b
 167 0072 2C000000 		.4byte	0x2c
 168 0076 04       		.uleb128 0x4
 169 0077 DA000000 		.4byte	.LASF10
 170 007b 02       		.byte	0x2
 171 007c 5C       		.byte	0x5c
 172 007d 3A000000 		.4byte	0x3a
 173 0081 02       		.uleb128 0x2
 174 0082 04       		.byte	0x4
 175 0083 04       		.byte	0x4
 176 0084 25000000 		.4byte	.LASF11
 177 0088 02       		.uleb128 0x2
 178 0089 08       		.byte	0x8
 179 008a 04       		.byte	0x4
 180 008b C1000000 		.4byte	.LASF12
 181 008f 02       		.uleb128 0x2
 182 0090 01       		.byte	0x1
 183 0091 08       		.byte	0x8
 184 0092 8B010000 		.4byte	.LASF13
 185 0096 02       		.uleb128 0x2
 186 0097 04       		.byte	0x4
 187 0098 07       		.byte	0x7
 188 0099 6D010000 		.4byte	.LASF14
 189 009d 05       		.uleb128 0x5
 190 009e 0C       		.byte	0xc
 191 009f 03       		.byte	0x3
 192 00a0 88       		.byte	0x88
 193 00a1 12010000 		.4byte	0x112
 194 00a5 06       		.uleb128 0x6
 195 00a6 C8000000 		.4byte	.LASF15
 196 00aa 03       		.byte	0x3
 197 00ab 8A       		.byte	0x8a
 198 00ac 6B000000 		.4byte	0x6b
 199 00b0 00       		.byte	0
 200 00b1 06       		.uleb128 0x6
 201 00b2 E1000000 		.4byte	.LASF16
 202 00b6 03       		.byte	0x3
 203 00b7 8B       		.byte	0x8b
 204 00b8 6B000000 		.4byte	0x6b
 205 00bc 01       		.byte	0x1
 206 00bd 06       		.uleb128 0x6
 207 00be 10010000 		.4byte	.LASF17
ARM GAS  C:\Users\Rolando\AppData\Local\Temp\ccGuorDb.s 			page 7


 208 00c2 03       		.byte	0x3
 209 00c3 8C       		.byte	0x8c
 210 00c4 6B000000 		.4byte	0x6b
 211 00c8 02       		.byte	0x2
 212 00c9 06       		.uleb128 0x6
 213 00ca 6C000000 		.4byte	.LASF18
 214 00ce 03       		.byte	0x3
 215 00cf 8D       		.byte	0x8d
 216 00d0 6B000000 		.4byte	0x6b
 217 00d4 03       		.byte	0x3
 218 00d5 06       		.uleb128 0x6
 219 00d6 95000000 		.4byte	.LASF19
 220 00da 03       		.byte	0x3
 221 00db 8E       		.byte	0x8e
 222 00dc 6B000000 		.4byte	0x6b
 223 00e0 04       		.byte	0x4
 224 00e1 06       		.uleb128 0x6
 225 00e2 76010000 		.4byte	.LASF20
 226 00e6 03       		.byte	0x3
 227 00e7 8F       		.byte	0x8f
 228 00e8 6B000000 		.4byte	0x6b
 229 00ec 05       		.byte	0x5
 230 00ed 06       		.uleb128 0x6
 231 00ee CF000000 		.4byte	.LASF21
 232 00f2 03       		.byte	0x3
 233 00f3 90       		.byte	0x90
 234 00f4 76000000 		.4byte	0x76
 235 00f8 06       		.byte	0x6
 236 00f9 06       		.uleb128 0x6
 237 00fa 1E020000 		.4byte	.LASF22
 238 00fe 03       		.byte	0x3
 239 00ff 91       		.byte	0x91
 240 0100 76000000 		.4byte	0x76
 241 0104 08       		.byte	0x8
 242 0105 06       		.uleb128 0x6
 243 0106 60020000 		.4byte	.LASF23
 244 010a 03       		.byte	0x3
 245 010b 92       		.byte	0x92
 246 010c 6B000000 		.4byte	0x6b
 247 0110 0A       		.byte	0xa
 248 0111 00       		.byte	0
 249 0112 04       		.uleb128 0x4
 250 0113 AA000000 		.4byte	.LASF24
 251 0117 03       		.byte	0x3
 252 0118 93       		.byte	0x93
 253 0119 9D000000 		.4byte	0x9d
 254 011d 05       		.uleb128 0x5
 255 011e 08       		.byte	0x8
 256 011f 03       		.byte	0x3
 257 0120 C0       		.byte	0xc0
 258 0121 32010000 		.4byte	0x132
 259 0125 06       		.uleb128 0x6
 260 0126 3E000000 		.4byte	.LASF25
 261 012a 03       		.byte	0x3
 262 012b C2       		.byte	0xc2
 263 012c 32010000 		.4byte	0x132
 264 0130 00       		.byte	0
ARM GAS  C:\Users\Rolando\AppData\Local\Temp\ccGuorDb.s 			page 8


 265 0131 00       		.byte	0
 266 0132 07       		.uleb128 0x7
 267 0133 6B000000 		.4byte	0x6b
 268 0137 42010000 		.4byte	0x142
 269 013b 08       		.uleb128 0x8
 270 013c 96000000 		.4byte	0x96
 271 0140 07       		.byte	0x7
 272 0141 00       		.byte	0
 273 0142 04       		.uleb128 0x4
 274 0143 54000000 		.4byte	.LASF26
 275 0147 03       		.byte	0x3
 276 0148 C3       		.byte	0xc3
 277 0149 1D010000 		.4byte	0x11d
 278 014d 09       		.uleb128 0x9
 279 014e 0B000000 		.4byte	.LASF32
 280 0152 01       		.byte	0x1
 281 0153 29       		.byte	0x29
 282 0154 6B000000 		.4byte	0x6b
 283 0158 00000000 		.4byte	.LFB0
 284 015c 60000000 		.4byte	.LFE0-.LFB0
 285 0160 01       		.uleb128 0x1
 286 0161 9C       		.byte	0x9c
 287 0162 83010000 		.4byte	0x183
 288 0166 0A       		.uleb128 0xa
 289 0167 45000000 		.4byte	.LASF27
 290 016b 01       		.byte	0x1
 291 016c 2B       		.byte	0x2b
 292 016d 6B000000 		.4byte	0x6b
 293 0171 02       		.uleb128 0x2
 294 0172 91       		.byte	0x91
 295 0173 76       		.sleb128 -10
 296 0174 0A       		.uleb128 0xa
 297 0175 9A000000 		.4byte	.LASF28
 298 0179 01       		.byte	0x1
 299 017a 2C       		.byte	0x2c
 300 017b 6B000000 		.4byte	0x6b
 301 017f 02       		.uleb128 0x2
 302 0180 91       		.byte	0x91
 303 0181 77       		.sleb128 -9
 304 0182 00       		.byte	0
 305 0183 07       		.uleb128 0x7
 306 0184 12010000 		.4byte	0x112
 307 0188 93010000 		.4byte	0x193
 308 018c 08       		.uleb128 0x8
 309 018d 96000000 		.4byte	0x96
 310 0191 08       		.byte	0x8
 311 0192 00       		.byte	0
 312 0193 0B       		.uleb128 0xb
 313 0194 00000000 		.4byte	.LASF33
 314 0198 04       		.byte	0x4
 315 0199 77       		.byte	0x77
 316 019a 9E010000 		.4byte	0x19e
 317 019e 0C       		.uleb128 0xc
 318 019f 83010000 		.4byte	0x183
 319 01a3 00       		.byte	0
 320              		.section	.debug_abbrev,"",%progbits
 321              	.Ldebug_abbrev0:
ARM GAS  C:\Users\Rolando\AppData\Local\Temp\ccGuorDb.s 			page 9


 322 0000 01       		.uleb128 0x1
 323 0001 11       		.uleb128 0x11
 324 0002 01       		.byte	0x1
 325 0003 25       		.uleb128 0x25
 326 0004 0E       		.uleb128 0xe
 327 0005 13       		.uleb128 0x13
 328 0006 0B       		.uleb128 0xb
 329 0007 03       		.uleb128 0x3
 330 0008 0E       		.uleb128 0xe
 331 0009 1B       		.uleb128 0x1b
 332 000a 0E       		.uleb128 0xe
 333 000b 55       		.uleb128 0x55
 334 000c 17       		.uleb128 0x17
 335 000d 11       		.uleb128 0x11
 336 000e 01       		.uleb128 0x1
 337 000f 10       		.uleb128 0x10
 338 0010 17       		.uleb128 0x17
 339 0011 00       		.byte	0
 340 0012 00       		.byte	0
 341 0013 02       		.uleb128 0x2
 342 0014 24       		.uleb128 0x24
 343 0015 00       		.byte	0
 344 0016 0B       		.uleb128 0xb
 345 0017 0B       		.uleb128 0xb
 346 0018 3E       		.uleb128 0x3e
 347 0019 0B       		.uleb128 0xb
 348 001a 03       		.uleb128 0x3
 349 001b 0E       		.uleb128 0xe
 350 001c 00       		.byte	0
 351 001d 00       		.byte	0
 352 001e 03       		.uleb128 0x3
 353 001f 24       		.uleb128 0x24
 354 0020 00       		.byte	0
 355 0021 0B       		.uleb128 0xb
 356 0022 0B       		.uleb128 0xb
 357 0023 3E       		.uleb128 0x3e
 358 0024 0B       		.uleb128 0xb
 359 0025 03       		.uleb128 0x3
 360 0026 08       		.uleb128 0x8
 361 0027 00       		.byte	0
 362 0028 00       		.byte	0
 363 0029 04       		.uleb128 0x4
 364 002a 16       		.uleb128 0x16
 365 002b 00       		.byte	0
 366 002c 03       		.uleb128 0x3
 367 002d 0E       		.uleb128 0xe
 368 002e 3A       		.uleb128 0x3a
 369 002f 0B       		.uleb128 0xb
 370 0030 3B       		.uleb128 0x3b
 371 0031 0B       		.uleb128 0xb
 372 0032 49       		.uleb128 0x49
 373 0033 13       		.uleb128 0x13
 374 0034 00       		.byte	0
 375 0035 00       		.byte	0
 376 0036 05       		.uleb128 0x5
 377 0037 13       		.uleb128 0x13
 378 0038 01       		.byte	0x1
ARM GAS  C:\Users\Rolando\AppData\Local\Temp\ccGuorDb.s 			page 10


 379 0039 0B       		.uleb128 0xb
 380 003a 0B       		.uleb128 0xb
 381 003b 3A       		.uleb128 0x3a
 382 003c 0B       		.uleb128 0xb
 383 003d 3B       		.uleb128 0x3b
 384 003e 0B       		.uleb128 0xb
 385 003f 01       		.uleb128 0x1
 386 0040 13       		.uleb128 0x13
 387 0041 00       		.byte	0
 388 0042 00       		.byte	0
 389 0043 06       		.uleb128 0x6
 390 0044 0D       		.uleb128 0xd
 391 0045 00       		.byte	0
 392 0046 03       		.uleb128 0x3
 393 0047 0E       		.uleb128 0xe
 394 0048 3A       		.uleb128 0x3a
 395 0049 0B       		.uleb128 0xb
 396 004a 3B       		.uleb128 0x3b
 397 004b 0B       		.uleb128 0xb
 398 004c 49       		.uleb128 0x49
 399 004d 13       		.uleb128 0x13
 400 004e 38       		.uleb128 0x38
 401 004f 0B       		.uleb128 0xb
 402 0050 00       		.byte	0
 403 0051 00       		.byte	0
 404 0052 07       		.uleb128 0x7
 405 0053 01       		.uleb128 0x1
 406 0054 01       		.byte	0x1
 407 0055 49       		.uleb128 0x49
 408 0056 13       		.uleb128 0x13
 409 0057 01       		.uleb128 0x1
 410 0058 13       		.uleb128 0x13
 411 0059 00       		.byte	0
 412 005a 00       		.byte	0
 413 005b 08       		.uleb128 0x8
 414 005c 21       		.uleb128 0x21
 415 005d 00       		.byte	0
 416 005e 49       		.uleb128 0x49
 417 005f 13       		.uleb128 0x13
 418 0060 2F       		.uleb128 0x2f
 419 0061 0B       		.uleb128 0xb
 420 0062 00       		.byte	0
 421 0063 00       		.byte	0
 422 0064 09       		.uleb128 0x9
 423 0065 2E       		.uleb128 0x2e
 424 0066 01       		.byte	0x1
 425 0067 3F       		.uleb128 0x3f
 426 0068 19       		.uleb128 0x19
 427 0069 03       		.uleb128 0x3
 428 006a 0E       		.uleb128 0xe
 429 006b 3A       		.uleb128 0x3a
 430 006c 0B       		.uleb128 0xb
 431 006d 3B       		.uleb128 0x3b
 432 006e 0B       		.uleb128 0xb
 433 006f 27       		.uleb128 0x27
 434 0070 19       		.uleb128 0x19
 435 0071 49       		.uleb128 0x49
ARM GAS  C:\Users\Rolando\AppData\Local\Temp\ccGuorDb.s 			page 11


 436 0072 13       		.uleb128 0x13
 437 0073 11       		.uleb128 0x11
 438 0074 01       		.uleb128 0x1
 439 0075 12       		.uleb128 0x12
 440 0076 06       		.uleb128 0x6
 441 0077 40       		.uleb128 0x40
 442 0078 18       		.uleb128 0x18
 443 0079 9742     		.uleb128 0x2117
 444 007b 19       		.uleb128 0x19
 445 007c 01       		.uleb128 0x1
 446 007d 13       		.uleb128 0x13
 447 007e 00       		.byte	0
 448 007f 00       		.byte	0
 449 0080 0A       		.uleb128 0xa
 450 0081 34       		.uleb128 0x34
 451 0082 00       		.byte	0
 452 0083 03       		.uleb128 0x3
 453 0084 0E       		.uleb128 0xe
 454 0085 3A       		.uleb128 0x3a
 455 0086 0B       		.uleb128 0xb
 456 0087 3B       		.uleb128 0x3b
 457 0088 0B       		.uleb128 0xb
 458 0089 49       		.uleb128 0x49
 459 008a 13       		.uleb128 0x13
 460 008b 02       		.uleb128 0x2
 461 008c 18       		.uleb128 0x18
 462 008d 00       		.byte	0
 463 008e 00       		.byte	0
 464 008f 0B       		.uleb128 0xb
 465 0090 34       		.uleb128 0x34
 466 0091 00       		.byte	0
 467 0092 03       		.uleb128 0x3
 468 0093 0E       		.uleb128 0xe
 469 0094 3A       		.uleb128 0x3a
 470 0095 0B       		.uleb128 0xb
 471 0096 3B       		.uleb128 0x3b
 472 0097 0B       		.uleb128 0xb
 473 0098 49       		.uleb128 0x49
 474 0099 13       		.uleb128 0x13
 475 009a 3F       		.uleb128 0x3f
 476 009b 19       		.uleb128 0x19
 477 009c 3C       		.uleb128 0x3c
 478 009d 19       		.uleb128 0x19
 479 009e 00       		.byte	0
 480 009f 00       		.byte	0
 481 00a0 0C       		.uleb128 0xc
 482 00a1 35       		.uleb128 0x35
 483 00a2 00       		.byte	0
 484 00a3 49       		.uleb128 0x49
 485 00a4 13       		.uleb128 0x13
 486 00a5 00       		.byte	0
 487 00a6 00       		.byte	0
 488 00a7 00       		.byte	0
 489              		.section	.debug_aranges,"",%progbits
 490 0000 1C000000 		.4byte	0x1c
 491 0004 0200     		.2byte	0x2
 492 0006 00000000 		.4byte	.Ldebug_info0
ARM GAS  C:\Users\Rolando\AppData\Local\Temp\ccGuorDb.s 			page 12


 493 000a 04       		.byte	0x4
 494 000b 00       		.byte	0
 495 000c 0000     		.2byte	0
 496 000e 0000     		.2byte	0
 497 0010 00000000 		.4byte	.LFB0
 498 0014 60000000 		.4byte	.LFE0-.LFB0
 499 0018 00000000 		.4byte	0
 500 001c 00000000 		.4byte	0
 501              		.section	.debug_ranges,"",%progbits
 502              	.Ldebug_ranges0:
 503 0000 00000000 		.4byte	.LFB0
 504 0004 60000000 		.4byte	.LFE0
 505 0008 00000000 		.4byte	0
 506 000c 00000000 		.4byte	0
 507              		.section	.debug_line,"",%progbits
 508              	.Ldebug_line0:
 509 0000 8B000000 		.section	.debug_str,"MS",%progbits,1
 509      02006800 
 509      00000201 
 509      FB0E0D00 
 509      01010101 
 510              	.LASF33:
 511 0000 55534246 		.ascii	"USBFS_1_EP\000"
 511      535F315F 
 511      455000
 512              	.LASF32:
 513 000b 55534246 		.ascii	"USBFS_1_DispatchClassRqst\000"
 513      535F315F 
 513      44697370 
 513      61746368 
 513      436C6173 
 514              	.LASF11:
 515 0025 666C6F61 		.ascii	"float\000"
 515      7400
 516              	.LASF3:
 517 002b 73686F72 		.ascii	"short unsigned int\000"
 517      7420756E 
 517      7369676E 
 517      65642069 
 517      6E7400
 518              	.LASF25:
 519 003e 65704461 		.ascii	"epData\000"
 519      746100
 520              	.LASF27:
 521 0045 72657175 		.ascii	"requestHandled\000"
 521      65737448 
 521      616E646C 
 521      656400
 522              	.LASF26:
 523 0054 55534246 		.ascii	"USBFS_1_ep0_data_struct\000"
 523      535F315F 
 523      6570305F 
 523      64617461 
 523      5F737472 
 524              	.LASF18:
 525 006c 6570546F 		.ascii	"epToggle\000"
 525      67676C65 
ARM GAS  C:\Users\Rolando\AppData\Local\Temp\ccGuorDb.s 			page 13


 525      00
 526              	.LASF1:
 527 0075 756E7369 		.ascii	"unsigned char\000"
 527      676E6564 
 527      20636861 
 527      7200
 528              	.LASF5:
 529 0083 6C6F6E67 		.ascii	"long unsigned int\000"
 529      20756E73 
 529      69676E65 
 529      6420696E 
 529      7400
 530              	.LASF19:
 531 0095 61646472 		.ascii	"addr\000"
 531      00
 532              	.LASF28:
 533 009a 696E7465 		.ascii	"interfaceNumber\000"
 533      72666163 
 533      654E756D 
 533      62657200 
 534              	.LASF24:
 535 00aa 545F5553 		.ascii	"T_USBFS_1_EP_CTL_BLOCK\000"
 535      4246535F 
 535      315F4550 
 535      5F43544C 
 535      5F424C4F 
 536              	.LASF12:
 537 00c1 646F7562 		.ascii	"double\000"
 537      6C6500
 538              	.LASF15:
 539 00c8 61747472 		.ascii	"attrib\000"
 539      696200
 540              	.LASF21:
 541 00cf 62756666 		.ascii	"buffOffset\000"
 541      4F666673 
 541      657400
 542              	.LASF10:
 543 00da 75696E74 		.ascii	"uint16\000"
 543      313600
 544              	.LASF16:
 545 00e1 61706945 		.ascii	"apiEpState\000"
 545      70537461 
 545      746500
 546              	.LASF8:
 547 00ec 756E7369 		.ascii	"unsigned int\000"
 547      676E6564 
 547      20696E74 
 547      00
 548              	.LASF7:
 549 00f9 6C6F6E67 		.ascii	"long long unsigned int\000"
 549      206C6F6E 
 549      6720756E 
 549      7369676E 
 549      65642069 
 550              	.LASF17:
 551 0110 68774570 		.ascii	"hwEpState\000"
 551      53746174 
ARM GAS  C:\Users\Rolando\AppData\Local\Temp\ccGuorDb.s 			page 14


 551      6500
 552              	.LASF31:
 553 011a 473A5C44 		.ascii	"G:\\Documentos\\PSoC Creator\\VoltageDisplay_DelSig"
 553      6F63756D 
 553      656E746F 
 553      735C5053 
 553      6F432043 
 554 014a 4144435C 		.ascii	"ADC\\VoltageDisplay_DelSigADC.cydsn\000"
 554      566F6C74 
 554      61676544 
 554      6973706C 
 554      61795F44 
 555              	.LASF14:
 556 016d 73697A65 		.ascii	"sizetype\000"
 556      74797065 
 556      00
 557              	.LASF20:
 558 0176 65704D6F 		.ascii	"epMode\000"
 558      646500
 559              	.LASF6:
 560 017d 6C6F6E67 		.ascii	"long long int\000"
 560      206C6F6E 
 560      6720696E 
 560      7400
 561              	.LASF13:
 562 018b 63686172 		.ascii	"char\000"
 562      00
 563              	.LASF29:
 564 0190 474E5520 		.ascii	"GNU C 4.9.3 20150303 (release) [ARM/embedded-4_9-br"
 564      4320342E 
 564      392E3320 
 564      32303135 
 564      30333033 
 565 01c3 616E6368 		.ascii	"anch revision 221220] -mcpu=cortex-m3 -mthumb -g -O"
 565      20726576 
 565      6973696F 
 565      6E203232 
 565      31323230 
 566 01f6 30202D66 		.ascii	"0 -ffunction-sections -ffat-lto-objects\000"
 566      66756E63 
 566      74696F6E 
 566      2D736563 
 566      74696F6E 
 567              	.LASF22:
 568 021e 62756666 		.ascii	"bufferSize\000"
 568      65725369 
 568      7A6500
 569              	.LASF30:
 570 0229 2E5C4765 		.ascii	".\\Generated_Source\\PSoC5\\USBFS_1_cls.c\000"
 570      6E657261 
 570      7465645F 
 570      536F7572 
 570      63655C50 
 571              	.LASF2:
 572 0250 73686F72 		.ascii	"short int\000"
 572      7420696E 
 572      7400
ARM GAS  C:\Users\Rolando\AppData\Local\Temp\ccGuorDb.s 			page 15


 573              	.LASF9:
 574 025a 75696E74 		.ascii	"uint8\000"
 574      3800
 575              	.LASF23:
 576 0260 696E7465 		.ascii	"interface\000"
 576      72666163 
 576      6500
 577              	.LASF4:
 578 026a 6C6F6E67 		.ascii	"long int\000"
 578      20696E74 
 578      00
 579              	.LASF0:
 580 0273 7369676E 		.ascii	"signed char\000"
 580      65642063 
 580      68617200 
 581              		.ident	"GCC: (GNU Tools for ARM Embedded Processors) 4.9.3 20150303 (release) [ARM/embedded-4_9-br
