ARM GAS  C:\Users\Rolando\AppData\Local\Temp\ccvCi6Af.s 			page 1


   1              		.syntax unified
   2              		.cpu cortex-m3
   3              		.fpu softvfp
   4              		.eabi_attribute 20, 1
   5              		.eabi_attribute 21, 1
   6              		.eabi_attribute 23, 3
   7              		.eabi_attribute 24, 1
   8              		.eabi_attribute 25, 1
   9              		.eabi_attribute 26, 1
  10              		.eabi_attribute 30, 6
  11              		.eabi_attribute 34, 1
  12              		.eabi_attribute 18, 4
  13              		.thumb
  14              		.file	"USBFS_1_descr.c"
  15              		.text
  16              	.Ltext0:
  17              		.cfi_sections	.debug_frame
  18              		.global	USBFS_1_DEVICE0_DESCR
  19              		.section	.rodata
  20              		.align	2
  21              		.type	USBFS_1_DEVICE0_DESCR, %object
  22              		.size	USBFS_1_DEVICE0_DESCR, 18
  23              	USBFS_1_DEVICE0_DESCR:
  24 0000 12       		.byte	18
  25 0001 01       		.byte	1
  26 0002 00       		.byte	0
  27 0003 02       		.byte	2
  28 0004 00       		.byte	0
  29 0005 00       		.byte	0
  30 0006 00       		.byte	0
  31 0007 08       		.byte	8
  32 0008 B4       		.byte	-76
  33 0009 04       		.byte	4
  34 000a 51       		.byte	81
  35 000b 80       		.byte	-128
  36 000c 00       		.byte	0
  37 000d 00       		.byte	0
  38 000e 00       		.byte	0
  39 000f 00       		.byte	0
  40 0010 00       		.byte	0
  41 0011 01       		.byte	1
  42              		.global	USBFS_1_DEVICE0_CONFIGURATION0_DESCR
  43 0012 0000     		.align	2
  44              		.type	USBFS_1_DEVICE0_CONFIGURATION0_DESCR, %object
  45              		.size	USBFS_1_DEVICE0_CONFIGURATION0_DESCR, 25
  46              	USBFS_1_DEVICE0_CONFIGURATION0_DESCR:
  47 0014 09       		.byte	9
  48 0015 02       		.byte	2
  49 0016 19       		.byte	25
  50 0017 00       		.byte	0
  51 0018 01       		.byte	1
  52 0019 01       		.byte	1
  53 001a 00       		.byte	0
  54 001b 80       		.byte	-128
  55 001c 19       		.byte	25
  56 001d 09       		.byte	9
  57 001e 04       		.byte	4
ARM GAS  C:\Users\Rolando\AppData\Local\Temp\ccvCi6Af.s 			page 2


  58 001f 00       		.byte	0
  59 0020 00       		.byte	0
  60 0021 01       		.byte	1
  61 0022 00       		.byte	0
  62 0023 00       		.byte	0
  63 0024 00       		.byte	0
  64 0025 00       		.byte	0
  65 0026 07       		.byte	7
  66 0027 05       		.byte	5
  67 0028 01       		.byte	1
  68 0029 02       		.byte	2
  69 002a 08       		.byte	8
  70 002b 00       		.byte	0
  71 002c 00       		.byte	0
  72              		.global	USBFS_1_DEVICE0_CONFIGURATION0_EP_SETTINGS_TABLE
  73 002d 000000   		.align	2
  74              		.type	USBFS_1_DEVICE0_CONFIGURATION0_EP_SETTINGS_TABLE, %object
  75              		.size	USBFS_1_DEVICE0_CONFIGURATION0_EP_SETTINGS_TABLE, 8
  76              	USBFS_1_DEVICE0_CONFIGURATION0_EP_SETTINGS_TABLE:
  77 0030 00       		.byte	0
  78 0031 00       		.byte	0
  79 0032 01       		.byte	1
  80 0033 02       		.byte	2
  81 0034 0800     		.short	8
  82 0036 00       		.byte	0
  83 0037 00       		.space	1
  84              		.global	USBFS_1_DEVICE0_CONFIGURATION0_INTERFACE_CLASS
  85              		.align	2
  86              		.type	USBFS_1_DEVICE0_CONFIGURATION0_INTERFACE_CLASS, %object
  87              		.size	USBFS_1_DEVICE0_CONFIGURATION0_INTERFACE_CLASS, 1
  88              	USBFS_1_DEVICE0_CONFIGURATION0_INTERFACE_CLASS:
  89 0038 00       		.space	1
  90              		.global	USBFS_1_DEVICE0_CONFIGURATION0_TABLE
  91 0039 000000   		.align	2
  92              		.type	USBFS_1_DEVICE0_CONFIGURATION0_TABLE, %object
  93              		.size	USBFS_1_DEVICE0_CONFIGURATION0_TABLE, 32
  94              	USBFS_1_DEVICE0_CONFIGURATION0_TABLE:
  95 003c 01       		.byte	1
  96 003d 000000   		.space	3
  97 0040 00000000 		.word	USBFS_1_DEVICE0_CONFIGURATION0_DESCR
  98 0044 01       		.byte	1
  99 0045 000000   		.space	3
 100 0048 00000000 		.word	USBFS_1_DEVICE0_CONFIGURATION0_EP_SETTINGS_TABLE
 101 004c 00       		.byte	0
 102 004d 000000   		.space	3
 103 0050 00000000 		.word	0
 104 0054 00       		.byte	0
 105 0055 000000   		.space	3
 106 0058 00000000 		.word	USBFS_1_DEVICE0_CONFIGURATION0_INTERFACE_CLASS
 107              		.global	USBFS_1_DEVICE0_TABLE
 108              		.align	2
 109              		.type	USBFS_1_DEVICE0_TABLE, %object
 110              		.size	USBFS_1_DEVICE0_TABLE, 24
 111              	USBFS_1_DEVICE0_TABLE:
 112 005c 01       		.byte	1
 113 005d 000000   		.space	3
 114 0060 00000000 		.word	USBFS_1_DEVICE0_DESCR
ARM GAS  C:\Users\Rolando\AppData\Local\Temp\ccvCi6Af.s 			page 3


 115 0064 00       		.byte	0
 116 0065 000000   		.space	3
 117 0068 00000000 		.word	0
 118 006c 01       		.byte	1
 119 006d 000000   		.space	3
 120 0070 00000000 		.word	USBFS_1_DEVICE0_CONFIGURATION0_TABLE
 121              		.global	USBFS_1_TABLE
 122              		.align	2
 123              		.type	USBFS_1_TABLE, %object
 124              		.size	USBFS_1_TABLE, 8
 125              	USBFS_1_TABLE:
 126 0074 01       		.byte	1
 127 0075 000000   		.space	3
 128 0078 00000000 		.word	USBFS_1_DEVICE0_TABLE
 129              		.text
 130              	.Letext0:
 131              		.file 1 ".\\Generated_Source\\PSoC5\\cytypes.h"
 132              		.file 2 ".\\Generated_Source\\PSoC5\\USBFS_1.h"
 133              		.file 3 ".\\Generated_Source\\PSoC5\\USBFS_1_descr.c"
 134              		.section	.debug_info,"",%progbits
 135              	.Ldebug_info0:
 136 0000 29020000 		.4byte	0x229
 137 0004 0400     		.2byte	0x4
 138 0006 00000000 		.4byte	.Ldebug_abbrev0
 139 000a 04       		.byte	0x4
 140 000b 01       		.uleb128 0x1
 141 000c CE000000 		.4byte	.LASF31
 142 0010 01       		.byte	0x1
 143 0011 AD020000 		.4byte	.LASF32
 144 0015 EA010000 		.4byte	.LASF33
 145 0019 00000000 		.4byte	.Ldebug_line0
 146 001d 02       		.uleb128 0x2
 147 001e 01       		.byte	0x1
 148 001f 06       		.byte	0x6
 149 0020 52000000 		.4byte	.LASF0
 150 0024 02       		.uleb128 0x2
 151 0025 01       		.byte	0x1
 152 0026 08       		.byte	0x8
 153 0027 6C000000 		.4byte	.LASF1
 154 002b 02       		.uleb128 0x2
 155 002c 02       		.byte	0x2
 156 002d 05       		.byte	0x5
 157 002e 64020000 		.4byte	.LASF2
 158 0032 02       		.uleb128 0x2
 159 0033 02       		.byte	0x2
 160 0034 07       		.byte	0x7
 161 0035 09000000 		.4byte	.LASF3
 162 0039 02       		.uleb128 0x2
 163 003a 04       		.byte	0x4
 164 003b 05       		.byte	0x5
 165 003c 00000000 		.4byte	.LASF4
 166 0040 02       		.uleb128 0x2
 167 0041 04       		.byte	0x4
 168 0042 07       		.byte	0x7
 169 0043 85000000 		.4byte	.LASF5
 170 0047 02       		.uleb128 0x2
 171 0048 08       		.byte	0x8
ARM GAS  C:\Users\Rolando\AppData\Local\Temp\ccvCi6Af.s 			page 4


 172 0049 05       		.byte	0x5
 173 004a 46020000 		.4byte	.LASF6
 174 004e 02       		.uleb128 0x2
 175 004f 08       		.byte	0x8
 176 0050 07       		.byte	0x7
 177 0051 CC010000 		.4byte	.LASF7
 178 0055 03       		.uleb128 0x3
 179 0056 04       		.byte	0x4
 180 0057 05       		.byte	0x5
 181 0058 696E7400 		.ascii	"int\000"
 182 005c 02       		.uleb128 0x2
 183 005d 04       		.byte	0x4
 184 005e 07       		.byte	0x7
 185 005f 9B010000 		.4byte	.LASF8
 186 0063 04       		.uleb128 0x4
 187 0064 6E020000 		.4byte	.LASF9
 188 0068 01       		.byte	0x1
 189 0069 5B       		.byte	0x5b
 190 006a 24000000 		.4byte	0x24
 191 006e 04       		.uleb128 0x4
 192 006f 63010000 		.4byte	.LASF10
 193 0073 01       		.byte	0x1
 194 0074 5C       		.byte	0x5c
 195 0075 32000000 		.4byte	0x32
 196 0079 02       		.uleb128 0x2
 197 007a 04       		.byte	0x4
 198 007b 04       		.byte	0x4
 199 007c 41000000 		.4byte	.LASF11
 200 0080 02       		.uleb128 0x2
 201 0081 08       		.byte	0x8
 202 0082 04       		.byte	0x4
 203 0083 5C010000 		.4byte	.LASF12
 204 0087 02       		.uleb128 0x2
 205 0088 01       		.byte	0x1
 206 0089 08       		.byte	0x8
 207 008a 54020000 		.4byte	.LASF13
 208 008e 02       		.uleb128 0x2
 209 008f 04       		.byte	0x4
 210 0090 07       		.byte	0x7
 211 0091 3D020000 		.4byte	.LASF14
 212 0095 05       		.uleb128 0x5
 213 0096 08       		.byte	0x8
 214 0097 02       		.byte	0x2
 215 0098 95       		.byte	0x95
 216 0099 E6000000 		.4byte	0xe6
 217 009d 06       		.uleb128 0x6
 218 009e 74020000 		.4byte	.LASF15
 219 00a2 02       		.byte	0x2
 220 00a3 97       		.byte	0x97
 221 00a4 63000000 		.4byte	0x63
 222 00a8 00       		.byte	0
 223 00a9 06       		.uleb128 0x6
 224 00aa 47000000 		.4byte	.LASF16
 225 00ae 02       		.byte	0x2
 226 00af 98       		.byte	0x98
 227 00b0 63000000 		.4byte	0x63
 228 00b4 01       		.byte	0x1
ARM GAS  C:\Users\Rolando\AppData\Local\Temp\ccvCi6Af.s 			page 5


 229 00b5 06       		.uleb128 0x6
 230 00b6 97000000 		.4byte	.LASF17
 231 00ba 02       		.byte	0x2
 232 00bb 99       		.byte	0x99
 233 00bc 63000000 		.4byte	0x63
 234 00c0 02       		.byte	0x2
 235 00c1 06       		.uleb128 0x6
 236 00c2 7A000000 		.4byte	.LASF18
 237 00c6 02       		.byte	0x2
 238 00c7 9A       		.byte	0x9a
 239 00c8 63000000 		.4byte	0x63
 240 00cc 03       		.byte	0x3
 241 00cd 06       		.uleb128 0x6
 242 00ce 59020000 		.4byte	.LASF19
 243 00d2 02       		.byte	0x2
 244 00d3 9B       		.byte	0x9b
 245 00d4 6E000000 		.4byte	0x6e
 246 00d8 04       		.byte	0x4
 247 00d9 06       		.uleb128 0x6
 248 00da FB020000 		.4byte	.LASF20
 249 00de 02       		.byte	0x2
 250 00df 9C       		.byte	0x9c
 251 00e0 63000000 		.4byte	0x63
 252 00e4 06       		.byte	0x6
 253 00e5 00       		.byte	0
 254 00e6 04       		.uleb128 0x4
 255 00e7 B2000000 		.4byte	.LASF21
 256 00eb 02       		.byte	0x2
 257 00ec 9D       		.byte	0x9d
 258 00ed 95000000 		.4byte	0x95
 259 00f1 05       		.uleb128 0x5
 260 00f2 08       		.byte	0x8
 261 00f3 02       		.byte	0x2
 262 00f4 AC       		.byte	0xac
 263 00f5 10010000 		.4byte	0x110
 264 00f9 07       		.uleb128 0x7
 265 00fa 6300     		.ascii	"c\000"
 266 00fc 02       		.byte	0x2
 267 00fd AE       		.byte	0xae
 268 00fe 63000000 		.4byte	0x63
 269 0102 00       		.byte	0
 270 0103 06       		.uleb128 0x6
 271 0104 E3010000 		.4byte	.LASF22
 272 0108 02       		.byte	0x2
 273 0109 AF       		.byte	0xaf
 274 010a 10010000 		.4byte	0x110
 275 010e 04       		.byte	0x4
 276 010f 00       		.byte	0
 277 0110 08       		.uleb128 0x8
 278 0111 04       		.byte	0x4
 279 0112 16010000 		.4byte	0x116
 280 0116 09       		.uleb128 0x9
 281 0117 04       		.uleb128 0x4
 282 0118 A8010000 		.4byte	.LASF23
 283 011c 02       		.byte	0x2
 284 011d B0       		.byte	0xb0
 285 011e F1000000 		.4byte	0xf1
ARM GAS  C:\Users\Rolando\AppData\Local\Temp\ccvCi6Af.s 			page 6


 286 0122 0A       		.uleb128 0xa
 287 0123 63000000 		.4byte	0x63
 288 0127 32010000 		.4byte	0x132
 289 012b 0B       		.uleb128 0xb
 290 012c 8E000000 		.4byte	0x8e
 291 0130 11       		.byte	0x11
 292 0131 00       		.byte	0
 293 0132 0C       		.uleb128 0xc
 294 0133 B6010000 		.4byte	.LASF24
 295 0137 03       		.byte	0x3
 296 0138 24       		.byte	0x24
 297 0139 43010000 		.4byte	0x143
 298 013d 05       		.uleb128 0x5
 299 013e 03       		.byte	0x3
 300 013f 00000000 		.4byte	USBFS_1_DEVICE0_DESCR
 301 0143 0D       		.uleb128 0xd
 302 0144 22010000 		.4byte	0x122
 303 0148 0A       		.uleb128 0xa
 304 0149 63000000 		.4byte	0x63
 305 014d 58010000 		.4byte	0x158
 306 0151 0B       		.uleb128 0xb
 307 0152 8E000000 		.4byte	0x8e
 308 0156 18       		.byte	0x18
 309 0157 00       		.byte	0
 310 0158 0C       		.uleb128 0xc
 311 0159 1C000000 		.4byte	.LASF25
 312 015d 03       		.byte	0x3
 313 015e 37       		.byte	0x37
 314 015f 69010000 		.4byte	0x169
 315 0163 05       		.uleb128 0x5
 316 0164 03       		.byte	0x3
 317 0165 00000000 		.4byte	USBFS_1_DEVICE0_CONFIGURATION0_DESCR
 318 0169 0D       		.uleb128 0xd
 319 016a 48010000 		.4byte	0x148
 320 016e 0A       		.uleb128 0xa
 321 016f E6000000 		.4byte	0xe6
 322 0173 7E010000 		.4byte	0x17e
 323 0177 0B       		.uleb128 0xb
 324 0178 8E000000 		.4byte	0x8e
 325 017c 00       		.byte	0
 326 017d 00       		.byte	0
 327 017e 0C       		.uleb128 0xc
 328 017f 6A010000 		.4byte	.LASF26
 329 0183 03       		.byte	0x3
 330 0184 62       		.byte	0x62
 331 0185 8F010000 		.4byte	0x18f
 332 0189 05       		.uleb128 0x5
 333 018a 03       		.byte	0x3
 334 018b 00000000 		.4byte	USBFS_1_DEVICE0_CONFIGURATION0_EP_SETTINGS_TABLE
 335 018f 0D       		.uleb128 0xd
 336 0190 6E010000 		.4byte	0x16e
 337 0194 0A       		.uleb128 0xa
 338 0195 63000000 		.4byte	0x63
 339 0199 A4010000 		.4byte	0x1a4
 340 019d 0B       		.uleb128 0xb
 341 019e 8E000000 		.4byte	0x8e
 342 01a2 00       		.byte	0
ARM GAS  C:\Users\Rolando\AppData\Local\Temp\ccvCi6Af.s 			page 7


 343 01a3 00       		.byte	0
 344 01a4 0C       		.uleb128 0xc
 345 01a5 7E020000 		.4byte	.LASF27
 346 01a9 03       		.byte	0x3
 347 01aa 66       		.byte	0x66
 348 01ab B5010000 		.4byte	0x1b5
 349 01af 05       		.uleb128 0x5
 350 01b0 03       		.byte	0x3
 351 01b1 00000000 		.4byte	USBFS_1_DEVICE0_CONFIGURATION0_INTERFACE_CLASS
 352 01b5 0D       		.uleb128 0xd
 353 01b6 94010000 		.4byte	0x194
 354 01ba 0A       		.uleb128 0xa
 355 01bb 17010000 		.4byte	0x117
 356 01bf CA010000 		.4byte	0x1ca
 357 01c3 0B       		.uleb128 0xb
 358 01c4 8E000000 		.4byte	0x8e
 359 01c8 03       		.byte	0x3
 360 01c9 00       		.byte	0
 361 01ca 0C       		.uleb128 0xc
 362 01cb D6020000 		.4byte	.LASF28
 363 01cf 03       		.byte	0x3
 364 01d0 6E       		.byte	0x6e
 365 01d1 DB010000 		.4byte	0x1db
 366 01d5 05       		.uleb128 0x5
 367 01d6 03       		.byte	0x3
 368 01d7 00000000 		.4byte	USBFS_1_DEVICE0_CONFIGURATION0_TABLE
 369 01db 0D       		.uleb128 0xd
 370 01dc BA010000 		.4byte	0x1ba
 371 01e0 0A       		.uleb128 0xa
 372 01e1 17010000 		.4byte	0x117
 373 01e5 F0010000 		.4byte	0x1f0
 374 01e9 0B       		.uleb128 0xb
 375 01ea 8E000000 		.4byte	0x8e
 376 01ee 02       		.byte	0x2
 377 01ef 00       		.byte	0
 378 01f0 0C       		.uleb128 0xc
 379 01f1 9C000000 		.4byte	.LASF29
 380 01f5 03       		.byte	0x3
 381 01f6 78       		.byte	0x78
 382 01f7 01020000 		.4byte	0x201
 383 01fb 05       		.uleb128 0x5
 384 01fc 03       		.byte	0x3
 385 01fd 00000000 		.4byte	USBFS_1_DEVICE0_TABLE
 386 0201 0D       		.uleb128 0xd
 387 0202 E0010000 		.4byte	0x1e0
 388 0206 0A       		.uleb128 0xa
 389 0207 17010000 		.4byte	0x117
 390 020b 16020000 		.4byte	0x216
 391 020f 0B       		.uleb128 0xb
 392 0210 8E000000 		.4byte	0x8e
 393 0214 00       		.byte	0
 394 0215 00       		.byte	0
 395 0216 0C       		.uleb128 0xc
 396 0217 5E000000 		.4byte	.LASF30
 397 021b 03       		.byte	0x3
 398 021c 80       		.byte	0x80
 399 021d 27020000 		.4byte	0x227
ARM GAS  C:\Users\Rolando\AppData\Local\Temp\ccvCi6Af.s 			page 8


 400 0221 05       		.uleb128 0x5
 401 0222 03       		.byte	0x3
 402 0223 00000000 		.4byte	USBFS_1_TABLE
 403 0227 0D       		.uleb128 0xd
 404 0228 06020000 		.4byte	0x206
 405 022c 00       		.byte	0
 406              		.section	.debug_abbrev,"",%progbits
 407              	.Ldebug_abbrev0:
 408 0000 01       		.uleb128 0x1
 409 0001 11       		.uleb128 0x11
 410 0002 01       		.byte	0x1
 411 0003 25       		.uleb128 0x25
 412 0004 0E       		.uleb128 0xe
 413 0005 13       		.uleb128 0x13
 414 0006 0B       		.uleb128 0xb
 415 0007 03       		.uleb128 0x3
 416 0008 0E       		.uleb128 0xe
 417 0009 1B       		.uleb128 0x1b
 418 000a 0E       		.uleb128 0xe
 419 000b 10       		.uleb128 0x10
 420 000c 17       		.uleb128 0x17
 421 000d 00       		.byte	0
 422 000e 00       		.byte	0
 423 000f 02       		.uleb128 0x2
 424 0010 24       		.uleb128 0x24
 425 0011 00       		.byte	0
 426 0012 0B       		.uleb128 0xb
 427 0013 0B       		.uleb128 0xb
 428 0014 3E       		.uleb128 0x3e
 429 0015 0B       		.uleb128 0xb
 430 0016 03       		.uleb128 0x3
 431 0017 0E       		.uleb128 0xe
 432 0018 00       		.byte	0
 433 0019 00       		.byte	0
 434 001a 03       		.uleb128 0x3
 435 001b 24       		.uleb128 0x24
 436 001c 00       		.byte	0
 437 001d 0B       		.uleb128 0xb
 438 001e 0B       		.uleb128 0xb
 439 001f 3E       		.uleb128 0x3e
 440 0020 0B       		.uleb128 0xb
 441 0021 03       		.uleb128 0x3
 442 0022 08       		.uleb128 0x8
 443 0023 00       		.byte	0
 444 0024 00       		.byte	0
 445 0025 04       		.uleb128 0x4
 446 0026 16       		.uleb128 0x16
 447 0027 00       		.byte	0
 448 0028 03       		.uleb128 0x3
 449 0029 0E       		.uleb128 0xe
 450 002a 3A       		.uleb128 0x3a
 451 002b 0B       		.uleb128 0xb
 452 002c 3B       		.uleb128 0x3b
 453 002d 0B       		.uleb128 0xb
 454 002e 49       		.uleb128 0x49
 455 002f 13       		.uleb128 0x13
 456 0030 00       		.byte	0
ARM GAS  C:\Users\Rolando\AppData\Local\Temp\ccvCi6Af.s 			page 9


 457 0031 00       		.byte	0
 458 0032 05       		.uleb128 0x5
 459 0033 13       		.uleb128 0x13
 460 0034 01       		.byte	0x1
 461 0035 0B       		.uleb128 0xb
 462 0036 0B       		.uleb128 0xb
 463 0037 3A       		.uleb128 0x3a
 464 0038 0B       		.uleb128 0xb
 465 0039 3B       		.uleb128 0x3b
 466 003a 0B       		.uleb128 0xb
 467 003b 01       		.uleb128 0x1
 468 003c 13       		.uleb128 0x13
 469 003d 00       		.byte	0
 470 003e 00       		.byte	0
 471 003f 06       		.uleb128 0x6
 472 0040 0D       		.uleb128 0xd
 473 0041 00       		.byte	0
 474 0042 03       		.uleb128 0x3
 475 0043 0E       		.uleb128 0xe
 476 0044 3A       		.uleb128 0x3a
 477 0045 0B       		.uleb128 0xb
 478 0046 3B       		.uleb128 0x3b
 479 0047 0B       		.uleb128 0xb
 480 0048 49       		.uleb128 0x49
 481 0049 13       		.uleb128 0x13
 482 004a 38       		.uleb128 0x38
 483 004b 0B       		.uleb128 0xb
 484 004c 00       		.byte	0
 485 004d 00       		.byte	0
 486 004e 07       		.uleb128 0x7
 487 004f 0D       		.uleb128 0xd
 488 0050 00       		.byte	0
 489 0051 03       		.uleb128 0x3
 490 0052 08       		.uleb128 0x8
 491 0053 3A       		.uleb128 0x3a
 492 0054 0B       		.uleb128 0xb
 493 0055 3B       		.uleb128 0x3b
 494 0056 0B       		.uleb128 0xb
 495 0057 49       		.uleb128 0x49
 496 0058 13       		.uleb128 0x13
 497 0059 38       		.uleb128 0x38
 498 005a 0B       		.uleb128 0xb
 499 005b 00       		.byte	0
 500 005c 00       		.byte	0
 501 005d 08       		.uleb128 0x8
 502 005e 0F       		.uleb128 0xf
 503 005f 00       		.byte	0
 504 0060 0B       		.uleb128 0xb
 505 0061 0B       		.uleb128 0xb
 506 0062 49       		.uleb128 0x49
 507 0063 13       		.uleb128 0x13
 508 0064 00       		.byte	0
 509 0065 00       		.byte	0
 510 0066 09       		.uleb128 0x9
 511 0067 26       		.uleb128 0x26
 512 0068 00       		.byte	0
 513 0069 00       		.byte	0
ARM GAS  C:\Users\Rolando\AppData\Local\Temp\ccvCi6Af.s 			page 10


 514 006a 00       		.byte	0
 515 006b 0A       		.uleb128 0xa
 516 006c 01       		.uleb128 0x1
 517 006d 01       		.byte	0x1
 518 006e 49       		.uleb128 0x49
 519 006f 13       		.uleb128 0x13
 520 0070 01       		.uleb128 0x1
 521 0071 13       		.uleb128 0x13
 522 0072 00       		.byte	0
 523 0073 00       		.byte	0
 524 0074 0B       		.uleb128 0xb
 525 0075 21       		.uleb128 0x21
 526 0076 00       		.byte	0
 527 0077 49       		.uleb128 0x49
 528 0078 13       		.uleb128 0x13
 529 0079 2F       		.uleb128 0x2f
 530 007a 0B       		.uleb128 0xb
 531 007b 00       		.byte	0
 532 007c 00       		.byte	0
 533 007d 0C       		.uleb128 0xc
 534 007e 34       		.uleb128 0x34
 535 007f 00       		.byte	0
 536 0080 03       		.uleb128 0x3
 537 0081 0E       		.uleb128 0xe
 538 0082 3A       		.uleb128 0x3a
 539 0083 0B       		.uleb128 0xb
 540 0084 3B       		.uleb128 0x3b
 541 0085 0B       		.uleb128 0xb
 542 0086 49       		.uleb128 0x49
 543 0087 13       		.uleb128 0x13
 544 0088 3F       		.uleb128 0x3f
 545 0089 19       		.uleb128 0x19
 546 008a 02       		.uleb128 0x2
 547 008b 18       		.uleb128 0x18
 548 008c 00       		.byte	0
 549 008d 00       		.byte	0
 550 008e 0D       		.uleb128 0xd
 551 008f 26       		.uleb128 0x26
 552 0090 00       		.byte	0
 553 0091 49       		.uleb128 0x49
 554 0092 13       		.uleb128 0x13
 555 0093 00       		.byte	0
 556 0094 00       		.byte	0
 557 0095 00       		.byte	0
 558              		.section	.debug_aranges,"",%progbits
 559 0000 14000000 		.4byte	0x14
 560 0004 0200     		.2byte	0x2
 561 0006 00000000 		.4byte	.Ldebug_info0
 562 000a 04       		.byte	0x4
 563 000b 00       		.byte	0
 564 000c 0000     		.2byte	0
 565 000e 0000     		.2byte	0
 566 0010 00000000 		.4byte	0
 567 0014 00000000 		.4byte	0
 568              		.section	.debug_line,"",%progbits
 569              	.Ldebug_line0:
 570 0000 5F000000 		.section	.debug_str,"MS",%progbits,1
ARM GAS  C:\Users\Rolando\AppData\Local\Temp\ccvCi6Af.s 			page 11


 570      02005900 
 570      00000201 
 570      FB0E0D00 
 570      01010101 
 571              	.LASF4:
 572 0000 6C6F6E67 		.ascii	"long int\000"
 572      20696E74 
 572      00
 573              	.LASF3:
 574 0009 73686F72 		.ascii	"short unsigned int\000"
 574      7420756E 
 574      7369676E 
 574      65642069 
 574      6E7400
 575              	.LASF25:
 576 001c 55534246 		.ascii	"USBFS_1_DEVICE0_CONFIGURATION0_DESCR\000"
 576      535F315F 
 576      44455649 
 576      4345305F 
 576      434F4E46 
 577              	.LASF11:
 578 0041 666C6F61 		.ascii	"float\000"
 578      7400
 579              	.LASF16:
 580 0047 616C7453 		.ascii	"altSetting\000"
 580      65747469 
 580      6E6700
 581              	.LASF0:
 582 0052 7369676E 		.ascii	"signed char\000"
 582      65642063 
 582      68617200 
 583              	.LASF30:
 584 005e 55534246 		.ascii	"USBFS_1_TABLE\000"
 584      535F315F 
 584      5441424C 
 584      4500
 585              	.LASF1:
 586 006c 756E7369 		.ascii	"unsigned char\000"
 586      676E6564 
 586      20636861 
 586      7200
 587              	.LASF18:
 588 007a 61747472 		.ascii	"attributes\000"
 588      69627574 
 588      657300
 589              	.LASF5:
 590 0085 6C6F6E67 		.ascii	"long unsigned int\000"
 590      20756E73 
 590      69676E65 
 590      6420696E 
 590      7400
 591              	.LASF17:
 592 0097 61646472 		.ascii	"addr\000"
 592      00
 593              	.LASF29:
 594 009c 55534246 		.ascii	"USBFS_1_DEVICE0_TABLE\000"
 594      535F315F 
ARM GAS  C:\Users\Rolando\AppData\Local\Temp\ccvCi6Af.s 			page 12


 594      44455649 
 594      4345305F 
 594      5441424C 
 595              	.LASF21:
 596 00b2 545F5553 		.ascii	"T_USBFS_1_EP_SETTINGS_BLOCK\000"
 596      4246535F 
 596      315F4550 
 596      5F534554 
 596      54494E47 
 597              	.LASF31:
 598 00ce 474E5520 		.ascii	"GNU C 4.9.3 20150303 (release) [ARM/embedded-4_9-br"
 598      4320342E 
 598      392E3320 
 598      32303135 
 598      30333033 
 599 0101 616E6368 		.ascii	"anch revision 221220] -mcpu=cortex-m3 -mthumb -g -O"
 599      20726576 
 599      6973696F 
 599      6E203232 
 599      31323230 
 600 0134 30202D66 		.ascii	"0 -ffunction-sections -ffat-lto-objects\000"
 600      66756E63 
 600      74696F6E 
 600      2D736563 
 600      74696F6E 
 601              	.LASF12:
 602 015c 646F7562 		.ascii	"double\000"
 602      6C6500
 603              	.LASF10:
 604 0163 75696E74 		.ascii	"uint16\000"
 604      313600
 605              	.LASF26:
 606 016a 55534246 		.ascii	"USBFS_1_DEVICE0_CONFIGURATION0_EP_SETTINGS_TABLE\000"
 606      535F315F 
 606      44455649 
 606      4345305F 
 606      434F4E46 
 607              	.LASF8:
 608 019b 756E7369 		.ascii	"unsigned int\000"
 608      676E6564 
 608      20696E74 
 608      00
 609              	.LASF23:
 610 01a8 545F5553 		.ascii	"T_USBFS_1_LUT\000"
 610      4246535F 
 610      315F4C55 
 610      5400
 611              	.LASF24:
 612 01b6 55534246 		.ascii	"USBFS_1_DEVICE0_DESCR\000"
 612      535F315F 
 612      44455649 
 612      4345305F 
 612      44455343 
 613              	.LASF7:
 614 01cc 6C6F6E67 		.ascii	"long long unsigned int\000"
 614      206C6F6E 
 614      6720756E 
ARM GAS  C:\Users\Rolando\AppData\Local\Temp\ccvCi6Af.s 			page 13


 614      7369676E 
 614      65642069 
 615              	.LASF22:
 616 01e3 705F6C69 		.ascii	"p_list\000"
 616      737400
 617              	.LASF33:
 618 01ea 473A5C44 		.ascii	"G:\\Documentos\\PSoC Creator\\VoltageDisplay_DelSig"
 618      6F63756D 
 618      656E746F 
 618      735C5053 
 618      6F432043 
 619 021a 4144435C 		.ascii	"ADC\\VoltageDisplay_DelSigADC.cydsn\000"
 619      566F6C74 
 619      61676544 
 619      6973706C 
 619      61795F44 
 620              	.LASF14:
 621 023d 73697A65 		.ascii	"sizetype\000"
 621      74797065 
 621      00
 622              	.LASF6:
 623 0246 6C6F6E67 		.ascii	"long long int\000"
 623      206C6F6E 
 623      6720696E 
 623      7400
 624              	.LASF13:
 625 0254 63686172 		.ascii	"char\000"
 625      00
 626              	.LASF19:
 627 0259 62756666 		.ascii	"bufferSize\000"
 627      65725369 
 627      7A6500
 628              	.LASF2:
 629 0264 73686F72 		.ascii	"short int\000"
 629      7420696E 
 629      7400
 630              	.LASF9:
 631 026e 75696E74 		.ascii	"uint8\000"
 631      3800
 632              	.LASF15:
 633 0274 696E7465 		.ascii	"interface\000"
 633      72666163 
 633      6500
 634              	.LASF27:
 635 027e 55534246 		.ascii	"USBFS_1_DEVICE0_CONFIGURATION0_INTERFACE_CLASS\000"
 635      535F315F 
 635      44455649 
 635      4345305F 
 635      434F4E46 
 636              	.LASF32:
 637 02ad 2E5C4765 		.ascii	".\\Generated_Source\\PSoC5\\USBFS_1_descr.c\000"
 637      6E657261 
 637      7465645F 
 637      536F7572 
 637      63655C50 
 638              	.LASF28:
 639 02d6 55534246 		.ascii	"USBFS_1_DEVICE0_CONFIGURATION0_TABLE\000"
ARM GAS  C:\Users\Rolando\AppData\Local\Temp\ccvCi6Af.s 			page 14


 639      535F315F 
 639      44455649 
 639      4345305F 
 639      434F4E46 
 640              	.LASF20:
 641 02fb 624D6973 		.ascii	"bMisc\000"
 641      6300
 642              		.ident	"GCC: (GNU Tools for ARM Embedded Processors) 4.9.3 20150303 (release) [ARM/embedded-4_9-br
