ARM GAS  C:\Users\Rolando\AppData\Local\Temp\ccpcbBsg.s 			page 1


   1              		.syntax unified
   2              		.cpu cortex-m3
   3              		.fpu softvfp
   4              		.eabi_attribute 20, 1
   5              		.eabi_attribute 21, 1
   6              		.eabi_attribute 23, 3
   7              		.eabi_attribute 24, 1
   8              		.eabi_attribute 25, 1
   9              		.eabi_attribute 26, 1
  10              		.eabi_attribute 30, 6
  11              		.eabi_attribute 34, 1
  12              		.eabi_attribute 18, 4
  13              		.thumb
  14              		.file	"USBFS_1_msc.c"
  15              		.text
  16              	.Ltext0:
  17              		.cfi_sections	.debug_frame
  18              		.bss
  19              	USBFS_1_lunCount:
  20 0000 00       		.space	1
  21              		.section	.text.USBFS_1_DispatchMSCClassRqst,"ax",%progbits
  22              		.align	2
  23              		.global	USBFS_1_DispatchMSCClassRqst
  24              		.thumb
  25              		.thumb_func
  26              		.type	USBFS_1_DispatchMSCClassRqst, %function
  27              	USBFS_1_DispatchMSCClassRqst:
  28              	.LFB0:
  29              		.file 1 ".\\Generated_Source\\PSoC5\\USBFS_1_msc.c"
   1:.\Generated_Source\PSoC5/USBFS_1_msc.c **** /***************************************************************************//**
   2:.\Generated_Source\PSoC5/USBFS_1_msc.c **** * \file USBFS_1_cdc.c
   3:.\Generated_Source\PSoC5/USBFS_1_msc.c **** * \version 3.0
   4:.\Generated_Source\PSoC5/USBFS_1_msc.c **** *
   5:.\Generated_Source\PSoC5/USBFS_1_msc.c **** * \brief
   6:.\Generated_Source\PSoC5/USBFS_1_msc.c **** *  This file contains the USB MSC Class request handler and global API for MSC 
   7:.\Generated_Source\PSoC5/USBFS_1_msc.c **** *  class.
   8:.\Generated_Source\PSoC5/USBFS_1_msc.c **** *
   9:.\Generated_Source\PSoC5/USBFS_1_msc.c **** * Related Document:
  10:.\Generated_Source\PSoC5/USBFS_1_msc.c **** *  Universal Serial Bus Class Definitions for Communication Devices Version 1.1
  11:.\Generated_Source\PSoC5/USBFS_1_msc.c **** *
  12:.\Generated_Source\PSoC5/USBFS_1_msc.c **** ********************************************************************************
  13:.\Generated_Source\PSoC5/USBFS_1_msc.c **** * \copyright
  14:.\Generated_Source\PSoC5/USBFS_1_msc.c **** * Copyright 2012-2015, Cypress Semiconductor Corporation.  All rights reserved.
  15:.\Generated_Source\PSoC5/USBFS_1_msc.c **** * You may use this file only in accordance with the license, terms, conditions,
  16:.\Generated_Source\PSoC5/USBFS_1_msc.c **** * disclaimers, and limitations in the end user license agreement accompanying
  17:.\Generated_Source\PSoC5/USBFS_1_msc.c **** * the software package with which this file was provided.
  18:.\Generated_Source\PSoC5/USBFS_1_msc.c **** *******************************************************************************/
  19:.\Generated_Source\PSoC5/USBFS_1_msc.c **** 
  20:.\Generated_Source\PSoC5/USBFS_1_msc.c **** #include "USBFS_1_msc.h"
  21:.\Generated_Source\PSoC5/USBFS_1_msc.c **** #include "USBFS_1_pvt.h"
  22:.\Generated_Source\PSoC5/USBFS_1_msc.c **** 
  23:.\Generated_Source\PSoC5/USBFS_1_msc.c **** 
  24:.\Generated_Source\PSoC5/USBFS_1_msc.c **** #if (USBFS_1_HANDLE_MSC_REQUESTS)
  25:.\Generated_Source\PSoC5/USBFS_1_msc.c **** 
  26:.\Generated_Source\PSoC5/USBFS_1_msc.c **** /***************************************
  27:.\Generated_Source\PSoC5/USBFS_1_msc.c **** *          Internal variables
  28:.\Generated_Source\PSoC5/USBFS_1_msc.c **** ***************************************/
ARM GAS  C:\Users\Rolando\AppData\Local\Temp\ccpcbBsg.s 			page 2


  29:.\Generated_Source\PSoC5/USBFS_1_msc.c **** 
  30:.\Generated_Source\PSoC5/USBFS_1_msc.c **** static uint8 USBFS_1_lunCount = USBFS_1_MSC_LUN_NUMBER;
  31:.\Generated_Source\PSoC5/USBFS_1_msc.c **** 
  32:.\Generated_Source\PSoC5/USBFS_1_msc.c **** 
  33:.\Generated_Source\PSoC5/USBFS_1_msc.c **** /*******************************************************************************
  34:.\Generated_Source\PSoC5/USBFS_1_msc.c **** * Function Name: USBFS_1_DispatchMSCClassRqst
  35:.\Generated_Source\PSoC5/USBFS_1_msc.c **** ****************************************************************************//**
  36:.\Generated_Source\PSoC5/USBFS_1_msc.c **** *   
  37:.\Generated_Source\PSoC5/USBFS_1_msc.c **** *  \internal 
  38:.\Generated_Source\PSoC5/USBFS_1_msc.c **** *  This routine dispatches MSC class requests.
  39:.\Generated_Source\PSoC5/USBFS_1_msc.c **** *
  40:.\Generated_Source\PSoC5/USBFS_1_msc.c **** * \return
  41:.\Generated_Source\PSoC5/USBFS_1_msc.c **** *  Status of request processing: handled or not handled.
  42:.\Generated_Source\PSoC5/USBFS_1_msc.c **** *
  43:.\Generated_Source\PSoC5/USBFS_1_msc.c **** * \globalvars
  44:.\Generated_Source\PSoC5/USBFS_1_msc.c **** *  USBFS_1_lunCount - stores number of LUN (logical units).
  45:.\Generated_Source\PSoC5/USBFS_1_msc.c **** *
  46:.\Generated_Source\PSoC5/USBFS_1_msc.c **** * \reentrant
  47:.\Generated_Source\PSoC5/USBFS_1_msc.c **** *  No.
  48:.\Generated_Source\PSoC5/USBFS_1_msc.c **** *
  49:.\Generated_Source\PSoC5/USBFS_1_msc.c **** *******************************************************************************/
  50:.\Generated_Source\PSoC5/USBFS_1_msc.c **** uint8 USBFS_1_DispatchMSCClassRqst(void) 
  51:.\Generated_Source\PSoC5/USBFS_1_msc.c **** {
  30              		.loc 1 51 0
  31              		.cfi_startproc
  32              		@ args = 0, pretend = 0, frame = 8
  33              		@ frame_needed = 1, uses_anonymous_args = 0
  34 0000 80B5     		push	{r7, lr}
  35              		.cfi_def_cfa_offset 8
  36              		.cfi_offset 7, -8
  37              		.cfi_offset 14, -4
  38 0002 82B0     		sub	sp, sp, #8
  39              		.cfi_def_cfa_offset 16
  40 0004 00AF     		add	r7, sp, #0
  41              		.cfi_def_cfa_register 7
  52:.\Generated_Source\PSoC5/USBFS_1_msc.c ****     uint8 requestHandled = USBFS_1_FALSE;
  42              		.loc 1 52 0
  43 0006 0023     		movs	r3, #0
  44 0008 FB71     		strb	r3, [r7, #7]
  53:.\Generated_Source\PSoC5/USBFS_1_msc.c ****     
  54:.\Generated_Source\PSoC5/USBFS_1_msc.c ****     /* Get request data. */
  55:.\Generated_Source\PSoC5/USBFS_1_msc.c ****     uint16 value  = USBFS_1_GET_UINT16(USBFS_1_wValueHiReg,  USBFS_1_wValueLoReg);
  45              		.loc 1 55 0
  46 000a 264B     		ldr	r3, .L6
  47 000c DB78     		ldrb	r3, [r3, #3]
  48 000e DBB2     		uxtb	r3, r3
  49 0010 9BB2     		uxth	r3, r3
  50 0012 1B02     		lsls	r3, r3, #8
  51 0014 9AB2     		uxth	r2, r3
  52 0016 234B     		ldr	r3, .L6
  53 0018 9B78     		ldrb	r3, [r3, #2]
  54 001a DBB2     		uxtb	r3, r3
  55 001c 9BB2     		uxth	r3, r3
  56 001e 1343     		orrs	r3, r3, r2
  57 0020 BB80     		strh	r3, [r7, #4]	@ movhi
  56:.\Generated_Source\PSoC5/USBFS_1_msc.c ****     uint16 dataLength = USBFS_1_GET_UINT16(USBFS_1_wLengthHiReg, USBFS_1_wLengthLoReg);
  58              		.loc 1 56 0
ARM GAS  C:\Users\Rolando\AppData\Local\Temp\ccpcbBsg.s 			page 3


  59 0022 204B     		ldr	r3, .L6
  60 0024 DB79     		ldrb	r3, [r3, #7]
  61 0026 DBB2     		uxtb	r3, r3
  62 0028 9BB2     		uxth	r3, r3
  63 002a 1B02     		lsls	r3, r3, #8
  64 002c 9AB2     		uxth	r2, r3
  65 002e 1D4B     		ldr	r3, .L6
  66 0030 9B79     		ldrb	r3, [r3, #6]
  67 0032 DBB2     		uxtb	r3, r3
  68 0034 9BB2     		uxth	r3, r3
  69 0036 1343     		orrs	r3, r3, r2
  70 0038 7B80     		strh	r3, [r7, #2]	@ movhi
  57:.\Generated_Source\PSoC5/USBFS_1_msc.c ****        
  58:.\Generated_Source\PSoC5/USBFS_1_msc.c ****     /* Check request direction: D2H or H2D. */
  59:.\Generated_Source\PSoC5/USBFS_1_msc.c ****     if (0u != (USBFS_1_bmRequestTypeReg & USBFS_1_RQST_DIR_D2H))
  71              		.loc 1 59 0
  72 003a 1A4B     		ldr	r3, .L6
  73 003c 1B78     		ldrb	r3, [r3]
  74 003e DBB2     		uxtb	r3, r3
  75 0040 DBB2     		uxtb	r3, r3
  76 0042 5BB2     		sxtb	r3, r3
  77 0044 002B     		cmp	r3, #0
  78 0046 15DA     		bge	.L2
  60:.\Generated_Source\PSoC5/USBFS_1_msc.c ****     {
  61:.\Generated_Source\PSoC5/USBFS_1_msc.c ****         /* Handle direction from device to host. */
  62:.\Generated_Source\PSoC5/USBFS_1_msc.c ****         
  63:.\Generated_Source\PSoC5/USBFS_1_msc.c ****         if (USBFS_1_MSC_GET_MAX_LUN == USBFS_1_bRequestReg)
  79              		.loc 1 63 0
  80 0048 164B     		ldr	r3, .L6
  81 004a 5B78     		ldrb	r3, [r3, #1]
  82 004c DBB2     		uxtb	r3, r3
  83 004e FE2B     		cmp	r3, #254
  84 0050 22D1     		bne	.L4
  64:.\Generated_Source\PSoC5/USBFS_1_msc.c ****         {
  65:.\Generated_Source\PSoC5/USBFS_1_msc.c ****             /* Check request fields. */
  66:.\Generated_Source\PSoC5/USBFS_1_msc.c ****             if ((value  == USBFS_1_MSC_GET_MAX_LUN_WVALUE) &&
  85              		.loc 1 66 0
  86 0052 BB88     		ldrh	r3, [r7, #4]
  87 0054 002B     		cmp	r3, #0
  88 0056 1FD1     		bne	.L4
  89              		.loc 1 66 0 is_stmt 0 discriminator 1
  90 0058 7B88     		ldrh	r3, [r7, #2]
  91 005a 012B     		cmp	r3, #1
  92 005c 1CD1     		bne	.L4
  67:.\Generated_Source\PSoC5/USBFS_1_msc.c ****                 (dataLength == USBFS_1_MSC_GET_MAX_LUN_WLENGTH))
  68:.\Generated_Source\PSoC5/USBFS_1_msc.c ****             {
  69:.\Generated_Source\PSoC5/USBFS_1_msc.c ****                 /* Reply to Get Max LUN request: setup control read. */
  70:.\Generated_Source\PSoC5/USBFS_1_msc.c ****                 USBFS_1_currentTD.pData = &USBFS_1_lunCount;
  93              		.loc 1 70 0 is_stmt 1
  94 005e 124B     		ldr	r3, .L6+4
  95 0060 124A     		ldr	r2, .L6+8
  96 0062 5A60     		str	r2, [r3, #4]
  71:.\Generated_Source\PSoC5/USBFS_1_msc.c ****                 USBFS_1_currentTD.count =  USBFS_1_MSC_GET_MAX_LUN_WLENGTH;
  97              		.loc 1 71 0
  98 0064 104B     		ldr	r3, .L6+4
  99 0066 0122     		movs	r2, #1
 100 0068 1A80     		strh	r2, [r3]	@ movhi
ARM GAS  C:\Users\Rolando\AppData\Local\Temp\ccpcbBsg.s 			page 4


  72:.\Generated_Source\PSoC5/USBFS_1_msc.c ****                 
  73:.\Generated_Source\PSoC5/USBFS_1_msc.c ****                 requestHandled  = USBFS_1_InitControlRead();
 101              		.loc 1 73 0
 102 006a FFF7FEFF 		bl	USBFS_1_InitControlRead
 103 006e 0346     		mov	r3, r0
 104 0070 FB71     		strb	r3, [r7, #7]
 105 0072 11E0     		b	.L4
 106              	.L2:
  74:.\Generated_Source\PSoC5/USBFS_1_msc.c ****             }
  75:.\Generated_Source\PSoC5/USBFS_1_msc.c ****         }
  76:.\Generated_Source\PSoC5/USBFS_1_msc.c ****     }
  77:.\Generated_Source\PSoC5/USBFS_1_msc.c ****     else
  78:.\Generated_Source\PSoC5/USBFS_1_msc.c ****     {
  79:.\Generated_Source\PSoC5/USBFS_1_msc.c ****         /* Handle direction from host to device. */
  80:.\Generated_Source\PSoC5/USBFS_1_msc.c ****         
  81:.\Generated_Source\PSoC5/USBFS_1_msc.c ****         if (USBFS_1_MSC_RESET == USBFS_1_bRequestReg)
 107              		.loc 1 81 0
 108 0074 0B4B     		ldr	r3, .L6
 109 0076 5B78     		ldrb	r3, [r3, #1]
 110 0078 DBB2     		uxtb	r3, r3
 111 007a FF2B     		cmp	r3, #255
 112 007c 0CD1     		bne	.L4
  82:.\Generated_Source\PSoC5/USBFS_1_msc.c ****         {
  83:.\Generated_Source\PSoC5/USBFS_1_msc.c ****             /* Check request fields. */
  84:.\Generated_Source\PSoC5/USBFS_1_msc.c ****             if ((value  == USBFS_1_MSC_RESET_WVALUE) &&
 113              		.loc 1 84 0
 114 007e BB88     		ldrh	r3, [r7, #4]
 115 0080 002B     		cmp	r3, #0
 116 0082 09D1     		bne	.L4
 117              		.loc 1 84 0 is_stmt 0 discriminator 1
 118 0084 7B88     		ldrh	r3, [r7, #2]
 119 0086 002B     		cmp	r3, #0
 120 0088 06D1     		bne	.L4
  85:.\Generated_Source\PSoC5/USBFS_1_msc.c ****                 (dataLength == USBFS_1_MSC_RESET_WLENGTH))
  86:.\Generated_Source\PSoC5/USBFS_1_msc.c ****             {
  87:.\Generated_Source\PSoC5/USBFS_1_msc.c ****                 /* Handle to Bulk-Only Reset request: no data control transfer. */
  88:.\Generated_Source\PSoC5/USBFS_1_msc.c ****                 USBFS_1_currentTD.count = USBFS_1_MSC_RESET_WLENGTH;
 121              		.loc 1 88 0 is_stmt 1
 122 008a 074B     		ldr	r3, .L6+4
 123 008c 0022     		movs	r2, #0
 124 008e 1A80     		strh	r2, [r3]	@ movhi
  89:.\Generated_Source\PSoC5/USBFS_1_msc.c ****                 
  90:.\Generated_Source\PSoC5/USBFS_1_msc.c ****             #ifdef USBFS_1_DISPATCH_MSC_CLASS_MSC_RESET_RQST_CALLBACK
  91:.\Generated_Source\PSoC5/USBFS_1_msc.c ****                 USBFS_1_DispatchMSCClass_MSC_RESET_RQST_Callback();
  92:.\Generated_Source\PSoC5/USBFS_1_msc.c ****             #endif /* (USBFS_1_DISPATCH_MSC_CLASS_MSC_RESET_RQST_CALLBACK) */
  93:.\Generated_Source\PSoC5/USBFS_1_msc.c ****                 
  94:.\Generated_Source\PSoC5/USBFS_1_msc.c ****                 requestHandled = USBFS_1_InitNoDataControlTransfer();
 125              		.loc 1 94 0
 126 0090 FFF7FEFF 		bl	USBFS_1_InitNoDataControlTransfer
 127 0094 0346     		mov	r3, r0
 128 0096 FB71     		strb	r3, [r7, #7]
 129              	.L4:
  95:.\Generated_Source\PSoC5/USBFS_1_msc.c ****             }
  96:.\Generated_Source\PSoC5/USBFS_1_msc.c ****         }
  97:.\Generated_Source\PSoC5/USBFS_1_msc.c ****     }
  98:.\Generated_Source\PSoC5/USBFS_1_msc.c ****     
  99:.\Generated_Source\PSoC5/USBFS_1_msc.c ****     return (requestHandled);
ARM GAS  C:\Users\Rolando\AppData\Local\Temp\ccpcbBsg.s 			page 5


 130              		.loc 1 99 0
 131 0098 FB79     		ldrb	r3, [r7, #7]	@ zero_extendqisi2
 100:.\Generated_Source\PSoC5/USBFS_1_msc.c **** }
 132              		.loc 1 100 0
 133 009a 1846     		mov	r0, r3
 134 009c 0837     		adds	r7, r7, #8
 135              		.cfi_def_cfa_offset 8
 136 009e BD46     		mov	sp, r7
 137              		.cfi_def_cfa_register 13
 138              		@ sp needed
 139 00a0 80BD     		pop	{r7, pc}
 140              	.L7:
 141 00a2 00BF     		.align	2
 142              	.L6:
 143 00a4 00600040 		.word	1073766400
 144 00a8 00000000 		.word	USBFS_1_currentTD
 145 00ac 00000000 		.word	USBFS_1_lunCount
 146              		.cfi_endproc
 147              	.LFE0:
 148              		.size	USBFS_1_DispatchMSCClassRqst, .-USBFS_1_DispatchMSCClassRqst
 149              		.section	.text.USBFS_1_MSC_SetLunCount,"ax",%progbits
 150              		.align	2
 151              		.global	USBFS_1_MSC_SetLunCount
 152              		.thumb
 153              		.thumb_func
 154              		.type	USBFS_1_MSC_SetLunCount, %function
 155              	USBFS_1_MSC_SetLunCount:
 156              	.LFB1:
 101:.\Generated_Source\PSoC5/USBFS_1_msc.c **** 
 102:.\Generated_Source\PSoC5/USBFS_1_msc.c **** 
 103:.\Generated_Source\PSoC5/USBFS_1_msc.c **** /*******************************************************************************
 104:.\Generated_Source\PSoC5/USBFS_1_msc.c **** * Function Name: USBFS_1_MSC_SetLunCount
 105:.\Generated_Source\PSoC5/USBFS_1_msc.c **** ****************************************************************************//**
 106:.\Generated_Source\PSoC5/USBFS_1_msc.c **** *
 107:.\Generated_Source\PSoC5/USBFS_1_msc.c **** *  This function sets the number of logical units supported in the application. 
 108:.\Generated_Source\PSoC5/USBFS_1_msc.c **** *  The default number of logical units is set in the component customizer.
 109:.\Generated_Source\PSoC5/USBFS_1_msc.c **** *
 110:.\Generated_Source\PSoC5/USBFS_1_msc.c **** *  \param lunCount: Count of the logical units. Valid range is between 1 and 16.
 111:.\Generated_Source\PSoC5/USBFS_1_msc.c **** *
 112:.\Generated_Source\PSoC5/USBFS_1_msc.c **** *
 113:.\Generated_Source\PSoC5/USBFS_1_msc.c **** * \globalvars
 114:.\Generated_Source\PSoC5/USBFS_1_msc.c **** *  USBFS_1_lunCount - stores number of LUN (logical units).
 115:.\Generated_Source\PSoC5/USBFS_1_msc.c **** *
 116:.\Generated_Source\PSoC5/USBFS_1_msc.c **** * \reentrant
 117:.\Generated_Source\PSoC5/USBFS_1_msc.c **** *  No.
 118:.\Generated_Source\PSoC5/USBFS_1_msc.c **** *
 119:.\Generated_Source\PSoC5/USBFS_1_msc.c **** *******************************************************************************/
 120:.\Generated_Source\PSoC5/USBFS_1_msc.c **** void USBFS_1_MSC_SetLunCount(uint8 lunCount) 
 121:.\Generated_Source\PSoC5/USBFS_1_msc.c **** {
 157              		.loc 1 121 0
 158              		.cfi_startproc
 159              		@ args = 0, pretend = 0, frame = 8
 160              		@ frame_needed = 1, uses_anonymous_args = 0
 161              		@ link register save eliminated.
 162 0000 80B4     		push	{r7}
 163              		.cfi_def_cfa_offset 4
 164              		.cfi_offset 7, -4
ARM GAS  C:\Users\Rolando\AppData\Local\Temp\ccpcbBsg.s 			page 6


 165 0002 83B0     		sub	sp, sp, #12
 166              		.cfi_def_cfa_offset 16
 167 0004 00AF     		add	r7, sp, #0
 168              		.cfi_def_cfa_register 7
 169 0006 0346     		mov	r3, r0
 170 0008 FB71     		strb	r3, [r7, #7]
 122:.\Generated_Source\PSoC5/USBFS_1_msc.c ****     USBFS_1_lunCount = (lunCount - 1u);
 171              		.loc 1 122 0
 172 000a FB79     		ldrb	r3, [r7, #7]
 173 000c 013B     		subs	r3, r3, #1
 174 000e DAB2     		uxtb	r2, r3
 175 0010 034B     		ldr	r3, .L9
 176 0012 1A70     		strb	r2, [r3]
 123:.\Generated_Source\PSoC5/USBFS_1_msc.c **** }
 177              		.loc 1 123 0
 178 0014 0C37     		adds	r7, r7, #12
 179              		.cfi_def_cfa_offset 4
 180 0016 BD46     		mov	sp, r7
 181              		.cfi_def_cfa_register 13
 182              		@ sp needed
 183 0018 5DF8047B 		ldr	r7, [sp], #4
 184              		.cfi_restore 7
 185              		.cfi_def_cfa_offset 0
 186 001c 7047     		bx	lr
 187              	.L10:
 188 001e 00BF     		.align	2
 189              	.L9:
 190 0020 00000000 		.word	USBFS_1_lunCount
 191              		.cfi_endproc
 192              	.LFE1:
 193              		.size	USBFS_1_MSC_SetLunCount, .-USBFS_1_MSC_SetLunCount
 194              		.section	.text.USBFS_1_MSC_GetLunCount,"ax",%progbits
 195              		.align	2
 196              		.global	USBFS_1_MSC_GetLunCount
 197              		.thumb
 198              		.thumb_func
 199              		.type	USBFS_1_MSC_GetLunCount, %function
 200              	USBFS_1_MSC_GetLunCount:
 201              	.LFB2:
 124:.\Generated_Source\PSoC5/USBFS_1_msc.c **** 
 125:.\Generated_Source\PSoC5/USBFS_1_msc.c **** 
 126:.\Generated_Source\PSoC5/USBFS_1_msc.c **** /*******************************************************************************
 127:.\Generated_Source\PSoC5/USBFS_1_msc.c **** * Function Name: USBFS_1_MSC_GetLunCount
 128:.\Generated_Source\PSoC5/USBFS_1_msc.c **** ****************************************************************************//**
 129:.\Generated_Source\PSoC5/USBFS_1_msc.c **** *
 130:.\Generated_Source\PSoC5/USBFS_1_msc.c **** *  This function returns the number of logical units.
 131:.\Generated_Source\PSoC5/USBFS_1_msc.c **** *
 132:.\Generated_Source\PSoC5/USBFS_1_msc.c **** * \return
 133:.\Generated_Source\PSoC5/USBFS_1_msc.c **** *   Number of the logical units.
 134:.\Generated_Source\PSoC5/USBFS_1_msc.c **** *
 135:.\Generated_Source\PSoC5/USBFS_1_msc.c **** * \globalvars
 136:.\Generated_Source\PSoC5/USBFS_1_msc.c **** *  USBFS_1_lunCount - stores number of LUN (logical units).
 137:.\Generated_Source\PSoC5/USBFS_1_msc.c **** *
 138:.\Generated_Source\PSoC5/USBFS_1_msc.c **** * \reentrant
 139:.\Generated_Source\PSoC5/USBFS_1_msc.c **** *  No.
 140:.\Generated_Source\PSoC5/USBFS_1_msc.c **** *
 141:.\Generated_Source\PSoC5/USBFS_1_msc.c **** *******************************************************************************/
ARM GAS  C:\Users\Rolando\AppData\Local\Temp\ccpcbBsg.s 			page 7


 142:.\Generated_Source\PSoC5/USBFS_1_msc.c **** uint8 USBFS_1_MSC_GetLunCount(void) 
 143:.\Generated_Source\PSoC5/USBFS_1_msc.c **** {
 202              		.loc 1 143 0
 203              		.cfi_startproc
 204              		@ args = 0, pretend = 0, frame = 0
 205              		@ frame_needed = 1, uses_anonymous_args = 0
 206              		@ link register save eliminated.
 207 0000 80B4     		push	{r7}
 208              		.cfi_def_cfa_offset 4
 209              		.cfi_offset 7, -4
 210 0002 00AF     		add	r7, sp, #0
 211              		.cfi_def_cfa_register 7
 144:.\Generated_Source\PSoC5/USBFS_1_msc.c ****     return (USBFS_1_lunCount + 1u);
 212              		.loc 1 144 0
 213 0004 044B     		ldr	r3, .L13
 214 0006 1B78     		ldrb	r3, [r3]	@ zero_extendqisi2
 215 0008 0133     		adds	r3, r3, #1
 216 000a DBB2     		uxtb	r3, r3
 145:.\Generated_Source\PSoC5/USBFS_1_msc.c **** }   
 217              		.loc 1 145 0
 218 000c 1846     		mov	r0, r3
 219 000e BD46     		mov	sp, r7
 220              		.cfi_def_cfa_register 13
 221              		@ sp needed
 222 0010 5DF8047B 		ldr	r7, [sp], #4
 223              		.cfi_restore 7
 224              		.cfi_def_cfa_offset 0
 225 0014 7047     		bx	lr
 226              	.L14:
 227 0016 00BF     		.align	2
 228              	.L13:
 229 0018 00000000 		.word	USBFS_1_lunCount
 230              		.cfi_endproc
 231              	.LFE2:
 232              		.size	USBFS_1_MSC_GetLunCount, .-USBFS_1_MSC_GetLunCount
 233              		.text
 234              	.Letext0:
 235              		.file 2 ".\\Generated_Source\\PSoC5\\cytypes.h"
 236              		.file 3 ".\\Generated_Source\\PSoC5\\USBFS_1.h"
 237              		.file 4 ".\\Generated_Source\\PSoC5\\USBFS_1_pvt.h"
 238              		.section	.debug_info,"",%progbits
 239              	.Ldebug_info0:
 240 0000 DD010000 		.4byte	0x1dd
 241 0004 0400     		.2byte	0x4
 242 0006 00000000 		.4byte	.Ldebug_abbrev0
 243 000a 04       		.byte	0x4
 244 000b 01       		.uleb128 0x1
 245 000c F1000000 		.4byte	.LASF28
 246 0010 01       		.byte	0x1
 247 0011 44000000 		.4byte	.LASF29
 248 0015 F3010000 		.4byte	.LASF30
 249 0019 00000000 		.4byte	.Ldebug_ranges0+0
 250 001d 00000000 		.4byte	0
 251 0021 00000000 		.4byte	.Ldebug_line0
 252 0025 02       		.uleb128 0x2
 253 0026 01       		.byte	0x1
 254 0027 06       		.byte	0x6
ARM GAS  C:\Users\Rolando\AppData\Local\Temp\ccpcbBsg.s 			page 8


 255 0028 A9020000 		.4byte	.LASF0
 256 002c 02       		.uleb128 0x2
 257 002d 01       		.byte	0x1
 258 002e 08       		.byte	0x8
 259 002f 97000000 		.4byte	.LASF1
 260 0033 02       		.uleb128 0x2
 261 0034 02       		.byte	0x2
 262 0035 05       		.byte	0x5
 263 0036 7A020000 		.4byte	.LASF2
 264 003a 02       		.uleb128 0x2
 265 003b 02       		.byte	0x2
 266 003c 07       		.byte	0x7
 267 003d 31000000 		.4byte	.LASF3
 268 0041 02       		.uleb128 0x2
 269 0042 04       		.byte	0x4
 270 0043 05       		.byte	0x5
 271 0044 93020000 		.4byte	.LASF4
 272 0048 02       		.uleb128 0x2
 273 0049 04       		.byte	0x4
 274 004a 07       		.byte	0x7
 275 004b BD000000 		.4byte	.LASF5
 276 004f 02       		.uleb128 0x2
 277 0050 08       		.byte	0x8
 278 0051 05       		.byte	0x5
 279 0052 4F020000 		.4byte	.LASF6
 280 0056 02       		.uleb128 0x2
 281 0057 08       		.byte	0x8
 282 0058 07       		.byte	0x7
 283 0059 B7010000 		.4byte	.LASF7
 284 005d 03       		.uleb128 0x3
 285 005e 04       		.byte	0x4
 286 005f 05       		.byte	0x5
 287 0060 696E7400 		.ascii	"int\000"
 288 0064 02       		.uleb128 0x2
 289 0065 04       		.byte	0x4
 290 0066 07       		.byte	0x7
 291 0067 AA010000 		.4byte	.LASF8
 292 006b 04       		.uleb128 0x4
 293 006c CF000000 		.4byte	.LASF9
 294 0070 02       		.byte	0x2
 295 0071 5B       		.byte	0x5b
 296 0072 2C000000 		.4byte	0x2c
 297 0076 04       		.uleb128 0x4
 298 0077 86010000 		.4byte	.LASF10
 299 007b 02       		.byte	0x2
 300 007c 5C       		.byte	0x5c
 301 007d 3A000000 		.4byte	0x3a
 302 0081 02       		.uleb128 0x2
 303 0082 04       		.byte	0x4
 304 0083 04       		.byte	0x4
 305 0084 0D000000 		.4byte	.LASF11
 306 0088 02       		.uleb128 0x2
 307 0089 08       		.byte	0x8
 308 008a 04       		.byte	0x4
 309 008b 7F010000 		.4byte	.LASF12
 310 008f 02       		.uleb128 0x2
 311 0090 01       		.byte	0x1
ARM GAS  C:\Users\Rolando\AppData\Local\Temp\ccpcbBsg.s 			page 9


 312 0091 08       		.byte	0x8
 313 0092 75020000 		.4byte	.LASF13
 314 0096 05       		.uleb128 0x5
 315 0097 6B000000 		.4byte	0x6b
 316 009b 02       		.uleb128 0x2
 317 009c 04       		.byte	0x4
 318 009d 07       		.byte	0x7
 319 009e 46020000 		.4byte	.LASF14
 320 00a2 06       		.uleb128 0x6
 321 00a3 04       		.byte	0x4
 322 00a4 03       		.byte	0x3
 323 00a5 9F       		.byte	0x9f
 324 00a6 C3000000 		.4byte	0xc3
 325 00aa 07       		.uleb128 0x7
 326 00ab 6B000000 		.4byte	.LASF15
 327 00af 03       		.byte	0x3
 328 00b0 A1       		.byte	0xa1
 329 00b1 6B000000 		.4byte	0x6b
 330 00b5 00       		.byte	0
 331 00b6 07       		.uleb128 0x7
 332 00b7 B5020000 		.4byte	.LASF16
 333 00bb 03       		.byte	0x3
 334 00bc A2       		.byte	0xa2
 335 00bd 76000000 		.4byte	0x76
 336 00c1 02       		.byte	0x2
 337 00c2 00       		.byte	0
 338 00c3 04       		.uleb128 0x4
 339 00c4 D5000000 		.4byte	.LASF17
 340 00c8 03       		.byte	0x3
 341 00c9 A3       		.byte	0xa3
 342 00ca A2000000 		.4byte	0xa2
 343 00ce 06       		.uleb128 0x6
 344 00cf 0C       		.byte	0xc
 345 00d0 03       		.byte	0x3
 346 00d1 A5       		.byte	0xa5
 347 00d2 FB000000 		.4byte	0xfb
 348 00d6 07       		.uleb128 0x7
 349 00d7 19000000 		.4byte	.LASF18
 350 00db 03       		.byte	0x3
 351 00dc A7       		.byte	0xa7
 352 00dd 76000000 		.4byte	0x76
 353 00e1 00       		.byte	0
 354 00e2 07       		.uleb128 0x7
 355 00e3 72000000 		.4byte	.LASF19
 356 00e7 03       		.byte	0x3
 357 00e8 A8       		.byte	0xa8
 358 00e9 FB000000 		.4byte	0xfb
 359 00ed 04       		.byte	0x4
 360 00ee 07       		.uleb128 0x7
 361 00ef 00000000 		.4byte	.LASF20
 362 00f3 03       		.byte	0x3
 363 00f4 A9       		.byte	0xa9
 364 00f5 01010000 		.4byte	0x101
 365 00f9 08       		.byte	0x8
 366 00fa 00       		.byte	0
 367 00fb 08       		.uleb128 0x8
 368 00fc 04       		.byte	0x4
ARM GAS  C:\Users\Rolando\AppData\Local\Temp\ccpcbBsg.s 			page 10


 369 00fd 96000000 		.4byte	0x96
 370 0101 08       		.uleb128 0x8
 371 0102 04       		.byte	0x4
 372 0103 C3000000 		.4byte	0xc3
 373 0107 04       		.uleb128 0x4
 374 0108 9C020000 		.4byte	.LASF21
 375 010c 03       		.byte	0x3
 376 010d AA       		.byte	0xaa
 377 010e CE000000 		.4byte	0xce
 378 0112 06       		.uleb128 0x6
 379 0113 08       		.byte	0x8
 380 0114 03       		.byte	0x3
 381 0115 C0       		.byte	0xc0
 382 0116 27010000 		.4byte	0x127
 383 011a 07       		.uleb128 0x7
 384 011b 78000000 		.4byte	.LASF22
 385 011f 03       		.byte	0x3
 386 0120 C2       		.byte	0xc2
 387 0121 27010000 		.4byte	0x127
 388 0125 00       		.byte	0
 389 0126 00       		.byte	0
 390 0127 09       		.uleb128 0x9
 391 0128 6B000000 		.4byte	0x6b
 392 012c 37010000 		.4byte	0x137
 393 0130 0A       		.uleb128 0xa
 394 0131 9B000000 		.4byte	0x9b
 395 0135 07       		.byte	0x7
 396 0136 00       		.byte	0
 397 0137 04       		.uleb128 0x4
 398 0138 7F000000 		.4byte	.LASF23
 399 013c 03       		.byte	0x3
 400 013d C3       		.byte	0xc3
 401 013e 12010000 		.4byte	0x112
 402 0142 0B       		.uleb128 0xb
 403 0143 8D010000 		.4byte	.LASF31
 404 0147 01       		.byte	0x1
 405 0148 32       		.byte	0x32
 406 0149 6B000000 		.4byte	0x6b
 407 014d 00000000 		.4byte	.LFB0
 408 0151 B0000000 		.4byte	.LFE0-.LFB0
 409 0155 01       		.uleb128 0x1
 410 0156 9C       		.byte	0x9c
 411 0157 86010000 		.4byte	0x186
 412 015b 0C       		.uleb128 0xc
 413 015c 84020000 		.4byte	.LASF24
 414 0160 01       		.byte	0x1
 415 0161 34       		.byte	0x34
 416 0162 6B000000 		.4byte	0x6b
 417 0166 02       		.uleb128 0x2
 418 0167 91       		.byte	0x91
 419 0168 77       		.sleb128 -9
 420 0169 0C       		.uleb128 0xc
 421 016a 13000000 		.4byte	.LASF25
 422 016e 01       		.byte	0x1
 423 016f 37       		.byte	0x37
 424 0170 76000000 		.4byte	0x76
 425 0174 02       		.uleb128 0x2
ARM GAS  C:\Users\Rolando\AppData\Local\Temp\ccpcbBsg.s 			page 11


 426 0175 91       		.byte	0x91
 427 0176 74       		.sleb128 -12
 428 0177 0C       		.uleb128 0xc
 429 0178 D7010000 		.4byte	.LASF26
 430 017c 01       		.byte	0x1
 431 017d 38       		.byte	0x38
 432 017e 76000000 		.4byte	0x76
 433 0182 02       		.uleb128 0x2
 434 0183 91       		.byte	0x91
 435 0184 72       		.sleb128 -14
 436 0185 00       		.byte	0
 437 0186 0D       		.uleb128 0xd
 438 0187 5D020000 		.4byte	.LASF32
 439 018b 01       		.byte	0x1
 440 018c 78       		.byte	0x78
 441 018d 00000000 		.4byte	.LFB1
 442 0191 24000000 		.4byte	.LFE1-.LFB1
 443 0195 01       		.uleb128 0x1
 444 0196 9C       		.byte	0x9c
 445 0197 AA010000 		.4byte	0x1aa
 446 019b 0E       		.uleb128 0xe
 447 019c CE010000 		.4byte	.LASF33
 448 01a0 01       		.byte	0x1
 449 01a1 78       		.byte	0x78
 450 01a2 6B000000 		.4byte	0x6b
 451 01a6 02       		.uleb128 0x2
 452 01a7 91       		.byte	0x91
 453 01a8 77       		.sleb128 -9
 454 01a9 00       		.byte	0
 455 01aa 0F       		.uleb128 0xf
 456 01ab A5000000 		.4byte	.LASF34
 457 01af 01       		.byte	0x1
 458 01b0 8E       		.byte	0x8e
 459 01b1 6B000000 		.4byte	0x6b
 460 01b5 00000000 		.4byte	.LFB2
 461 01b9 1C000000 		.4byte	.LFE2-.LFB2
 462 01bd 01       		.uleb128 0x1
 463 01be 9C       		.byte	0x9c
 464 01bf 0C       		.uleb128 0xc
 465 01c0 E2010000 		.4byte	.LASF27
 466 01c4 01       		.byte	0x1
 467 01c5 1E       		.byte	0x1e
 468 01c6 6B000000 		.4byte	0x6b
 469 01ca 05       		.uleb128 0x5
 470 01cb 03       		.byte	0x3
 471 01cc 00000000 		.4byte	USBFS_1_lunCount
 472 01d0 10       		.uleb128 0x10
 473 01d1 1F000000 		.4byte	.LASF35
 474 01d5 04       		.byte	0x4
 475 01d6 78       		.byte	0x78
 476 01d7 DB010000 		.4byte	0x1db
 477 01db 05       		.uleb128 0x5
 478 01dc 07010000 		.4byte	0x107
 479 01e0 00       		.byte	0
 480              		.section	.debug_abbrev,"",%progbits
 481              	.Ldebug_abbrev0:
 482 0000 01       		.uleb128 0x1
ARM GAS  C:\Users\Rolando\AppData\Local\Temp\ccpcbBsg.s 			page 12


 483 0001 11       		.uleb128 0x11
 484 0002 01       		.byte	0x1
 485 0003 25       		.uleb128 0x25
 486 0004 0E       		.uleb128 0xe
 487 0005 13       		.uleb128 0x13
 488 0006 0B       		.uleb128 0xb
 489 0007 03       		.uleb128 0x3
 490 0008 0E       		.uleb128 0xe
 491 0009 1B       		.uleb128 0x1b
 492 000a 0E       		.uleb128 0xe
 493 000b 55       		.uleb128 0x55
 494 000c 17       		.uleb128 0x17
 495 000d 11       		.uleb128 0x11
 496 000e 01       		.uleb128 0x1
 497 000f 10       		.uleb128 0x10
 498 0010 17       		.uleb128 0x17
 499 0011 00       		.byte	0
 500 0012 00       		.byte	0
 501 0013 02       		.uleb128 0x2
 502 0014 24       		.uleb128 0x24
 503 0015 00       		.byte	0
 504 0016 0B       		.uleb128 0xb
 505 0017 0B       		.uleb128 0xb
 506 0018 3E       		.uleb128 0x3e
 507 0019 0B       		.uleb128 0xb
 508 001a 03       		.uleb128 0x3
 509 001b 0E       		.uleb128 0xe
 510 001c 00       		.byte	0
 511 001d 00       		.byte	0
 512 001e 03       		.uleb128 0x3
 513 001f 24       		.uleb128 0x24
 514 0020 00       		.byte	0
 515 0021 0B       		.uleb128 0xb
 516 0022 0B       		.uleb128 0xb
 517 0023 3E       		.uleb128 0x3e
 518 0024 0B       		.uleb128 0xb
 519 0025 03       		.uleb128 0x3
 520 0026 08       		.uleb128 0x8
 521 0027 00       		.byte	0
 522 0028 00       		.byte	0
 523 0029 04       		.uleb128 0x4
 524 002a 16       		.uleb128 0x16
 525 002b 00       		.byte	0
 526 002c 03       		.uleb128 0x3
 527 002d 0E       		.uleb128 0xe
 528 002e 3A       		.uleb128 0x3a
 529 002f 0B       		.uleb128 0xb
 530 0030 3B       		.uleb128 0x3b
 531 0031 0B       		.uleb128 0xb
 532 0032 49       		.uleb128 0x49
 533 0033 13       		.uleb128 0x13
 534 0034 00       		.byte	0
 535 0035 00       		.byte	0
 536 0036 05       		.uleb128 0x5
 537 0037 35       		.uleb128 0x35
 538 0038 00       		.byte	0
 539 0039 49       		.uleb128 0x49
ARM GAS  C:\Users\Rolando\AppData\Local\Temp\ccpcbBsg.s 			page 13


 540 003a 13       		.uleb128 0x13
 541 003b 00       		.byte	0
 542 003c 00       		.byte	0
 543 003d 06       		.uleb128 0x6
 544 003e 13       		.uleb128 0x13
 545 003f 01       		.byte	0x1
 546 0040 0B       		.uleb128 0xb
 547 0041 0B       		.uleb128 0xb
 548 0042 3A       		.uleb128 0x3a
 549 0043 0B       		.uleb128 0xb
 550 0044 3B       		.uleb128 0x3b
 551 0045 0B       		.uleb128 0xb
 552 0046 01       		.uleb128 0x1
 553 0047 13       		.uleb128 0x13
 554 0048 00       		.byte	0
 555 0049 00       		.byte	0
 556 004a 07       		.uleb128 0x7
 557 004b 0D       		.uleb128 0xd
 558 004c 00       		.byte	0
 559 004d 03       		.uleb128 0x3
 560 004e 0E       		.uleb128 0xe
 561 004f 3A       		.uleb128 0x3a
 562 0050 0B       		.uleb128 0xb
 563 0051 3B       		.uleb128 0x3b
 564 0052 0B       		.uleb128 0xb
 565 0053 49       		.uleb128 0x49
 566 0054 13       		.uleb128 0x13
 567 0055 38       		.uleb128 0x38
 568 0056 0B       		.uleb128 0xb
 569 0057 00       		.byte	0
 570 0058 00       		.byte	0
 571 0059 08       		.uleb128 0x8
 572 005a 0F       		.uleb128 0xf
 573 005b 00       		.byte	0
 574 005c 0B       		.uleb128 0xb
 575 005d 0B       		.uleb128 0xb
 576 005e 49       		.uleb128 0x49
 577 005f 13       		.uleb128 0x13
 578 0060 00       		.byte	0
 579 0061 00       		.byte	0
 580 0062 09       		.uleb128 0x9
 581 0063 01       		.uleb128 0x1
 582 0064 01       		.byte	0x1
 583 0065 49       		.uleb128 0x49
 584 0066 13       		.uleb128 0x13
 585 0067 01       		.uleb128 0x1
 586 0068 13       		.uleb128 0x13
 587 0069 00       		.byte	0
 588 006a 00       		.byte	0
 589 006b 0A       		.uleb128 0xa
 590 006c 21       		.uleb128 0x21
 591 006d 00       		.byte	0
 592 006e 49       		.uleb128 0x49
 593 006f 13       		.uleb128 0x13
 594 0070 2F       		.uleb128 0x2f
 595 0071 0B       		.uleb128 0xb
 596 0072 00       		.byte	0
ARM GAS  C:\Users\Rolando\AppData\Local\Temp\ccpcbBsg.s 			page 14


 597 0073 00       		.byte	0
 598 0074 0B       		.uleb128 0xb
 599 0075 2E       		.uleb128 0x2e
 600 0076 01       		.byte	0x1
 601 0077 3F       		.uleb128 0x3f
 602 0078 19       		.uleb128 0x19
 603 0079 03       		.uleb128 0x3
 604 007a 0E       		.uleb128 0xe
 605 007b 3A       		.uleb128 0x3a
 606 007c 0B       		.uleb128 0xb
 607 007d 3B       		.uleb128 0x3b
 608 007e 0B       		.uleb128 0xb
 609 007f 27       		.uleb128 0x27
 610 0080 19       		.uleb128 0x19
 611 0081 49       		.uleb128 0x49
 612 0082 13       		.uleb128 0x13
 613 0083 11       		.uleb128 0x11
 614 0084 01       		.uleb128 0x1
 615 0085 12       		.uleb128 0x12
 616 0086 06       		.uleb128 0x6
 617 0087 40       		.uleb128 0x40
 618 0088 18       		.uleb128 0x18
 619 0089 9642     		.uleb128 0x2116
 620 008b 19       		.uleb128 0x19
 621 008c 01       		.uleb128 0x1
 622 008d 13       		.uleb128 0x13
 623 008e 00       		.byte	0
 624 008f 00       		.byte	0
 625 0090 0C       		.uleb128 0xc
 626 0091 34       		.uleb128 0x34
 627 0092 00       		.byte	0
 628 0093 03       		.uleb128 0x3
 629 0094 0E       		.uleb128 0xe
 630 0095 3A       		.uleb128 0x3a
 631 0096 0B       		.uleb128 0xb
 632 0097 3B       		.uleb128 0x3b
 633 0098 0B       		.uleb128 0xb
 634 0099 49       		.uleb128 0x49
 635 009a 13       		.uleb128 0x13
 636 009b 02       		.uleb128 0x2
 637 009c 18       		.uleb128 0x18
 638 009d 00       		.byte	0
 639 009e 00       		.byte	0
 640 009f 0D       		.uleb128 0xd
 641 00a0 2E       		.uleb128 0x2e
 642 00a1 01       		.byte	0x1
 643 00a2 3F       		.uleb128 0x3f
 644 00a3 19       		.uleb128 0x19
 645 00a4 03       		.uleb128 0x3
 646 00a5 0E       		.uleb128 0xe
 647 00a6 3A       		.uleb128 0x3a
 648 00a7 0B       		.uleb128 0xb
 649 00a8 3B       		.uleb128 0x3b
 650 00a9 0B       		.uleb128 0xb
 651 00aa 27       		.uleb128 0x27
 652 00ab 19       		.uleb128 0x19
 653 00ac 11       		.uleb128 0x11
ARM GAS  C:\Users\Rolando\AppData\Local\Temp\ccpcbBsg.s 			page 15


 654 00ad 01       		.uleb128 0x1
 655 00ae 12       		.uleb128 0x12
 656 00af 06       		.uleb128 0x6
 657 00b0 40       		.uleb128 0x40
 658 00b1 18       		.uleb128 0x18
 659 00b2 9742     		.uleb128 0x2117
 660 00b4 19       		.uleb128 0x19
 661 00b5 01       		.uleb128 0x1
 662 00b6 13       		.uleb128 0x13
 663 00b7 00       		.byte	0
 664 00b8 00       		.byte	0
 665 00b9 0E       		.uleb128 0xe
 666 00ba 05       		.uleb128 0x5
 667 00bb 00       		.byte	0
 668 00bc 03       		.uleb128 0x3
 669 00bd 0E       		.uleb128 0xe
 670 00be 3A       		.uleb128 0x3a
 671 00bf 0B       		.uleb128 0xb
 672 00c0 3B       		.uleb128 0x3b
 673 00c1 0B       		.uleb128 0xb
 674 00c2 49       		.uleb128 0x49
 675 00c3 13       		.uleb128 0x13
 676 00c4 02       		.uleb128 0x2
 677 00c5 18       		.uleb128 0x18
 678 00c6 00       		.byte	0
 679 00c7 00       		.byte	0
 680 00c8 0F       		.uleb128 0xf
 681 00c9 2E       		.uleb128 0x2e
 682 00ca 00       		.byte	0
 683 00cb 3F       		.uleb128 0x3f
 684 00cc 19       		.uleb128 0x19
 685 00cd 03       		.uleb128 0x3
 686 00ce 0E       		.uleb128 0xe
 687 00cf 3A       		.uleb128 0x3a
 688 00d0 0B       		.uleb128 0xb
 689 00d1 3B       		.uleb128 0x3b
 690 00d2 0B       		.uleb128 0xb
 691 00d3 27       		.uleb128 0x27
 692 00d4 19       		.uleb128 0x19
 693 00d5 49       		.uleb128 0x49
 694 00d6 13       		.uleb128 0x13
 695 00d7 11       		.uleb128 0x11
 696 00d8 01       		.uleb128 0x1
 697 00d9 12       		.uleb128 0x12
 698 00da 06       		.uleb128 0x6
 699 00db 40       		.uleb128 0x40
 700 00dc 18       		.uleb128 0x18
 701 00dd 9742     		.uleb128 0x2117
 702 00df 19       		.uleb128 0x19
 703 00e0 00       		.byte	0
 704 00e1 00       		.byte	0
 705 00e2 10       		.uleb128 0x10
 706 00e3 34       		.uleb128 0x34
 707 00e4 00       		.byte	0
 708 00e5 03       		.uleb128 0x3
 709 00e6 0E       		.uleb128 0xe
 710 00e7 3A       		.uleb128 0x3a
ARM GAS  C:\Users\Rolando\AppData\Local\Temp\ccpcbBsg.s 			page 16


 711 00e8 0B       		.uleb128 0xb
 712 00e9 3B       		.uleb128 0x3b
 713 00ea 0B       		.uleb128 0xb
 714 00eb 49       		.uleb128 0x49
 715 00ec 13       		.uleb128 0x13
 716 00ed 3F       		.uleb128 0x3f
 717 00ee 19       		.uleb128 0x19
 718 00ef 3C       		.uleb128 0x3c
 719 00f0 19       		.uleb128 0x19
 720 00f1 00       		.byte	0
 721 00f2 00       		.byte	0
 722 00f3 00       		.byte	0
 723              		.section	.debug_aranges,"",%progbits
 724 0000 2C000000 		.4byte	0x2c
 725 0004 0200     		.2byte	0x2
 726 0006 00000000 		.4byte	.Ldebug_info0
 727 000a 04       		.byte	0x4
 728 000b 00       		.byte	0
 729 000c 0000     		.2byte	0
 730 000e 0000     		.2byte	0
 731 0010 00000000 		.4byte	.LFB0
 732 0014 B0000000 		.4byte	.LFE0-.LFB0
 733 0018 00000000 		.4byte	.LFB1
 734 001c 24000000 		.4byte	.LFE1-.LFB1
 735 0020 00000000 		.4byte	.LFB2
 736 0024 1C000000 		.4byte	.LFE2-.LFB2
 737 0028 00000000 		.4byte	0
 738 002c 00000000 		.4byte	0
 739              		.section	.debug_ranges,"",%progbits
 740              	.Ldebug_ranges0:
 741 0000 00000000 		.4byte	.LFB0
 742 0004 B0000000 		.4byte	.LFE0
 743 0008 00000000 		.4byte	.LFB1
 744 000c 24000000 		.4byte	.LFE1
 745 0010 00000000 		.4byte	.LFB2
 746 0014 1C000000 		.4byte	.LFE2
 747 0018 00000000 		.4byte	0
 748 001c 00000000 		.4byte	0
 749              		.section	.debug_line,"",%progbits
 750              	.Ldebug_line0:
 751 0000 BE000000 		.section	.debug_str,"MS",%progbits,1
 751      02006800 
 751      00000201 
 751      FB0E0D00 
 751      01010101 
 752              	.LASF20:
 753 0000 70537461 		.ascii	"pStatusBlock\000"
 753      74757342 
 753      6C6F636B 
 753      00
 754              	.LASF11:
 755 000d 666C6F61 		.ascii	"float\000"
 755      7400
 756              	.LASF25:
 757 0013 76616C75 		.ascii	"value\000"
 757      6500
 758              	.LASF18:
ARM GAS  C:\Users\Rolando\AppData\Local\Temp\ccpcbBsg.s 			page 17


 759 0019 636F756E 		.ascii	"count\000"
 759      7400
 760              	.LASF35:
 761 001f 55534246 		.ascii	"USBFS_1_currentTD\000"
 761      535F315F 
 761      63757272 
 761      656E7454 
 761      4400
 762              	.LASF3:
 763 0031 73686F72 		.ascii	"short unsigned int\000"
 763      7420756E 
 763      7369676E 
 763      65642069 
 763      6E7400
 764              	.LASF29:
 765 0044 2E5C4765 		.ascii	".\\Generated_Source\\PSoC5\\USBFS_1_msc.c\000"
 765      6E657261 
 765      7465645F 
 765      536F7572 
 765      63655C50 
 766              	.LASF15:
 767 006b 73746174 		.ascii	"status\000"
 767      757300
 768              	.LASF19:
 769 0072 70446174 		.ascii	"pData\000"
 769      6100
 770              	.LASF22:
 771 0078 65704461 		.ascii	"epData\000"
 771      746100
 772              	.LASF23:
 773 007f 55534246 		.ascii	"USBFS_1_ep0_data_struct\000"
 773      535F315F 
 773      6570305F 
 773      64617461 
 773      5F737472 
 774              	.LASF1:
 775 0097 756E7369 		.ascii	"unsigned char\000"
 775      676E6564 
 775      20636861 
 775      7200
 776              	.LASF34:
 777 00a5 55534246 		.ascii	"USBFS_1_MSC_GetLunCount\000"
 777      535F315F 
 777      4D53435F 
 777      4765744C 
 777      756E436F 
 778              	.LASF5:
 779 00bd 6C6F6E67 		.ascii	"long unsigned int\000"
 779      20756E73 
 779      69676E65 
 779      6420696E 
 779      7400
 780              	.LASF9:
 781 00cf 75696E74 		.ascii	"uint8\000"
 781      3800
 782              	.LASF17:
 783 00d5 545F5553 		.ascii	"T_USBFS_1_XFER_STATUS_BLOCK\000"
ARM GAS  C:\Users\Rolando\AppData\Local\Temp\ccpcbBsg.s 			page 18


 783      4246535F 
 783      315F5846 
 783      45525F53 
 783      54415455 
 784              	.LASF28:
 785 00f1 474E5520 		.ascii	"GNU C 4.9.3 20150303 (release) [ARM/embedded-4_9-br"
 785      4320342E 
 785      392E3320 
 785      32303135 
 785      30333033 
 786 0124 616E6368 		.ascii	"anch revision 221220] -mcpu=cortex-m3 -mthumb -g -O"
 786      20726576 
 786      6973696F 
 786      6E203232 
 786      31323230 
 787 0157 30202D66 		.ascii	"0 -ffunction-sections -ffat-lto-objects\000"
 787      66756E63 
 787      74696F6E 
 787      2D736563 
 787      74696F6E 
 788              	.LASF12:
 789 017f 646F7562 		.ascii	"double\000"
 789      6C6500
 790              	.LASF10:
 791 0186 75696E74 		.ascii	"uint16\000"
 791      313600
 792              	.LASF31:
 793 018d 55534246 		.ascii	"USBFS_1_DispatchMSCClassRqst\000"
 793      535F315F 
 793      44697370 
 793      61746368 
 793      4D534343 
 794              	.LASF8:
 795 01aa 756E7369 		.ascii	"unsigned int\000"
 795      676E6564 
 795      20696E74 
 795      00
 796              	.LASF7:
 797 01b7 6C6F6E67 		.ascii	"long long unsigned int\000"
 797      206C6F6E 
 797      6720756E 
 797      7369676E 
 797      65642069 
 798              	.LASF33:
 799 01ce 6C756E43 		.ascii	"lunCount\000"
 799      6F756E74 
 799      00
 800              	.LASF26:
 801 01d7 64617461 		.ascii	"dataLength\000"
 801      4C656E67 
 801      746800
 802              	.LASF27:
 803 01e2 55534246 		.ascii	"USBFS_1_lunCount\000"
 803      535F315F 
 803      6C756E43 
 803      6F756E74 
 803      00
ARM GAS  C:\Users\Rolando\AppData\Local\Temp\ccpcbBsg.s 			page 19


 804              	.LASF30:
 805 01f3 473A5C44 		.ascii	"G:\\Documentos\\PSoC Creator\\VoltageDisplay_DelSig"
 805      6F63756D 
 805      656E746F 
 805      735C5053 
 805      6F432043 
 806 0223 4144435C 		.ascii	"ADC\\VoltageDisplay_DelSigADC.cydsn\000"
 806      566F6C74 
 806      61676544 
 806      6973706C 
 806      61795F44 
 807              	.LASF14:
 808 0246 73697A65 		.ascii	"sizetype\000"
 808      74797065 
 808      00
 809              	.LASF6:
 810 024f 6C6F6E67 		.ascii	"long long int\000"
 810      206C6F6E 
 810      6720696E 
 810      7400
 811              	.LASF32:
 812 025d 55534246 		.ascii	"USBFS_1_MSC_SetLunCount\000"
 812      535F315F 
 812      4D53435F 
 812      5365744C 
 812      756E436F 
 813              	.LASF13:
 814 0275 63686172 		.ascii	"char\000"
 814      00
 815              	.LASF2:
 816 027a 73686F72 		.ascii	"short int\000"
 816      7420696E 
 816      7400
 817              	.LASF24:
 818 0284 72657175 		.ascii	"requestHandled\000"
 818      65737448 
 818      616E646C 
 818      656400
 819              	.LASF4:
 820 0293 6C6F6E67 		.ascii	"long int\000"
 820      20696E74 
 820      00
 821              	.LASF21:
 822 029c 545F5553 		.ascii	"T_USBFS_1_TD\000"
 822      4246535F 
 822      315F5444 
 822      00
 823              	.LASF0:
 824 02a9 7369676E 		.ascii	"signed char\000"
 824      65642063 
 824      68617200 
 825              	.LASF16:
 826 02b5 6C656E67 		.ascii	"length\000"
 826      746800
 827              		.ident	"GCC: (GNU Tools for ARM Embedded Processors) 4.9.3 20150303 (release) [ARM/embedded-4_9-br
