ARM GAS  C:\Users\Rolando\AppData\Local\Temp\ccUF0WlV.s 			page 1


   1              		.syntax unified
   2              		.cpu cortex-m3
   3              		.fpu softvfp
   4              		.eabi_attribute 20, 1
   5              		.eabi_attribute 21, 1
   6              		.eabi_attribute 23, 3
   7              		.eabi_attribute 24, 1
   8              		.eabi_attribute 25, 1
   9              		.eabi_attribute 26, 1
  10              		.eabi_attribute 30, 6
  11              		.eabi_attribute 34, 1
  12              		.eabi_attribute 18, 4
  13              		.thumb
  14              		.file	"Count7_PM.c"
  15              		.text
  16              	.Ltext0:
  17              		.cfi_sections	.debug_frame
  18              		.comm	Count7_backup,2,4
  19              		.section	.text.Count7_SaveConfig,"ax",%progbits
  20              		.align	2
  21              		.global	Count7_SaveConfig
  22              		.thumb
  23              		.thumb_func
  24              		.type	Count7_SaveConfig, %function
  25              	Count7_SaveConfig:
  26              	.LFB0:
  27              		.file 1 ".\\Generated_Source\\PSoC5\\Count7_PM.c"
   1:.\Generated_Source\PSoC5/Count7_PM.c **** /*******************************************************************************
   2:.\Generated_Source\PSoC5/Count7_PM.c **** * File Name: Count7_PM.c
   3:.\Generated_Source\PSoC5/Count7_PM.c **** * Version 1.0
   4:.\Generated_Source\PSoC5/Count7_PM.c **** *
   5:.\Generated_Source\PSoC5/Count7_PM.c **** * Description:
   6:.\Generated_Source\PSoC5/Count7_PM.c **** *  This file provides Low power mode APIs for Count7 component.
   7:.\Generated_Source\PSoC5/Count7_PM.c **** *
   8:.\Generated_Source\PSoC5/Count7_PM.c **** * Note:
   9:.\Generated_Source\PSoC5/Count7_PM.c **** *  None
  10:.\Generated_Source\PSoC5/Count7_PM.c **** *
  11:.\Generated_Source\PSoC5/Count7_PM.c **** ********************************************************************************
  12:.\Generated_Source\PSoC5/Count7_PM.c **** * Copyright 2013, Cypress Semiconductor Corporation.  All rights reserved.
  13:.\Generated_Source\PSoC5/Count7_PM.c **** * You may use this file only in accordance with the license, terms, conditions,
  14:.\Generated_Source\PSoC5/Count7_PM.c **** * disclaimers, and limitations in the end user license agreement accompanying
  15:.\Generated_Source\PSoC5/Count7_PM.c **** * the software package with which this file was provided.
  16:.\Generated_Source\PSoC5/Count7_PM.c **** *******************************************************************************/
  17:.\Generated_Source\PSoC5/Count7_PM.c **** 
  18:.\Generated_Source\PSoC5/Count7_PM.c **** #include "Count7.h"
  19:.\Generated_Source\PSoC5/Count7_PM.c **** 
  20:.\Generated_Source\PSoC5/Count7_PM.c **** 
  21:.\Generated_Source\PSoC5/Count7_PM.c **** Count7_BACKUP_STRUCT Count7_backup;
  22:.\Generated_Source\PSoC5/Count7_PM.c **** 
  23:.\Generated_Source\PSoC5/Count7_PM.c **** 
  24:.\Generated_Source\PSoC5/Count7_PM.c **** /*******************************************************************************
  25:.\Generated_Source\PSoC5/Count7_PM.c **** * Function Name: Count7_SaveConfig
  26:.\Generated_Source\PSoC5/Count7_PM.c **** ********************************************************************************
  27:.\Generated_Source\PSoC5/Count7_PM.c **** *
  28:.\Generated_Source\PSoC5/Count7_PM.c **** * Summary:
  29:.\Generated_Source\PSoC5/Count7_PM.c **** *  This function saves the component configuration and non-retention registers.
  30:.\Generated_Source\PSoC5/Count7_PM.c **** *  This function is called by the Count7_Sleep() function.
ARM GAS  C:\Users\Rolando\AppData\Local\Temp\ccUF0WlV.s 			page 2


  31:.\Generated_Source\PSoC5/Count7_PM.c **** *
  32:.\Generated_Source\PSoC5/Count7_PM.c **** * Parameters:
  33:.\Generated_Source\PSoC5/Count7_PM.c **** *  None
  34:.\Generated_Source\PSoC5/Count7_PM.c **** *
  35:.\Generated_Source\PSoC5/Count7_PM.c **** * Return:
  36:.\Generated_Source\PSoC5/Count7_PM.c **** *  None
  37:.\Generated_Source\PSoC5/Count7_PM.c **** *
  38:.\Generated_Source\PSoC5/Count7_PM.c **** * Global Variables:
  39:.\Generated_Source\PSoC5/Count7_PM.c **** *  Count7_backup - used to save component configuration and non-
  40:.\Generated_Source\PSoC5/Count7_PM.c **** *  retention registers before enter sleep mode.
  41:.\Generated_Source\PSoC5/Count7_PM.c **** *
  42:.\Generated_Source\PSoC5/Count7_PM.c **** *******************************************************************************/
  43:.\Generated_Source\PSoC5/Count7_PM.c **** void Count7_SaveConfig(void) 
  44:.\Generated_Source\PSoC5/Count7_PM.c **** {
  28              		.loc 1 44 0
  29              		.cfi_startproc
  30              		@ args = 0, pretend = 0, frame = 0
  31              		@ frame_needed = 1, uses_anonymous_args = 0
  32              		@ link register save eliminated.
  33 0000 80B4     		push	{r7}
  34              		.cfi_def_cfa_offset 4
  35              		.cfi_offset 7, -4
  36 0002 00AF     		add	r7, sp, #0
  37              		.cfi_def_cfa_register 7
  45:.\Generated_Source\PSoC5/Count7_PM.c ****     Count7_backup.count = Count7_COUNT_REG;
  38              		.loc 1 45 0
  39 0004 044B     		ldr	r3, .L2
  40 0006 1B78     		ldrb	r3, [r3]
  41 0008 DAB2     		uxtb	r2, r3
  42 000a 044B     		ldr	r3, .L2+4
  43 000c 5A70     		strb	r2, [r3, #1]
  46:.\Generated_Source\PSoC5/Count7_PM.c **** }
  44              		.loc 1 46 0
  45 000e BD46     		mov	sp, r7
  46              		.cfi_def_cfa_register 13
  47              		@ sp needed
  48 0010 5DF8047B 		ldr	r7, [sp], #4
  49              		.cfi_restore 7
  50              		.cfi_def_cfa_offset 0
  51 0014 7047     		bx	lr
  52              	.L3:
  53 0016 00BF     		.align	2
  54              	.L2:
  55 0018 7E640040 		.word	1073767550
  56 001c 00000000 		.word	Count7_backup
  57              		.cfi_endproc
  58              	.LFE0:
  59              		.size	Count7_SaveConfig, .-Count7_SaveConfig
  60              		.section	.text.Count7_Sleep,"ax",%progbits
  61              		.align	2
  62              		.global	Count7_Sleep
  63              		.thumb
  64              		.thumb_func
  65              		.type	Count7_Sleep, %function
  66              	Count7_Sleep:
  67              	.LFB1:
  47:.\Generated_Source\PSoC5/Count7_PM.c **** 
ARM GAS  C:\Users\Rolando\AppData\Local\Temp\ccUF0WlV.s 			page 3


  48:.\Generated_Source\PSoC5/Count7_PM.c **** 
  49:.\Generated_Source\PSoC5/Count7_PM.c **** /*******************************************************************************
  50:.\Generated_Source\PSoC5/Count7_PM.c **** * Function Name: Count7_Sleep
  51:.\Generated_Source\PSoC5/Count7_PM.c **** ********************************************************************************
  52:.\Generated_Source\PSoC5/Count7_PM.c **** *
  53:.\Generated_Source\PSoC5/Count7_PM.c **** * Summary:
  54:.\Generated_Source\PSoC5/Count7_PM.c **** *  This is the preferred API to prepare the component for low power mode
  55:.\Generated_Source\PSoC5/Count7_PM.c **** *  operation. The Count7_Sleep() API saves the current component state using
  56:.\Generated_Source\PSoC5/Count7_PM.c **** *  Count7_SaveConfig() and disables the counter.
  57:.\Generated_Source\PSoC5/Count7_PM.c **** *
  58:.\Generated_Source\PSoC5/Count7_PM.c **** * Parameters:
  59:.\Generated_Source\PSoC5/Count7_PM.c **** *  None
  60:.\Generated_Source\PSoC5/Count7_PM.c **** *
  61:.\Generated_Source\PSoC5/Count7_PM.c **** * Return:
  62:.\Generated_Source\PSoC5/Count7_PM.c **** *  None
  63:.\Generated_Source\PSoC5/Count7_PM.c **** *
  64:.\Generated_Source\PSoC5/Count7_PM.c **** *******************************************************************************/
  65:.\Generated_Source\PSoC5/Count7_PM.c **** void Count7_Sleep(void) 
  66:.\Generated_Source\PSoC5/Count7_PM.c **** {
  68              		.loc 1 66 0
  69              		.cfi_startproc
  70              		@ args = 0, pretend = 0, frame = 0
  71              		@ frame_needed = 1, uses_anonymous_args = 0
  72 0000 80B5     		push	{r7, lr}
  73              		.cfi_def_cfa_offset 8
  74              		.cfi_offset 7, -8
  75              		.cfi_offset 14, -4
  76 0002 00AF     		add	r7, sp, #0
  77              		.cfi_def_cfa_register 7
  67:.\Generated_Source\PSoC5/Count7_PM.c ****     if(0u != (Count7_AUX_CONTROL_REG & Count7_COUNTER_START))
  78              		.loc 1 67 0
  79 0004 094B     		ldr	r3, .L7
  80 0006 1B78     		ldrb	r3, [r3]
  81 0008 DBB2     		uxtb	r3, r3
  82 000a 03F02003 		and	r3, r3, #32
  83 000e 002B     		cmp	r3, #0
  84 0010 05D0     		beq	.L5
  68:.\Generated_Source\PSoC5/Count7_PM.c ****     {
  69:.\Generated_Source\PSoC5/Count7_PM.c ****         Count7_backup.enableState = 1u;
  85              		.loc 1 69 0
  86 0012 074B     		ldr	r3, .L7+4
  87 0014 0122     		movs	r2, #1
  88 0016 1A70     		strb	r2, [r3]
  70:.\Generated_Source\PSoC5/Count7_PM.c ****         Count7_Stop();
  89              		.loc 1 70 0
  90 0018 FFF7FEFF 		bl	Count7_Stop
  91 001c 02E0     		b	.L6
  92              	.L5:
  71:.\Generated_Source\PSoC5/Count7_PM.c ****     }
  72:.\Generated_Source\PSoC5/Count7_PM.c ****     else
  73:.\Generated_Source\PSoC5/Count7_PM.c ****     {
  74:.\Generated_Source\PSoC5/Count7_PM.c ****         Count7_backup.enableState = 0u;
  93              		.loc 1 74 0
  94 001e 044B     		ldr	r3, .L7+4
  95 0020 0022     		movs	r2, #0
  96 0022 1A70     		strb	r2, [r3]
  97              	.L6:
ARM GAS  C:\Users\Rolando\AppData\Local\Temp\ccUF0WlV.s 			page 4


  75:.\Generated_Source\PSoC5/Count7_PM.c ****     }
  76:.\Generated_Source\PSoC5/Count7_PM.c **** 
  77:.\Generated_Source\PSoC5/Count7_PM.c ****     Count7_SaveConfig();
  98              		.loc 1 77 0
  99 0024 FFF7FEFF 		bl	Count7_SaveConfig
  78:.\Generated_Source\PSoC5/Count7_PM.c **** }
 100              		.loc 1 78 0
 101 0028 80BD     		pop	{r7, pc}
 102              	.L8:
 103 002a 00BF     		.align	2
 104              	.L7:
 105 002c 9E640040 		.word	1073767582
 106 0030 00000000 		.word	Count7_backup
 107              		.cfi_endproc
 108              	.LFE1:
 109              		.size	Count7_Sleep, .-Count7_Sleep
 110              		.section	.text.Count7_RestoreConfig,"ax",%progbits
 111              		.align	2
 112              		.global	Count7_RestoreConfig
 113              		.thumb
 114              		.thumb_func
 115              		.type	Count7_RestoreConfig, %function
 116              	Count7_RestoreConfig:
 117              	.LFB2:
  79:.\Generated_Source\PSoC5/Count7_PM.c **** 
  80:.\Generated_Source\PSoC5/Count7_PM.c **** 
  81:.\Generated_Source\PSoC5/Count7_PM.c **** /*******************************************************************************
  82:.\Generated_Source\PSoC5/Count7_PM.c **** * Function Name: Count7_RestoreConfig
  83:.\Generated_Source\PSoC5/Count7_PM.c **** ********************************************************************************
  84:.\Generated_Source\PSoC5/Count7_PM.c **** *
  85:.\Generated_Source\PSoC5/Count7_PM.c **** * Summary:
  86:.\Generated_Source\PSoC5/Count7_PM.c **** *  This function restores the component configuration and non-retention
  87:.\Generated_Source\PSoC5/Count7_PM.c **** *  registers. This function is called by the Count7_Wakeup() function.
  88:.\Generated_Source\PSoC5/Count7_PM.c **** *
  89:.\Generated_Source\PSoC5/Count7_PM.c **** * Parameters:
  90:.\Generated_Source\PSoC5/Count7_PM.c **** *  None
  91:.\Generated_Source\PSoC5/Count7_PM.c **** *
  92:.\Generated_Source\PSoC5/Count7_PM.c **** * Return:
  93:.\Generated_Source\PSoC5/Count7_PM.c **** *  None
  94:.\Generated_Source\PSoC5/Count7_PM.c **** *
  95:.\Generated_Source\PSoC5/Count7_PM.c **** * Global Variables:
  96:.\Generated_Source\PSoC5/Count7_PM.c **** *  Count7_backup - used to save component configuration and
  97:.\Generated_Source\PSoC5/Count7_PM.c **** *  non-retention registers before exit sleep mode.
  98:.\Generated_Source\PSoC5/Count7_PM.c **** *
  99:.\Generated_Source\PSoC5/Count7_PM.c **** *******************************************************************************/
 100:.\Generated_Source\PSoC5/Count7_PM.c **** void Count7_RestoreConfig(void) 
 101:.\Generated_Source\PSoC5/Count7_PM.c **** {
 118              		.loc 1 101 0
 119              		.cfi_startproc
 120              		@ args = 0, pretend = 0, frame = 0
 121              		@ frame_needed = 1, uses_anonymous_args = 0
 122              		@ link register save eliminated.
 123 0000 80B4     		push	{r7}
 124              		.cfi_def_cfa_offset 4
 125              		.cfi_offset 7, -4
 126 0002 00AF     		add	r7, sp, #0
 127              		.cfi_def_cfa_register 7
ARM GAS  C:\Users\Rolando\AppData\Local\Temp\ccUF0WlV.s 			page 5


 102:.\Generated_Source\PSoC5/Count7_PM.c ****     Count7_COUNT_REG = Count7_backup.count;
 128              		.loc 1 102 0
 129 0004 034B     		ldr	r3, .L10
 130 0006 044A     		ldr	r2, .L10+4
 131 0008 5278     		ldrb	r2, [r2, #1]	@ zero_extendqisi2
 132 000a 1A70     		strb	r2, [r3]
 103:.\Generated_Source\PSoC5/Count7_PM.c **** }
 133              		.loc 1 103 0
 134 000c BD46     		mov	sp, r7
 135              		.cfi_def_cfa_register 13
 136              		@ sp needed
 137 000e 5DF8047B 		ldr	r7, [sp], #4
 138              		.cfi_restore 7
 139              		.cfi_def_cfa_offset 0
 140 0012 7047     		bx	lr
 141              	.L11:
 142              		.align	2
 143              	.L10:
 144 0014 7E640040 		.word	1073767550
 145 0018 00000000 		.word	Count7_backup
 146              		.cfi_endproc
 147              	.LFE2:
 148              		.size	Count7_RestoreConfig, .-Count7_RestoreConfig
 149              		.section	.text.Count7_Wakeup,"ax",%progbits
 150              		.align	2
 151              		.global	Count7_Wakeup
 152              		.thumb
 153              		.thumb_func
 154              		.type	Count7_Wakeup, %function
 155              	Count7_Wakeup:
 156              	.LFB3:
 104:.\Generated_Source\PSoC5/Count7_PM.c **** 
 105:.\Generated_Source\PSoC5/Count7_PM.c **** 
 106:.\Generated_Source\PSoC5/Count7_PM.c **** /*******************************************************************************
 107:.\Generated_Source\PSoC5/Count7_PM.c **** * Function Name: Count7_Wakeup
 108:.\Generated_Source\PSoC5/Count7_PM.c **** ********************************************************************************
 109:.\Generated_Source\PSoC5/Count7_PM.c **** *
 110:.\Generated_Source\PSoC5/Count7_PM.c **** * Summary:
 111:.\Generated_Source\PSoC5/Count7_PM.c **** *  This is the preferred API to restore the component to the state when
 112:.\Generated_Source\PSoC5/Count7_PM.c **** *  Count7_Sleep() was called. The Count7_Wakeup() function calls the
 113:.\Generated_Source\PSoC5/Count7_PM.c **** *  Count7_RestoreConfig() function to restore the configuration.
 114:.\Generated_Source\PSoC5/Count7_PM.c **** *
 115:.\Generated_Source\PSoC5/Count7_PM.c **** * Parameters:
 116:.\Generated_Source\PSoC5/Count7_PM.c **** *  None
 117:.\Generated_Source\PSoC5/Count7_PM.c **** *
 118:.\Generated_Source\PSoC5/Count7_PM.c **** * Return:
 119:.\Generated_Source\PSoC5/Count7_PM.c **** *  None
 120:.\Generated_Source\PSoC5/Count7_PM.c **** *
 121:.\Generated_Source\PSoC5/Count7_PM.c **** *******************************************************************************/
 122:.\Generated_Source\PSoC5/Count7_PM.c **** void Count7_Wakeup(void) 
 123:.\Generated_Source\PSoC5/Count7_PM.c **** {
 157              		.loc 1 123 0
 158              		.cfi_startproc
 159              		@ args = 0, pretend = 0, frame = 0
 160              		@ frame_needed = 1, uses_anonymous_args = 0
 161 0000 80B5     		push	{r7, lr}
 162              		.cfi_def_cfa_offset 8
ARM GAS  C:\Users\Rolando\AppData\Local\Temp\ccUF0WlV.s 			page 6


 163              		.cfi_offset 7, -8
 164              		.cfi_offset 14, -4
 165 0002 00AF     		add	r7, sp, #0
 166              		.cfi_def_cfa_register 7
 124:.\Generated_Source\PSoC5/Count7_PM.c ****     Count7_RestoreConfig();
 167              		.loc 1 124 0
 168 0004 FFF7FEFF 		bl	Count7_RestoreConfig
 125:.\Generated_Source\PSoC5/Count7_PM.c **** 
 126:.\Generated_Source\PSoC5/Count7_PM.c ****     /* Restore enable state */
 127:.\Generated_Source\PSoC5/Count7_PM.c ****     if (Count7_backup.enableState != 0u)
 169              		.loc 1 127 0
 170 0008 034B     		ldr	r3, .L14
 171 000a 1B78     		ldrb	r3, [r3]	@ zero_extendqisi2
 172 000c 002B     		cmp	r3, #0
 173 000e 01D0     		beq	.L12
 128:.\Generated_Source\PSoC5/Count7_PM.c ****     {
 129:.\Generated_Source\PSoC5/Count7_PM.c ****         Count7_Enable();
 174              		.loc 1 129 0
 175 0010 FFF7FEFF 		bl	Count7_Enable
 176              	.L12:
 130:.\Generated_Source\PSoC5/Count7_PM.c ****     }
 131:.\Generated_Source\PSoC5/Count7_PM.c **** }
 177              		.loc 1 131 0
 178 0014 80BD     		pop	{r7, pc}
 179              	.L15:
 180 0016 00BF     		.align	2
 181              	.L14:
 182 0018 00000000 		.word	Count7_backup
 183              		.cfi_endproc
 184              	.LFE3:
 185              		.size	Count7_Wakeup, .-Count7_Wakeup
 186              		.text
 187              	.Letext0:
 188              		.file 2 ".\\Generated_Source\\PSoC5\\cytypes.h"
 189              		.file 3 ".\\Generated_Source\\PSoC5\\Count7.h"
 190              		.section	.debug_info,"",%progbits
 191              	.Ldebug_info0:
 192 0000 1B010000 		.4byte	0x11b
 193 0004 0400     		.2byte	0x4
 194 0006 00000000 		.4byte	.Ldebug_abbrev0
 195 000a 04       		.byte	0x4
 196 000b 01       		.uleb128 0x1
 197 000c 14000000 		.4byte	.LASF21
 198 0010 01       		.byte	0x1
 199 0011 E9010000 		.4byte	.LASF22
 200 0015 B0000000 		.4byte	.LASF23
 201 0019 00000000 		.4byte	.Ldebug_ranges0+0
 202 001d 00000000 		.4byte	0
 203 0021 00000000 		.4byte	.Ldebug_line0
 204 0025 02       		.uleb128 0x2
 205 0026 01       		.byte	0x1
 206 0027 06       		.byte	0x6
 207 0028 DD010000 		.4byte	.LASF0
 208 002c 02       		.uleb128 0x2
 209 002d 01       		.byte	0x1
 210 002e 08       		.byte	0x8
 211 002f F9000000 		.4byte	.LASF1
ARM GAS  C:\Users\Rolando\AppData\Local\Temp\ccUF0WlV.s 			page 7


 212 0033 02       		.uleb128 0x2
 213 0034 02       		.byte	0x2
 214 0035 05       		.byte	0x5
 215 0036 AB010000 		.4byte	.LASF2
 216 003a 02       		.uleb128 0x2
 217 003b 02       		.byte	0x2
 218 003c 07       		.byte	0x7
 219 003d 1E010000 		.4byte	.LASF3
 220 0041 02       		.uleb128 0x2
 221 0042 04       		.byte	0x4
 222 0043 05       		.byte	0x5
 223 0044 C8010000 		.4byte	.LASF4
 224 0048 02       		.uleb128 0x2
 225 0049 04       		.byte	0x4
 226 004a 07       		.byte	0x7
 227 004b 0C010000 		.4byte	.LASF5
 228 004f 02       		.uleb128 0x2
 229 0050 08       		.byte	0x8
 230 0051 05       		.byte	0x5
 231 0052 98010000 		.4byte	.LASF6
 232 0056 02       		.uleb128 0x2
 233 0057 08       		.byte	0x8
 234 0058 07       		.byte	0x7
 235 0059 5A010000 		.4byte	.LASF7
 236 005d 03       		.uleb128 0x3
 237 005e 04       		.byte	0x4
 238 005f 05       		.byte	0x5
 239 0060 696E7400 		.ascii	"int\000"
 240 0064 02       		.uleb128 0x2
 241 0065 04       		.byte	0x4
 242 0066 07       		.byte	0x7
 243 0067 4D010000 		.4byte	.LASF8
 244 006b 04       		.uleb128 0x4
 245 006c B5010000 		.4byte	.LASF12
 246 0070 02       		.byte	0x2
 247 0071 3801     		.2byte	0x138
 248 0073 2C000000 		.4byte	0x2c
 249 0077 02       		.uleb128 0x2
 250 0078 04       		.byte	0x4
 251 0079 04       		.byte	0x4
 252 007a F3000000 		.4byte	.LASF9
 253 007e 02       		.uleb128 0x2
 254 007f 08       		.byte	0x8
 255 0080 04       		.byte	0x4
 256 0081 46010000 		.4byte	.LASF10
 257 0085 02       		.uleb128 0x2
 258 0086 01       		.byte	0x1
 259 0087 08       		.byte	0x8
 260 0088 A6010000 		.4byte	.LASF11
 261 008c 04       		.uleb128 0x4
 262 008d 07010000 		.4byte	.LASF13
 263 0091 02       		.byte	0x2
 264 0092 E201     		.2byte	0x1e2
 265 0094 98000000 		.4byte	0x98
 266 0098 05       		.uleb128 0x5
 267 0099 6B000000 		.4byte	0x6b
 268 009d 06       		.uleb128 0x6
ARM GAS  C:\Users\Rolando\AppData\Local\Temp\ccUF0WlV.s 			page 8


 269 009e 02       		.byte	0x2
 270 009f 03       		.byte	0x3
 271 00a0 2E       		.byte	0x2e
 272 00a1 BE000000 		.4byte	0xbe
 273 00a5 07       		.uleb128 0x7
 274 00a6 D1010000 		.4byte	.LASF14
 275 00aa 03       		.byte	0x3
 276 00ab 30       		.byte	0x30
 277 00ac 6B000000 		.4byte	0x6b
 278 00b0 00       		.byte	0
 279 00b1 07       		.uleb128 0x7
 280 00b2 0E000000 		.4byte	.LASF15
 281 00b6 03       		.byte	0x3
 282 00b7 31       		.byte	0x31
 283 00b8 6B000000 		.4byte	0x6b
 284 00bc 01       		.byte	0x1
 285 00bd 00       		.byte	0
 286 00be 08       		.uleb128 0x8
 287 00bf 31010000 		.4byte	.LASF16
 288 00c3 03       		.byte	0x3
 289 00c4 32       		.byte	0x32
 290 00c5 9D000000 		.4byte	0x9d
 291 00c9 09       		.uleb128 0x9
 292 00ca 86010000 		.4byte	.LASF17
 293 00ce 01       		.byte	0x1
 294 00cf 2B       		.byte	0x2b
 295 00d0 00000000 		.4byte	.LFB0
 296 00d4 20000000 		.4byte	.LFE0-.LFB0
 297 00d8 01       		.uleb128 0x1
 298 00d9 9C       		.byte	0x9c
 299 00da 0A       		.uleb128 0xa
 300 00db BB010000 		.4byte	.LASF18
 301 00df 01       		.byte	0x1
 302 00e0 41       		.byte	0x41
 303 00e1 00000000 		.4byte	.LFB1
 304 00e5 34000000 		.4byte	.LFE1-.LFB1
 305 00e9 01       		.uleb128 0x1
 306 00ea 9C       		.byte	0x9c
 307 00eb 09       		.uleb128 0x9
 308 00ec 71010000 		.4byte	.LASF19
 309 00f0 01       		.byte	0x1
 310 00f1 64       		.byte	0x64
 311 00f2 00000000 		.4byte	.LFB2
 312 00f6 1C000000 		.4byte	.LFE2-.LFB2
 313 00fa 01       		.uleb128 0x1
 314 00fb 9C       		.byte	0x9c
 315 00fc 0A       		.uleb128 0xa
 316 00fd A2000000 		.4byte	.LASF20
 317 0101 01       		.byte	0x1
 318 0102 7A       		.byte	0x7a
 319 0103 00000000 		.4byte	.LFB3
 320 0107 1C000000 		.4byte	.LFE3-.LFB3
 321 010b 01       		.uleb128 0x1
 322 010c 9C       		.byte	0x9c
 323 010d 0B       		.uleb128 0xb
 324 010e 00000000 		.4byte	.LASF24
 325 0112 01       		.byte	0x1
ARM GAS  C:\Users\Rolando\AppData\Local\Temp\ccUF0WlV.s 			page 9


 326 0113 15       		.byte	0x15
 327 0114 BE000000 		.4byte	0xbe
 328 0118 05       		.uleb128 0x5
 329 0119 03       		.byte	0x3
 330 011a 00000000 		.4byte	Count7_backup
 331 011e 00       		.byte	0
 332              		.section	.debug_abbrev,"",%progbits
 333              	.Ldebug_abbrev0:
 334 0000 01       		.uleb128 0x1
 335 0001 11       		.uleb128 0x11
 336 0002 01       		.byte	0x1
 337 0003 25       		.uleb128 0x25
 338 0004 0E       		.uleb128 0xe
 339 0005 13       		.uleb128 0x13
 340 0006 0B       		.uleb128 0xb
 341 0007 03       		.uleb128 0x3
 342 0008 0E       		.uleb128 0xe
 343 0009 1B       		.uleb128 0x1b
 344 000a 0E       		.uleb128 0xe
 345 000b 55       		.uleb128 0x55
 346 000c 17       		.uleb128 0x17
 347 000d 11       		.uleb128 0x11
 348 000e 01       		.uleb128 0x1
 349 000f 10       		.uleb128 0x10
 350 0010 17       		.uleb128 0x17
 351 0011 00       		.byte	0
 352 0012 00       		.byte	0
 353 0013 02       		.uleb128 0x2
 354 0014 24       		.uleb128 0x24
 355 0015 00       		.byte	0
 356 0016 0B       		.uleb128 0xb
 357 0017 0B       		.uleb128 0xb
 358 0018 3E       		.uleb128 0x3e
 359 0019 0B       		.uleb128 0xb
 360 001a 03       		.uleb128 0x3
 361 001b 0E       		.uleb128 0xe
 362 001c 00       		.byte	0
 363 001d 00       		.byte	0
 364 001e 03       		.uleb128 0x3
 365 001f 24       		.uleb128 0x24
 366 0020 00       		.byte	0
 367 0021 0B       		.uleb128 0xb
 368 0022 0B       		.uleb128 0xb
 369 0023 3E       		.uleb128 0x3e
 370 0024 0B       		.uleb128 0xb
 371 0025 03       		.uleb128 0x3
 372 0026 08       		.uleb128 0x8
 373 0027 00       		.byte	0
 374 0028 00       		.byte	0
 375 0029 04       		.uleb128 0x4
 376 002a 16       		.uleb128 0x16
 377 002b 00       		.byte	0
 378 002c 03       		.uleb128 0x3
 379 002d 0E       		.uleb128 0xe
 380 002e 3A       		.uleb128 0x3a
 381 002f 0B       		.uleb128 0xb
 382 0030 3B       		.uleb128 0x3b
ARM GAS  C:\Users\Rolando\AppData\Local\Temp\ccUF0WlV.s 			page 10


 383 0031 05       		.uleb128 0x5
 384 0032 49       		.uleb128 0x49
 385 0033 13       		.uleb128 0x13
 386 0034 00       		.byte	0
 387 0035 00       		.byte	0
 388 0036 05       		.uleb128 0x5
 389 0037 35       		.uleb128 0x35
 390 0038 00       		.byte	0
 391 0039 49       		.uleb128 0x49
 392 003a 13       		.uleb128 0x13
 393 003b 00       		.byte	0
 394 003c 00       		.byte	0
 395 003d 06       		.uleb128 0x6
 396 003e 13       		.uleb128 0x13
 397 003f 01       		.byte	0x1
 398 0040 0B       		.uleb128 0xb
 399 0041 0B       		.uleb128 0xb
 400 0042 3A       		.uleb128 0x3a
 401 0043 0B       		.uleb128 0xb
 402 0044 3B       		.uleb128 0x3b
 403 0045 0B       		.uleb128 0xb
 404 0046 01       		.uleb128 0x1
 405 0047 13       		.uleb128 0x13
 406 0048 00       		.byte	0
 407 0049 00       		.byte	0
 408 004a 07       		.uleb128 0x7
 409 004b 0D       		.uleb128 0xd
 410 004c 00       		.byte	0
 411 004d 03       		.uleb128 0x3
 412 004e 0E       		.uleb128 0xe
 413 004f 3A       		.uleb128 0x3a
 414 0050 0B       		.uleb128 0xb
 415 0051 3B       		.uleb128 0x3b
 416 0052 0B       		.uleb128 0xb
 417 0053 49       		.uleb128 0x49
 418 0054 13       		.uleb128 0x13
 419 0055 38       		.uleb128 0x38
 420 0056 0B       		.uleb128 0xb
 421 0057 00       		.byte	0
 422 0058 00       		.byte	0
 423 0059 08       		.uleb128 0x8
 424 005a 16       		.uleb128 0x16
 425 005b 00       		.byte	0
 426 005c 03       		.uleb128 0x3
 427 005d 0E       		.uleb128 0xe
 428 005e 3A       		.uleb128 0x3a
 429 005f 0B       		.uleb128 0xb
 430 0060 3B       		.uleb128 0x3b
 431 0061 0B       		.uleb128 0xb
 432 0062 49       		.uleb128 0x49
 433 0063 13       		.uleb128 0x13
 434 0064 00       		.byte	0
 435 0065 00       		.byte	0
 436 0066 09       		.uleb128 0x9
 437 0067 2E       		.uleb128 0x2e
 438 0068 00       		.byte	0
 439 0069 3F       		.uleb128 0x3f
ARM GAS  C:\Users\Rolando\AppData\Local\Temp\ccUF0WlV.s 			page 11


 440 006a 19       		.uleb128 0x19
 441 006b 03       		.uleb128 0x3
 442 006c 0E       		.uleb128 0xe
 443 006d 3A       		.uleb128 0x3a
 444 006e 0B       		.uleb128 0xb
 445 006f 3B       		.uleb128 0x3b
 446 0070 0B       		.uleb128 0xb
 447 0071 27       		.uleb128 0x27
 448 0072 19       		.uleb128 0x19
 449 0073 11       		.uleb128 0x11
 450 0074 01       		.uleb128 0x1
 451 0075 12       		.uleb128 0x12
 452 0076 06       		.uleb128 0x6
 453 0077 40       		.uleb128 0x40
 454 0078 18       		.uleb128 0x18
 455 0079 9742     		.uleb128 0x2117
 456 007b 19       		.uleb128 0x19
 457 007c 00       		.byte	0
 458 007d 00       		.byte	0
 459 007e 0A       		.uleb128 0xa
 460 007f 2E       		.uleb128 0x2e
 461 0080 00       		.byte	0
 462 0081 3F       		.uleb128 0x3f
 463 0082 19       		.uleb128 0x19
 464 0083 03       		.uleb128 0x3
 465 0084 0E       		.uleb128 0xe
 466 0085 3A       		.uleb128 0x3a
 467 0086 0B       		.uleb128 0xb
 468 0087 3B       		.uleb128 0x3b
 469 0088 0B       		.uleb128 0xb
 470 0089 27       		.uleb128 0x27
 471 008a 19       		.uleb128 0x19
 472 008b 11       		.uleb128 0x11
 473 008c 01       		.uleb128 0x1
 474 008d 12       		.uleb128 0x12
 475 008e 06       		.uleb128 0x6
 476 008f 40       		.uleb128 0x40
 477 0090 18       		.uleb128 0x18
 478 0091 9642     		.uleb128 0x2116
 479 0093 19       		.uleb128 0x19
 480 0094 00       		.byte	0
 481 0095 00       		.byte	0
 482 0096 0B       		.uleb128 0xb
 483 0097 34       		.uleb128 0x34
 484 0098 00       		.byte	0
 485 0099 03       		.uleb128 0x3
 486 009a 0E       		.uleb128 0xe
 487 009b 3A       		.uleb128 0x3a
 488 009c 0B       		.uleb128 0xb
 489 009d 3B       		.uleb128 0x3b
 490 009e 0B       		.uleb128 0xb
 491 009f 49       		.uleb128 0x49
 492 00a0 13       		.uleb128 0x13
 493 00a1 3F       		.uleb128 0x3f
 494 00a2 19       		.uleb128 0x19
 495 00a3 02       		.uleb128 0x2
 496 00a4 18       		.uleb128 0x18
ARM GAS  C:\Users\Rolando\AppData\Local\Temp\ccUF0WlV.s 			page 12


 497 00a5 00       		.byte	0
 498 00a6 00       		.byte	0
 499 00a7 00       		.byte	0
 500              		.section	.debug_aranges,"",%progbits
 501 0000 34000000 		.4byte	0x34
 502 0004 0200     		.2byte	0x2
 503 0006 00000000 		.4byte	.Ldebug_info0
 504 000a 04       		.byte	0x4
 505 000b 00       		.byte	0
 506 000c 0000     		.2byte	0
 507 000e 0000     		.2byte	0
 508 0010 00000000 		.4byte	.LFB0
 509 0014 20000000 		.4byte	.LFE0-.LFB0
 510 0018 00000000 		.4byte	.LFB1
 511 001c 34000000 		.4byte	.LFE1-.LFB1
 512 0020 00000000 		.4byte	.LFB2
 513 0024 1C000000 		.4byte	.LFE2-.LFB2
 514 0028 00000000 		.4byte	.LFB3
 515 002c 1C000000 		.4byte	.LFE3-.LFB3
 516 0030 00000000 		.4byte	0
 517 0034 00000000 		.4byte	0
 518              		.section	.debug_ranges,"",%progbits
 519              	.Ldebug_ranges0:
 520 0000 00000000 		.4byte	.LFB0
 521 0004 20000000 		.4byte	.LFE0
 522 0008 00000000 		.4byte	.LFB1
 523 000c 34000000 		.4byte	.LFE1
 524 0010 00000000 		.4byte	.LFB2
 525 0014 1C000000 		.4byte	.LFE2
 526 0018 00000000 		.4byte	.LFB3
 527 001c 1C000000 		.4byte	.LFE3
 528 0020 00000000 		.4byte	0
 529 0024 00000000 		.4byte	0
 530              		.section	.debug_line,"",%progbits
 531              	.Ldebug_line0:
 532 0000 A7000000 		.section	.debug_str,"MS",%progbits,1
 532      02005400 
 532      00000201 
 532      FB0E0D00 
 532      01010101 
 533              	.LASF24:
 534 0000 436F756E 		.ascii	"Count7_backup\000"
 534      74375F62 
 534      61636B75 
 534      7000
 535              	.LASF15:
 536 000e 636F756E 		.ascii	"count\000"
 536      7400
 537              	.LASF21:
 538 0014 474E5520 		.ascii	"GNU C 4.9.3 20150303 (release) [ARM/embedded-4_9-br"
 538      4320342E 
 538      392E3320 
 538      32303135 
 538      30333033 
 539 0047 616E6368 		.ascii	"anch revision 221220] -mcpu=cortex-m3 -mthumb -g -O"
 539      20726576 
 539      6973696F 
ARM GAS  C:\Users\Rolando\AppData\Local\Temp\ccUF0WlV.s 			page 13


 539      6E203232 
 539      31323230 
 540 007a 30202D66 		.ascii	"0 -ffunction-sections -ffat-lto-objects\000"
 540      66756E63 
 540      74696F6E 
 540      2D736563 
 540      74696F6E 
 541              	.LASF20:
 542 00a2 436F756E 		.ascii	"Count7_Wakeup\000"
 542      74375F57 
 542      616B6575 
 542      7000
 543              	.LASF23:
 544 00b0 473A5C44 		.ascii	"G:\\Documentos\\PSoC Creator\\Count7_Example01\\Cou"
 544      6F63756D 
 544      656E746F 
 544      735C5053 
 544      6F432043 
 545 00df 6E74375F 		.ascii	"nt7_Example01.cydsn\000"
 545      4578616D 
 545      706C6530 
 545      312E6379 
 545      64736E00 
 546              	.LASF9:
 547 00f3 666C6F61 		.ascii	"float\000"
 547      7400
 548              	.LASF1:
 549 00f9 756E7369 		.ascii	"unsigned char\000"
 549      676E6564 
 549      20636861 
 549      7200
 550              	.LASF13:
 551 0107 72656738 		.ascii	"reg8\000"
 551      00
 552              	.LASF5:
 553 010c 6C6F6E67 		.ascii	"long unsigned int\000"
 553      20756E73 
 553      69676E65 
 553      6420696E 
 553      7400
 554              	.LASF3:
 555 011e 73686F72 		.ascii	"short unsigned int\000"
 555      7420756E 
 555      7369676E 
 555      65642069 
 555      6E7400
 556              	.LASF16:
 557 0131 436F756E 		.ascii	"Count7_BACKUP_STRUCT\000"
 557      74375F42 
 557      41434B55 
 557      505F5354 
 557      52554354 
 558              	.LASF10:
 559 0146 646F7562 		.ascii	"double\000"
 559      6C6500
 560              	.LASF8:
 561 014d 756E7369 		.ascii	"unsigned int\000"
ARM GAS  C:\Users\Rolando\AppData\Local\Temp\ccUF0WlV.s 			page 14


 561      676E6564 
 561      20696E74 
 561      00
 562              	.LASF7:
 563 015a 6C6F6E67 		.ascii	"long long unsigned int\000"
 563      206C6F6E 
 563      6720756E 
 563      7369676E 
 563      65642069 
 564              	.LASF19:
 565 0171 436F756E 		.ascii	"Count7_RestoreConfig\000"
 565      74375F52 
 565      6573746F 
 565      7265436F 
 565      6E666967 
 566              	.LASF17:
 567 0186 436F756E 		.ascii	"Count7_SaveConfig\000"
 567      74375F53 
 567      61766543 
 567      6F6E6669 
 567      6700
 568              	.LASF6:
 569 0198 6C6F6E67 		.ascii	"long long int\000"
 569      206C6F6E 
 569      6720696E 
 569      7400
 570              	.LASF11:
 571 01a6 63686172 		.ascii	"char\000"
 571      00
 572              	.LASF2:
 573 01ab 73686F72 		.ascii	"short int\000"
 573      7420696E 
 573      7400
 574              	.LASF12:
 575 01b5 75696E74 		.ascii	"uint8\000"
 575      3800
 576              	.LASF18:
 577 01bb 436F756E 		.ascii	"Count7_Sleep\000"
 577      74375F53 
 577      6C656570 
 577      00
 578              	.LASF4:
 579 01c8 6C6F6E67 		.ascii	"long int\000"
 579      20696E74 
 579      00
 580              	.LASF14:
 581 01d1 656E6162 		.ascii	"enableState\000"
 581      6C655374 
 581      61746500 
 582              	.LASF0:
 583 01dd 7369676E 		.ascii	"signed char\000"
 583      65642063 
 583      68617200 
 584              	.LASF22:
 585 01e9 2E5C4765 		.ascii	".\\Generated_Source\\PSoC5\\Count7_PM.c\000"
 585      6E657261 
 585      7465645F 
ARM GAS  C:\Users\Rolando\AppData\Local\Temp\ccUF0WlV.s 			page 15


 585      536F7572 
 585      63655C50 
 586              		.ident	"GCC: (GNU Tools for ARM Embedded Processors) 4.9.3 20150303 (release) [ARM/embedded-4_9-br
