ARM GAS  C:\Users\Rolando\AppData\Local\Temp\ccBoLSQ7.s 			page 1


   1              		.syntax unified
   2              		.cpu cortex-m3
   3              		.fpu softvfp
   4              		.eabi_attribute 20, 1
   5              		.eabi_attribute 21, 1
   6              		.eabi_attribute 23, 3
   7              		.eabi_attribute 24, 1
   8              		.eabi_attribute 25, 1
   9              		.eabi_attribute 26, 1
  10              		.eabi_attribute 30, 6
  11              		.eabi_attribute 34, 1
  12              		.eabi_attribute 18, 4
  13              		.thumb
  14              		.file	"cymetadata.c"
  15              		.text
  16              	.Ltext0:
  17              		.cfi_sections	.debug_frame
  18              		.global	cy_meta_configecc
  19              		.section	.cyconfigecc,"a",%progbits
  20              		.align	2
  21              		.type	cy_meta_configecc, %object
  22              		.size	cy_meta_configecc, 124
  23              	cy_meta_configecc:
  24 0000 01       		.byte	1
  25 0001 52       		.byte	82
  26 0002 00       		.byte	0
  27 0003 40       		.byte	64
  28 0004 01       		.byte	1
  29 0005 64       		.byte	100
  30 0006 00       		.byte	0
  31 0007 40       		.byte	64
  32 0008 01       		.byte	1
  33 0009 0D       		.byte	13
  34 000a 01       		.byte	1
  35 000b 40       		.byte	64
  36 000c 0D       		.byte	13
  37 000d 0E       		.byte	14
  38 000e 01       		.byte	1
  39 000f 40       		.byte	64
  40 0010 0C       		.byte	12
  41 0011 0F       		.byte	15
  42 0012 01       		.byte	1
  43 0013 40       		.byte	64
  44 0014 02       		.byte	2
  45 0015 44       		.byte	68
  46 0016 01       		.byte	1
  47 0017 40       		.byte	64
  48 0018 02       		.byte	2
  49 0019 45       		.byte	69
  50 001a 01       		.byte	1
  51 001b 40       		.byte	64
  52 001c 02       		.byte	2
  53 001d 50       		.byte	80
  54 001e 01       		.byte	1
  55 001f 40       		.byte	64
  56 0020 34       		.byte	52
  57 0021 02       		.byte	2
ARM GAS  C:\Users\Rolando\AppData\Local\Temp\ccBoLSQ7.s 			page 2


  58 0022 8E       		.byte	-114
  59 0023 7F       		.byte	127
  60 0024 B0       		.byte	-80
  61 0025 01       		.byte	1
  62 0026 00       		.byte	0
  63 0027 04       		.byte	4
  64 0028 06       		.byte	6
  65 0029 03       		.byte	3
  66 002a 0C       		.byte	12
  67 002b 01       		.byte	1
  68 002c 30       		.byte	48
  69 002d 02       		.byte	2
  70 002e 34       		.byte	52
  71 002f 04       		.byte	4
  72 0030 36       		.byte	54
  73 0031 01       		.byte	1
  74 0032 56       		.byte	86
  75 0033 02       		.byte	2
  76 0034 57       		.byte	87
  77 0035 20       		.byte	32
  78 0036 58       		.byte	88
  79 0037 04       		.byte	4
  80 0038 5B       		.byte	91
  81 0039 04       		.byte	4
  82 003a 5F       		.byte	95
  83 003b 01       		.byte	1
  84 003c DB       		.byte	-37
  85 003d 04       		.byte	4
  86 003e DF       		.byte	-33
  87 003f 01       		.byte	1
  88 0040 00       		.byte	0
  89 0041 42       		.byte	66
  90 0042 03       		.byte	3
  91 0043 20       		.byte	32
  92 0044 18       		.byte	24
  93 0045 41       		.byte	65
  94 0046 1B       		.byte	27
  95 0047 20       		.byte	32
  96 0048 5E       		.byte	94
  97 0049 55       		.byte	85
  98 004a 60       		.byte	96
  99 004b 01       		.byte	1
 100 004c 67       		.byte	103
 101 004d 15       		.byte	21
 102 004e 6A       		.byte	106
 103 004f 55       		.byte	85
 104 0050 73       		.byte	115
 105 0051 15       		.byte	21
 106 0052 C0       		.byte	-64
 107 0053 0D       		.byte	13
 108 0054 D6       		.byte	-42
 109 0055 F0       		.byte	-16
 110 0056 D8       		.byte	-40
 111 0057 78       		.byte	120
 112 0058 05       		.byte	5
 113 0059 02       		.byte	2
 114 005a C0       		.byte	-64
ARM GAS  C:\Users\Rolando\AppData\Local\Temp\ccBoLSQ7.s 			page 3


 115 005b 04       		.byte	4
 116 005c B1       		.byte	-79
 117 005d 02       		.byte	2
 118 005e EA       		.byte	-22
 119 005f 01       		.byte	1
 120 0060 00       		.byte	0
 121 0061 01       		.byte	1
 122 0062 0E       		.byte	14
 123 0063 01       		.byte	1
 124 0064 00       		.byte	0
 125 0065 7F       		.byte	127
 126 0066 7F       		.byte	127
 127 0067 00       		.byte	0
 128 0068 00       		.byte	0
 129 0069 00       		.byte	0
 130 006a 00       		.byte	0
 131 006b 00       		.byte	0
 132 006c 02       		.byte	2
 133 006d 00       		.byte	0
 134 006e 00       		.byte	0
 135 006f 02       		.byte	2
 136 0070 00       		.byte	0
 137 0071 00       		.byte	0
 138 0072 00       		.byte	0
 139 0073 00       		.byte	0
 140 0074 00       		.byte	0
 141 0075 00       		.byte	0
 142 0076 00       		.byte	0
 143 0077 00       		.byte	0
 144 0078 01       		.byte	1
 145 0079 00       		.byte	0
 146 007a 14       		.byte	20
 147 007b 01       		.byte	1
 148              		.global	cy_meta_custnvl
 149              		.section	.cycustnvl,"a",%progbits
 150              		.align	2
 151              		.type	cy_meta_custnvl, %object
 152              		.size	cy_meta_custnvl, 4
 153              	cy_meta_custnvl:
 154 0000 00       		.byte	0
 155 0001 00       		.byte	0
 156 0002 40       		.byte	64
 157 0003 05       		.byte	5
 158              		.global	cy_meta_wonvl
 159              		.section	.cywolatch,"a",%progbits
 160              		.align	2
 161              		.type	cy_meta_wonvl, %object
 162              		.size	cy_meta_wonvl, 4
 163              	cy_meta_wonvl:
 164 0000 BC       		.byte	-68
 165 0001 90       		.byte	-112
 166 0002 AC       		.byte	-84
 167 0003 AF       		.byte	-81
 168              		.global	cy_meta_flashprotect
 169              		.section	.cyflashprotect,"a",%progbits
 170              		.align	2
 171              		.type	cy_meta_flashprotect, %object
ARM GAS  C:\Users\Rolando\AppData\Local\Temp\ccBoLSQ7.s 			page 4


 172              		.size	cy_meta_flashprotect, 256
 173              	cy_meta_flashprotect:
 174 0000 00000000 		.space	256
 174      00000000 
 174      00000000 
 174      00000000 
 174      00000000 
 175              		.global	cy_metadata
 176              		.section	.cymeta,"a",%progbits
 177              		.align	2
 178              		.type	cy_metadata, %object
 179              		.size	cy_metadata, 12
 180              	cy_metadata:
 181 0000 00       		.byte	0
 182 0001 01       		.byte	1
 183 0002 2E       		.byte	46
 184 0003 12       		.byte	18
 185 0004 30       		.byte	48
 186 0005 69       		.byte	105
 187 0006 00       		.byte	0
 188 0007 01       		.byte	1
 189 0008 00       		.byte	0
 190 0009 00       		.byte	0
 191 000a 00       		.byte	0
 192 000b 00       		.byte	0
 193              		.text
 194              	.Letext0:
 195              		.file 1 ".\\Generated_Source\\PSoC5\\cymetadata.c"
 196              		.file 2 ".\\Generated_Source\\PSoC5\\cytypes.h"
 197              		.section	.debug_info,"",%progbits
 198              	.Ldebug_info0:
 199 0000 36010000 		.4byte	0x136
 200 0004 0400     		.2byte	0x4
 201 0006 00000000 		.4byte	.Ldebug_abbrev0
 202 000a 04       		.byte	0x4
 203 000b 01       		.uleb128 0x1
 204 000c 00000000 		.4byte	.LASF18
 205 0010 01       		.byte	0x1
 206 0011 8E000000 		.4byte	.LASF19
 207 0015 B4000000 		.4byte	.LASF20
 208 0019 00000000 		.4byte	.Ldebug_line0
 209 001d 02       		.uleb128 0x2
 210 001e 01       		.byte	0x1
 211 001f 06       		.byte	0x6
 212 0020 E1010000 		.4byte	.LASF0
 213 0024 02       		.uleb128 0x2
 214 0025 01       		.byte	0x1
 215 0026 08       		.byte	0x8
 216 0027 09010000 		.4byte	.LASF1
 217 002b 02       		.uleb128 0x2
 218 002c 02       		.byte	0x2
 219 002d 05       		.byte	0x5
 220 002e C8010000 		.4byte	.LASF2
 221 0032 02       		.uleb128 0x2
 222 0033 02       		.byte	0x2
 223 0034 07       		.byte	0x7
 224 0035 29010000 		.4byte	.LASF3
ARM GAS  C:\Users\Rolando\AppData\Local\Temp\ccBoLSQ7.s 			page 5


 225 0039 02       		.uleb128 0x2
 226 003a 04       		.byte	0x4
 227 003b 05       		.byte	0x5
 228 003c D8010000 		.4byte	.LASF4
 229 0040 02       		.uleb128 0x2
 230 0041 04       		.byte	0x4
 231 0042 07       		.byte	0x7
 232 0043 17010000 		.4byte	.LASF5
 233 0047 02       		.uleb128 0x2
 234 0048 08       		.byte	0x8
 235 0049 05       		.byte	0x5
 236 004a B5010000 		.4byte	.LASF6
 237 004e 02       		.uleb128 0x2
 238 004f 08       		.byte	0x8
 239 0050 07       		.byte	0x7
 240 0051 72010000 		.4byte	.LASF7
 241 0055 03       		.uleb128 0x3
 242 0056 04       		.byte	0x4
 243 0057 05       		.byte	0x5
 244 0058 696E7400 		.ascii	"int\000"
 245 005c 02       		.uleb128 0x2
 246 005d 04       		.byte	0x4
 247 005e 07       		.byte	0x7
 248 005f 65010000 		.4byte	.LASF8
 249 0063 04       		.uleb128 0x4
 250 0064 D2010000 		.4byte	.LASF21
 251 0068 02       		.byte	0x2
 252 0069 3801     		.2byte	0x138
 253 006b 24000000 		.4byte	0x24
 254 006f 02       		.uleb128 0x2
 255 0070 04       		.byte	0x4
 256 0071 04       		.byte	0x4
 257 0072 03010000 		.4byte	.LASF9
 258 0076 02       		.uleb128 0x2
 259 0077 08       		.byte	0x8
 260 0078 04       		.byte	0x4
 261 0079 3C010000 		.4byte	.LASF10
 262 007d 02       		.uleb128 0x2
 263 007e 01       		.byte	0x1
 264 007f 08       		.byte	0x8
 265 0080 C3010000 		.4byte	.LASF11
 266 0084 05       		.uleb128 0x5
 267 0085 63000000 		.4byte	0x63
 268 0089 94000000 		.4byte	0x94
 269 008d 06       		.uleb128 0x6
 270 008e 94000000 		.4byte	0x94
 271 0092 7B       		.byte	0x7b
 272 0093 00       		.byte	0
 273 0094 02       		.uleb128 0x2
 274 0095 04       		.byte	0x4
 275 0096 07       		.byte	0x7
 276 0097 AC010000 		.4byte	.LASF12
 277 009b 07       		.uleb128 0x7
 278 009c 53010000 		.4byte	.LASF13
 279 00a0 01       		.byte	0x1
 280 00a1 1F       		.byte	0x1f
 281 00a2 AC000000 		.4byte	0xac
ARM GAS  C:\Users\Rolando\AppData\Local\Temp\ccBoLSQ7.s 			page 6


 282 00a6 05       		.uleb128 0x5
 283 00a7 03       		.byte	0x3
 284 00a8 00000000 		.4byte	cy_meta_configecc
 285 00ac 08       		.uleb128 0x8
 286 00ad 84000000 		.4byte	0x84
 287 00b1 05       		.uleb128 0x5
 288 00b2 63000000 		.4byte	0x63
 289 00b6 C1000000 		.4byte	0xc1
 290 00ba 06       		.uleb128 0x6
 291 00bb 94000000 		.4byte	0x94
 292 00bf 03       		.byte	0x3
 293 00c0 00       		.byte	0
 294 00c1 07       		.uleb128 0x7
 295 00c2 43010000 		.4byte	.LASF14
 296 00c6 01       		.byte	0x1
 297 00c7 3C       		.byte	0x3c
 298 00c8 D2000000 		.4byte	0xd2
 299 00cc 05       		.uleb128 0x5
 300 00cd 03       		.byte	0x3
 301 00ce 00000000 		.4byte	cy_meta_custnvl
 302 00d2 08       		.uleb128 0x8
 303 00d3 B1000000 		.4byte	0xb1
 304 00d7 07       		.uleb128 0x7
 305 00d8 9E010000 		.4byte	.LASF15
 306 00dc 01       		.byte	0x1
 307 00dd 4A       		.byte	0x4a
 308 00de E8000000 		.4byte	0xe8
 309 00e2 05       		.uleb128 0x5
 310 00e3 03       		.byte	0x3
 311 00e4 00000000 		.4byte	cy_meta_wonvl
 312 00e8 08       		.uleb128 0x8
 313 00e9 B1000000 		.4byte	0xb1
 314 00ed 05       		.uleb128 0x5
 315 00ee 63000000 		.4byte	0x63
 316 00f2 FD000000 		.4byte	0xfd
 317 00f6 06       		.uleb128 0x6
 318 00f7 94000000 		.4byte	0x94
 319 00fb FF       		.byte	0xff
 320 00fc 00       		.byte	0
 321 00fd 07       		.uleb128 0x7
 322 00fe 89010000 		.4byte	.LASF16
 323 0102 01       		.byte	0x1
 324 0103 58       		.byte	0x58
 325 0104 0E010000 		.4byte	0x10e
 326 0108 05       		.uleb128 0x5
 327 0109 03       		.byte	0x3
 328 010a 00000000 		.4byte	cy_meta_flashprotect
 329 010e 08       		.uleb128 0x8
 330 010f ED000000 		.4byte	0xed
 331 0113 05       		.uleb128 0x5
 332 0114 63000000 		.4byte	0x63
 333 0118 23010000 		.4byte	0x123
 334 011c 06       		.uleb128 0x6
 335 011d 94000000 		.4byte	0x94
 336 0121 0B       		.byte	0xb
 337 0122 00       		.byte	0
 338 0123 07       		.uleb128 0x7
ARM GAS  C:\Users\Rolando\AppData\Local\Temp\ccBoLSQ7.s 			page 7


 339 0124 F7000000 		.4byte	.LASF17
 340 0128 01       		.byte	0x1
 341 0129 85       		.byte	0x85
 342 012a 34010000 		.4byte	0x134
 343 012e 05       		.uleb128 0x5
 344 012f 03       		.byte	0x3
 345 0130 00000000 		.4byte	cy_metadata
 346 0134 08       		.uleb128 0x8
 347 0135 13010000 		.4byte	0x113
 348 0139 00       		.byte	0
 349              		.section	.debug_abbrev,"",%progbits
 350              	.Ldebug_abbrev0:
 351 0000 01       		.uleb128 0x1
 352 0001 11       		.uleb128 0x11
 353 0002 01       		.byte	0x1
 354 0003 25       		.uleb128 0x25
 355 0004 0E       		.uleb128 0xe
 356 0005 13       		.uleb128 0x13
 357 0006 0B       		.uleb128 0xb
 358 0007 03       		.uleb128 0x3
 359 0008 0E       		.uleb128 0xe
 360 0009 1B       		.uleb128 0x1b
 361 000a 0E       		.uleb128 0xe
 362 000b 10       		.uleb128 0x10
 363 000c 17       		.uleb128 0x17
 364 000d 00       		.byte	0
 365 000e 00       		.byte	0
 366 000f 02       		.uleb128 0x2
 367 0010 24       		.uleb128 0x24
 368 0011 00       		.byte	0
 369 0012 0B       		.uleb128 0xb
 370 0013 0B       		.uleb128 0xb
 371 0014 3E       		.uleb128 0x3e
 372 0015 0B       		.uleb128 0xb
 373 0016 03       		.uleb128 0x3
 374 0017 0E       		.uleb128 0xe
 375 0018 00       		.byte	0
 376 0019 00       		.byte	0
 377 001a 03       		.uleb128 0x3
 378 001b 24       		.uleb128 0x24
 379 001c 00       		.byte	0
 380 001d 0B       		.uleb128 0xb
 381 001e 0B       		.uleb128 0xb
 382 001f 3E       		.uleb128 0x3e
 383 0020 0B       		.uleb128 0xb
 384 0021 03       		.uleb128 0x3
 385 0022 08       		.uleb128 0x8
 386 0023 00       		.byte	0
 387 0024 00       		.byte	0
 388 0025 04       		.uleb128 0x4
 389 0026 16       		.uleb128 0x16
 390 0027 00       		.byte	0
 391 0028 03       		.uleb128 0x3
 392 0029 0E       		.uleb128 0xe
 393 002a 3A       		.uleb128 0x3a
 394 002b 0B       		.uleb128 0xb
 395 002c 3B       		.uleb128 0x3b
ARM GAS  C:\Users\Rolando\AppData\Local\Temp\ccBoLSQ7.s 			page 8


 396 002d 05       		.uleb128 0x5
 397 002e 49       		.uleb128 0x49
 398 002f 13       		.uleb128 0x13
 399 0030 00       		.byte	0
 400 0031 00       		.byte	0
 401 0032 05       		.uleb128 0x5
 402 0033 01       		.uleb128 0x1
 403 0034 01       		.byte	0x1
 404 0035 49       		.uleb128 0x49
 405 0036 13       		.uleb128 0x13
 406 0037 01       		.uleb128 0x1
 407 0038 13       		.uleb128 0x13
 408 0039 00       		.byte	0
 409 003a 00       		.byte	0
 410 003b 06       		.uleb128 0x6
 411 003c 21       		.uleb128 0x21
 412 003d 00       		.byte	0
 413 003e 49       		.uleb128 0x49
 414 003f 13       		.uleb128 0x13
 415 0040 2F       		.uleb128 0x2f
 416 0041 0B       		.uleb128 0xb
 417 0042 00       		.byte	0
 418 0043 00       		.byte	0
 419 0044 07       		.uleb128 0x7
 420 0045 34       		.uleb128 0x34
 421 0046 00       		.byte	0
 422 0047 03       		.uleb128 0x3
 423 0048 0E       		.uleb128 0xe
 424 0049 3A       		.uleb128 0x3a
 425 004a 0B       		.uleb128 0xb
 426 004b 3B       		.uleb128 0x3b
 427 004c 0B       		.uleb128 0xb
 428 004d 49       		.uleb128 0x49
 429 004e 13       		.uleb128 0x13
 430 004f 3F       		.uleb128 0x3f
 431 0050 19       		.uleb128 0x19
 432 0051 02       		.uleb128 0x2
 433 0052 18       		.uleb128 0x18
 434 0053 00       		.byte	0
 435 0054 00       		.byte	0
 436 0055 08       		.uleb128 0x8
 437 0056 26       		.uleb128 0x26
 438 0057 00       		.byte	0
 439 0058 49       		.uleb128 0x49
 440 0059 13       		.uleb128 0x13
 441 005a 00       		.byte	0
 442 005b 00       		.byte	0
 443 005c 00       		.byte	0
 444              		.section	.debug_aranges,"",%progbits
 445 0000 14000000 		.4byte	0x14
 446 0004 0200     		.2byte	0x2
 447 0006 00000000 		.4byte	.Ldebug_info0
 448 000a 04       		.byte	0x4
 449 000b 00       		.byte	0
 450 000c 0000     		.2byte	0
 451 000e 0000     		.2byte	0
 452 0010 00000000 		.4byte	0
ARM GAS  C:\Users\Rolando\AppData\Local\Temp\ccBoLSQ7.s 			page 9


 453 0014 00000000 		.4byte	0
 454              		.section	.debug_line,"",%progbits
 455              	.Ldebug_line0:
 456 0000 4F000000 		.section	.debug_str,"MS",%progbits,1
 456      02004900 
 456      00000201 
 456      FB0E0D00 
 456      01010101 
 457              	.LASF18:
 458 0000 474E5520 		.ascii	"GNU C 4.9.3 20150303 (release) [ARM/embedded-4_9-br"
 458      4320342E 
 458      392E3320 
 458      32303135 
 458      30333033 
 459 0033 616E6368 		.ascii	"anch revision 221220] -mcpu=cortex-m3 -mthumb -g -O"
 459      20726576 
 459      6973696F 
 459      6E203232 
 459      31323230 
 460 0066 30202D66 		.ascii	"0 -ffunction-sections -ffat-lto-objects\000"
 460      66756E63 
 460      74696F6E 
 460      2D736563 
 460      74696F6E 
 461              	.LASF19:
 462 008e 2E5C4765 		.ascii	".\\Generated_Source\\PSoC5\\cymetadata.c\000"
 462      6E657261 
 462      7465645F 
 462      536F7572 
 462      63655C50 
 463              	.LASF20:
 464 00b4 473A5C44 		.ascii	"G:\\Documentos\\PSoC Creator\\Count7_Example01\\Cou"
 464      6F63756D 
 464      656E746F 
 464      735C5053 
 464      6F432043 
 465 00e3 6E74375F 		.ascii	"nt7_Example01.cydsn\000"
 465      4578616D 
 465      706C6530 
 465      312E6379 
 465      64736E00 
 466              	.LASF17:
 467 00f7 63795F6D 		.ascii	"cy_metadata\000"
 467      65746164 
 467      61746100 
 468              	.LASF9:
 469 0103 666C6F61 		.ascii	"float\000"
 469      7400
 470              	.LASF1:
 471 0109 756E7369 		.ascii	"unsigned char\000"
 471      676E6564 
 471      20636861 
 471      7200
 472              	.LASF5:
 473 0117 6C6F6E67 		.ascii	"long unsigned int\000"
 473      20756E73 
 473      69676E65 
ARM GAS  C:\Users\Rolando\AppData\Local\Temp\ccBoLSQ7.s 			page 10


 473      6420696E 
 473      7400
 474              	.LASF3:
 475 0129 73686F72 		.ascii	"short unsigned int\000"
 475      7420756E 
 475      7369676E 
 475      65642069 
 475      6E7400
 476              	.LASF10:
 477 013c 646F7562 		.ascii	"double\000"
 477      6C6500
 478              	.LASF14:
 479 0143 63795F6D 		.ascii	"cy_meta_custnvl\000"
 479      6574615F 
 479      63757374 
 479      6E766C00 
 480              	.LASF13:
 481 0153 63795F6D 		.ascii	"cy_meta_configecc\000"
 481      6574615F 
 481      636F6E66 
 481      69676563 
 481      6300
 482              	.LASF8:
 483 0165 756E7369 		.ascii	"unsigned int\000"
 483      676E6564 
 483      20696E74 
 483      00
 484              	.LASF7:
 485 0172 6C6F6E67 		.ascii	"long long unsigned int\000"
 485      206C6F6E 
 485      6720756E 
 485      7369676E 
 485      65642069 
 486              	.LASF16:
 487 0189 63795F6D 		.ascii	"cy_meta_flashprotect\000"
 487      6574615F 
 487      666C6173 
 487      6870726F 
 487      74656374 
 488              	.LASF15:
 489 019e 63795F6D 		.ascii	"cy_meta_wonvl\000"
 489      6574615F 
 489      776F6E76 
 489      6C00
 490              	.LASF12:
 491 01ac 73697A65 		.ascii	"sizetype\000"
 491      74797065 
 491      00
 492              	.LASF6:
 493 01b5 6C6F6E67 		.ascii	"long long int\000"
 493      206C6F6E 
 493      6720696E 
 493      7400
 494              	.LASF11:
 495 01c3 63686172 		.ascii	"char\000"
 495      00
 496              	.LASF2:
ARM GAS  C:\Users\Rolando\AppData\Local\Temp\ccBoLSQ7.s 			page 11


 497 01c8 73686F72 		.ascii	"short int\000"
 497      7420696E 
 497      7400
 498              	.LASF21:
 499 01d2 75696E74 		.ascii	"uint8\000"
 499      3800
 500              	.LASF4:
 501 01d8 6C6F6E67 		.ascii	"long int\000"
 501      20696E74 
 501      00
 502              	.LASF0:
 503 01e1 7369676E 		.ascii	"signed char\000"
 503      65642063 
 503      68617200 
 504              		.ident	"GCC: (GNU Tools for ARM Embedded Processors) 4.9.3 20150303 (release) [ARM/embedded-4_9-br
