--------------- Build Started: 04/07/2016 12:17:30 Project: Design01, Configuration: ARM GCC 4.9-2015-q1-update Debug ---------------
Project 1 of 2: Initializing Build...
cydsfit.exe -.appdatapath "C:\Users\Rolando\AppData\Local\Cypress Semiconductor\PSoC Creator\3.3" -.fdsnotice -.fdswarpdepfile=warp_dependencies.txt -.fdselabdepfile=elab_dependencies.txt -.fdsbldfile=generated_files.txt -p "G:\Documentos\PSoC Creator\USBFS_UART01\Design01.cydsn\Design01.cyprj" -d CY8C5888LTQ-LP097 -s "G:\Documentos\PSoC Creator\USBFS_UART01\Design01.cydsn\Generated_Source\PSoC5" -- -yv2 -q10 -ygs -o2 -v3 -.fftcfgtype=LE
Elaborating Design...
HDL Generation ...
Synthesis ...
Place and Route ...
Tech mapping ...
ADD: pft.M0040: information: The following 2 pin(s) will be assigned a location by the fitter: \USBUART:Dm(0)\, \USBUART:Dp(0)\
Analog Placement ...
Analog Routing ...
Analog Code Generation ...
Digital Placement ...
Digital Routing ...
Bitstream Generation ...
Static timing analysis ...
API Generation ...
Dependency Generation ...
Clean Temporary Files ...
--------------- Build Succeeded: 04/07/2016 12:17:56 ---------------
