ARM GAS  C:\Users\Rolando\AppData\Local\Temp\ccH2JQxn.s 			page 1


   1              		.syntax unified
   2              		.cpu cortex-m3
   3              		.fpu softvfp
   4              		.eabi_attribute 20, 1
   5              		.eabi_attribute 21, 1
   6              		.eabi_attribute 23, 3
   7              		.eabi_attribute 24, 1
   8              		.eabi_attribute 25, 1
   9              		.eabi_attribute 26, 1
  10              		.eabi_attribute 30, 6
  11              		.eabi_attribute 34, 1
  12              		.eabi_attribute 18, 4
  13              		.thumb
  14              		.file	"main.c"
  15              		.text
  16              	.Ltext0:
  17              		.cfi_sections	.debug_frame
  18              		.global	mouseData
  19              		.bss
  20              		.align	2
  21              		.type	mouseData, %object
  22              		.size	mouseData, 3
  23              	mouseData:
  24 0000 000000   		.space	3
  25              		.global	bSNstring
  26 0003 00       		.data
  27              		.align	2
  28              		.type	bSNstring, %object
  29              		.size	bSNstring, 16
  30              	bSNstring:
  31 0000 0E       		.byte	14
  32 0001 03       		.byte	3
  33 0002 46       		.byte	70
  34 0003 00       		.byte	0
  35 0004 57       		.byte	87
  36 0005 00       		.byte	0
  37 0006 53       		.byte	83
  38 0007 00       		.byte	0
  39 0008 4E       		.byte	78
  40 0009 00       		.byte	0
  41 000a 30       		.byte	48
  42 000b 00       		.byte	0
  43 000c 31       		.byte	49
  44 000d 00       		.byte	0
  45 000e 0000     		.space	2
  46              		.section	.text.main,"ax",%progbits
  47              		.align	2
  48              		.global	main
  49              		.thumb
  50              		.thumb_func
  51              		.type	main, %function
  52              	main:
  53              	.LFB63:
  54              		.file 1 ".\\main.c"
   1:.\main.c      **** /*******************************************************************************
   2:.\main.c      **** * File Name: main.c
   3:.\main.c      **** *
ARM GAS  C:\Users\Rolando\AppData\Local\Temp\ccH2JQxn.s 			page 2


   4:.\main.c      **** * Version: 3.0
   5:.\main.c      **** *
   6:.\main.c      **** * Description:
   7:.\main.c      **** *  This code example demonstrates USB HID interface class operation by 
   8:.\main.c      **** *  implementing a 3-button mouse. When the code is run, the mouse cursor moves 
   9:.\main.c      **** *  from the right to the left, and vice-versa.
  10:.\main.c      **** *
  11:.\main.c      **** *
  12:.\main.c      **** * Related Document:
  13:.\main.c      **** *  Device Class Definition for Human Interface Devices (HID)
  14:.\main.c      **** *  Firmware Specification- Version 1.11
  15:.\main.c      **** *
  16:.\main.c      **** ********************************************************************************
  17:.\main.c      **** * Copyright 2015, Cypress Semiconductor Corporation. All rights reserved.
  18:.\main.c      **** * This software is owned by Cypress Semiconductor Corporation and is protected
  19:.\main.c      **** * by and subject to worldwide patent and copyright laws and treaties.
  20:.\main.c      **** * Therefore, you may use this software only as provided in the license agreement
  21:.\main.c      **** * accompanying the software package from which you obtained this software.
  22:.\main.c      **** * CYPRESS AND ITS SUPPLIERS MAKE NO WARRANTY OF ANY KIND, EXPRESS OR IMPLIED,
  23:.\main.c      **** * WITH REGARD TO THIS SOFTWARE, INCLUDING, BUT NOT LIMITED TO, NONINFRINGEMENT,
  24:.\main.c      **** * IMPLIED WARRANTIES OF MERCHANTABILITY AND FITNESS FOR A PARTICULAR PURPOSE.
  25:.\main.c      **** *******************************************************************************/
  26:.\main.c      **** 
  27:.\main.c      **** #include <project.h>
  28:.\main.c      **** 
  29:.\main.c      **** #define USBFS_DEVICE        (0u)
  30:.\main.c      **** 
  31:.\main.c      **** #define MOUSE_ENDPOINT      (1u)
  32:.\main.c      **** #define MOUSE_DATA_LEN      (3u)
  33:.\main.c      **** #define CURSOR_STEP         (5u)
  34:.\main.c      **** #define CURSOR_STEP_POS     (1u)
  35:.\main.c      **** 
  36:.\main.c      **** /* Mouse packet array: button, X, Y */
  37:.\main.c      **** uint8 mouseData[MOUSE_DATA_LEN] = {0u, 0u, 0u};
  38:.\main.c      **** uint8 bSNstring[16u] = {0x0Eu, 0x03u, 'F', 0u, 'W', 0u, 'S', 0u, 'N', 0u, '0', 0u, '1', 0u};
  39:.\main.c      **** 
  40:.\main.c      **** 
  41:.\main.c      **** /*******************************************************************************
  42:.\main.c      **** * Function Name: main
  43:.\main.c      **** ********************************************************************************
  44:.\main.c      **** *
  45:.\main.c      **** * Summary:
  46:.\main.c      **** *  Wraps the OUT data coming from the host back to the host on a subsequent IN.
  47:.\main.c      **** *
  48:.\main.c      **** * Parameters:
  49:.\main.c      **** *  None.
  50:.\main.c      **** *
  51:.\main.c      **** * Return:
  52:.\main.c      **** *  None.
  53:.\main.c      **** *
  54:.\main.c      **** *******************************************************************************/
  55:.\main.c      **** int main()
  56:.\main.c      **** {
  55              		.loc 1 56 0
  56              		.cfi_startproc
  57              		@ args = 0, pretend = 0, frame = 8
  58              		@ frame_needed = 1, uses_anonymous_args = 0
ARM GAS  C:\Users\Rolando\AppData\Local\Temp\ccH2JQxn.s 			page 3


  59 0000 80B5     		push	{r7, lr}
  60              		.cfi_def_cfa_offset 8
  61              		.cfi_offset 7, -8
  62              		.cfi_offset 14, -4
  63 0002 82B0     		sub	sp, sp, #8
  64              		.cfi_def_cfa_offset 16
  65 0004 00AF     		add	r7, sp, #0
  66              		.cfi_def_cfa_register 7
  57:.\main.c      ****     uint8 counter = 0u;
  67              		.loc 1 57 0
  68 0006 0023     		movs	r3, #0
  69 0008 FB71     		strb	r3, [r7, #7]
  58:.\main.c      **** 
  59:.\main.c      ****     CyGlobalIntEnable;
  70              		.loc 1 59 0
  71              	@ 59 ".\main.c" 1
  72 000a 62B6     		CPSIE   i
  73              	@ 0 "" 2
  60:.\main.c      **** 
  61:.\main.c      ****     /* Set user-defined Serial Number string descriptor. */
  62:.\main.c      ****     USBFS_SerialNumString(bSNstring);
  74              		.loc 1 62 0
  75              		.thumb
  76 000c 1748     		ldr	r0, .L7
  77 000e FFF7FEFF 		bl	USBFS_SerialNumString
  63:.\main.c      **** 
  64:.\main.c      ****     /* Start USBFS operation with 5-V operation. */
  65:.\main.c      ****     USBFS_Start(USBFS_DEVICE, USBFS_5V_OPERATION);
  78              		.loc 1 65 0
  79 0012 0020     		movs	r0, #0
  80 0014 0121     		movs	r1, #1
  81 0016 FFF7FEFF 		bl	USBFS_Start
  66:.\main.c      **** 
  67:.\main.c      ****     /* Wait for device to enumerate */
  68:.\main.c      ****     while (0u == USBFS_GetConfiguration())
  82              		.loc 1 68 0
  83 001a 00BF     		nop
  84              	.L2:
  85              		.loc 1 68 0 is_stmt 0 discriminator 1
  86 001c FFF7FEFF 		bl	USBFS_GetConfiguration
  87 0020 0346     		mov	r3, r0
  88 0022 002B     		cmp	r3, #0
  89 0024 FAD0     		beq	.L2
  69:.\main.c      ****     {
  70:.\main.c      ****     }
  71:.\main.c      **** 
  72:.\main.c      ****     /* Enumeration is done, load mouse endpoint. */
  73:.\main.c      ****     USBFS_LoadInEP(MOUSE_ENDPOINT, mouseData, MOUSE_DATA_LEN);
  90              		.loc 1 73 0 is_stmt 1
  91 0026 0120     		movs	r0, #1
  92 0028 1149     		ldr	r1, .L7+4
  93 002a 0322     		movs	r2, #3
  94 002c FFF7FEFF 		bl	USBFS_LoadInEP
  95              	.L6:
  74:.\main.c      **** 
  75:.\main.c      ****     for(;;)
  76:.\main.c      ****     {
ARM GAS  C:\Users\Rolando\AppData\Local\Temp\ccH2JQxn.s 			page 4


  77:.\main.c      ****         /* Wait for ACK before loading data. */
  78:.\main.c      ****         while (0u == USBFS_GetEPAckState(MOUSE_ENDPOINT))
  96              		.loc 1 78 0 discriminator 1
  97 0030 00BF     		nop
  98              	.L3:
  99 0032 0120     		movs	r0, #1
 100 0034 FFF7FEFF 		bl	USBFS_GetEPAckState
 101 0038 0346     		mov	r3, r0
 102 003a 002B     		cmp	r3, #0
 103 003c F9D0     		beq	.L3
  79:.\main.c      ****         {
  80:.\main.c      ****         }
  81:.\main.c      **** 
  82:.\main.c      ****         /* Load endpoint with data after ACK has been received. */
  83:.\main.c      ****         USBFS_LoadInEP(MOUSE_ENDPOINT, mouseData, MOUSE_DATA_LEN);
 104              		.loc 1 83 0
 105 003e 0120     		movs	r0, #1
 106 0040 0B49     		ldr	r1, .L7+4
 107 0042 0322     		movs	r2, #3
 108 0044 FFF7FEFF 		bl	USBFS_LoadInEP
  84:.\main.c      **** 
  85:.\main.c      ****         counter++;
 109              		.loc 1 85 0
 110 0048 FB79     		ldrb	r3, [r7, #7]	@ zero_extendqisi2
 111 004a 0133     		adds	r3, r3, #1
 112 004c FB71     		strb	r3, [r7, #7]
  86:.\main.c      ****         if (counter == 128u)
 113              		.loc 1 86 0
 114 004e FB79     		ldrb	r3, [r7, #7]	@ zero_extendqisi2
 115 0050 802B     		cmp	r3, #128
 116 0052 03D1     		bne	.L4
  87:.\main.c      ****         {
  88:.\main.c      ****             /* Start moving mouse to the right. */
  89:.\main.c      ****             mouseData[CURSOR_STEP_POS] = CURSOR_STEP;
 117              		.loc 1 89 0
 118 0054 064B     		ldr	r3, .L7+4
 119 0056 0522     		movs	r2, #5
 120 0058 5A70     		strb	r2, [r3, #1]
 121 005a 05E0     		b	.L5
 122              	.L4:
  90:.\main.c      ****         }
  91:.\main.c      ****         /* When our counter hits 255. */					
  92:.\main.c      ****         else if (counter == 255u)
 123              		.loc 1 92 0
 124 005c FB79     		ldrb	r3, [r7, #7]	@ zero_extendqisi2
 125 005e FF2B     		cmp	r3, #255
 126 0060 02D1     		bne	.L5
  93:.\main.c      ****         {
  94:.\main.c      ****             /* Start moving mouse to left. */
  95:.\main.c      ****             mouseData[CURSOR_STEP_POS] = (uint8) -(int8) CURSOR_STEP;
 127              		.loc 1 95 0
 128 0062 034B     		ldr	r3, .L7+4
 129 0064 FB22     		movs	r2, #251
 130 0066 5A70     		strb	r2, [r3, #1]
 131              	.L5:
  96:.\main.c      ****         }
  97:.\main.c      ****         else
ARM GAS  C:\Users\Rolando\AppData\Local\Temp\ccH2JQxn.s 			page 5


  98:.\main.c      ****         {
  99:.\main.c      ****             /* Do nothing. */					
 100:.\main.c      ****         }
 101:.\main.c      ****     }
 132              		.loc 1 101 0
 133 0068 E2E7     		b	.L6
 134              	.L8:
 135 006a 00BF     		.align	2
 136              	.L7:
 137 006c 00000000 		.word	bSNstring
 138 0070 00000000 		.word	mouseData
 139              		.cfi_endproc
 140              	.LFE63:
 141              		.size	main, .-main
 142              		.text
 143              	.Letext0:
 144              		.file 2 "c:\\program files (x86)\\cypress\\psoc creator\\3.3\\psoc creator\\import\\gnu\\arm\\4.9.
 145              		.file 3 "c:\\program files (x86)\\cypress\\psoc creator\\3.3\\psoc creator\\import\\gnu\\arm\\4.9.
 146              		.file 4 "Generated_Source\\PSoC5/cytypes.h"
 147              		.file 5 "Generated_Source\\PSoC5/core_cm3.h"
 148              		.section	.debug_info,"",%progbits
 149              	.Ldebug_info0:
 150 0000 2D010000 		.4byte	0x12d
 151 0004 0400     		.2byte	0x4
 152 0006 00000000 		.4byte	.Ldebug_abbrev0
 153 000a 04       		.byte	0x4
 154 000b 01       		.uleb128 0x1
 155 000c D1000000 		.4byte	.LASF20
 156 0010 01       		.byte	0x1
 157 0011 5F010000 		.4byte	.LASF21
 158 0015 38000000 		.4byte	.LASF22
 159 0019 00000000 		.4byte	.Ldebug_ranges0+0
 160 001d 00000000 		.4byte	0
 161 0021 00000000 		.4byte	.Ldebug_line0
 162 0025 02       		.uleb128 0x2
 163 0026 01       		.byte	0x1
 164 0027 06       		.byte	0x6
 165 0028 84010000 		.4byte	.LASF0
 166 002c 02       		.uleb128 0x2
 167 002d 01       		.byte	0x1
 168 002e 08       		.byte	0x8
 169 002f B5000000 		.4byte	.LASF1
 170 0033 02       		.uleb128 0x2
 171 0034 02       		.byte	0x2
 172 0035 05       		.byte	0x5
 173 0036 A0010000 		.4byte	.LASF2
 174 003a 02       		.uleb128 0x2
 175 003b 02       		.byte	0x2
 176 003c 07       		.byte	0x7
 177 003d 0E000000 		.4byte	.LASF3
 178 0041 03       		.uleb128 0x3
 179 0042 90010000 		.4byte	.LASF9
 180 0046 02       		.byte	0x2
 181 0047 3F       		.byte	0x3f
 182 0048 4C000000 		.4byte	0x4c
 183 004c 02       		.uleb128 0x2
 184 004d 04       		.byte	0x4
ARM GAS  C:\Users\Rolando\AppData\Local\Temp\ccH2JQxn.s 			page 6


 185 004e 05       		.byte	0x5
 186 004f C8000000 		.4byte	.LASF4
 187 0053 02       		.uleb128 0x2
 188 0054 04       		.byte	0x4
 189 0055 07       		.byte	0x7
 190 0056 82000000 		.4byte	.LASF5
 191 005a 02       		.uleb128 0x2
 192 005b 08       		.byte	0x8
 193 005c 05       		.byte	0x5
 194 005d 00000000 		.4byte	.LASF6
 195 0061 02       		.uleb128 0x2
 196 0062 08       		.byte	0x8
 197 0063 07       		.byte	0x7
 198 0064 94000000 		.4byte	.LASF7
 199 0068 04       		.uleb128 0x4
 200 0069 04       		.byte	0x4
 201 006a 05       		.byte	0x5
 202 006b 696E7400 		.ascii	"int\000"
 203 006f 02       		.uleb128 0x2
 204 0070 04       		.byte	0x4
 205 0071 07       		.byte	0x7
 206 0072 2B000000 		.4byte	.LASF8
 207 0076 03       		.uleb128 0x3
 208 0077 AA010000 		.4byte	.LASF10
 209 007b 03       		.byte	0x3
 210 007c 2C       		.byte	0x2c
 211 007d 41000000 		.4byte	0x41
 212 0081 05       		.uleb128 0x5
 213 0082 7C000000 		.4byte	.LASF11
 214 0086 04       		.byte	0x4
 215 0087 3801     		.2byte	0x138
 216 0089 2C000000 		.4byte	0x2c
 217 008d 05       		.uleb128 0x5
 218 008e 77000000 		.4byte	.LASF12
 219 0092 04       		.byte	0x4
 220 0093 3B01     		.2byte	0x13b
 221 0095 25000000 		.4byte	0x25
 222 0099 02       		.uleb128 0x2
 223 009a 04       		.byte	0x4
 224 009b 04       		.byte	0x4
 225 009c 9A010000 		.4byte	.LASF13
 226 00a0 02       		.uleb128 0x2
 227 00a1 08       		.byte	0x8
 228 00a2 04       		.byte	0x4
 229 00a3 68010000 		.4byte	.LASF14
 230 00a7 02       		.uleb128 0x2
 231 00a8 01       		.byte	0x1
 232 00a9 08       		.byte	0x8
 233 00aa C3000000 		.4byte	.LASF15
 234 00ae 02       		.uleb128 0x2
 235 00af 04       		.byte	0x4
 236 00b0 07       		.byte	0x7
 237 00b1 B2010000 		.4byte	.LASF16
 238 00b5 06       		.uleb128 0x6
 239 00b6 72000000 		.4byte	.LASF23
 240 00ba 01       		.byte	0x1
 241 00bb 37       		.byte	0x37
ARM GAS  C:\Users\Rolando\AppData\Local\Temp\ccH2JQxn.s 			page 7


 242 00bc 68000000 		.4byte	0x68
 243 00c0 00000000 		.4byte	.LFB63
 244 00c4 74000000 		.4byte	.LFE63-.LFB63
 245 00c8 01       		.uleb128 0x1
 246 00c9 9C       		.byte	0x9c
 247 00ca DD000000 		.4byte	0xdd
 248 00ce 07       		.uleb128 0x7
 249 00cf 6F010000 		.4byte	.LASF24
 250 00d3 01       		.byte	0x1
 251 00d4 39       		.byte	0x39
 252 00d5 81000000 		.4byte	0x81
 253 00d9 02       		.uleb128 0x2
 254 00da 91       		.byte	0x91
 255 00db 77       		.sleb128 -9
 256 00dc 00       		.byte	0
 257 00dd 08       		.uleb128 0x8
 258 00de 77010000 		.4byte	.LASF17
 259 00e2 05       		.byte	0x5
 260 00e3 5506     		.2byte	0x655
 261 00e5 E9000000 		.4byte	0xe9
 262 00e9 09       		.uleb128 0x9
 263 00ea 76000000 		.4byte	0x76
 264 00ee 0A       		.uleb128 0xa
 265 00ef 81000000 		.4byte	0x81
 266 00f3 FE000000 		.4byte	0xfe
 267 00f7 0B       		.uleb128 0xb
 268 00f8 AE000000 		.4byte	0xae
 269 00fc 02       		.byte	0x2
 270 00fd 00       		.byte	0
 271 00fe 0C       		.uleb128 0xc
 272 00ff AB000000 		.4byte	.LASF18
 273 0103 01       		.byte	0x1
 274 0104 25       		.byte	0x25
 275 0105 EE000000 		.4byte	0xee
 276 0109 05       		.uleb128 0x5
 277 010a 03       		.byte	0x3
 278 010b 00000000 		.4byte	mouseData
 279 010f 0A       		.uleb128 0xa
 280 0110 81000000 		.4byte	0x81
 281 0114 1F010000 		.4byte	0x11f
 282 0118 0B       		.uleb128 0xb
 283 0119 AE000000 		.4byte	0xae
 284 011d 0F       		.byte	0xf
 285 011e 00       		.byte	0
 286 011f 0C       		.uleb128 0xc
 287 0120 21000000 		.4byte	.LASF19
 288 0124 01       		.byte	0x1
 289 0125 26       		.byte	0x26
 290 0126 0F010000 		.4byte	0x10f
 291 012a 05       		.uleb128 0x5
 292 012b 03       		.byte	0x3
 293 012c 00000000 		.4byte	bSNstring
 294 0130 00       		.byte	0
 295              		.section	.debug_abbrev,"",%progbits
 296              	.Ldebug_abbrev0:
 297 0000 01       		.uleb128 0x1
 298 0001 11       		.uleb128 0x11
ARM GAS  C:\Users\Rolando\AppData\Local\Temp\ccH2JQxn.s 			page 8


 299 0002 01       		.byte	0x1
 300 0003 25       		.uleb128 0x25
 301 0004 0E       		.uleb128 0xe
 302 0005 13       		.uleb128 0x13
 303 0006 0B       		.uleb128 0xb
 304 0007 03       		.uleb128 0x3
 305 0008 0E       		.uleb128 0xe
 306 0009 1B       		.uleb128 0x1b
 307 000a 0E       		.uleb128 0xe
 308 000b 55       		.uleb128 0x55
 309 000c 17       		.uleb128 0x17
 310 000d 11       		.uleb128 0x11
 311 000e 01       		.uleb128 0x1
 312 000f 10       		.uleb128 0x10
 313 0010 17       		.uleb128 0x17
 314 0011 00       		.byte	0
 315 0012 00       		.byte	0
 316 0013 02       		.uleb128 0x2
 317 0014 24       		.uleb128 0x24
 318 0015 00       		.byte	0
 319 0016 0B       		.uleb128 0xb
 320 0017 0B       		.uleb128 0xb
 321 0018 3E       		.uleb128 0x3e
 322 0019 0B       		.uleb128 0xb
 323 001a 03       		.uleb128 0x3
 324 001b 0E       		.uleb128 0xe
 325 001c 00       		.byte	0
 326 001d 00       		.byte	0
 327 001e 03       		.uleb128 0x3
 328 001f 16       		.uleb128 0x16
 329 0020 00       		.byte	0
 330 0021 03       		.uleb128 0x3
 331 0022 0E       		.uleb128 0xe
 332 0023 3A       		.uleb128 0x3a
 333 0024 0B       		.uleb128 0xb
 334 0025 3B       		.uleb128 0x3b
 335 0026 0B       		.uleb128 0xb
 336 0027 49       		.uleb128 0x49
 337 0028 13       		.uleb128 0x13
 338 0029 00       		.byte	0
 339 002a 00       		.byte	0
 340 002b 04       		.uleb128 0x4
 341 002c 24       		.uleb128 0x24
 342 002d 00       		.byte	0
 343 002e 0B       		.uleb128 0xb
 344 002f 0B       		.uleb128 0xb
 345 0030 3E       		.uleb128 0x3e
 346 0031 0B       		.uleb128 0xb
 347 0032 03       		.uleb128 0x3
 348 0033 08       		.uleb128 0x8
 349 0034 00       		.byte	0
 350 0035 00       		.byte	0
 351 0036 05       		.uleb128 0x5
 352 0037 16       		.uleb128 0x16
 353 0038 00       		.byte	0
 354 0039 03       		.uleb128 0x3
 355 003a 0E       		.uleb128 0xe
ARM GAS  C:\Users\Rolando\AppData\Local\Temp\ccH2JQxn.s 			page 9


 356 003b 3A       		.uleb128 0x3a
 357 003c 0B       		.uleb128 0xb
 358 003d 3B       		.uleb128 0x3b
 359 003e 05       		.uleb128 0x5
 360 003f 49       		.uleb128 0x49
 361 0040 13       		.uleb128 0x13
 362 0041 00       		.byte	0
 363 0042 00       		.byte	0
 364 0043 06       		.uleb128 0x6
 365 0044 2E       		.uleb128 0x2e
 366 0045 01       		.byte	0x1
 367 0046 3F       		.uleb128 0x3f
 368 0047 19       		.uleb128 0x19
 369 0048 03       		.uleb128 0x3
 370 0049 0E       		.uleb128 0xe
 371 004a 3A       		.uleb128 0x3a
 372 004b 0B       		.uleb128 0xb
 373 004c 3B       		.uleb128 0x3b
 374 004d 0B       		.uleb128 0xb
 375 004e 49       		.uleb128 0x49
 376 004f 13       		.uleb128 0x13
 377 0050 11       		.uleb128 0x11
 378 0051 01       		.uleb128 0x1
 379 0052 12       		.uleb128 0x12
 380 0053 06       		.uleb128 0x6
 381 0054 40       		.uleb128 0x40
 382 0055 18       		.uleb128 0x18
 383 0056 9642     		.uleb128 0x2116
 384 0058 19       		.uleb128 0x19
 385 0059 01       		.uleb128 0x1
 386 005a 13       		.uleb128 0x13
 387 005b 00       		.byte	0
 388 005c 00       		.byte	0
 389 005d 07       		.uleb128 0x7
 390 005e 34       		.uleb128 0x34
 391 005f 00       		.byte	0
 392 0060 03       		.uleb128 0x3
 393 0061 0E       		.uleb128 0xe
 394 0062 3A       		.uleb128 0x3a
 395 0063 0B       		.uleb128 0xb
 396 0064 3B       		.uleb128 0x3b
 397 0065 0B       		.uleb128 0xb
 398 0066 49       		.uleb128 0x49
 399 0067 13       		.uleb128 0x13
 400 0068 02       		.uleb128 0x2
 401 0069 18       		.uleb128 0x18
 402 006a 00       		.byte	0
 403 006b 00       		.byte	0
 404 006c 08       		.uleb128 0x8
 405 006d 34       		.uleb128 0x34
 406 006e 00       		.byte	0
 407 006f 03       		.uleb128 0x3
 408 0070 0E       		.uleb128 0xe
 409 0071 3A       		.uleb128 0x3a
 410 0072 0B       		.uleb128 0xb
 411 0073 3B       		.uleb128 0x3b
 412 0074 05       		.uleb128 0x5
ARM GAS  C:\Users\Rolando\AppData\Local\Temp\ccH2JQxn.s 			page 10


 413 0075 49       		.uleb128 0x49
 414 0076 13       		.uleb128 0x13
 415 0077 3F       		.uleb128 0x3f
 416 0078 19       		.uleb128 0x19
 417 0079 3C       		.uleb128 0x3c
 418 007a 19       		.uleb128 0x19
 419 007b 00       		.byte	0
 420 007c 00       		.byte	0
 421 007d 09       		.uleb128 0x9
 422 007e 35       		.uleb128 0x35
 423 007f 00       		.byte	0
 424 0080 49       		.uleb128 0x49
 425 0081 13       		.uleb128 0x13
 426 0082 00       		.byte	0
 427 0083 00       		.byte	0
 428 0084 0A       		.uleb128 0xa
 429 0085 01       		.uleb128 0x1
 430 0086 01       		.byte	0x1
 431 0087 49       		.uleb128 0x49
 432 0088 13       		.uleb128 0x13
 433 0089 01       		.uleb128 0x1
 434 008a 13       		.uleb128 0x13
 435 008b 00       		.byte	0
 436 008c 00       		.byte	0
 437 008d 0B       		.uleb128 0xb
 438 008e 21       		.uleb128 0x21
 439 008f 00       		.byte	0
 440 0090 49       		.uleb128 0x49
 441 0091 13       		.uleb128 0x13
 442 0092 2F       		.uleb128 0x2f
 443 0093 0B       		.uleb128 0xb
 444 0094 00       		.byte	0
 445 0095 00       		.byte	0
 446 0096 0C       		.uleb128 0xc
 447 0097 34       		.uleb128 0x34
 448 0098 00       		.byte	0
 449 0099 03       		.uleb128 0x3
 450 009a 0E       		.uleb128 0xe
 451 009b 3A       		.uleb128 0x3a
 452 009c 0B       		.uleb128 0xb
 453 009d 3B       		.uleb128 0x3b
 454 009e 0B       		.uleb128 0xb
 455 009f 49       		.uleb128 0x49
 456 00a0 13       		.uleb128 0x13
 457 00a1 3F       		.uleb128 0x3f
 458 00a2 19       		.uleb128 0x19
 459 00a3 02       		.uleb128 0x2
 460 00a4 18       		.uleb128 0x18
 461 00a5 00       		.byte	0
 462 00a6 00       		.byte	0
 463 00a7 00       		.byte	0
 464              		.section	.debug_aranges,"",%progbits
 465 0000 1C000000 		.4byte	0x1c
 466 0004 0200     		.2byte	0x2
 467 0006 00000000 		.4byte	.Ldebug_info0
 468 000a 04       		.byte	0x4
 469 000b 00       		.byte	0
ARM GAS  C:\Users\Rolando\AppData\Local\Temp\ccH2JQxn.s 			page 11


 470 000c 0000     		.2byte	0
 471 000e 0000     		.2byte	0
 472 0010 00000000 		.4byte	.LFB63
 473 0014 74000000 		.4byte	.LFE63-.LFB63
 474 0018 00000000 		.4byte	0
 475 001c 00000000 		.4byte	0
 476              		.section	.debug_ranges,"",%progbits
 477              	.Ldebug_ranges0:
 478 0000 00000000 		.4byte	.LFB63
 479 0004 74000000 		.4byte	.LFE63
 480 0008 00000000 		.4byte	0
 481 000c 00000000 		.4byte	0
 482              		.section	.debug_line,"",%progbits
 483              	.Ldebug_line0:
 484 0000 77010000 		.section	.debug_str,"MS",%progbits,1
 484      02004901 
 484      00000201 
 484      FB0E0D00 
 484      01010101 
 485              	.LASF6:
 486 0000 6C6F6E67 		.ascii	"long long int\000"
 486      206C6F6E 
 486      6720696E 
 486      7400
 487              	.LASF3:
 488 000e 73686F72 		.ascii	"short unsigned int\000"
 488      7420756E 
 488      7369676E 
 488      65642069 
 488      6E7400
 489              	.LASF19:
 490 0021 62534E73 		.ascii	"bSNstring\000"
 490      7472696E 
 490      6700
 491              	.LASF8:
 492 002b 756E7369 		.ascii	"unsigned int\000"
 492      676E6564 
 492      20696E74 
 492      00
 493              	.LASF22:
 494 0038 473A5C44 		.ascii	"G:\\Documentos\\PSoC Creator\\USBFS_UART01\\USBFS_H"
 494      6F63756D 
 494      656E746F 
 494      735C5053 
 494      6F432043 
 495 0067 49443031 		.ascii	"ID01.cydsn\000"
 495      2E637964 
 495      736E00
 496              	.LASF23:
 497 0072 6D61696E 		.ascii	"main\000"
 497      00
 498              	.LASF12:
 499 0077 696E7438 		.ascii	"int8\000"
 499      00
 500              	.LASF11:
 501 007c 75696E74 		.ascii	"uint8\000"
 501      3800
ARM GAS  C:\Users\Rolando\AppData\Local\Temp\ccH2JQxn.s 			page 12


 502              	.LASF5:
 503 0082 6C6F6E67 		.ascii	"long unsigned int\000"
 503      20756E73 
 503      69676E65 
 503      6420696E 
 503      7400
 504              	.LASF7:
 505 0094 6C6F6E67 		.ascii	"long long unsigned int\000"
 505      206C6F6E 
 505      6720756E 
 505      7369676E 
 505      65642069 
 506              	.LASF18:
 507 00ab 6D6F7573 		.ascii	"mouseData\000"
 507      65446174 
 507      6100
 508              	.LASF1:
 509 00b5 756E7369 		.ascii	"unsigned char\000"
 509      676E6564 
 509      20636861 
 509      7200
 510              	.LASF15:
 511 00c3 63686172 		.ascii	"char\000"
 511      00
 512              	.LASF4:
 513 00c8 6C6F6E67 		.ascii	"long int\000"
 513      20696E74 
 513      00
 514              	.LASF20:
 515 00d1 474E5520 		.ascii	"GNU C 4.9.3 20150303 (release) [ARM/embedded-4_9-br"
 515      4320342E 
 515      392E3320 
 515      32303135 
 515      30333033 
 516 0104 616E6368 		.ascii	"anch revision 221220] -mcpu=cortex-m3 -mthumb -g -O"
 516      20726576 
 516      6973696F 
 516      6E203232 
 516      31323230 
 517 0137 30202D66 		.ascii	"0 -ffunction-sections -ffat-lto-objects\000"
 517      66756E63 
 517      74696F6E 
 517      2D736563 
 517      74696F6E 
 518              	.LASF21:
 519 015f 2E5C6D61 		.ascii	".\\main.c\000"
 519      696E2E63 
 519      00
 520              	.LASF14:
 521 0168 646F7562 		.ascii	"double\000"
 521      6C6500
 522              	.LASF24:
 523 016f 636F756E 		.ascii	"counter\000"
 523      74657200 
 524              	.LASF17:
 525 0177 49544D5F 		.ascii	"ITM_RxBuffer\000"
 525      52784275 
ARM GAS  C:\Users\Rolando\AppData\Local\Temp\ccH2JQxn.s 			page 13


 525      66666572 
 525      00
 526              	.LASF0:
 527 0184 7369676E 		.ascii	"signed char\000"
 527      65642063 
 527      68617200 
 528              	.LASF9:
 529 0190 5F5F696E 		.ascii	"__int32_t\000"
 529      7433325F 
 529      7400
 530              	.LASF13:
 531 019a 666C6F61 		.ascii	"float\000"
 531      7400
 532              	.LASF2:
 533 01a0 73686F72 		.ascii	"short int\000"
 533      7420696E 
 533      7400
 534              	.LASF10:
 535 01aa 696E7433 		.ascii	"int32_t\000"
 535      325F7400 
 536              	.LASF16:
 537 01b2 73697A65 		.ascii	"sizetype\000"
 537      74797065 
 537      00
 538              		.ident	"GCC: (GNU Tools for ARM Embedded Processors) 4.9.3 20150303 (release) [ARM/embedded-4_9-br
