ARM GAS  C:\Users\Rolando\AppData\Local\Temp\ccy9tUMU.s 			page 1


   1              		.syntax unified
   2              		.cpu cortex-m3
   3              		.fpu softvfp
   4              		.eabi_attribute 20, 1
   5              		.eabi_attribute 21, 1
   6              		.eabi_attribute 23, 3
   7              		.eabi_attribute 24, 1
   8              		.eabi_attribute 25, 1
   9              		.eabi_attribute 26, 1
  10              		.eabi_attribute 30, 4
  11              		.eabi_attribute 34, 1
  12              		.eabi_attribute 18, 4
  13              		.thumb
  14              		.file	"cymetadata.c"
  15              		.text
  16              	.Ltext0:
  17              		.cfi_sections	.debug_frame
  18              		.global	cy_metadata
  19              		.global	cy_meta_flashprotect
  20              		.global	cy_meta_wonvl
  21              		.global	cy_meta_custnvl
  22              		.global	cy_meta_configecc
  23              		.section	.cyconfigecc,"a",%progbits
  24              		.type	cy_meta_configecc, %object
  25              		.size	cy_meta_configecc, 88
  26              	cy_meta_configecc:
  27 0000 01       		.byte	1
  28 0001 07       		.byte	7
  29 0002 01       		.byte	1
  30 0003 40       		.byte	64
  31 0004 01       		.byte	1
  32 0005 09       		.byte	9
  33 0006 01       		.byte	1
  34 0007 40       		.byte	64
  35 0008 02       		.byte	2
  36 0009 40       		.byte	64
  37 000a 01       		.byte	1
  38 000b 40       		.byte	64
  39 000c 01       		.byte	1
  40 000d 41       		.byte	65
  41 000e 01       		.byte	1
  42 000f 40       		.byte	64
  43 0010 01       		.byte	1
  44 0011 42       		.byte	66
  45 0012 01       		.byte	1
  46 0013 40       		.byte	64
  47 0014 02       		.byte	2
  48 0015 43       		.byte	67
  49 0016 01       		.byte	1
  50 0017 40       		.byte	64
  51 0018 02       		.byte	2
  52 0019 46       		.byte	70
  53 001a 01       		.byte	1
  54 001b 40       		.byte	64
  55 001c 01       		.byte	1
  56 001d 47       		.byte	71
  57 001e 01       		.byte	1
ARM GAS  C:\Users\Rolando\AppData\Local\Temp\ccy9tUMU.s 			page 2


  58 001f 40       		.byte	64
  59 0020 01       		.byte	1
  60 0021 51       		.byte	81
  61 0022 01       		.byte	1
  62 0023 40       		.byte	64
  63 0024 EE       		.byte	-18
  64 0025 04       		.byte	4
  65 0026 EE       		.byte	-18
  66 0027 04       		.byte	4
  67 0028 33       		.byte	51
  68 0029 20       		.byte	32
  69 002a CC       		.byte	-52
  70 002b 10       		.byte	16
  71 002c A7       		.byte	-89
  72 002d 20       		.byte	32
  73 002e A7       		.byte	-89
  74 002f 20       		.byte	32
  75 0030 AB       		.byte	-85
  76 0031 20       		.byte	32
  77 0032 EE       		.byte	-18
  78 0033 20       		.byte	32
  79 0034 1B       		.byte	27
  80 0035 04       		.byte	4
  81 0036 C6       		.byte	-58
  82 0037 08       		.byte	8
  83 0038 AB       		.byte	-85
  84 0039 04       		.byte	4
  85 003a 00       		.byte	0
  86 003b 03       		.byte	3
  87 003c 00       		.byte	0
  88 003d 00       		.byte	0
  89 003e 00       		.byte	0
  90 003f 00       		.byte	0
  91 0040 00       		.byte	0
  92 0041 00       		.byte	0
  93 0042 10       		.byte	16
  94 0043 00       		.byte	0
  95 0044 00       		.byte	0
  96 0045 7F       		.byte	127
  97 0046 7F       		.byte	127
  98 0047 00       		.byte	0
  99 0048 00       		.byte	0
 100 0049 00       		.byte	0
 101 004a 00       		.byte	0
 102 004b 00       		.byte	0
 103 004c 00       		.byte	0
 104 004d 00       		.byte	0
 105 004e 00       		.byte	0
 106 004f 00       		.byte	0
 107 0050 00       		.byte	0
 108 0051 00       		.byte	0
 109 0052 01       		.byte	1
 110 0053 00       		.byte	0
 111 0054 10       		.byte	16
 112 0055 00       		.byte	0
 113 0056 18       		.byte	24
 114 0057 01       		.byte	1
ARM GAS  C:\Users\Rolando\AppData\Local\Temp\ccy9tUMU.s 			page 3


 115              		.section	.cywolatch,"a",%progbits
 116              		.type	cy_meta_wonvl, %object
 117              		.size	cy_meta_wonvl, 4
 118              	cy_meta_wonvl:
 119 0000 BC       		.byte	-68
 120 0001 90       		.byte	-112
 121 0002 AC       		.byte	-84
 122 0003 AF       		.byte	-81
 123              		.section	.cycustnvl,"a",%progbits
 124              		.type	cy_meta_custnvl, %object
 125              		.size	cy_meta_custnvl, 4
 126              	cy_meta_custnvl:
 127 0000 00       		.byte	0
 128 0001 00       		.byte	0
 129 0002 40       		.byte	64
 130 0003 04       		.byte	4
 131              		.section	.cymeta,"a",%progbits
 132              		.type	cy_metadata, %object
 133              		.size	cy_metadata, 12
 134              	cy_metadata:
 135 0000 00       		.byte	0
 136 0001 01       		.byte	1
 137 0002 2E       		.byte	46
 138 0003 12       		.byte	18
 139 0004 30       		.byte	48
 140 0005 69       		.byte	105
 141 0006 00       		.byte	0
 142 0007 01       		.byte	1
 143 0008 00       		.byte	0
 144 0009 00       		.byte	0
 145 000a 00       		.byte	0
 146 000b 00       		.byte	0
 147              		.section	.cyflashprotect,"a",%progbits
 148              		.type	cy_meta_flashprotect, %object
 149              		.size	cy_meta_flashprotect, 256
 150              	cy_meta_flashprotect:
 151 0000 00000000 		.space	256
 151      00000000 
 151      00000000 
 151      00000000 
 151      00000000 
 152              		.text
 153              	.Letext0:
 154              		.file 1 ".\\Generated_Source\\PSoC5\\cymetadata.c"
 155              		.file 2 ".\\Generated_Source\\PSoC5\\cytypes.h"
 156              		.section	.debug_info,"",%progbits
 157              	.Ldebug_info0:
 158 0000 36010000 		.4byte	0x136
 159 0004 0400     		.2byte	0x4
 160 0006 00000000 		.4byte	.Ldebug_abbrev0
 161 000a 04       		.byte	0x4
 162 000b 01       		.uleb128 0x1
 163 000c 4E010000 		.4byte	.LASF18
 164 0010 01       		.byte	0x1
 165 0011 00000000 		.4byte	.LASF19
 166 0015 BE000000 		.4byte	.LASF20
 167 0019 00000000 		.4byte	.Ldebug_line0
ARM GAS  C:\Users\Rolando\AppData\Local\Temp\ccy9tUMU.s 			page 4


 168 001d 02       		.uleb128 0x2
 169 001e 01       		.byte	0x1
 170 001f 06       		.byte	0x6
 171 0020 E5010000 		.4byte	.LASF0
 172 0024 02       		.uleb128 0x2
 173 0025 01       		.byte	0x1
 174 0026 08       		.byte	0x8
 175 0027 3E000000 		.4byte	.LASF1
 176 002b 02       		.uleb128 0x2
 177 002c 02       		.byte	0x2
 178 002d 05       		.byte	0x5
 179 002e 44010000 		.4byte	.LASF2
 180 0032 02       		.uleb128 0x2
 181 0033 02       		.byte	0x2
 182 0034 07       		.byte	0x7
 183 0035 5E000000 		.4byte	.LASF3
 184 0039 02       		.uleb128 0x2
 185 003a 04       		.byte	0x4
 186 003b 05       		.byte	0x5
 187 003c DC010000 		.4byte	.LASF4
 188 0040 02       		.uleb128 0x2
 189 0041 04       		.byte	0x4
 190 0042 07       		.byte	0x7
 191 0043 4C000000 		.4byte	.LASF5
 192 0047 02       		.uleb128 0x2
 193 0048 08       		.byte	0x8
 194 0049 05       		.byte	0x5
 195 004a 31010000 		.4byte	.LASF6
 196 004e 02       		.uleb128 0x2
 197 004f 08       		.byte	0x8
 198 0050 07       		.byte	0x7
 199 0051 A7000000 		.4byte	.LASF7
 200 0055 03       		.uleb128 0x3
 201 0056 04       		.byte	0x4
 202 0057 05       		.byte	0x5
 203 0058 696E7400 		.ascii	"int\000"
 204 005c 02       		.uleb128 0x2
 205 005d 04       		.byte	0x4
 206 005e 07       		.byte	0x7
 207 005f 9A000000 		.4byte	.LASF8
 208 0063 04       		.uleb128 0x4
 209 0064 38000000 		.4byte	.LASF21
 210 0068 02       		.byte	0x2
 211 0069 3801     		.2byte	0x138
 212 006b 24000000 		.4byte	0x24
 213 006f 02       		.uleb128 0x2
 214 0070 04       		.byte	0x4
 215 0071 04       		.byte	0x4
 216 0072 32000000 		.4byte	.LASF9
 217 0076 02       		.uleb128 0x2
 218 0077 08       		.byte	0x8
 219 0078 04       		.byte	0x4
 220 0079 71000000 		.4byte	.LASF10
 221 007d 02       		.uleb128 0x2
 222 007e 01       		.byte	0x1
 223 007f 08       		.byte	0x8
 224 0080 3F010000 		.4byte	.LASF11
ARM GAS  C:\Users\Rolando\AppData\Local\Temp\ccy9tUMU.s 			page 5


 225 0084 05       		.uleb128 0x5
 226 0085 63000000 		.4byte	0x63
 227 0089 94000000 		.4byte	0x94
 228 008d 06       		.uleb128 0x6
 229 008e 94000000 		.4byte	0x94
 230 0092 57       		.byte	0x57
 231 0093 00       		.byte	0
 232 0094 02       		.uleb128 0x2
 233 0095 04       		.byte	0x4
 234 0096 07       		.byte	0x7
 235 0097 28010000 		.4byte	.LASF12
 236 009b 07       		.uleb128 0x7
 237 009c 88000000 		.4byte	.LASF13
 238 00a0 01       		.byte	0x1
 239 00a1 1F       		.byte	0x1f
 240 00a2 AC000000 		.4byte	0xac
 241 00a6 05       		.uleb128 0x5
 242 00a7 03       		.byte	0x3
 243 00a8 00000000 		.4byte	cy_meta_configecc
 244 00ac 08       		.uleb128 0x8
 245 00ad 84000000 		.4byte	0x84
 246 00b1 05       		.uleb128 0x5
 247 00b2 63000000 		.4byte	0x63
 248 00b6 C1000000 		.4byte	0xc1
 249 00ba 06       		.uleb128 0x6
 250 00bb 94000000 		.4byte	0x94
 251 00bf 03       		.byte	0x3
 252 00c0 00       		.byte	0
 253 00c1 07       		.uleb128 0x7
 254 00c2 78000000 		.4byte	.LASF14
 255 00c6 01       		.byte	0x1
 256 00c7 37       		.byte	0x37
 257 00c8 D2000000 		.4byte	0xd2
 258 00cc 05       		.uleb128 0x5
 259 00cd 03       		.byte	0x3
 260 00ce 00000000 		.4byte	cy_meta_custnvl
 261 00d2 08       		.uleb128 0x8
 262 00d3 B1000000 		.4byte	0xb1
 263 00d7 07       		.uleb128 0x7
 264 00d8 1A010000 		.4byte	.LASF15
 265 00dc 01       		.byte	0x1
 266 00dd 45       		.byte	0x45
 267 00de E8000000 		.4byte	0xe8
 268 00e2 05       		.uleb128 0x5
 269 00e3 03       		.byte	0x3
 270 00e4 00000000 		.4byte	cy_meta_wonvl
 271 00e8 08       		.uleb128 0x8
 272 00e9 B1000000 		.4byte	0xb1
 273 00ed 05       		.uleb128 0x5
 274 00ee 63000000 		.4byte	0x63
 275 00f2 FD000000 		.4byte	0xfd
 276 00f6 06       		.uleb128 0x6
 277 00f7 94000000 		.4byte	0x94
 278 00fb FF       		.byte	0xff
 279 00fc 00       		.byte	0
 280 00fd 07       		.uleb128 0x7
 281 00fe 05010000 		.4byte	.LASF16
ARM GAS  C:\Users\Rolando\AppData\Local\Temp\ccy9tUMU.s 			page 6


 282 0102 01       		.byte	0x1
 283 0103 53       		.byte	0x53
 284 0104 0E010000 		.4byte	0x10e
 285 0108 05       		.uleb128 0x5
 286 0109 03       		.byte	0x3
 287 010a 00000000 		.4byte	cy_meta_flashprotect
 288 010e 08       		.uleb128 0x8
 289 010f ED000000 		.4byte	0xed
 290 0113 05       		.uleb128 0x5
 291 0114 63000000 		.4byte	0x63
 292 0118 23010000 		.4byte	0x123
 293 011c 06       		.uleb128 0x6
 294 011d 94000000 		.4byte	0x94
 295 0121 0B       		.byte	0xb
 296 0122 00       		.byte	0
 297 0123 07       		.uleb128 0x7
 298 0124 26000000 		.4byte	.LASF17
 299 0128 01       		.byte	0x1
 300 0129 80       		.byte	0x80
 301 012a 34010000 		.4byte	0x134
 302 012e 05       		.uleb128 0x5
 303 012f 03       		.byte	0x3
 304 0130 00000000 		.4byte	cy_metadata
 305 0134 08       		.uleb128 0x8
 306 0135 13010000 		.4byte	0x113
 307 0139 00       		.byte	0
 308              		.section	.debug_abbrev,"",%progbits
 309              	.Ldebug_abbrev0:
 310 0000 01       		.uleb128 0x1
 311 0001 11       		.uleb128 0x11
 312 0002 01       		.byte	0x1
 313 0003 25       		.uleb128 0x25
 314 0004 0E       		.uleb128 0xe
 315 0005 13       		.uleb128 0x13
 316 0006 0B       		.uleb128 0xb
 317 0007 03       		.uleb128 0x3
 318 0008 0E       		.uleb128 0xe
 319 0009 1B       		.uleb128 0x1b
 320 000a 0E       		.uleb128 0xe
 321 000b 10       		.uleb128 0x10
 322 000c 17       		.uleb128 0x17
 323 000d 00       		.byte	0
 324 000e 00       		.byte	0
 325 000f 02       		.uleb128 0x2
 326 0010 24       		.uleb128 0x24
 327 0011 00       		.byte	0
 328 0012 0B       		.uleb128 0xb
 329 0013 0B       		.uleb128 0xb
 330 0014 3E       		.uleb128 0x3e
 331 0015 0B       		.uleb128 0xb
 332 0016 03       		.uleb128 0x3
 333 0017 0E       		.uleb128 0xe
 334 0018 00       		.byte	0
 335 0019 00       		.byte	0
 336 001a 03       		.uleb128 0x3
 337 001b 24       		.uleb128 0x24
 338 001c 00       		.byte	0
ARM GAS  C:\Users\Rolando\AppData\Local\Temp\ccy9tUMU.s 			page 7


 339 001d 0B       		.uleb128 0xb
 340 001e 0B       		.uleb128 0xb
 341 001f 3E       		.uleb128 0x3e
 342 0020 0B       		.uleb128 0xb
 343 0021 03       		.uleb128 0x3
 344 0022 08       		.uleb128 0x8
 345 0023 00       		.byte	0
 346 0024 00       		.byte	0
 347 0025 04       		.uleb128 0x4
 348 0026 16       		.uleb128 0x16
 349 0027 00       		.byte	0
 350 0028 03       		.uleb128 0x3
 351 0029 0E       		.uleb128 0xe
 352 002a 3A       		.uleb128 0x3a
 353 002b 0B       		.uleb128 0xb
 354 002c 3B       		.uleb128 0x3b
 355 002d 05       		.uleb128 0x5
 356 002e 49       		.uleb128 0x49
 357 002f 13       		.uleb128 0x13
 358 0030 00       		.byte	0
 359 0031 00       		.byte	0
 360 0032 05       		.uleb128 0x5
 361 0033 01       		.uleb128 0x1
 362 0034 01       		.byte	0x1
 363 0035 49       		.uleb128 0x49
 364 0036 13       		.uleb128 0x13
 365 0037 01       		.uleb128 0x1
 366 0038 13       		.uleb128 0x13
 367 0039 00       		.byte	0
 368 003a 00       		.byte	0
 369 003b 06       		.uleb128 0x6
 370 003c 21       		.uleb128 0x21
 371 003d 00       		.byte	0
 372 003e 49       		.uleb128 0x49
 373 003f 13       		.uleb128 0x13
 374 0040 2F       		.uleb128 0x2f
 375 0041 0B       		.uleb128 0xb
 376 0042 00       		.byte	0
 377 0043 00       		.byte	0
 378 0044 07       		.uleb128 0x7
 379 0045 34       		.uleb128 0x34
 380 0046 00       		.byte	0
 381 0047 03       		.uleb128 0x3
 382 0048 0E       		.uleb128 0xe
 383 0049 3A       		.uleb128 0x3a
 384 004a 0B       		.uleb128 0xb
 385 004b 3B       		.uleb128 0x3b
 386 004c 0B       		.uleb128 0xb
 387 004d 49       		.uleb128 0x49
 388 004e 13       		.uleb128 0x13
 389 004f 3F       		.uleb128 0x3f
 390 0050 19       		.uleb128 0x19
 391 0051 02       		.uleb128 0x2
 392 0052 18       		.uleb128 0x18
 393 0053 00       		.byte	0
 394 0054 00       		.byte	0
 395 0055 08       		.uleb128 0x8
ARM GAS  C:\Users\Rolando\AppData\Local\Temp\ccy9tUMU.s 			page 8


 396 0056 26       		.uleb128 0x26
 397 0057 00       		.byte	0
 398 0058 49       		.uleb128 0x49
 399 0059 13       		.uleb128 0x13
 400 005a 00       		.byte	0
 401 005b 00       		.byte	0
 402 005c 00       		.byte	0
 403              		.section	.debug_aranges,"",%progbits
 404 0000 14000000 		.4byte	0x14
 405 0004 0200     		.2byte	0x2
 406 0006 00000000 		.4byte	.Ldebug_info0
 407 000a 04       		.byte	0x4
 408 000b 00       		.byte	0
 409 000c 0000     		.2byte	0
 410 000e 0000     		.2byte	0
 411 0010 00000000 		.4byte	0
 412 0014 00000000 		.4byte	0
 413              		.section	.debug_line,"",%progbits
 414              	.Ldebug_line0:
 415 0000 4F000000 		.section	.debug_str,"MS",%progbits,1
 415      02004900 
 415      00000201 
 415      FB0E0D00 
 415      01010101 
 416              	.LASF19:
 417 0000 2E5C4765 		.ascii	".\\Generated_Source\\PSoC5\\cymetadata.c\000"
 417      6E657261 
 417      7465645F 
 417      536F7572 
 417      63655C50 
 418              	.LASF17:
 419 0026 63795F6D 		.ascii	"cy_metadata\000"
 419      65746164 
 419      61746100 
 420              	.LASF9:
 421 0032 666C6F61 		.ascii	"float\000"
 421      7400
 422              	.LASF21:
 423 0038 75696E74 		.ascii	"uint8\000"
 423      3800
 424              	.LASF1:
 425 003e 756E7369 		.ascii	"unsigned char\000"
 425      676E6564 
 425      20636861 
 425      7200
 426              	.LASF5:
 427 004c 6C6F6E67 		.ascii	"long unsigned int\000"
 427      20756E73 
 427      69676E65 
 427      6420696E 
 427      7400
 428              	.LASF3:
 429 005e 73686F72 		.ascii	"short unsigned int\000"
 429      7420756E 
 429      7369676E 
 429      65642069 
 429      6E7400
ARM GAS  C:\Users\Rolando\AppData\Local\Temp\ccy9tUMU.s 			page 9


 430              	.LASF10:
 431 0071 646F7562 		.ascii	"double\000"
 431      6C6500
 432              	.LASF14:
 433 0078 63795F6D 		.ascii	"cy_meta_custnvl\000"
 433      6574615F 
 433      63757374 
 433      6E766C00 
 434              	.LASF13:
 435 0088 63795F6D 		.ascii	"cy_meta_configecc\000"
 435      6574615F 
 435      636F6E66 
 435      69676563 
 435      6300
 436              	.LASF8:
 437 009a 756E7369 		.ascii	"unsigned int\000"
 437      676E6564 
 437      20696E74 
 437      00
 438              	.LASF7:
 439 00a7 6C6F6E67 		.ascii	"long long unsigned int\000"
 439      206C6F6E 
 439      6720756E 
 439      7369676E 
 439      65642069 
 440              	.LASF20:
 441 00be 473A5C44 		.ascii	"G:\\Documentos\\PSoC Creator\\voltageDisplay_SAR_AD"
 441      6F63756D 
 441      656E746F 
 441      735C5053 
 441      6F432043 
 442 00ee 435C5644 		.ascii	"C\\VDAC8(SAR-POT).cydsn\000"
 442      41433828 
 442      5341522D 
 442      504F5429 
 442      2E637964 
 443              	.LASF16:
 444 0105 63795F6D 		.ascii	"cy_meta_flashprotect\000"
 444      6574615F 
 444      666C6173 
 444      6870726F 
 444      74656374 
 445              	.LASF15:
 446 011a 63795F6D 		.ascii	"cy_meta_wonvl\000"
 446      6574615F 
 446      776F6E76 
 446      6C00
 447              	.LASF12:
 448 0128 73697A65 		.ascii	"sizetype\000"
 448      74797065 
 448      00
 449              	.LASF6:
 450 0131 6C6F6E67 		.ascii	"long long int\000"
 450      206C6F6E 
 450      6720696E 
 450      7400
 451              	.LASF11:
ARM GAS  C:\Users\Rolando\AppData\Local\Temp\ccy9tUMU.s 			page 10


 452 013f 63686172 		.ascii	"char\000"
 452      00
 453              	.LASF2:
 454 0144 73686F72 		.ascii	"short int\000"
 454      7420696E 
 454      7400
 455              	.LASF18:
 456 014e 474E5520 		.ascii	"GNU C 4.9.3 20150303 (release) [ARM/embedded-4_9-br"
 456      4320342E 
 456      392E3320 
 456      32303135 
 456      30333033 
 457 0181 616E6368 		.ascii	"anch revision 221220] -mcpu=cortex-m3 -mthumb -g -O"
 457      20726576 
 457      6973696F 
 457      6E203232 
 457      31323230 
 458 01b4 73202D66 		.ascii	"s -ffunction-sections -ffat-lto-objects\000"
 458      66756E63 
 458      74696F6E 
 458      2D736563 
 458      74696F6E 
 459              	.LASF4:
 460 01dc 6C6F6E67 		.ascii	"long int\000"
 460      20696E74 
 460      00
 461              	.LASF0:
 462 01e5 7369676E 		.ascii	"signed char\000"
 462      65642063 
 462      68617200 
 463              		.ident	"GCC: (GNU Tools for ARM Embedded Processors) 4.9.3 20150303 (release) [ARM/embedded-4_9-br
