ARM GAS  C:\Users\Rolando\AppData\Local\Temp\ccjILM4Q.s 			page 1


   1              		.syntax unified
   2              		.cpu cortex-m3
   3              		.fpu softvfp
   4              		.eabi_attribute 20, 1
   5              		.eabi_attribute 21, 1
   6              		.eabi_attribute 23, 3
   7              		.eabi_attribute 24, 1
   8              		.eabi_attribute 25, 1
   9              		.eabi_attribute 26, 1
  10              		.eabi_attribute 30, 4
  11              		.eabi_attribute 34, 1
  12              		.eabi_attribute 18, 4
  13              		.thumb
  14              		.file	"LCD_LCDPort.c"
  15              		.text
  16              	.Ltext0:
  17              		.cfi_sections	.debug_frame
  18              		.section	.text.LCD_LCDPort_Write,"ax",%progbits
  19              		.align	1
  20              		.global	LCD_LCDPort_Write
  21              		.thumb
  22              		.thumb_func
  23              		.type	LCD_LCDPort_Write, %function
  24              	LCD_LCDPort_Write:
  25              	.LFB0:
  26              		.file 1 ".\\Generated_Source\\PSoC5\\LCD_LCDPort.c"
   1:.\Generated_Source\PSoC5/LCD_LCDPort.c **** /*******************************************************************************
   2:.\Generated_Source\PSoC5/LCD_LCDPort.c **** * File Name: LCD_LCDPort.c  
   3:.\Generated_Source\PSoC5/LCD_LCDPort.c **** * Version 1.90
   4:.\Generated_Source\PSoC5/LCD_LCDPort.c **** *
   5:.\Generated_Source\PSoC5/LCD_LCDPort.c **** * Description:
   6:.\Generated_Source\PSoC5/LCD_LCDPort.c **** *  This file contains API to enable firmware control of a Pins component.
   7:.\Generated_Source\PSoC5/LCD_LCDPort.c **** *
   8:.\Generated_Source\PSoC5/LCD_LCDPort.c **** * Note:
   9:.\Generated_Source\PSoC5/LCD_LCDPort.c **** *
  10:.\Generated_Source\PSoC5/LCD_LCDPort.c **** ********************************************************************************
  11:.\Generated_Source\PSoC5/LCD_LCDPort.c **** * Copyright 2008-2012, Cypress Semiconductor Corporation.  All rights reserved.
  12:.\Generated_Source\PSoC5/LCD_LCDPort.c **** * You may use this file only in accordance with the license, terms, conditions, 
  13:.\Generated_Source\PSoC5/LCD_LCDPort.c **** * disclaimers, and limitations in the end user license agreement accompanying 
  14:.\Generated_Source\PSoC5/LCD_LCDPort.c **** * the software package with which this file was provided.
  15:.\Generated_Source\PSoC5/LCD_LCDPort.c **** *******************************************************************************/
  16:.\Generated_Source\PSoC5/LCD_LCDPort.c **** 
  17:.\Generated_Source\PSoC5/LCD_LCDPort.c **** #include "cytypes.h"
  18:.\Generated_Source\PSoC5/LCD_LCDPort.c **** #include "LCD_LCDPort.h"
  19:.\Generated_Source\PSoC5/LCD_LCDPort.c **** 
  20:.\Generated_Source\PSoC5/LCD_LCDPort.c **** /* APIs are not generated for P15[7:6] on PSoC 5 */
  21:.\Generated_Source\PSoC5/LCD_LCDPort.c **** #if !(CY_PSOC5A &&\
  22:.\Generated_Source\PSoC5/LCD_LCDPort.c **** 	 LCD_LCDPort__PORT == 15 && ((LCD_LCDPort__MASK & 0xC0) != 0))
  23:.\Generated_Source\PSoC5/LCD_LCDPort.c **** 
  24:.\Generated_Source\PSoC5/LCD_LCDPort.c **** 
  25:.\Generated_Source\PSoC5/LCD_LCDPort.c **** /*******************************************************************************
  26:.\Generated_Source\PSoC5/LCD_LCDPort.c **** * Function Name: LCD_LCDPort_Write
  27:.\Generated_Source\PSoC5/LCD_LCDPort.c **** ********************************************************************************
  28:.\Generated_Source\PSoC5/LCD_LCDPort.c **** *
  29:.\Generated_Source\PSoC5/LCD_LCDPort.c **** * Summary:
  30:.\Generated_Source\PSoC5/LCD_LCDPort.c **** *  Assign a new value to the digital port's data output register.  
  31:.\Generated_Source\PSoC5/LCD_LCDPort.c **** *
ARM GAS  C:\Users\Rolando\AppData\Local\Temp\ccjILM4Q.s 			page 2


  32:.\Generated_Source\PSoC5/LCD_LCDPort.c **** * Parameters:  
  33:.\Generated_Source\PSoC5/LCD_LCDPort.c **** *  prtValue:  The value to be assigned to the Digital Port. 
  34:.\Generated_Source\PSoC5/LCD_LCDPort.c **** *
  35:.\Generated_Source\PSoC5/LCD_LCDPort.c **** * Return: 
  36:.\Generated_Source\PSoC5/LCD_LCDPort.c **** *  None
  37:.\Generated_Source\PSoC5/LCD_LCDPort.c **** *  
  38:.\Generated_Source\PSoC5/LCD_LCDPort.c **** *******************************************************************************/
  39:.\Generated_Source\PSoC5/LCD_LCDPort.c **** void LCD_LCDPort_Write(uint8 value) 
  40:.\Generated_Source\PSoC5/LCD_LCDPort.c **** {
  27              		.loc 1 40 0
  28              		.cfi_startproc
  29              		@ args = 0, pretend = 0, frame = 0
  30              		@ frame_needed = 0, uses_anonymous_args = 0
  31              		@ link register save eliminated.
  32              	.LVL0:
  41:.\Generated_Source\PSoC5/LCD_LCDPort.c ****     uint8 staticBits = (LCD_LCDPort_DR & (uint8)(~LCD_LCDPort_MASK));
  33              		.loc 1 41 0
  34 0000 044A     		ldr	r2, .L2
  42:.\Generated_Source\PSoC5/LCD_LCDPort.c ****     LCD_LCDPort_DR = staticBits | ((uint8)(value << LCD_LCDPort_SHIFT) & LCD_LCDPort_MASK);
  35              		.loc 1 42 0
  36 0002 00F07F00 		and	r0, r0, #127
  37              	.LVL1:
  41:.\Generated_Source\PSoC5/LCD_LCDPort.c ****     uint8 staticBits = (LCD_LCDPort_DR & (uint8)(~LCD_LCDPort_MASK));
  38              		.loc 1 41 0
  39 0006 1378     		ldrb	r3, [r2]	@ zero_extendqisi2
  40              	.LVL2:
  41 0008 03F08003 		and	r3, r3, #128
  42              	.LVL3:
  43              		.loc 1 42 0
  44 000c 0343     		orrs	r3, r3, r0
  45 000e 1370     		strb	r3, [r2]
  46 0010 7047     		bx	lr
  47              	.L3:
  48 0012 00BF     		.align	2
  49              	.L2:
  50 0014 20510040 		.word	1073762592
  51              		.cfi_endproc
  52              	.LFE0:
  53              		.size	LCD_LCDPort_Write, .-LCD_LCDPort_Write
  54              		.section	.text.LCD_LCDPort_SetDriveMode,"ax",%progbits
  55              		.align	1
  56              		.global	LCD_LCDPort_SetDriveMode
  57              		.thumb
  58              		.thumb_func
  59              		.type	LCD_LCDPort_SetDriveMode, %function
  60              	LCD_LCDPort_SetDriveMode:
  61              	.LFB1:
  43:.\Generated_Source\PSoC5/LCD_LCDPort.c **** }
  44:.\Generated_Source\PSoC5/LCD_LCDPort.c **** 
  45:.\Generated_Source\PSoC5/LCD_LCDPort.c **** 
  46:.\Generated_Source\PSoC5/LCD_LCDPort.c **** /*******************************************************************************
  47:.\Generated_Source\PSoC5/LCD_LCDPort.c **** * Function Name: LCD_LCDPort_SetDriveMode
  48:.\Generated_Source\PSoC5/LCD_LCDPort.c **** ********************************************************************************
  49:.\Generated_Source\PSoC5/LCD_LCDPort.c **** *
  50:.\Generated_Source\PSoC5/LCD_LCDPort.c **** * Summary:
  51:.\Generated_Source\PSoC5/LCD_LCDPort.c **** *  Change the drive mode on the pins of the port.
  52:.\Generated_Source\PSoC5/LCD_LCDPort.c **** * 
ARM GAS  C:\Users\Rolando\AppData\Local\Temp\ccjILM4Q.s 			page 3


  53:.\Generated_Source\PSoC5/LCD_LCDPort.c **** * Parameters:  
  54:.\Generated_Source\PSoC5/LCD_LCDPort.c **** *  mode:  Change the pins to this drive mode.
  55:.\Generated_Source\PSoC5/LCD_LCDPort.c **** *
  56:.\Generated_Source\PSoC5/LCD_LCDPort.c **** * Return: 
  57:.\Generated_Source\PSoC5/LCD_LCDPort.c **** *  None
  58:.\Generated_Source\PSoC5/LCD_LCDPort.c **** *
  59:.\Generated_Source\PSoC5/LCD_LCDPort.c **** *******************************************************************************/
  60:.\Generated_Source\PSoC5/LCD_LCDPort.c **** void LCD_LCDPort_SetDriveMode(uint8 mode) 
  61:.\Generated_Source\PSoC5/LCD_LCDPort.c **** {
  62              		.loc 1 61 0
  63              		.cfi_startproc
  64              		@ args = 0, pretend = 0, frame = 0
  65              		@ frame_needed = 0, uses_anonymous_args = 0
  66              		@ link register save eliminated.
  67              	.LVL4:
  62:.\Generated_Source\PSoC5/LCD_LCDPort.c **** 	CyPins_SetPinDriveMode(LCD_LCDPort_0, mode);
  68              		.loc 1 62 0
  69 0000 134A     		ldr	r2, .L5
  70 0002 00F00E00 		and	r0, r0, #14
  71              	.LVL5:
  72 0006 1378     		ldrb	r3, [r2]	@ zero_extendqisi2
  73 0008 03F0F103 		and	r3, r3, #241
  74 000c 0343     		orrs	r3, r3, r0
  75 000e 1370     		strb	r3, [r2]
  63:.\Generated_Source\PSoC5/LCD_LCDPort.c **** 	CyPins_SetPinDriveMode(LCD_LCDPort_1, mode);
  76              		.loc 1 63 0
  77 0010 5378     		ldrb	r3, [r2, #1]	@ zero_extendqisi2
  78 0012 03F0F103 		and	r3, r3, #241
  79 0016 0343     		orrs	r3, r3, r0
  80 0018 5370     		strb	r3, [r2, #1]
  64:.\Generated_Source\PSoC5/LCD_LCDPort.c **** 	CyPins_SetPinDriveMode(LCD_LCDPort_2, mode);
  81              		.loc 1 64 0
  82 001a 9378     		ldrb	r3, [r2, #2]	@ zero_extendqisi2
  83 001c 03F0F103 		and	r3, r3, #241
  84 0020 0343     		orrs	r3, r3, r0
  85 0022 9370     		strb	r3, [r2, #2]
  65:.\Generated_Source\PSoC5/LCD_LCDPort.c **** 	CyPins_SetPinDriveMode(LCD_LCDPort_3, mode);
  86              		.loc 1 65 0
  87 0024 D378     		ldrb	r3, [r2, #3]	@ zero_extendqisi2
  88 0026 03F0F103 		and	r3, r3, #241
  89 002a 0343     		orrs	r3, r3, r0
  90 002c D370     		strb	r3, [r2, #3]
  66:.\Generated_Source\PSoC5/LCD_LCDPort.c **** 	CyPins_SetPinDriveMode(LCD_LCDPort_4, mode);
  91              		.loc 1 66 0
  92 002e 1379     		ldrb	r3, [r2, #4]	@ zero_extendqisi2
  93 0030 03F0F103 		and	r3, r3, #241
  94 0034 0343     		orrs	r3, r3, r0
  95 0036 1371     		strb	r3, [r2, #4]
  67:.\Generated_Source\PSoC5/LCD_LCDPort.c **** 	CyPins_SetPinDriveMode(LCD_LCDPort_5, mode);
  96              		.loc 1 67 0
  97 0038 5379     		ldrb	r3, [r2, #5]	@ zero_extendqisi2
  98 003a 03F0F103 		and	r3, r3, #241
  99 003e 0343     		orrs	r3, r3, r0
 100 0040 5371     		strb	r3, [r2, #5]
  68:.\Generated_Source\PSoC5/LCD_LCDPort.c **** 	CyPins_SetPinDriveMode(LCD_LCDPort_6, mode);
 101              		.loc 1 68 0
 102 0042 9379     		ldrb	r3, [r2, #6]	@ zero_extendqisi2
ARM GAS  C:\Users\Rolando\AppData\Local\Temp\ccjILM4Q.s 			page 4


 103 0044 03F0F103 		and	r3, r3, #241
 104 0048 1843     		orrs	r0, r0, r3
 105 004a 9071     		strb	r0, [r2, #6]
 106 004c 7047     		bx	lr
 107              	.L6:
 108 004e 00BF     		.align	2
 109              	.L5:
 110 0050 10500040 		.word	1073762320
 111              		.cfi_endproc
 112              	.LFE1:
 113              		.size	LCD_LCDPort_SetDriveMode, .-LCD_LCDPort_SetDriveMode
 114              		.section	.text.LCD_LCDPort_Read,"ax",%progbits
 115              		.align	1
 116              		.global	LCD_LCDPort_Read
 117              		.thumb
 118              		.thumb_func
 119              		.type	LCD_LCDPort_Read, %function
 120              	LCD_LCDPort_Read:
 121              	.LFB2:
  69:.\Generated_Source\PSoC5/LCD_LCDPort.c **** }
  70:.\Generated_Source\PSoC5/LCD_LCDPort.c **** 
  71:.\Generated_Source\PSoC5/LCD_LCDPort.c **** 
  72:.\Generated_Source\PSoC5/LCD_LCDPort.c **** /*******************************************************************************
  73:.\Generated_Source\PSoC5/LCD_LCDPort.c **** * Function Name: LCD_LCDPort_Read
  74:.\Generated_Source\PSoC5/LCD_LCDPort.c **** ********************************************************************************
  75:.\Generated_Source\PSoC5/LCD_LCDPort.c **** *
  76:.\Generated_Source\PSoC5/LCD_LCDPort.c **** * Summary:
  77:.\Generated_Source\PSoC5/LCD_LCDPort.c **** *  Read the current value on the pins of the Digital Port in right justified 
  78:.\Generated_Source\PSoC5/LCD_LCDPort.c **** *  form.
  79:.\Generated_Source\PSoC5/LCD_LCDPort.c **** *
  80:.\Generated_Source\PSoC5/LCD_LCDPort.c **** * Parameters:  
  81:.\Generated_Source\PSoC5/LCD_LCDPort.c **** *  None
  82:.\Generated_Source\PSoC5/LCD_LCDPort.c **** *
  83:.\Generated_Source\PSoC5/LCD_LCDPort.c **** * Return: 
  84:.\Generated_Source\PSoC5/LCD_LCDPort.c **** *  Returns the current value of the Digital Port as a right justified number
  85:.\Generated_Source\PSoC5/LCD_LCDPort.c **** *  
  86:.\Generated_Source\PSoC5/LCD_LCDPort.c **** * Note:
  87:.\Generated_Source\PSoC5/LCD_LCDPort.c **** *  Macro LCD_LCDPort_ReadPS calls this function. 
  88:.\Generated_Source\PSoC5/LCD_LCDPort.c **** *  
  89:.\Generated_Source\PSoC5/LCD_LCDPort.c **** *******************************************************************************/
  90:.\Generated_Source\PSoC5/LCD_LCDPort.c **** uint8 LCD_LCDPort_Read(void) 
  91:.\Generated_Source\PSoC5/LCD_LCDPort.c **** {
 122              		.loc 1 91 0
 123              		.cfi_startproc
 124              		@ args = 0, pretend = 0, frame = 0
 125              		@ frame_needed = 0, uses_anonymous_args = 0
 126              		@ link register save eliminated.
  92:.\Generated_Source\PSoC5/LCD_LCDPort.c ****     return (LCD_LCDPort_PS & LCD_LCDPort_MASK) >> LCD_LCDPort_SHIFT;
 127              		.loc 1 92 0
 128 0000 024B     		ldr	r3, .L8
 129 0002 1878     		ldrb	r0, [r3]	@ zero_extendqisi2
  93:.\Generated_Source\PSoC5/LCD_LCDPort.c **** }
 130              		.loc 1 93 0
 131 0004 00F07F00 		and	r0, r0, #127
 132 0008 7047     		bx	lr
 133              	.L9:
 134 000a 00BF     		.align	2
ARM GAS  C:\Users\Rolando\AppData\Local\Temp\ccjILM4Q.s 			page 5


 135              	.L8:
 136 000c 21510040 		.word	1073762593
 137              		.cfi_endproc
 138              	.LFE2:
 139              		.size	LCD_LCDPort_Read, .-LCD_LCDPort_Read
 140              		.section	.text.LCD_LCDPort_ReadDataReg,"ax",%progbits
 141              		.align	1
 142              		.global	LCD_LCDPort_ReadDataReg
 143              		.thumb
 144              		.thumb_func
 145              		.type	LCD_LCDPort_ReadDataReg, %function
 146              	LCD_LCDPort_ReadDataReg:
 147              	.LFB3:
  94:.\Generated_Source\PSoC5/LCD_LCDPort.c **** 
  95:.\Generated_Source\PSoC5/LCD_LCDPort.c **** 
  96:.\Generated_Source\PSoC5/LCD_LCDPort.c **** /*******************************************************************************
  97:.\Generated_Source\PSoC5/LCD_LCDPort.c **** * Function Name: LCD_LCDPort_ReadDataReg
  98:.\Generated_Source\PSoC5/LCD_LCDPort.c **** ********************************************************************************
  99:.\Generated_Source\PSoC5/LCD_LCDPort.c **** *
 100:.\Generated_Source\PSoC5/LCD_LCDPort.c **** * Summary:
 101:.\Generated_Source\PSoC5/LCD_LCDPort.c **** *  Read the current value assigned to a Digital Port's data output register
 102:.\Generated_Source\PSoC5/LCD_LCDPort.c **** *
 103:.\Generated_Source\PSoC5/LCD_LCDPort.c **** * Parameters:  
 104:.\Generated_Source\PSoC5/LCD_LCDPort.c **** *  None 
 105:.\Generated_Source\PSoC5/LCD_LCDPort.c **** *
 106:.\Generated_Source\PSoC5/LCD_LCDPort.c **** * Return: 
 107:.\Generated_Source\PSoC5/LCD_LCDPort.c **** *  Returns the current value assigned to the Digital Port's data output register
 108:.\Generated_Source\PSoC5/LCD_LCDPort.c **** *  
 109:.\Generated_Source\PSoC5/LCD_LCDPort.c **** *******************************************************************************/
 110:.\Generated_Source\PSoC5/LCD_LCDPort.c **** uint8 LCD_LCDPort_ReadDataReg(void) 
 111:.\Generated_Source\PSoC5/LCD_LCDPort.c **** {
 148              		.loc 1 111 0
 149              		.cfi_startproc
 150              		@ args = 0, pretend = 0, frame = 0
 151              		@ frame_needed = 0, uses_anonymous_args = 0
 152              		@ link register save eliminated.
 112:.\Generated_Source\PSoC5/LCD_LCDPort.c ****     return (LCD_LCDPort_DR & LCD_LCDPort_MASK) >> LCD_LCDPort_SHIFT;
 153              		.loc 1 112 0
 154 0000 024B     		ldr	r3, .L11
 155 0002 1878     		ldrb	r0, [r3]	@ zero_extendqisi2
 113:.\Generated_Source\PSoC5/LCD_LCDPort.c **** }
 156              		.loc 1 113 0
 157 0004 00F07F00 		and	r0, r0, #127
 158 0008 7047     		bx	lr
 159              	.L12:
 160 000a 00BF     		.align	2
 161              	.L11:
 162 000c 20510040 		.word	1073762592
 163              		.cfi_endproc
 164              	.LFE3:
 165              		.size	LCD_LCDPort_ReadDataReg, .-LCD_LCDPort_ReadDataReg
 166              		.text
 167              	.Letext0:
 168              		.file 2 ".\\Generated_Source\\PSoC5\\cytypes.h"
 169              		.section	.debug_info,"",%progbits
 170              	.Ldebug_info0:
 171 0000 1D010000 		.4byte	0x11d
ARM GAS  C:\Users\Rolando\AppData\Local\Temp\ccjILM4Q.s 			page 6


 172 0004 0400     		.2byte	0x4
 173 0006 00000000 		.4byte	.Ldebug_abbrev0
 174 000a 04       		.byte	0x4
 175 000b 01       		.uleb128 0x1
 176 000c 53010000 		.4byte	.LASF20
 177 0010 01       		.byte	0x1
 178 0011 0F010000 		.4byte	.LASF21
 179 0015 C3000000 		.4byte	.LASF22
 180 0019 00000000 		.4byte	.Ldebug_ranges0+0
 181 001d 00000000 		.4byte	0
 182 0021 00000000 		.4byte	.Ldebug_line0
 183 0025 02       		.uleb128 0x2
 184 0026 01       		.byte	0x1
 185 0027 06       		.byte	0x6
 186 0028 FB010000 		.4byte	.LASF0
 187 002c 02       		.uleb128 0x2
 188 002d 01       		.byte	0x1
 189 002e 08       		.byte	0x8
 190 002f 3C000000 		.4byte	.LASF1
 191 0033 02       		.uleb128 0x2
 192 0034 02       		.byte	0x2
 193 0035 05       		.byte	0x5
 194 0036 49010000 		.4byte	.LASF2
 195 003a 02       		.uleb128 0x2
 196 003b 02       		.byte	0x2
 197 003c 07       		.byte	0x7
 198 003d 6C000000 		.4byte	.LASF3
 199 0041 02       		.uleb128 0x2
 200 0042 04       		.byte	0x4
 201 0043 05       		.byte	0x5
 202 0044 F2010000 		.4byte	.LASF4
 203 0048 02       		.uleb128 0x2
 204 0049 04       		.byte	0x4
 205 004a 07       		.byte	0x7
 206 004b 5A000000 		.4byte	.LASF5
 207 004f 02       		.uleb128 0x2
 208 0050 08       		.byte	0x8
 209 0051 05       		.byte	0x5
 210 0052 36010000 		.4byte	.LASF6
 211 0056 02       		.uleb128 0x2
 212 0057 08       		.byte	0x8
 213 0058 07       		.byte	0x7
 214 0059 AC000000 		.4byte	.LASF7
 215 005d 03       		.uleb128 0x3
 216 005e 04       		.byte	0x4
 217 005f 05       		.byte	0x5
 218 0060 696E7400 		.ascii	"int\000"
 219 0064 02       		.uleb128 0x2
 220 0065 04       		.byte	0x4
 221 0066 07       		.byte	0x7
 222 0067 9F000000 		.4byte	.LASF8
 223 006b 04       		.uleb128 0x4
 224 006c 36000000 		.4byte	.LASF12
 225 0070 02       		.byte	0x2
 226 0071 3801     		.2byte	0x138
 227 0073 2C000000 		.4byte	0x2c
 228 0077 02       		.uleb128 0x2
ARM GAS  C:\Users\Rolando\AppData\Local\Temp\ccjILM4Q.s 			page 7


 229 0078 04       		.byte	0x4
 230 0079 04       		.byte	0x4
 231 007a 30000000 		.4byte	.LASF9
 232 007e 02       		.uleb128 0x2
 233 007f 08       		.byte	0x8
 234 0080 04       		.byte	0x4
 235 0081 98000000 		.4byte	.LASF10
 236 0085 02       		.uleb128 0x2
 237 0086 01       		.byte	0x1
 238 0087 08       		.byte	0x8
 239 0088 44010000 		.4byte	.LASF11
 240 008c 04       		.uleb128 0x4
 241 008d 55000000 		.4byte	.LASF13
 242 0091 02       		.byte	0x2
 243 0092 E201     		.2byte	0x1e2
 244 0094 98000000 		.4byte	0x98
 245 0098 05       		.uleb128 0x5
 246 0099 6B000000 		.4byte	0x6b
 247 009d 06       		.uleb128 0x6
 248 009e 06000000 		.4byte	.LASF14
 249 00a2 01       		.byte	0x1
 250 00a3 27       		.byte	0x27
 251 00a4 00000000 		.4byte	.LFB0
 252 00a8 18000000 		.4byte	.LFE0-.LFB0
 253 00ac 01       		.uleb128 0x1
 254 00ad 9C       		.byte	0x9c
 255 00ae D1000000 		.4byte	0xd1
 256 00b2 07       		.uleb128 0x7
 257 00b3 00000000 		.4byte	.LASF16
 258 00b7 01       		.byte	0x1
 259 00b8 27       		.byte	0x27
 260 00b9 6B000000 		.4byte	0x6b
 261 00bd 00000000 		.4byte	.LLST0
 262 00c1 08       		.uleb128 0x8
 263 00c2 4A000000 		.4byte	.LASF23
 264 00c6 01       		.byte	0x1
 265 00c7 29       		.byte	0x29
 266 00c8 6B000000 		.4byte	0x6b
 267 00cc 21000000 		.4byte	.LLST1
 268 00d0 00       		.byte	0
 269 00d1 06       		.uleb128 0x6
 270 00d2 7F000000 		.4byte	.LASF15
 271 00d6 01       		.byte	0x1
 272 00d7 3C       		.byte	0x3c
 273 00d8 00000000 		.4byte	.LFB1
 274 00dc 54000000 		.4byte	.LFE1-.LFB1
 275 00e0 01       		.uleb128 0x1
 276 00e1 9C       		.byte	0x9c
 277 00e2 F6000000 		.4byte	0xf6
 278 00e6 07       		.uleb128 0x7
 279 00e7 0A010000 		.4byte	.LASF17
 280 00eb 01       		.byte	0x1
 281 00ec 3C       		.byte	0x3c
 282 00ed 6B000000 		.4byte	0x6b
 283 00f1 39000000 		.4byte	.LLST2
 284 00f5 00       		.byte	0
 285 00f6 09       		.uleb128 0x9
ARM GAS  C:\Users\Rolando\AppData\Local\Temp\ccjILM4Q.s 			page 8


 286 00f7 E1010000 		.4byte	.LASF18
 287 00fb 01       		.byte	0x1
 288 00fc 5A       		.byte	0x5a
 289 00fd 6B000000 		.4byte	0x6b
 290 0101 00000000 		.4byte	.LFB2
 291 0105 10000000 		.4byte	.LFE2-.LFB2
 292 0109 01       		.uleb128 0x1
 293 010a 9C       		.byte	0x9c
 294 010b 09       		.uleb128 0x9
 295 010c 18000000 		.4byte	.LASF19
 296 0110 01       		.byte	0x1
 297 0111 6E       		.byte	0x6e
 298 0112 6B000000 		.4byte	0x6b
 299 0116 00000000 		.4byte	.LFB3
 300 011a 10000000 		.4byte	.LFE3-.LFB3
 301 011e 01       		.uleb128 0x1
 302 011f 9C       		.byte	0x9c
 303 0120 00       		.byte	0
 304              		.section	.debug_abbrev,"",%progbits
 305              	.Ldebug_abbrev0:
 306 0000 01       		.uleb128 0x1
 307 0001 11       		.uleb128 0x11
 308 0002 01       		.byte	0x1
 309 0003 25       		.uleb128 0x25
 310 0004 0E       		.uleb128 0xe
 311 0005 13       		.uleb128 0x13
 312 0006 0B       		.uleb128 0xb
 313 0007 03       		.uleb128 0x3
 314 0008 0E       		.uleb128 0xe
 315 0009 1B       		.uleb128 0x1b
 316 000a 0E       		.uleb128 0xe
 317 000b 55       		.uleb128 0x55
 318 000c 17       		.uleb128 0x17
 319 000d 11       		.uleb128 0x11
 320 000e 01       		.uleb128 0x1
 321 000f 10       		.uleb128 0x10
 322 0010 17       		.uleb128 0x17
 323 0011 00       		.byte	0
 324 0012 00       		.byte	0
 325 0013 02       		.uleb128 0x2
 326 0014 24       		.uleb128 0x24
 327 0015 00       		.byte	0
 328 0016 0B       		.uleb128 0xb
 329 0017 0B       		.uleb128 0xb
 330 0018 3E       		.uleb128 0x3e
 331 0019 0B       		.uleb128 0xb
 332 001a 03       		.uleb128 0x3
 333 001b 0E       		.uleb128 0xe
 334 001c 00       		.byte	0
 335 001d 00       		.byte	0
 336 001e 03       		.uleb128 0x3
 337 001f 24       		.uleb128 0x24
 338 0020 00       		.byte	0
 339 0021 0B       		.uleb128 0xb
 340 0022 0B       		.uleb128 0xb
 341 0023 3E       		.uleb128 0x3e
 342 0024 0B       		.uleb128 0xb
ARM GAS  C:\Users\Rolando\AppData\Local\Temp\ccjILM4Q.s 			page 9


 343 0025 03       		.uleb128 0x3
 344 0026 08       		.uleb128 0x8
 345 0027 00       		.byte	0
 346 0028 00       		.byte	0
 347 0029 04       		.uleb128 0x4
 348 002a 16       		.uleb128 0x16
 349 002b 00       		.byte	0
 350 002c 03       		.uleb128 0x3
 351 002d 0E       		.uleb128 0xe
 352 002e 3A       		.uleb128 0x3a
 353 002f 0B       		.uleb128 0xb
 354 0030 3B       		.uleb128 0x3b
 355 0031 05       		.uleb128 0x5
 356 0032 49       		.uleb128 0x49
 357 0033 13       		.uleb128 0x13
 358 0034 00       		.byte	0
 359 0035 00       		.byte	0
 360 0036 05       		.uleb128 0x5
 361 0037 35       		.uleb128 0x35
 362 0038 00       		.byte	0
 363 0039 49       		.uleb128 0x49
 364 003a 13       		.uleb128 0x13
 365 003b 00       		.byte	0
 366 003c 00       		.byte	0
 367 003d 06       		.uleb128 0x6
 368 003e 2E       		.uleb128 0x2e
 369 003f 01       		.byte	0x1
 370 0040 3F       		.uleb128 0x3f
 371 0041 19       		.uleb128 0x19
 372 0042 03       		.uleb128 0x3
 373 0043 0E       		.uleb128 0xe
 374 0044 3A       		.uleb128 0x3a
 375 0045 0B       		.uleb128 0xb
 376 0046 3B       		.uleb128 0x3b
 377 0047 0B       		.uleb128 0xb
 378 0048 27       		.uleb128 0x27
 379 0049 19       		.uleb128 0x19
 380 004a 11       		.uleb128 0x11
 381 004b 01       		.uleb128 0x1
 382 004c 12       		.uleb128 0x12
 383 004d 06       		.uleb128 0x6
 384 004e 40       		.uleb128 0x40
 385 004f 18       		.uleb128 0x18
 386 0050 9742     		.uleb128 0x2117
 387 0052 19       		.uleb128 0x19
 388 0053 01       		.uleb128 0x1
 389 0054 13       		.uleb128 0x13
 390 0055 00       		.byte	0
 391 0056 00       		.byte	0
 392 0057 07       		.uleb128 0x7
 393 0058 05       		.uleb128 0x5
 394 0059 00       		.byte	0
 395 005a 03       		.uleb128 0x3
 396 005b 0E       		.uleb128 0xe
 397 005c 3A       		.uleb128 0x3a
 398 005d 0B       		.uleb128 0xb
 399 005e 3B       		.uleb128 0x3b
ARM GAS  C:\Users\Rolando\AppData\Local\Temp\ccjILM4Q.s 			page 10


 400 005f 0B       		.uleb128 0xb
 401 0060 49       		.uleb128 0x49
 402 0061 13       		.uleb128 0x13
 403 0062 02       		.uleb128 0x2
 404 0063 17       		.uleb128 0x17
 405 0064 00       		.byte	0
 406 0065 00       		.byte	0
 407 0066 08       		.uleb128 0x8
 408 0067 34       		.uleb128 0x34
 409 0068 00       		.byte	0
 410 0069 03       		.uleb128 0x3
 411 006a 0E       		.uleb128 0xe
 412 006b 3A       		.uleb128 0x3a
 413 006c 0B       		.uleb128 0xb
 414 006d 3B       		.uleb128 0x3b
 415 006e 0B       		.uleb128 0xb
 416 006f 49       		.uleb128 0x49
 417 0070 13       		.uleb128 0x13
 418 0071 02       		.uleb128 0x2
 419 0072 17       		.uleb128 0x17
 420 0073 00       		.byte	0
 421 0074 00       		.byte	0
 422 0075 09       		.uleb128 0x9
 423 0076 2E       		.uleb128 0x2e
 424 0077 00       		.byte	0
 425 0078 3F       		.uleb128 0x3f
 426 0079 19       		.uleb128 0x19
 427 007a 03       		.uleb128 0x3
 428 007b 0E       		.uleb128 0xe
 429 007c 3A       		.uleb128 0x3a
 430 007d 0B       		.uleb128 0xb
 431 007e 3B       		.uleb128 0x3b
 432 007f 0B       		.uleb128 0xb
 433 0080 27       		.uleb128 0x27
 434 0081 19       		.uleb128 0x19
 435 0082 49       		.uleb128 0x49
 436 0083 13       		.uleb128 0x13
 437 0084 11       		.uleb128 0x11
 438 0085 01       		.uleb128 0x1
 439 0086 12       		.uleb128 0x12
 440 0087 06       		.uleb128 0x6
 441 0088 40       		.uleb128 0x40
 442 0089 18       		.uleb128 0x18
 443 008a 9742     		.uleb128 0x2117
 444 008c 19       		.uleb128 0x19
 445 008d 00       		.byte	0
 446 008e 00       		.byte	0
 447 008f 00       		.byte	0
 448              		.section	.debug_loc,"",%progbits
 449              	.Ldebug_loc0:
 450              	.LLST0:
 451 0000 00000000 		.4byte	.LVL0
 452 0004 06000000 		.4byte	.LVL1
 453 0008 0100     		.2byte	0x1
 454 000a 50       		.byte	0x50
 455 000b 06000000 		.4byte	.LVL1
 456 000f 18000000 		.4byte	.LFE0
ARM GAS  C:\Users\Rolando\AppData\Local\Temp\ccjILM4Q.s 			page 11


 457 0013 0400     		.2byte	0x4
 458 0015 F3       		.byte	0xf3
 459 0016 01       		.uleb128 0x1
 460 0017 50       		.byte	0x50
 461 0018 9F       		.byte	0x9f
 462 0019 00000000 		.4byte	0
 463 001d 00000000 		.4byte	0
 464              	.LLST1:
 465 0021 08000000 		.4byte	.LVL2
 466 0025 0C000000 		.4byte	.LVL3
 467 0029 0600     		.2byte	0x6
 468 002b 73       		.byte	0x73
 469 002c 00       		.sleb128 0
 470 002d 09       		.byte	0x9
 471 002e 80       		.byte	0x80
 472 002f 1A       		.byte	0x1a
 473 0030 9F       		.byte	0x9f
 474 0031 00000000 		.4byte	0
 475 0035 00000000 		.4byte	0
 476              	.LLST2:
 477 0039 00000000 		.4byte	.LVL4
 478 003d 06000000 		.4byte	.LVL5
 479 0041 0100     		.2byte	0x1
 480 0043 50       		.byte	0x50
 481 0044 06000000 		.4byte	.LVL5
 482 0048 54000000 		.4byte	.LFE1
 483 004c 0400     		.2byte	0x4
 484 004e F3       		.byte	0xf3
 485 004f 01       		.uleb128 0x1
 486 0050 50       		.byte	0x50
 487 0051 9F       		.byte	0x9f
 488 0052 00000000 		.4byte	0
 489 0056 00000000 		.4byte	0
 490              		.section	.debug_aranges,"",%progbits
 491 0000 34000000 		.4byte	0x34
 492 0004 0200     		.2byte	0x2
 493 0006 00000000 		.4byte	.Ldebug_info0
 494 000a 04       		.byte	0x4
 495 000b 00       		.byte	0
 496 000c 0000     		.2byte	0
 497 000e 0000     		.2byte	0
 498 0010 00000000 		.4byte	.LFB0
 499 0014 18000000 		.4byte	.LFE0-.LFB0
 500 0018 00000000 		.4byte	.LFB1
 501 001c 54000000 		.4byte	.LFE1-.LFB1
 502 0020 00000000 		.4byte	.LFB2
 503 0024 10000000 		.4byte	.LFE2-.LFB2
 504 0028 00000000 		.4byte	.LFB3
 505 002c 10000000 		.4byte	.LFE3-.LFB3
 506 0030 00000000 		.4byte	0
 507 0034 00000000 		.4byte	0
 508              		.section	.debug_ranges,"",%progbits
 509              	.Ldebug_ranges0:
 510 0000 00000000 		.4byte	.LFB0
 511 0004 18000000 		.4byte	.LFE0
 512 0008 00000000 		.4byte	.LFB1
 513 000c 54000000 		.4byte	.LFE1
ARM GAS  C:\Users\Rolando\AppData\Local\Temp\ccjILM4Q.s 			page 12


 514 0010 00000000 		.4byte	.LFB2
 515 0014 10000000 		.4byte	.LFE2
 516 0018 00000000 		.4byte	.LFB3
 517 001c 10000000 		.4byte	.LFE3
 518 0020 00000000 		.4byte	0
 519 0024 00000000 		.4byte	0
 520              		.section	.debug_line,"",%progbits
 521              	.Ldebug_line0:
 522 0000 9D000000 		.section	.debug_str,"MS",%progbits,1
 522      02004A00 
 522      00000201 
 522      FB0E0D00 
 522      01010101 
 523              	.LASF16:
 524 0000 76616C75 		.ascii	"value\000"
 524      6500
 525              	.LASF14:
 526 0006 4C43445F 		.ascii	"LCD_LCDPort_Write\000"
 526      4C434450 
 526      6F72745F 
 526      57726974 
 526      6500
 527              	.LASF19:
 528 0018 4C43445F 		.ascii	"LCD_LCDPort_ReadDataReg\000"
 528      4C434450 
 528      6F72745F 
 528      52656164 
 528      44617461 
 529              	.LASF9:
 530 0030 666C6F61 		.ascii	"float\000"
 530      7400
 531              	.LASF12:
 532 0036 75696E74 		.ascii	"uint8\000"
 532      3800
 533              	.LASF1:
 534 003c 756E7369 		.ascii	"unsigned char\000"
 534      676E6564 
 534      20636861 
 534      7200
 535              	.LASF23:
 536 004a 73746174 		.ascii	"staticBits\000"
 536      69634269 
 536      747300
 537              	.LASF13:
 538 0055 72656738 		.ascii	"reg8\000"
 538      00
 539              	.LASF5:
 540 005a 6C6F6E67 		.ascii	"long unsigned int\000"
 540      20756E73 
 540      69676E65 
 540      6420696E 
 540      7400
 541              	.LASF3:
 542 006c 73686F72 		.ascii	"short unsigned int\000"
 542      7420756E 
 542      7369676E 
 542      65642069 
ARM GAS  C:\Users\Rolando\AppData\Local\Temp\ccjILM4Q.s 			page 13


 542      6E7400
 543              	.LASF15:
 544 007f 4C43445F 		.ascii	"LCD_LCDPort_SetDriveMode\000"
 544      4C434450 
 544      6F72745F 
 544      53657444 
 544      72697665 
 545              	.LASF10:
 546 0098 646F7562 		.ascii	"double\000"
 546      6C6500
 547              	.LASF8:
 548 009f 756E7369 		.ascii	"unsigned int\000"
 548      676E6564 
 548      20696E74 
 548      00
 549              	.LASF7:
 550 00ac 6C6F6E67 		.ascii	"long long unsigned int\000"
 550      206C6F6E 
 550      6720756E 
 550      7369676E 
 550      65642069 
 551              	.LASF22:
 552 00c3 473A5C44 		.ascii	"G:\\Documentos\\PSoC Creator\\voltageDisplay_SAR_AD"
 552      6F63756D 
 552      656E746F 
 552      735C5053 
 552      6F432043 
 553 00f3 435C5644 		.ascii	"C\\VDAC8(SAR-POT).cydsn\000"
 553      41433828 
 553      5341522D 
 553      504F5429 
 553      2E637964 
 554              	.LASF17:
 555 010a 6D6F6465 		.ascii	"mode\000"
 555      00
 556              	.LASF21:
 557 010f 2E5C4765 		.ascii	".\\Generated_Source\\PSoC5\\LCD_LCDPort.c\000"
 557      6E657261 
 557      7465645F 
 557      536F7572 
 557      63655C50 
 558              	.LASF6:
 559 0136 6C6F6E67 		.ascii	"long long int\000"
 559      206C6F6E 
 559      6720696E 
 559      7400
 560              	.LASF11:
 561 0144 63686172 		.ascii	"char\000"
 561      00
 562              	.LASF2:
 563 0149 73686F72 		.ascii	"short int\000"
 563      7420696E 
 563      7400
 564              	.LASF20:
 565 0153 474E5520 		.ascii	"GNU C 4.9.3 20150303 (release) [ARM/embedded-4_9-br"
 565      4320342E 
 565      392E3320 
ARM GAS  C:\Users\Rolando\AppData\Local\Temp\ccjILM4Q.s 			page 14


 565      32303135 
 565      30333033 
 566 0186 616E6368 		.ascii	"anch revision 221220] -mcpu=cortex-m3 -mthumb -g -O"
 566      20726576 
 566      6973696F 
 566      6E203232 
 566      31323230 
 567 01b9 73202D66 		.ascii	"s -ffunction-sections -ffat-lto-objects\000"
 567      66756E63 
 567      74696F6E 
 567      2D736563 
 567      74696F6E 
 568              	.LASF18:
 569 01e1 4C43445F 		.ascii	"LCD_LCDPort_Read\000"
 569      4C434450 
 569      6F72745F 
 569      52656164 
 569      00
 570              	.LASF4:
 571 01f2 6C6F6E67 		.ascii	"long int\000"
 571      20696E74 
 571      00
 572              	.LASF0:
 573 01fb 7369676E 		.ascii	"signed char\000"
 573      65642063 
 573      68617200 
 574              		.ident	"GCC: (GNU Tools for ARM Embedded Processors) 4.9.3 20150303 (release) [ARM/embedded-4_9-br
