ARM GAS  C:\Users\Rolando\AppData\Local\Temp\ccuaFFNz.s 			page 1


   1              		.syntax unified
   2              		.cpu cortex-m3
   3              		.fpu softvfp
   4              		.eabi_attribute 20, 1
   5              		.eabi_attribute 21, 1
   6              		.eabi_attribute 23, 3
   7              		.eabi_attribute 24, 1
   8              		.eabi_attribute 25, 1
   9              		.eabi_attribute 26, 1
  10              		.eabi_attribute 30, 6
  11              		.eabi_attribute 34, 1
  12              		.eabi_attribute 18, 4
  13              		.thumb
  14              		.file	"cymetadata.c"
  15              		.text
  16              	.Ltext0:
  17              		.cfi_sections	.debug_frame
  18              		.global	cy_meta_configecc
  19              		.section	.cyconfigecc,"a",%progbits
  20              		.align	2
  21              		.type	cy_meta_configecc, %object
  22              		.size	cy_meta_configecc, 88
  23              	cy_meta_configecc:
  24 0000 01       		.byte	1
  25 0001 07       		.byte	7
  26 0002 01       		.byte	1
  27 0003 40       		.byte	64
  28 0004 01       		.byte	1
  29 0005 09       		.byte	9
  30 0006 01       		.byte	1
  31 0007 40       		.byte	64
  32 0008 02       		.byte	2
  33 0009 40       		.byte	64
  34 000a 01       		.byte	1
  35 000b 40       		.byte	64
  36 000c 01       		.byte	1
  37 000d 41       		.byte	65
  38 000e 01       		.byte	1
  39 000f 40       		.byte	64
  40 0010 01       		.byte	1
  41 0011 42       		.byte	66
  42 0012 01       		.byte	1
  43 0013 40       		.byte	64
  44 0014 02       		.byte	2
  45 0015 43       		.byte	67
  46 0016 01       		.byte	1
  47 0017 40       		.byte	64
  48 0018 02       		.byte	2
  49 0019 46       		.byte	70
  50 001a 01       		.byte	1
  51 001b 40       		.byte	64
  52 001c 01       		.byte	1
  53 001d 47       		.byte	71
  54 001e 01       		.byte	1
  55 001f 40       		.byte	64
  56 0020 01       		.byte	1
  57 0021 51       		.byte	81
ARM GAS  C:\Users\Rolando\AppData\Local\Temp\ccuaFFNz.s 			page 2


  58 0022 01       		.byte	1
  59 0023 40       		.byte	64
  60 0024 EE       		.byte	-18
  61 0025 04       		.byte	4
  62 0026 EE       		.byte	-18
  63 0027 04       		.byte	4
  64 0028 33       		.byte	51
  65 0029 20       		.byte	32
  66 002a CC       		.byte	-52
  67 002b 10       		.byte	16
  68 002c A7       		.byte	-89
  69 002d 20       		.byte	32
  70 002e A7       		.byte	-89
  71 002f 20       		.byte	32
  72 0030 AB       		.byte	-85
  73 0031 20       		.byte	32
  74 0032 EE       		.byte	-18
  75 0033 20       		.byte	32
  76 0034 1B       		.byte	27
  77 0035 04       		.byte	4
  78 0036 C6       		.byte	-58
  79 0037 08       		.byte	8
  80 0038 AB       		.byte	-85
  81 0039 04       		.byte	4
  82 003a 00       		.byte	0
  83 003b 03       		.byte	3
  84 003c 00       		.byte	0
  85 003d 7F       		.byte	127
  86 003e 7F       		.byte	127
  87 003f 00       		.byte	0
  88 0040 00       		.byte	0
  89 0041 00       		.byte	0
  90 0042 00       		.byte	0
  91 0043 00       		.byte	0
  92 0044 00       		.byte	0
  93 0045 00       		.byte	0
  94 0046 00       		.byte	0
  95 0047 00       		.byte	0
  96 0048 00       		.byte	0
  97 0049 00       		.byte	0
  98 004a 01       		.byte	1
  99 004b 00       		.byte	0
 100 004c 00       		.byte	0
 101 004d 00       		.byte	0
 102 004e 00       		.byte	0
 103 004f 00       		.byte	0
 104 0050 00       		.byte	0
 105 0051 00       		.byte	0
 106 0052 20       		.byte	32
 107 0053 00       		.byte	0
 108 0054 10       		.byte	16
 109 0055 00       		.byte	0
 110 0056 18       		.byte	24
 111 0057 01       		.byte	1
 112              		.global	cy_meta_custnvl
 113              		.section	.cycustnvl,"a",%progbits
 114              		.align	2
ARM GAS  C:\Users\Rolando\AppData\Local\Temp\ccuaFFNz.s 			page 3


 115              		.type	cy_meta_custnvl, %object
 116              		.size	cy_meta_custnvl, 4
 117              	cy_meta_custnvl:
 118 0000 00       		.byte	0
 119 0001 00       		.byte	0
 120 0002 40       		.byte	64
 121 0003 05       		.byte	5
 122              		.global	cy_meta_wonvl
 123              		.section	.cywolatch,"a",%progbits
 124              		.align	2
 125              		.type	cy_meta_wonvl, %object
 126              		.size	cy_meta_wonvl, 4
 127              	cy_meta_wonvl:
 128 0000 BC       		.byte	-68
 129 0001 90       		.byte	-112
 130 0002 AC       		.byte	-84
 131 0003 AF       		.byte	-81
 132              		.global	cy_meta_flashprotect
 133              		.section	.cyflashprotect,"a",%progbits
 134              		.align	2
 135              		.type	cy_meta_flashprotect, %object
 136              		.size	cy_meta_flashprotect, 256
 137              	cy_meta_flashprotect:
 138 0000 00000000 		.space	256
 138      00000000 
 138      00000000 
 138      00000000 
 138      00000000 
 139              		.global	cy_metadata
 140              		.section	.cymeta,"a",%progbits
 141              		.align	2
 142              		.type	cy_metadata, %object
 143              		.size	cy_metadata, 12
 144              	cy_metadata:
 145 0000 00       		.byte	0
 146 0001 01       		.byte	1
 147 0002 2E       		.byte	46
 148 0003 12       		.byte	18
 149 0004 30       		.byte	48
 150 0005 69       		.byte	105
 151 0006 00       		.byte	0
 152 0007 01       		.byte	1
 153 0008 00       		.byte	0
 154 0009 00       		.byte	0
 155 000a 00       		.byte	0
 156 000b 00       		.byte	0
 157              		.text
 158              	.Letext0:
 159              		.file 1 ".\\Generated_Source\\PSoC5\\cymetadata.c"
 160              		.file 2 ".\\Generated_Source\\PSoC5\\cytypes.h"
 161              		.section	.debug_info,"",%progbits
 162              	.Ldebug_info0:
 163 0000 36010000 		.4byte	0x136
 164 0004 0400     		.2byte	0x4
 165 0006 00000000 		.4byte	.Ldebug_abbrev0
 166 000a 04       		.byte	0x4
 167 000b 01       		.uleb128 0x1
ARM GAS  C:\Users\Rolando\AppData\Local\Temp\ccuaFFNz.s 			page 4


 168 000c 00000000 		.4byte	.LASF18
 169 0010 01       		.byte	0x1
 170 0011 8E000000 		.4byte	.LASF19
 171 0015 AA010000 		.4byte	.LASF20
 172 0019 00000000 		.4byte	.Ldebug_line0
 173 001d 02       		.uleb128 0x2
 174 001e 01       		.byte	0x1
 175 001f 06       		.byte	0x6
 176 0020 9E010000 		.4byte	.LASF0
 177 0024 02       		.uleb128 0x2
 178 0025 01       		.byte	0x1
 179 0026 08       		.byte	0x8
 180 0027 C6000000 		.4byte	.LASF1
 181 002b 02       		.uleb128 0x2
 182 002c 02       		.byte	0x2
 183 002d 05       		.byte	0x5
 184 002e 85010000 		.4byte	.LASF2
 185 0032 02       		.uleb128 0x2
 186 0033 02       		.byte	0x2
 187 0034 07       		.byte	0x7
 188 0035 E6000000 		.4byte	.LASF3
 189 0039 02       		.uleb128 0x2
 190 003a 04       		.byte	0x4
 191 003b 05       		.byte	0x5
 192 003c 95010000 		.4byte	.LASF4
 193 0040 02       		.uleb128 0x2
 194 0041 04       		.byte	0x4
 195 0042 07       		.byte	0x7
 196 0043 D4000000 		.4byte	.LASF5
 197 0047 02       		.uleb128 0x2
 198 0048 08       		.byte	0x8
 199 0049 05       		.byte	0x5
 200 004a 72010000 		.4byte	.LASF6
 201 004e 02       		.uleb128 0x2
 202 004f 08       		.byte	0x8
 203 0050 07       		.byte	0x7
 204 0051 2F010000 		.4byte	.LASF7
 205 0055 03       		.uleb128 0x3
 206 0056 04       		.byte	0x4
 207 0057 05       		.byte	0x5
 208 0058 696E7400 		.ascii	"int\000"
 209 005c 02       		.uleb128 0x2
 210 005d 04       		.byte	0x4
 211 005e 07       		.byte	0x7
 212 005f 22010000 		.4byte	.LASF8
 213 0063 04       		.uleb128 0x4
 214 0064 8F010000 		.4byte	.LASF21
 215 0068 02       		.byte	0x2
 216 0069 3801     		.2byte	0x138
 217 006b 24000000 		.4byte	0x24
 218 006f 02       		.uleb128 0x2
 219 0070 04       		.byte	0x4
 220 0071 04       		.byte	0x4
 221 0072 C0000000 		.4byte	.LASF9
 222 0076 02       		.uleb128 0x2
 223 0077 08       		.byte	0x8
 224 0078 04       		.byte	0x4
ARM GAS  C:\Users\Rolando\AppData\Local\Temp\ccuaFFNz.s 			page 5


 225 0079 F9000000 		.4byte	.LASF10
 226 007d 02       		.uleb128 0x2
 227 007e 01       		.byte	0x1
 228 007f 08       		.byte	0x8
 229 0080 80010000 		.4byte	.LASF11
 230 0084 05       		.uleb128 0x5
 231 0085 63000000 		.4byte	0x63
 232 0089 94000000 		.4byte	0x94
 233 008d 06       		.uleb128 0x6
 234 008e 94000000 		.4byte	0x94
 235 0092 57       		.byte	0x57
 236 0093 00       		.byte	0
 237 0094 02       		.uleb128 0x2
 238 0095 04       		.byte	0x4
 239 0096 07       		.byte	0x7
 240 0097 69010000 		.4byte	.LASF12
 241 009b 07       		.uleb128 0x7
 242 009c 10010000 		.4byte	.LASF13
 243 00a0 01       		.byte	0x1
 244 00a1 1F       		.byte	0x1f
 245 00a2 AC000000 		.4byte	0xac
 246 00a6 05       		.uleb128 0x5
 247 00a7 03       		.byte	0x3
 248 00a8 00000000 		.4byte	cy_meta_configecc
 249 00ac 08       		.uleb128 0x8
 250 00ad 84000000 		.4byte	0x84
 251 00b1 05       		.uleb128 0x5
 252 00b2 63000000 		.4byte	0x63
 253 00b6 C1000000 		.4byte	0xc1
 254 00ba 06       		.uleb128 0x6
 255 00bb 94000000 		.4byte	0x94
 256 00bf 03       		.byte	0x3
 257 00c0 00       		.byte	0
 258 00c1 07       		.uleb128 0x7
 259 00c2 00010000 		.4byte	.LASF14
 260 00c6 01       		.byte	0x1
 261 00c7 37       		.byte	0x37
 262 00c8 D2000000 		.4byte	0xd2
 263 00cc 05       		.uleb128 0x5
 264 00cd 03       		.byte	0x3
 265 00ce 00000000 		.4byte	cy_meta_custnvl
 266 00d2 08       		.uleb128 0x8
 267 00d3 B1000000 		.4byte	0xb1
 268 00d7 07       		.uleb128 0x7
 269 00d8 5B010000 		.4byte	.LASF15
 270 00dc 01       		.byte	0x1
 271 00dd 45       		.byte	0x45
 272 00de E8000000 		.4byte	0xe8
 273 00e2 05       		.uleb128 0x5
 274 00e3 03       		.byte	0x3
 275 00e4 00000000 		.4byte	cy_meta_wonvl
 276 00e8 08       		.uleb128 0x8
 277 00e9 B1000000 		.4byte	0xb1
 278 00ed 05       		.uleb128 0x5
 279 00ee 63000000 		.4byte	0x63
 280 00f2 FD000000 		.4byte	0xfd
 281 00f6 06       		.uleb128 0x6
ARM GAS  C:\Users\Rolando\AppData\Local\Temp\ccuaFFNz.s 			page 6


 282 00f7 94000000 		.4byte	0x94
 283 00fb FF       		.byte	0xff
 284 00fc 00       		.byte	0
 285 00fd 07       		.uleb128 0x7
 286 00fe 46010000 		.4byte	.LASF16
 287 0102 01       		.byte	0x1
 288 0103 53       		.byte	0x53
 289 0104 0E010000 		.4byte	0x10e
 290 0108 05       		.uleb128 0x5
 291 0109 03       		.byte	0x3
 292 010a 00000000 		.4byte	cy_meta_flashprotect
 293 010e 08       		.uleb128 0x8
 294 010f ED000000 		.4byte	0xed
 295 0113 05       		.uleb128 0x5
 296 0114 63000000 		.4byte	0x63
 297 0118 23010000 		.4byte	0x123
 298 011c 06       		.uleb128 0x6
 299 011d 94000000 		.4byte	0x94
 300 0121 0B       		.byte	0xb
 301 0122 00       		.byte	0
 302 0123 07       		.uleb128 0x7
 303 0124 B4000000 		.4byte	.LASF17
 304 0128 01       		.byte	0x1
 305 0129 80       		.byte	0x80
 306 012a 34010000 		.4byte	0x134
 307 012e 05       		.uleb128 0x5
 308 012f 03       		.byte	0x3
 309 0130 00000000 		.4byte	cy_metadata
 310 0134 08       		.uleb128 0x8
 311 0135 13010000 		.4byte	0x113
 312 0139 00       		.byte	0
 313              		.section	.debug_abbrev,"",%progbits
 314              	.Ldebug_abbrev0:
 315 0000 01       		.uleb128 0x1
 316 0001 11       		.uleb128 0x11
 317 0002 01       		.byte	0x1
 318 0003 25       		.uleb128 0x25
 319 0004 0E       		.uleb128 0xe
 320 0005 13       		.uleb128 0x13
 321 0006 0B       		.uleb128 0xb
 322 0007 03       		.uleb128 0x3
 323 0008 0E       		.uleb128 0xe
 324 0009 1B       		.uleb128 0x1b
 325 000a 0E       		.uleb128 0xe
 326 000b 10       		.uleb128 0x10
 327 000c 17       		.uleb128 0x17
 328 000d 00       		.byte	0
 329 000e 00       		.byte	0
 330 000f 02       		.uleb128 0x2
 331 0010 24       		.uleb128 0x24
 332 0011 00       		.byte	0
 333 0012 0B       		.uleb128 0xb
 334 0013 0B       		.uleb128 0xb
 335 0014 3E       		.uleb128 0x3e
 336 0015 0B       		.uleb128 0xb
 337 0016 03       		.uleb128 0x3
 338 0017 0E       		.uleb128 0xe
ARM GAS  C:\Users\Rolando\AppData\Local\Temp\ccuaFFNz.s 			page 7


 339 0018 00       		.byte	0
 340 0019 00       		.byte	0
 341 001a 03       		.uleb128 0x3
 342 001b 24       		.uleb128 0x24
 343 001c 00       		.byte	0
 344 001d 0B       		.uleb128 0xb
 345 001e 0B       		.uleb128 0xb
 346 001f 3E       		.uleb128 0x3e
 347 0020 0B       		.uleb128 0xb
 348 0021 03       		.uleb128 0x3
 349 0022 08       		.uleb128 0x8
 350 0023 00       		.byte	0
 351 0024 00       		.byte	0
 352 0025 04       		.uleb128 0x4
 353 0026 16       		.uleb128 0x16
 354 0027 00       		.byte	0
 355 0028 03       		.uleb128 0x3
 356 0029 0E       		.uleb128 0xe
 357 002a 3A       		.uleb128 0x3a
 358 002b 0B       		.uleb128 0xb
 359 002c 3B       		.uleb128 0x3b
 360 002d 05       		.uleb128 0x5
 361 002e 49       		.uleb128 0x49
 362 002f 13       		.uleb128 0x13
 363 0030 00       		.byte	0
 364 0031 00       		.byte	0
 365 0032 05       		.uleb128 0x5
 366 0033 01       		.uleb128 0x1
 367 0034 01       		.byte	0x1
 368 0035 49       		.uleb128 0x49
 369 0036 13       		.uleb128 0x13
 370 0037 01       		.uleb128 0x1
 371 0038 13       		.uleb128 0x13
 372 0039 00       		.byte	0
 373 003a 00       		.byte	0
 374 003b 06       		.uleb128 0x6
 375 003c 21       		.uleb128 0x21
 376 003d 00       		.byte	0
 377 003e 49       		.uleb128 0x49
 378 003f 13       		.uleb128 0x13
 379 0040 2F       		.uleb128 0x2f
 380 0041 0B       		.uleb128 0xb
 381 0042 00       		.byte	0
 382 0043 00       		.byte	0
 383 0044 07       		.uleb128 0x7
 384 0045 34       		.uleb128 0x34
 385 0046 00       		.byte	0
 386 0047 03       		.uleb128 0x3
 387 0048 0E       		.uleb128 0xe
 388 0049 3A       		.uleb128 0x3a
 389 004a 0B       		.uleb128 0xb
 390 004b 3B       		.uleb128 0x3b
 391 004c 0B       		.uleb128 0xb
 392 004d 49       		.uleb128 0x49
 393 004e 13       		.uleb128 0x13
 394 004f 3F       		.uleb128 0x3f
 395 0050 19       		.uleb128 0x19
ARM GAS  C:\Users\Rolando\AppData\Local\Temp\ccuaFFNz.s 			page 8


 396 0051 02       		.uleb128 0x2
 397 0052 18       		.uleb128 0x18
 398 0053 00       		.byte	0
 399 0054 00       		.byte	0
 400 0055 08       		.uleb128 0x8
 401 0056 26       		.uleb128 0x26
 402 0057 00       		.byte	0
 403 0058 49       		.uleb128 0x49
 404 0059 13       		.uleb128 0x13
 405 005a 00       		.byte	0
 406 005b 00       		.byte	0
 407 005c 00       		.byte	0
 408              		.section	.debug_aranges,"",%progbits
 409 0000 14000000 		.4byte	0x14
 410 0004 0200     		.2byte	0x2
 411 0006 00000000 		.4byte	.Ldebug_info0
 412 000a 04       		.byte	0x4
 413 000b 00       		.byte	0
 414 000c 0000     		.2byte	0
 415 000e 0000     		.2byte	0
 416 0010 00000000 		.4byte	0
 417 0014 00000000 		.4byte	0
 418              		.section	.debug_line,"",%progbits
 419              	.Ldebug_line0:
 420 0000 4F000000 		.section	.debug_str,"MS",%progbits,1
 420      02004900 
 420      00000201 
 420      FB0E0D00 
 420      01010101 
 421              	.LASF18:
 422 0000 474E5520 		.ascii	"GNU C 4.9.3 20150303 (release) [ARM/embedded-4_9-br"
 422      4320342E 
 422      392E3320 
 422      32303135 
 422      30333033 
 423 0033 616E6368 		.ascii	"anch revision 221220] -mcpu=cortex-m3 -mthumb -g -O"
 423      20726576 
 423      6973696F 
 423      6E203232 
 423      31323230 
 424 0066 30202D66 		.ascii	"0 -ffunction-sections -ffat-lto-objects\000"
 424      66756E63 
 424      74696F6E 
 424      2D736563 
 424      74696F6E 
 425              	.LASF19:
 426 008e 2E5C4765 		.ascii	".\\Generated_Source\\PSoC5\\cymetadata.c\000"
 426      6E657261 
 426      7465645F 
 426      536F7572 
 426      63655C50 
 427              	.LASF17:
 428 00b4 63795F6D 		.ascii	"cy_metadata\000"
 428      65746164 
 428      61746100 
 429              	.LASF9:
 430 00c0 666C6F61 		.ascii	"float\000"
ARM GAS  C:\Users\Rolando\AppData\Local\Temp\ccuaFFNz.s 			page 9


 430      7400
 431              	.LASF1:
 432 00c6 756E7369 		.ascii	"unsigned char\000"
 432      676E6564 
 432      20636861 
 432      7200
 433              	.LASF5:
 434 00d4 6C6F6E67 		.ascii	"long unsigned int\000"
 434      20756E73 
 434      69676E65 
 434      6420696E 
 434      7400
 435              	.LASF3:
 436 00e6 73686F72 		.ascii	"short unsigned int\000"
 436      7420756E 
 436      7369676E 
 436      65642069 
 436      6E7400
 437              	.LASF10:
 438 00f9 646F7562 		.ascii	"double\000"
 438      6C6500
 439              	.LASF14:
 440 0100 63795F6D 		.ascii	"cy_meta_custnvl\000"
 440      6574615F 
 440      63757374 
 440      6E766C00 
 441              	.LASF13:
 442 0110 63795F6D 		.ascii	"cy_meta_configecc\000"
 442      6574615F 
 442      636F6E66 
 442      69676563 
 442      6300
 443              	.LASF8:
 444 0122 756E7369 		.ascii	"unsigned int\000"
 444      676E6564 
 444      20696E74 
 444      00
 445              	.LASF7:
 446 012f 6C6F6E67 		.ascii	"long long unsigned int\000"
 446      206C6F6E 
 446      6720756E 
 446      7369676E 
 446      65642069 
 447              	.LASF16:
 448 0146 63795F6D 		.ascii	"cy_meta_flashprotect\000"
 448      6574615F 
 448      666C6173 
 448      6870726F 
 448      74656374 
 449              	.LASF15:
 450 015b 63795F6D 		.ascii	"cy_meta_wonvl\000"
 450      6574615F 
 450      776F6E76 
 450      6C00
 451              	.LASF12:
 452 0169 73697A65 		.ascii	"sizetype\000"
 452      74797065 
ARM GAS  C:\Users\Rolando\AppData\Local\Temp\ccuaFFNz.s 			page 10


 452      00
 453              	.LASF6:
 454 0172 6C6F6E67 		.ascii	"long long int\000"
 454      206C6F6E 
 454      6720696E 
 454      7400
 455              	.LASF11:
 456 0180 63686172 		.ascii	"char\000"
 456      00
 457              	.LASF2:
 458 0185 73686F72 		.ascii	"short int\000"
 458      7420696E 
 458      7400
 459              	.LASF21:
 460 018f 75696E74 		.ascii	"uint8\000"
 460      3800
 461              	.LASF4:
 462 0195 6C6F6E67 		.ascii	"long int\000"
 462      20696E74 
 462      00
 463              	.LASF0:
 464 019e 7369676E 		.ascii	"signed char\000"
 464      65642063 
 464      68617200 
 465              	.LASF20:
 466 01aa 473A5C44 		.ascii	"G:\\Documentos\\PSoC Creator\\voltageDisplay_SAR_AD"
 466      6F63756D 
 466      656E746F 
 466      735C5053 
 466      6F432043 
 467 01da 435C4944 		.ascii	"C\\IDAC8(SAR-POT).cydsn\000"
 467      41433828 
 467      5341522D 
 467      504F5429 
 467      2E637964 
 468              		.ident	"GCC: (GNU Tools for ARM Embedded Processors) 4.9.3 20150303 (release) [ARM/embedded-4_9-br
